2026-04-29T00:55:47Z,WS-HR-03,4624,,CORP\bsato,User,CORP,bsato,bsato,CORP,172.28.121.92,63906,2,User32,,,,,,,,Microsoft-Windows-Security-Auditing,Security,SecurityEvent
2026-04-29T00:55:56Z,SVR-DC-01,4624,,CORP\mwhite,User,CORP,mwhite,mwhite,CORP,172.19.228.70,61417,11,NtLmSsp,,,,,,,,Microsoft-Windows-Security-Auditing,Security,SecurityEvent
2026-04-29T00:55:59Z,WS-DEV-02,4624,,CORP\jharris,User,CORP,jharris,jharris,CORP,10.9.236.93,60055,3,Kerberos,,,,,,,,Microsoft-Windows-Security-Auditing,Security,SecurityEvent
2026-04-29T00:56:03Z,WS-DEV-02,4688,,CORP\kpatel,User,CORP,kpatel,kpatel,CORP,,,,,,C:\Windows\System32\chrome.exe,C:\Windows\System32\chrome.exe,C:\Windows\System32\msiexec.exe,"""C:\Windows\System32\chrome.exe""",,,Microsoft-Windows-Security-Auditing,Security,SecurityEvent
2026-04-29T00:56:04Z,WS-MKT-01,4688,,CORP\olopez,User,CORP,olopez,olopez,CORP,,,,,,C:\Windows\System32\services.exe,C:\Windows\System32\services.exe,C:\Windows\System32\lsass.exe,"""C:\Windows\System32\services.exe""",,,Microsoft-Windows-Security-Auditing,Security,SecurityEvent
2026-04-29T00:56:30Z,WS-DEV-02,4688,,CORP\tnguyen,User,CORP,tnguyen,tnguyen,CORP,,,,,,C:\Windows\System32\msedge.exe,C:\Windows\System32\msedge.exe,C:\Windows\System32\chrome.exe,"""C:\Windows\System32\msedge.exe""",,,Microsoft-Windows-Security-Auditing,Security,SecurityEvent
2026-04-29T00:56:35Z,WS-HR-03,4634,,CORP\lwoods,User,CORP,lwoods,lwoods,CORP,,,3,Kerberos,,,,,,,,Microsoft-Windows-Security-Auditing,Security,SecurityEvent
2026-04-29T00:57:00Z,WS-DEV-02,4625,,CORP\sthompson,User,CORP,sthompson,sthompson,CORP,10.209.107.179,60054,3,Kerberos,The specified account's password has expired.,,,,,,,Microsoft-Windows-Security-Auditing,Security,SecurityEvent
2026-04-29T00:57:04Z,WS-DEV-02,4634,,CORP\lwoods,User,CORP,lwoods,lwoods,CORP,,,5,Kerberos,,,,,,,,Microsoft-Windows-Security-Auditing,Security,SecurityEvent
2026-04-29T00:57:14Z,WS-MKT-02,4624,,CORP\rmorales,User,CORP,rmorales,rmorales,CORP,10.203.24.34,49666,11,Kerberos,,,,,,,,Microsoft-Windows-Security-Auditing,Security,SecurityEvent
2026-04-29T00:57:21Z,SVR-WEB-01,4624,,CORP\agarcia,User,CORP,agarcia,agarcia,CORP,10.201.251.226,55022,5,Kerberos,,,,,,,,Microsoft-Windows-Security-Auditing,Security,SecurityEvent
2026-04-29T00:57:36Z,WS-OPS-02,4688,,CORP\rmorales,User,CORP,rmorales,rmorales,CORP,,,,,,C:\Windows\System32\msedge.exe,C:\Windows\System32\msedge.exe,C:\Windows\System32\taskmgr.exe,"""C:\Windows\System32\msedge.exe""",,,Microsoft-Windows-Security-Auditing,Security,SecurityEvent
2026-04-29T00:57:37Z,WS-IT-02,4625,,CORP\rmorales,User,CORP,rmorales,rmorales,CORP,10.47.110.189,57351,5,Negotiate,Unknown user name or bad password.,,,,,,,Microsoft-Windows-Security-Auditing,Security,SecurityEvent
2026-04-29T00:57:41Z,SVR-DC-01,4624,,CORP\mwhite,User,CORP,mwhite,mwhite,CORP,10.53.40.137,62801,5,Kerberos,,,,,,,,Microsoft-Windows-Security-Auditing,Security,SecurityEvent
2026-04-29T00:57:41Z,LAP-EXEC-01,4624,,CORP\lwoods,User,CORP,lwoods,lwoods,CORP,10.206.24.125,53103,3,Kerberos,,,,,,,,Microsoft-Windows-Security-Auditing,Security,SecurityEvent
2026-04-29T00:57:48Z,WS-OPS-01,4624,,CORP\rmorales,User,CORP,rmorales,rmorales,CORP,10.149.96.7,54219,3,Negotiate,,,,,,,,Microsoft-Windows-Security-Auditing,Security,SecurityEvent
2026-04-29T00:57:57Z,WS-DEV-02,4624,,CORP\ehernandez,User,CORP,ehernandez,ehernandez,CORP,10.195.95.17,53273,5,Kerberos,,,,,,,,Microsoft-Windows-Security-Auditing,Security,SecurityEvent
2026-04-29T00:57:57Z,WS-HR-03,4688,,CORP\jharris,User,CORP,jharris,jharris,CORP,,,,,,C:\Windows\System32\msedge.exe,C:\Windows\System32\msedge.exe,C:\Windows\System32\chrome.exe,"""C:\Windows\System32\msedge.exe""",,,Microsoft-Windows-Security-Auditing,Security,SecurityEvent
2026-04-29T00:58:03Z,WS-MKT-02,4688,,CORP\mwhite,User,CORP,mwhite,mwhite,CORP,,,,,,C:\Windows\System32\firefox.exe,C:\Windows\System32\firefox.exe,C:\Windows\System32\EXCEL.EXE,"""C:\Windows\System32\firefox.exe""",,,Microsoft-Windows-Security-Auditing,Security,SecurityEvent
2026-04-29T00:58:16Z,WS-DEV-02,4624,,CORP\bsato,User,CORP,bsato,bsato,CORP,10.245.214.205,63735,5,Kerberos,,,,,,,,Microsoft-Windows-Security-Auditing,Security,SecurityEvent
2026-04-29T00:58:28Z,WS-OPS-02,4625,,CORP\kpatel,User,CORP,kpatel,kpatel,CORP,10.37.32.151,55144,3,NtLmSsp,Unknown user name or bad password.,,,,,,,Microsoft-Windows-Security-Auditing,Security,SecurityEvent
2026-04-29T00:58:33Z,WS-FINANCE-01,4688,,CORP\mwhite,User,CORP,mwhite,mwhite,CORP,,,,,,C:\Windows\System32\msedge.exe,C:\Windows\System32\msedge.exe,C:\Windows\System32\services.exe,"""C:\Windows\System32\msedge.exe""",,,Microsoft-Windows-Security-Auditing,Security,SecurityEvent
2026-04-29T00:58:36Z,WS-MKT-02,4688,,CORP\ehernandez,User,CORP,ehernandez,ehernandez,CORP,,,,,,C:\Windows\System32\svchost.exe,C:\Windows\System32\svchost.exe,C:\Windows\System32\firefox.exe,"""C:\Windows\System32\svchost.exe""",,,Microsoft-Windows-Security-Auditing,Security,SecurityEvent
2026-04-29T00:58:59Z,WS-MKT-02,4624,,CORP\kpatel,User,CORP,kpatel,kpatel,CORP,10.71.87.146,57684,3,Kerberos,,,,,,,,Microsoft-Windows-Security-Auditing,Security,SecurityEvent
2026-04-29T00:59:17Z,WS-IT-02,4672,,CORP\kpatel,Admin,CORP,kpatel,kpatel,CORP,,,,,,,,,,,,Microsoft-Windows-Security-Auditing,Security,SecurityEvent
2026-04-29T00:59:20Z,WS-OPS-02,4688,,CORP\jharris,User,CORP,jharris,jharris,CORP,,,,,,C:\Windows\System32\WINWORD.EXE,C:\Windows\System32\WINWORD.EXE,C:\Windows\System32\svchost.exe,"""C:\Windows\System32\WINWORD.EXE""",,,Microsoft-Windows-Security-Auditing,Security,SecurityEvent
2026-04-29T00:59:34Z,WS-IT-02,4688,,CORP\agarcia,User,CORP,agarcia,agarcia,CORP,,,,,,C:\Windows\System32\services.exe,C:\Windows\System32\services.exe,C:\Windows\System32\svchost.exe,"""C:\Windows\System32\services.exe""",,,Microsoft-Windows-Security-Auditing,Security,SecurityEvent
2026-04-29T00:59:43Z,WS-OPS-02,4688,,CORP\jharris,User,CORP,jharris,jharris,CORP,,,,,,C:\Windows\System32\code.exe,C:\Windows\System32\code.exe,C:\Windows\System32\Teams.exe,"""C:\Windows\System32\code.exe""",,,Microsoft-Windows-Security-Auditing,Security,SecurityEvent
2026-04-29T01:00:30Z,WS-OPS-02,4624,,CORP\mwhite,User,CORP,mwhite,mwhite,CORP,10.123.33.251,52119,4,Negotiate,,,,,,,,Microsoft-Windows-Security-Auditing,Security,SecurityEvent
2026-04-29T01:00:30Z,LAP-EXEC-01,4688,,CORP\ehernandez,User,CORP,ehernandez,ehernandez,CORP,,,,,,C:\Windows\System32\WINWORD.EXE,C:\Windows\System32\WINWORD.EXE,C:\Windows\System32\chrome.exe,"""C:\Windows\System32\WINWORD.EXE""",,,Microsoft-Windows-Security-Auditing,Security,SecurityEvent
2026-04-29T01:00:34Z,SVR-WEB-01,4624,,CORP\dkim,User,CORP,dkim,dkim,CORP,172.16.213.176,56218,11,Negotiate,,,,,,,,Microsoft-Windows-Security-Auditing,Security,SecurityEvent
2026-04-29T01:00:35Z,WS-DEV-02,4688,,CORP\kpatel,User,CORP,kpatel,kpatel,CORP,,,,,,C:\Windows\System32\msedge.exe,C:\Windows\System32\msedge.exe,C:\Windows\System32\msedge.exe,"""C:\Windows\System32\msedge.exe""",,,Microsoft-Windows-Security-Auditing,Security,SecurityEvent
2026-04-29T01:00:37Z,WS-FINANCE-01,4624,,CORP\sthompson,User,CORP,sthompson,sthompson,CORP,10.65.241.207,65034,3,Kerberos,,,,,,,,Microsoft-Windows-Security-Auditing,Security,SecurityEvent
2026-04-29T01:00:39Z,WS-MKT-02,4697,,CORP\jharris,User,CORP,jharris,jharris,CORP,,,,,,,,,,svc-c313480c,C:\Program Files\svc-c313480c\svc-c313480c.exe,Microsoft-Windows-Security-Auditing,Security,SecurityEvent
2026-04-29T01:00:46Z,WS-IT-01,4688,,CORP\sthompson,User,CORP,sthompson,sthompson,CORP,,,,,,C:\Windows\System32\code.exe,C:\Windows\System32\code.exe,C:\Windows\System32\OUTLOOK.EXE,"""C:\Windows\System32\code.exe""",,,Microsoft-Windows-Security-Auditing,Security,SecurityEvent
2026-04-29T01:00:59Z,WS-FINANCE-01,4688,,CORP\jharris,User,CORP,jharris,jharris,CORP,,,,,,C:\Windows\System32\OneDrive.exe,C:\Windows\System32\OneDrive.exe,C:\Windows\System32\lsass.exe,"""C:\Windows\System32\OneDrive.exe""",,,Microsoft-Windows-Security-Auditing,Security,SecurityEvent
2026-04-29T01:01:09Z,WS-DEV-02,4634,,CORP\jharris,User,CORP,jharris,jharris,CORP,,,3,NtLmSsp,,,,,,,,Microsoft-Windows-Security-Auditing,Security,SecurityEvent
2026-04-29T01:01:25Z,WS-HR-03,4688,,CORP\jharris,User,CORP,jharris,jharris,CORP,,,,,,C:\Windows\System32\smss.exe,C:\Windows\System32\smss.exe,C:\Windows\System32\msiexec.exe,"""C:\Windows\System32\smss.exe""",,,Microsoft-Windows-Security-Auditing,Security,SecurityEvent
2026-04-29T01:01:31Z,LAP-SALES-03,4624,,CORP\sthompson,User,CORP,sthompson,sthompson,CORP,10.220.209.127,50148,5,NtLmSsp,,,,,,,,Microsoft-Windows-Security-Auditing,Security,SecurityEvent
2026-04-29T01:01:44Z,WS-OPS-02,4634,,CORP\kpatel,User,CORP,kpatel,kpatel,CORP,,,7,Kerberos,,,,,,,,Microsoft-Windows-Security-Auditing,Security,SecurityEvent
2026-04-29T01:01:46Z,LAP-EXEC-01,4624,,CORP\ehernandez,User,CORP,ehernandez,ehernandez,CORP,10.145.67.211,58736,3,NtLmSsp,,,,,,,,Microsoft-Windows-Security-Auditing,Security,SecurityEvent
2026-04-29T01:01:47Z,WS-DEV-02,4624,,CORP\lwoods,User,CORP,lwoods,lwoods,CORP,10.224.171.43,61493,2,Kerberos,,,,,,,,Microsoft-Windows-Security-Auditing,Security,SecurityEvent
2026-04-29T01:01:47Z,LAP-EXEC-01,4688,,CORP\jharris,User,CORP,jharris,jharris,CORP,,,,,,C:\Windows\System32\lsass.exe,C:\Windows\System32\lsass.exe,C:\Windows\System32\lsass.exe,"""C:\Windows\System32\lsass.exe""",,,Microsoft-Windows-Security-Auditing,Security,SecurityEvent
2026-04-29T01:01:50Z,WS-HR-03,4625,,CORP\agarcia,User,CORP,agarcia,agarcia,CORP,10.44.221.86,59566,11,Kerberos,Unknown user name or bad password.,,,,,,,Microsoft-Windows-Security-Auditing,Security,SecurityEvent
2026-04-29T01:01:57Z,WS-OPS-01,4688,,CORP\lwoods,User,CORP,lwoods,lwoods,CORP,,,,,,C:\Windows\System32\Teams.exe,C:\Windows\System32\Teams.exe,C:\Windows\System32\OUTLOOK.EXE,"""C:\Windows\System32\Teams.exe""",,,Microsoft-Windows-Security-Auditing,Security,SecurityEvent
2026-04-29T01:02:06Z,WS-MKT-02,4688,,CORP\ehernandez,User,CORP,ehernandez,ehernandez,CORP,,,,,,C:\Windows\System32\lsass.exe,C:\Windows\System32\lsass.exe,C:\Windows\System32\winlogon.exe,"""C:\Windows\System32\lsass.exe""",,,Microsoft-Windows-Security-Auditing,Security,SecurityEvent
2026-04-29T01:02:07Z,WS-DEV-02,4624,,CORP\kpatel,User,CORP,kpatel,kpatel,CORP,10.241.39.124,54041,5,Kerberos,,,,,,,,Microsoft-Windows-Security-Auditing,Security,SecurityEvent
2026-04-29T01:02:12Z,WS-MKT-01,4625,,CORP\kpatel,User,CORP,kpatel,kpatel,CORP,10.130.128.67,65456,11,NtLmSsp,Account locked out.,,,,,,,Microsoft-Windows-Security-Auditing,Security,SecurityEvent
2026-04-29T01:02:32Z,SVR-DC-01,4625,,CORP\tnguyen,User,CORP,tnguyen,tnguyen,CORP,10.248.254.65,53659,3,Kerberos,Account locked out.,,,,,,,Microsoft-Windows-Security-Auditing,Security,SecurityEvent
2026-04-29T01:02:34Z,WS-OPS-02,4624,,CORP\sthompson,User,CORP,sthompson,sthompson,CORP,10.80.236.16,49415,3,NtLmSsp,,,,,,,,Microsoft-Windows-Security-Auditing,Security,SecurityEvent
2026-04-29T01:03:03Z,WS-FINANCE-01,4624,,CORP\ehernandez,User,CORP,ehernandez,ehernandez,CORP,172.23.201.84,51994,11,NtLmSsp,,,,,,,,Microsoft-Windows-Security-Auditing,Security,SecurityEvent
2026-04-29T01:03:34Z,LAP-EXEC-01,4624,,CORP\rmorales,User,CORP,rmorales,rmorales,CORP,10.84.222.46,60325,5,Negotiate,,,,,,,,Microsoft-Windows-Security-Auditing,Security,SecurityEvent
2026-04-29T01:03:37Z,WS-IT-01,4624,,CORP\jharris,User,CORP,jharris,jharris,CORP,10.98.91.136,64935,5,NtLmSsp,,,,,,,,Microsoft-Windows-Security-Auditing,Security,SecurityEvent
2026-04-29T01:03:47Z,WS-IT-02,4624,,CORP\kpatel,User,CORP,kpatel,kpatel,CORP,10.238.84.137,52111,10,NtLmSsp,,,,,,,,Microsoft-Windows-Security-Auditing,Security,SecurityEvent
2026-04-29T01:03:49Z,WS-HR-03,4625,,CORP\lwoods,User,CORP,lwoods,lwoods,CORP,10.18.68.27,50385,3,Advapi,Unknown user name or bad password.,,,,,,,Microsoft-Windows-Security-Auditing,Security,SecurityEvent
2026-04-29T01:03:50Z,WS-OPS-01,4688,,CORP\rmorales,User,CORP,rmorales,rmorales,CORP,,,,,,C:\Windows\System32\WINWORD.EXE,C:\Windows\System32\WINWORD.EXE,C:\Windows\System32\Teams.exe,"""C:\Windows\System32\WINWORD.EXE""",,,Microsoft-Windows-Security-Auditing,Security,SecurityEvent
2026-04-29T01:03:51Z,SVR-DC-01,4624,,CORP\mwhite,User,CORP,mwhite,mwhite,CORP,10.64.93.248,61358,3,NtLmSsp,,,,,,,,Microsoft-Windows-Security-Auditing,Security,SecurityEvent
2026-04-29T01:03:53Z,SVR-WEB-01,4625,,CORP\jharris,User,CORP,jharris,jharris,CORP,10.255.233.254,62712,5,NtLmSsp,Unknown user name or bad password.,,,,,,,Microsoft-Windows-Security-Auditing,Security,SecurityEvent
2026-04-29T01:03:57Z,WS-MKT-01,4697,,CORP\sthompson,User,CORP,sthompson,sthompson,CORP,,,,,,,,,,svc-a55a2838,C:\Program Files\svc-a55a2838\svc-a55a2838.exe,Microsoft-Windows-Security-Auditing,Security,SecurityEvent
2026-04-29T01:04:06Z,SVR-DC-01,4634,,CORP\jharris,User,CORP,jharris,jharris,CORP,,,5,User32,,,,,,,,Microsoft-Windows-Security-Auditing,Security,SecurityEvent
2026-04-29T01:04:09Z,WS-OPS-02,4625,,CORP\ehernandez,User,CORP,ehernandez,ehernandez,CORP,10.15.67.195,59513,3,NtLmSsp,Unknown user name or bad password.,,,,,,,Microsoft-Windows-Security-Auditing,Security,SecurityEvent
2026-04-29T01:04:15Z,SVR-DC-01,4672,,CORP\kpatel,Admin,CORP,kpatel,kpatel,CORP,,,,,,,,,,,,Microsoft-Windows-Security-Auditing,Security,SecurityEvent
2026-04-29T01:04:24Z,SVR-WEB-01,4624,,CORP\jharris,User,CORP,jharris,jharris,CORP,10.18.28.190,56744,3,Negotiate,,,,,,,,Microsoft-Windows-Security-Auditing,Security,SecurityEvent
2026-04-29T01:04:37Z,WS-FINANCE-01,4634,,CORP\jharris,User,CORP,jharris,jharris,CORP,,,2,Negotiate,,,,,,,,Microsoft-Windows-Security-Auditing,Security,SecurityEvent
2026-04-29T01:04:41Z,WS-DEV-02,4624,,CORP\jharris,User,CORP,jharris,jharris,CORP,10.232.232.69,57519,11,NtLmSsp,,,,,,,,Microsoft-Windows-Security-Auditing,Security,SecurityEvent
2026-04-29T01:04:41Z,WS-OPS-01,4624,,CORP\bsato,User,CORP,bsato,bsato,CORP,10.16.135.218,55429,3,Kerberos,,,,,,,,Microsoft-Windows-Security-Auditing,Security,SecurityEvent
2026-04-29T01:04:49Z,LAP-EXEC-01,4624,,CORP\mwhite,User,CORP,mwhite,mwhite,CORP,172.26.22.92,54252,3,Negotiate,,,,,,,,Microsoft-Windows-Security-Auditing,Security,SecurityEvent
2026-04-29T01:04:59Z,SVR-DC-01,4688,,CORP\bsato,User,CORP,bsato,bsato,CORP,,,,,,C:\Windows\System32\wininit.exe,C:\Windows\System32\wininit.exe,C:\Windows\System32\Teams.exe,"""C:\Windows\System32\wininit.exe""",,,Microsoft-Windows-Security-Auditing,Security,SecurityEvent
2026-04-29T01:05:00Z,WS-IT-02,4688,,CORP\kpatel,User,CORP,kpatel,kpatel,CORP,,,,,,C:\Windows\System32\WINWORD.EXE,C:\Windows\System32\WINWORD.EXE,C:\Windows\System32\Teams.exe,"""C:\Windows\System32\WINWORD.EXE""",,,Microsoft-Windows-Security-Auditing,Security,SecurityEvent
2026-04-29T01:05:09Z,WS-IT-01,4624,,CORP\tnguyen,User,CORP,tnguyen,tnguyen,CORP,172.18.11.131,52132,5,NtLmSsp,,,,,,,,Microsoft-Windows-Security-Auditing,Security,SecurityEvent
2026-04-29T01:05:12Z,WS-FINANCE-01,4688,,CORP\jadams,User,CORP,jadams,jadams,CORP,,,,,,,C:\Windows\System32\notepad.exe,C:\Windows\System32\explorer.exe,C:\Windows\System32\notepad.exe,,,Microsoft-Windows-Security-Auditing,Security,SecurityEvent
2026-04-29T01:05:14Z,WS-IT-02,4625,,CORP\kpatel,User,CORP,kpatel,kpatel,CORP,172.27.19.169,58621,3,Negotiate,Unknown user name or bad password.,,,,,,,Microsoft-Windows-Security-Auditing,Security,SecurityEvent
2026-04-29T01:05:25Z,WS-IT-02,4625,,CORP\bsato,User,CORP,bsato,bsato,CORP,10.44.146.177,64768,3,User32,The user has not been granted the requested logon type at this machine.,,,,,,,Microsoft-Windows-Security-Auditing,Security,SecurityEvent
2026-04-29T01:05:33Z,LAP-SALES-03,4625,,CORP\jharris,User,CORP,jharris,jharris,CORP,10.215.175.153,58606,2,Kerberos,The user has not been granted the requested logon type at this machine.,,,,,,,Microsoft-Windows-Security-Auditing,Security,SecurityEvent
2026-04-29T01:05:40Z,WS-IT-02,4624,,CORP\bsato,User,CORP,bsato,bsato,CORP,10.108.210.215,49707,3,NtLmSsp,,,,,,,,Microsoft-Windows-Security-Auditing,Security,SecurityEvent
2026-04-29T01:05:59Z,SVR-DC-01,4624,,CORP\sthompson,User,CORP,sthompson,sthompson,CORP,10.187.22.115,63428,11,Negotiate,,,,,,,,Microsoft-Windows-Security-Auditing,Security,SecurityEvent
2026-04-29T01:06:09Z,WS-IT-01,4672,,CORP\ehernandez,Admin,CORP,ehernandez,ehernandez,CORP,,,,,,,,,,,,Microsoft-Windows-Security-Auditing,Security,SecurityEvent
2026-04-29T01:06:10Z,WS-HR-03,4634,,CORP\mwhite,User,CORP,mwhite,mwhite,CORP,,,3,Kerberos,,,,,,,,Microsoft-Windows-Security-Auditing,Security,SecurityEvent
2026-04-29T01:06:15Z,WS-FINANCE-01,4624,,CORP\mwhite,User,CORP,mwhite,mwhite,CORP,10.94.107.32,62015,10,Seclogo,,,,,,,,Microsoft-Windows-Security-Auditing,Security,SecurityEvent
2026-04-29T01:06:18Z,WS-DEV-02,4624,,CORP\tnguyen,User,CORP,tnguyen,tnguyen,CORP,172.24.170.156,61807,2,Negotiate,,,,,,,,Microsoft-Windows-Security-Auditing,Security,SecurityEvent
2026-04-29T01:06:26Z,WS-HR-03,4624,,CORP\bsato,User,CORP,bsato,bsato,CORP,172.26.177.183,50901,2,Kerberos,,,,,,,,Microsoft-Windows-Security-Auditing,Security,SecurityEvent
2026-04-29T01:06:37Z,SVR-WEB-01,4634,,CORP\agarcia,User,CORP,agarcia,agarcia,CORP,,,3,Negotiate,,,,,,,,Microsoft-Windows-Security-Auditing,Security,SecurityEvent
2026-04-29T01:06:50Z,WS-OPS-01,4625,,CORP\kpatel,User,CORP,kpatel,kpatel,CORP,10.91.242.232,54907,3,Kerberos,Unknown user name or bad password.,,,,,,,Microsoft-Windows-Security-Auditing,Security,SecurityEvent
2026-04-29T01:06:53Z,WS-HR-03,4624,,CORP\lwoods,User,CORP,lwoods,lwoods,CORP,10.156.61.235,63143,11,Kerberos,,,,,,,,Microsoft-Windows-Security-Auditing,Security,SecurityEvent
2026-04-29T01:07:00Z,WS-IT-01,4624,,CORP\tnguyen,User,CORP,tnguyen,tnguyen,CORP,10.178.4.227,61474,3,NtLmSsp,,,,,,,,Microsoft-Windows-Security-Auditing,Security,SecurityEvent
2026-04-29T01:07:01Z,WS-MKT-01,4688,,CORP\jharris,User,CORP,jharris,jharris,CORP,,,,,,C:\Windows\System32\svchost.exe,C:\Windows\System32\svchost.exe,C:\Windows\System32\services.exe,"""C:\Windows\System32\svchost.exe""",,,Microsoft-Windows-Security-Auditing,Security,SecurityEvent
2026-04-29T01:07:05Z,SVR-DC-01,4624,,CORP\mholmes,User,CORP,mholmes,mholmes,CORP,10.0.20.5,53752,10,Kerberos,,,,,,,,Microsoft-Windows-Security-Auditing,Security,SecurityEvent
2026-04-29T01:07:10Z,SVR-DC-01,4624,,CORP\rmorales,User,CORP,rmorales,rmorales,CORP,172.16.215.225,59055,3,Kerberos,,,,,,,,Microsoft-Windows-Security-Auditing,Security,SecurityEvent
2026-04-29T01:07:14Z,WS-FINANCE-01,4688,,CORP\ehernandez,User,CORP,ehernandez,ehernandez,CORP,,,,,,C:\Windows\System32\WINWORD.EXE,C:\Windows\System32\WINWORD.EXE,C:\Windows\System32\csrss.exe,"""C:\Windows\System32\WINWORD.EXE""",,,Microsoft-Windows-Security-Auditing,Security,SecurityEvent
2026-04-29T01:07:21Z,SVR-DC-01,4625,,CORP\kpatel,User,CORP,kpatel,kpatel,CORP,10.20.160.217,59984,11,Negotiate,Unknown user name or bad password.,,,,,,,Microsoft-Windows-Security-Auditing,Security,SecurityEvent
2026-04-29T01:07:23Z,WS-FINANCE-01,4624,,CORP\kpatel,User,CORP,kpatel,kpatel,CORP,10.148.199.231,52561,11,NtLmSsp,,,,,,,,Microsoft-Windows-Security-Auditing,Security,SecurityEvent
2026-04-29T01:07:24Z,LAP-SALES-03,4624,,CORP\dkim,User,CORP,dkim,dkim,CORP,10.219.165.41,59329,10,Kerberos,,,,,,,,Microsoft-Windows-Security-Auditing,Security,SecurityEvent
2026-04-29T01:07:27Z,WS-HR-03,4634,,CORP\agarcia,User,CORP,agarcia,agarcia,CORP,,,7,Kerberos,,,,,,,,Microsoft-Windows-Security-Auditing,Security,SecurityEvent
2026-04-29T01:07:29Z,WS-DEV-02,4688,,CORP\rmorales,User,CORP,rmorales,rmorales,CORP,,,,,,C:\Windows\System32\WINWORD.EXE,C:\Windows\System32\WINWORD.EXE,C:\Windows\System32\Teams.exe,"""C:\Windows\System32\WINWORD.EXE""",,,Microsoft-Windows-Security-Auditing,Security,SecurityEvent
2026-04-29T01:07:37Z,WS-OPS-01,4624,,CORP\rmorales,User,CORP,rmorales,rmorales,CORP,192.168.174.17,50977,3,NtLmSsp,,,,,,,,Microsoft-Windows-Security-Auditing,Security,SecurityEvent
2026-04-29T01:07:39Z,WS-IT-01,4624,,CORP\jharris,User,CORP,jharris,jharris,CORP,10.83.74.230,59056,7,Kerberos,,,,,,,,Microsoft-Windows-Security-Auditing,Security,SecurityEvent
2026-04-29T01:07:47Z,WS-IT-02,4688,,CORP\sthompson,User,CORP,sthompson,sthompson,CORP,,,,,,C:\Windows\System32\taskmgr.exe,C:\Windows\System32\taskmgr.exe,C:\Windows\System32\lsass.exe,"""C:\Windows\System32\taskmgr.exe""",,,Microsoft-Windows-Security-Auditing,Security,SecurityEvent
2026-04-29T01:07:47Z,WS-DEV-02,4625,,CORP\sthompson,User,CORP,sthompson,sthompson,CORP,192.168.55.250,65311,3,NtLmSsp,Unknown user name or bad password.,,,,,,,Microsoft-Windows-Security-Auditing,Security,SecurityEvent
2026-04-29T01:07:48Z,WS-IT-01,4697,,CORP\agarcia,User,CORP,agarcia,agarcia,CORP,,,,,,,,,,svc-78efd1e5,C:\Program Files\svc-78efd1e5\svc-78efd1e5.exe,Microsoft-Windows-Security-Auditing,Security,SecurityEvent
2026-04-29T01:07:57Z,SVR-WEB-01,4688,,CORP\kpatel,User,CORP,kpatel,kpatel,CORP,,,,,,C:\Windows\System32\OneDrive.exe,C:\Windows\System32\OneDrive.exe,C:\Windows\System32\OUTLOOK.EXE,"""C:\Windows\System32\OneDrive.exe""",,,Microsoft-Windows-Security-Auditing,Security,SecurityEvent
2026-04-29T01:08:09Z,WS-OPS-02,4688,,CORP\kpatel,User,CORP,kpatel,kpatel,CORP,,,,,,C:\Windows\System32\WINWORD.EXE,C:\Windows\System32\WINWORD.EXE,C:\Windows\System32\wininit.exe,"""C:\Windows\System32\WINWORD.EXE""",,,Microsoft-Windows-Security-Auditing,Security,SecurityEvent
2026-04-29T01:08:14Z,SVR-WEB-01,4624,,CORP\dkim,User,CORP,dkim,dkim,CORP,172.17.85.210,53763,3,Kerberos,,,,,,,,Microsoft-Windows-Security-Auditing,Security,SecurityEvent
2026-04-29T01:08:24Z,WS-IT-02,4624,,CORP\rmorales,User,CORP,rmorales,rmorales,CORP,10.14.76.65,50089,5,NtLmSsp,,,,,,,,Microsoft-Windows-Security-Auditing,Security,SecurityEvent
2026-04-29T01:08:39Z,WS-HR-03,4672,,CORP\jharris,Admin,CORP,jharris,jharris,CORP,,,,,,,,,,,,Microsoft-Windows-Security-Auditing,Security,SecurityEvent
2026-04-29T01:08:40Z,WS-OPS-01,4625,,CORP\sthompson,User,CORP,sthompson,sthompson,CORP,172.25.21.241,63904,5,Negotiate,The user has not been granted the requested logon type at this machine.,,,,,,,Microsoft-Windows-Security-Auditing,Security,SecurityEvent
2026-04-29T01:08:41Z,WS-OPS-02,4624,,CORP\tnguyen,User,CORP,tnguyen,tnguyen,CORP,10.223.166.33,52459,7,Negotiate,,,,,,,,Microsoft-Windows-Security-Auditing,Security,SecurityEvent
2026-04-29T01:08:55Z,LAP-SALES-03,4688,,CORP\jharris,User,CORP,jharris,jharris,CORP,,,,,,C:\Windows\System32\code.exe,C:\Windows\System32\code.exe,C:\Windows\System32\taskmgr.exe,"""C:\Windows\System32\code.exe""",,,Microsoft-Windows-Security-Auditing,Security,SecurityEvent
2026-04-29T01:08:56Z,WS-IT-01,4624,,CORP\agarcia,User,CORP,agarcia,agarcia,CORP,10.53.70.41,55548,11,Negotiate,,,,,,,,Microsoft-Windows-Security-Auditing,Security,SecurityEvent
2026-04-29T01:09:19Z,SVR-DC-01,4625,,CORP\rmorales,User,CORP,rmorales,rmorales,CORP,10.162.125.84,59183,5,User32,Unknown user name or bad password.,,,,,,,Microsoft-Windows-Security-Auditing,Security,SecurityEvent
2026-04-29T01:09:25Z,WS-DEV-02,4625,,CORP\agarcia,User,CORP,agarcia,agarcia,CORP,10.228.68.203,56915,2,Kerberos,Unknown user name or bad password.,,,,,,,Microsoft-Windows-Security-Auditing,Security,SecurityEvent
2026-04-29T01:09:34Z,WS-HR-03,4625,,CORP\sthompson,User,CORP,sthompson,sthompson,CORP,10.148.232.147,58480,5,Kerberos,Unknown user name or bad password.,,,,,,,Microsoft-Windows-Security-Auditing,Security,SecurityEvent
2026-04-29T01:09:35Z,LAP-SALES-03,4688,,CORP\kpatel,User,CORP,kpatel,kpatel,CORP,,,,,,C:\Windows\System32\msiexec.exe,C:\Windows\System32\msiexec.exe,C:\Windows\System32\services.exe,"""C:\Windows\System32\msiexec.exe""",,,Microsoft-Windows-Security-Auditing,Security,SecurityEvent
2026-04-29T01:09:37Z,WS-IT-02,4624,,CORP\rmorales,User,CORP,rmorales,rmorales,CORP,10.224.156.84,49162,3,NtLmSsp,,,,,,,,Microsoft-Windows-Security-Auditing,Security,SecurityEvent
2026-04-29T01:09:52Z,WS-MKT-01,4624,,CORP\jharris,User,CORP,jharris,jharris,CORP,172.25.76.129,51348,3,Kerberos,,,,,,,,Microsoft-Windows-Security-Auditing,Security,SecurityEvent
2026-04-29T01:10:02Z,WS-IT-01,4624,,CORP\lwoods,User,CORP,lwoods,lwoods,CORP,172.22.8.40,59503,11,NtLmSsp,,,,,,,,Microsoft-Windows-Security-Auditing,Security,SecurityEvent
2026-04-29T01:10:04Z,WS-MKT-01,4688,,CORP\lwoods,User,CORP,lwoods,lwoods,CORP,,,,,,C:\Windows\System32\lsass.exe,C:\Windows\System32\lsass.exe,C:\Windows\System32\EXCEL.EXE,"""C:\Windows\System32\lsass.exe""",,,Microsoft-Windows-Security-Auditing,Security,SecurityEvent
2026-04-29T01:10:04Z,LAP-EXEC-01,4624,,CORP\sthompson,User,CORP,sthompson,sthompson,CORP,10.218.24.7,50671,7,NtLmSsp,,,,,,,,Microsoft-Windows-Security-Auditing,Security,SecurityEvent
2026-04-29T01:10:08Z,WS-IT-02,4688,,CORP\tnguyen,User,CORP,tnguyen,tnguyen,CORP,,,,,,C:\Windows\System32\lsass.exe,C:\Windows\System32\lsass.exe,C:\Windows\System32\firefox.exe,"""C:\Windows\System32\lsass.exe""",,,Microsoft-Windows-Security-Auditing,Security,SecurityEvent
2026-04-29T01:10:14Z,WS-MKT-01,4672,,CORP\lwoods,Admin,CORP,lwoods,lwoods,CORP,,,,,,,,,,,,Microsoft-Windows-Security-Auditing,Security,SecurityEvent
2026-04-29T01:10:19Z,WS-FINANCE-01,4624,,CORP\tnguyen,User,CORP,tnguyen,tnguyen,CORP,172.25.241.214,56604,11,NtLmSsp,,,,,,,,Microsoft-Windows-Security-Auditing,Security,SecurityEvent
2026-04-29T01:10:24Z,SVR-WEB-01,4688,,CORP\sthompson,User,CORP,sthompson,sthompson,CORP,,,,,,C:\Windows\System32\Teams.exe,C:\Windows\System32\Teams.exe,C:\Windows\System32\EXCEL.EXE,"""C:\Windows\System32\Teams.exe""",,,Microsoft-Windows-Security-Auditing,Security,SecurityEvent
2026-04-29T01:10:29Z,WS-FINANCE-01,4624,,CORP\jharris,User,CORP,jharris,jharris,CORP,10.196.57.103,59464,3,Kerberos,,,,,,,,Microsoft-Windows-Security-Auditing,Security,SecurityEvent
2026-04-29T01:10:31Z,LAP-EXEC-01,4625,,CORP\rmorales,User,CORP,rmorales,rmorales,CORP,172.31.246.84,51337,2,Negotiate,Unknown user name or bad password.,,,,,,,Microsoft-Windows-Security-Auditing,Security,SecurityEvent
2026-04-29T01:10:37Z,WS-IT-01,4624,,CORP\rmorales,User,CORP,rmorales,rmorales,CORP,10.134.101.102,59712,5,Kerberos,,,,,,,,Microsoft-Windows-Security-Auditing,Security,SecurityEvent
2026-04-29T01:10:52Z,WS-MKT-02,4688,,CORP\lwoods,User,CORP,lwoods,lwoods,CORP,,,,,,C:\Windows\System32\taskmgr.exe,C:\Windows\System32\taskmgr.exe,C:\Windows\System32\lsass.exe,"""C:\Windows\System32\taskmgr.exe""",,,Microsoft-Windows-Security-Auditing,Security,SecurityEvent
2026-04-29T01:11:16Z,WS-OPS-02,4688,,CORP\mwhite,User,CORP,mwhite,mwhite,CORP,,,,,,C:\Windows\System32\chrome.exe,C:\Windows\System32\chrome.exe,C:\Windows\System32\chrome.exe,"""C:\Windows\System32\chrome.exe""",,,Microsoft-Windows-Security-Auditing,Security,SecurityEvent
2026-04-29T01:11:17Z,SVR-DC-01,4625,,CORP\mwhite,User,CORP,mwhite,mwhite,CORP,10.0.249.252,55963,2,Advapi,Unknown user name or bad password.,,,,,,,Microsoft-Windows-Security-Auditing,Security,SecurityEvent
2026-04-29T01:11:18Z,WS-IT-02,4688,,CORP\tnguyen,User,CORP,tnguyen,tnguyen,CORP,,,,,,C:\Windows\System32\services.exe,C:\Windows\System32\services.exe,C:\Windows\System32\msiexec.exe,"""C:\Windows\System32\services.exe""",,,Microsoft-Windows-Security-Auditing,Security,SecurityEvent
2026-04-29T01:11:55Z,WS-IT-01,4688,,CORP\jharris,User,CORP,jharris,jharris,CORP,,,,,,C:\Windows\System32\msedge.exe,C:\Windows\System32\msedge.exe,C:\Windows\System32\wininit.exe,"""C:\Windows\System32\msedge.exe""",,,Microsoft-Windows-Security-Auditing,Security,SecurityEvent
2026-04-29T01:12:00Z,WS-FINANCE-01,4634,,CORP\olopez,User,CORP,olopez,olopez,CORP,,,3,Kerberos,,,,,,,,Microsoft-Windows-Security-Auditing,Security,SecurityEvent
2026-04-29T01:12:11Z,WS-HR-03,4688,,CORP\lwoods,User,CORP,lwoods,lwoods,CORP,,,,,,C:\Windows\System32\WINWORD.EXE,C:\Windows\System32\WINWORD.EXE,C:\Windows\System32\Teams.exe,"""C:\Windows\System32\WINWORD.EXE""",,,Microsoft-Windows-Security-Auditing,Security,SecurityEvent
2026-04-29T01:12:15Z,SVR-WEB-01,4688,,CORP\tnguyen,User,CORP,tnguyen,tnguyen,CORP,,,,,,C:\Windows\System32\smss.exe,C:\Windows\System32\smss.exe,C:\Windows\System32\EXCEL.EXE,"""C:\Windows\System32\smss.exe""",,,Microsoft-Windows-Security-Auditing,Security,SecurityEvent
2026-04-29T01:12:17Z,WS-MKT-02,4624,,CORP\lwoods,User,CORP,lwoods,lwoods,CORP,10.107.105.59,51051,3,Kerberos,,,,,,,,Microsoft-Windows-Security-Auditing,Security,SecurityEvent
2026-04-29T01:12:23Z,LAP-SALES-03,4624,,CORP\rmorales,User,CORP,rmorales,rmorales,CORP,10.72.246.89,65368,2,Kerberos,,,,,,,,Microsoft-Windows-Security-Auditing,Security,SecurityEvent
2026-04-29T01:12:25Z,WS-HR-03,4624,,CORP\agarcia,User,CORP,agarcia,agarcia,CORP,10.87.42.24,61472,2,NtLmSsp,,,,,,,,Microsoft-Windows-Security-Auditing,Security,SecurityEvent
2026-04-29T01:12:46Z,WS-OPS-02,4624,,CORP\rmorales,User,CORP,rmorales,rmorales,CORP,172.29.240.108,60945,3,Kerberos,,,,,,,,Microsoft-Windows-Security-Auditing,Security,SecurityEvent
2026-04-29T01:12:50Z,WS-MKT-01,4688,,CORP\tnguyen,User,CORP,tnguyen,tnguyen,CORP,,,,,,C:\Windows\System32\svchost.exe,C:\Windows\System32\svchost.exe,C:\Windows\System32\services.exe,"""C:\Windows\System32\svchost.exe""",,,Microsoft-Windows-Security-Auditing,Security,SecurityEvent
2026-04-29T01:13:16Z,WS-OPS-02,4625,,CORP\olopez,User,CORP,olopez,olopez,CORP,10.99.83.139,49531,2,NtLmSsp,Unknown user name or bad password.,,,,,,,Microsoft-Windows-Security-Auditing,Security,SecurityEvent
2026-04-29T01:13:34Z,LAP-EXEC-01,4624,,CORP\sthompson,User,CORP,sthompson,sthompson,CORP,10.81.122.254,53342,3,Kerberos,,,,,,,,Microsoft-Windows-Security-Auditing,Security,SecurityEvent
2026-04-29T01:13:34Z,WS-FINANCE-01,4688,,CORP\sthompson,User,CORP,sthompson,sthompson,CORP,,,,,,C:\Windows\System32\services.exe,C:\Windows\System32\services.exe,C:\Windows\System32\taskmgr.exe,"""C:\Windows\System32\services.exe""",,,Microsoft-Windows-Security-Auditing,Security,SecurityEvent
2026-04-29T01:13:43Z,WS-IT-02,4624,,CORP\lwoods,User,CORP,lwoods,lwoods,CORP,10.124.152.224,53266,5,Negotiate,,,,,,,,Microsoft-Windows-Security-Auditing,Security,SecurityEvent
2026-04-29T01:13:51Z,SVR-WEB-01,4624,,CORP\sthompson,User,CORP,sthompson,sthompson,CORP,10.20.190.54,61877,3,Negotiate,,,,,,,,Microsoft-Windows-Security-Auditing,Security,SecurityEvent
2026-04-29T01:14:05Z,WS-IT-01,4634,,CORP\rmorales,User,CORP,rmorales,rmorales,CORP,,,5,Kerberos,,,,,,,,Microsoft-Windows-Security-Auditing,Security,SecurityEvent
2026-04-29T01:14:09Z,SVR-DC-01,4624,,CORP\jharris,User,CORP,jharris,jharris,CORP,172.24.158.28,49783,11,Kerberos,,,,,,,,Microsoft-Windows-Security-Auditing,Security,SecurityEvent
2026-04-29T01:14:16Z,WS-OPS-01,4634,,CORP\tnguyen,User,CORP,tnguyen,tnguyen,CORP,,,11,NtLmSsp,,,,,,,,Microsoft-Windows-Security-Auditing,Security,SecurityEvent
2026-04-29T01:14:25Z,SVR-DC-01,4688,,CORP\agarcia,User,CORP,agarcia,agarcia,CORP,,,,,,C:\Windows\System32\WINWORD.EXE,C:\Windows\System32\WINWORD.EXE,C:\Windows\System32\WINWORD.EXE,"""C:\Windows\System32\WINWORD.EXE""",,,Microsoft-Windows-Security-Auditing,Security,SecurityEvent
2026-04-29T01:14:42Z,WS-OPS-01,4634,,CORP\kpatel,User,CORP,kpatel,kpatel,CORP,,,3,Negotiate,,,,,,,,Microsoft-Windows-Security-Auditing,Security,SecurityEvent
2026-04-29T01:14:46Z,SVR-DC-01,4688,,CORP\mwhite,User,CORP,mwhite,mwhite,CORP,,,,,,C:\Windows\System32\csrss.exe,C:\Windows\System32\csrss.exe,C:\Windows\System32\chrome.exe,"""C:\Windows\System32\csrss.exe""",,,Microsoft-Windows-Security-Auditing,Security,SecurityEvent
2026-04-29T01:14:47Z,WS-HR-03,4634,,CORP\jharris,User,CORP,jharris,jharris,CORP,,,5,NtLmSsp,,,,,,,,Microsoft-Windows-Security-Auditing,Security,SecurityEvent
2026-04-29T01:14:48Z,SVR-WEB-01,4624,,CORP\tnguyen,User,CORP,tnguyen,tnguyen,CORP,172.28.102.85,62454,2,NtLmSsp,,,,,,,,Microsoft-Windows-Security-Auditing,Security,SecurityEvent
2026-04-29T01:14:51Z,SVR-DC-01,4688,,CORP\dkim,User,CORP,dkim,dkim,CORP,,,,,,C:\Windows\System32\firefox.exe,C:\Windows\System32\firefox.exe,C:\Windows\System32\services.exe,"""C:\Windows\System32\firefox.exe""",,,Microsoft-Windows-Security-Auditing,Security,SecurityEvent
2026-04-29T01:15:03Z,WS-OPS-02,4688,,CORP\sthompson,User,CORP,sthompson,sthompson,CORP,,,,,,C:\Windows\System32\code.exe,C:\Windows\System32\code.exe,C:\Windows\System32\smss.exe,"""C:\Windows\System32\code.exe""",,,Microsoft-Windows-Security-Auditing,Security,SecurityEvent
2026-04-29T01:15:07Z,WS-DEV-02,4688,,CORP\tnguyen,User,CORP,tnguyen,tnguyen,CORP,,,,,,C:\Windows\System32\svchost.exe,C:\Windows\System32\svchost.exe,C:\Windows\System32\firefox.exe,"""C:\Windows\System32\svchost.exe""",,,Microsoft-Windows-Security-Auditing,Security,SecurityEvent
2026-04-29T01:15:19Z,SVR-DC-01,4688,,CORP\mwhite,User,CORP,mwhite,mwhite,CORP,,,,,,C:\Windows\System32\chrome.exe,C:\Windows\System32\chrome.exe,C:\Windows\System32\services.exe,"""C:\Windows\System32\chrome.exe""",,,Microsoft-Windows-Security-Auditing,Security,SecurityEvent
2026-04-29T01:15:26Z,WS-MKT-02,4688,,CORP\mwhite,User,CORP,mwhite,mwhite,CORP,,,,,,C:\Windows\System32\winlogon.exe,C:\Windows\System32\winlogon.exe,C:\Windows\System32\smss.exe,"""C:\Windows\System32\winlogon.exe""",,,Microsoft-Windows-Security-Auditing,Security,SecurityEvent
2026-04-29T01:15:31Z,WS-MKT-01,4624,,CORP\dkim,User,CORP,dkim,dkim,CORP,10.103.197.125,51000,3,Seclogo,,,,,,,,Microsoft-Windows-Security-Auditing,Security,SecurityEvent
2026-04-29T01:15:50Z,SVR-WEB-01,4624,,CORP\agarcia,User,CORP,agarcia,agarcia,CORP,10.184.95.33,65107,3,Seclogo,,,,,,,,Microsoft-Windows-Security-Auditing,Security,SecurityEvent
2026-04-29T01:15:50Z,WS-MKT-02,4624,,CORP\lwoods,User,CORP,lwoods,lwoods,CORP,10.136.218.48,51426,3,Advapi,,,,,,,,Microsoft-Windows-Security-Auditing,Security,SecurityEvent
2026-04-29T01:15:53Z,WS-FINANCE-01,4624,,CORP\sthompson,User,CORP,sthompson,sthompson,CORP,192.168.243.26,60949,3,User32,,,,,,,,Microsoft-Windows-Security-Auditing,Security,SecurityEvent
2026-04-29T01:16:26Z,WS-FINANCE-01,4624,,CORP\rmorales,User,CORP,rmorales,rmorales,CORP,10.25.191.6,58521,3,Advapi,,,,,,,,Microsoft-Windows-Security-Auditing,Security,SecurityEvent
2026-04-29T01:16:30Z,LAP-SALES-03,4624,,CORP\mwhite,User,CORP,mwhite,mwhite,CORP,10.141.249.210,56276,3,NtLmSsp,,,,,,,,Microsoft-Windows-Security-Auditing,Security,SecurityEvent
2026-04-29T01:16:40Z,WS-IT-01,4688,,CORP\agarcia,User,CORP,agarcia,agarcia,CORP,,,,,,C:\Windows\System32\chrome.exe,C:\Windows\System32\chrome.exe,C:\Windows\System32\csrss.exe,"""C:\Windows\System32\chrome.exe""",,,Microsoft-Windows-Security-Auditing,Security,SecurityEvent
2026-04-29T01:17:06Z,WS-DEV-02,4624,,CORP\dkim,User,CORP,dkim,dkim,CORP,10.27.158.166,63270,3,Kerberos,,,,,,,,Microsoft-Windows-Security-Auditing,Security,SecurityEvent
2026-04-29T01:17:19Z,WS-MKT-01,4634,,CORP\rmorales,User,CORP,rmorales,rmorales,CORP,,,2,NtLmSsp,,,,,,,,Microsoft-Windows-Security-Auditing,Security,SecurityEvent
2026-04-29T01:17:39Z,WS-OPS-01,4634,,CORP\sthompson,User,CORP,sthompson,sthompson,CORP,,,3,Kerberos,,,,,,,,Microsoft-Windows-Security-Auditing,Security,SecurityEvent
2026-04-29T01:17:40Z,WS-MKT-02,4624,,CORP\ehernandez,User,CORP,ehernandez,ehernandez,CORP,10.255.33.170,53081,3,Kerberos,,,,,,,,Microsoft-Windows-Security-Auditing,Security,SecurityEvent
2026-04-29T01:17:41Z,WS-IT-01,4625,,CORP\ehernandez,User,CORP,ehernandez,ehernandez,CORP,10.142.170.144,65198,7,User32,Unknown user name or bad password.,,,,,,,Microsoft-Windows-Security-Auditing,Security,SecurityEvent
2026-04-29T01:17:47Z,WS-MKT-01,4624,,CORP\rmorales,User,CORP,rmorales,rmorales,CORP,10.75.77.147,60783,5,NtLmSsp,,,,,,,,Microsoft-Windows-Security-Auditing,Security,SecurityEvent
2026-04-29T01:17:51Z,SVR-DC-01,4624,,CORP\sthompson,User,CORP,sthompson,sthompson,CORP,10.204.25.7,49321,3,Kerberos,,,,,,,,Microsoft-Windows-Security-Auditing,Security,SecurityEvent
2026-04-29T01:17:58Z,LAP-SALES-03,4720,,CORP\rmorales,User,CORP,rmorales,newuser195,CORP,,,,,,,,,,,,Microsoft-Windows-Security-Auditing,Security,SecurityEvent
2026-04-29T01:18:00Z,WS-OPS-02,4688,,CORP\sthompson,User,CORP,sthompson,sthompson,CORP,,,,,,C:\Windows\System32\WINWORD.EXE,C:\Windows\System32\WINWORD.EXE,C:\Windows\System32\svchost.exe,"""C:\Windows\System32\WINWORD.EXE""",,,Microsoft-Windows-Security-Auditing,Security,SecurityEvent
2026-04-29T01:18:08Z,WS-HR-03,4688,,CORP\ehernandez,User,CORP,ehernandez,ehernandez,CORP,,,,,,C:\Windows\System32\code.exe,C:\Windows\System32\code.exe,C:\Windows\System32\services.exe,"""C:\Windows\System32\code.exe""",,,Microsoft-Windows-Security-Auditing,Security,SecurityEvent
2026-04-29T01:18:08Z,WS-DEV-02,4634,,CORP\agarcia,User,CORP,agarcia,agarcia,CORP,,,5,NtLmSsp,,,,,,,,Microsoft-Windows-Security-Auditing,Security,SecurityEvent
2026-04-29T01:18:25Z,WS-MKT-02,4624,,CORP\ehernandez,User,CORP,ehernandez,ehernandez,CORP,172.19.85.191,57742,3,NtLmSsp,,,,,,,,Microsoft-Windows-Security-Auditing,Security,SecurityEvent
2026-04-29T01:18:29Z,SVR-WEB-01,4624,,CORP\sthompson,User,CORP,sthompson,sthompson,CORP,10.98.58.54,50839,5,NtLmSsp,,,,,,,,Microsoft-Windows-Security-Auditing,Security,SecurityEvent
2026-04-29T01:18:29Z,WS-MKT-01,4625,,CORP\sthompson,User,CORP,sthompson,sthompson,CORP,10.141.91.81,53399,3,Advapi,Unknown user name or bad password.,,,,,,,Microsoft-Windows-Security-Auditing,Security,SecurityEvent
2026-04-29T01:18:39Z,WS-HR-03,4625,,CORP\lwoods,User,CORP,lwoods,lwoods,CORP,172.30.88.43,57113,11,Kerberos,Unknown user name or bad password.,,,,,,,Microsoft-Windows-Security-Auditing,Security,SecurityEvent
2026-04-29T01:18:58Z,SVR-DC-01,4625,,CORP\bsato,User,CORP,bsato,bsato,CORP,10.30.119.220,54489,3,Negotiate,Unknown user name or bad password.,,,,,,,Microsoft-Windows-Security-Auditing,Security,SecurityEvent
2026-04-29T01:18:59Z,WS-MKT-01,4688,,CORP\agarcia,User,CORP,agarcia,agarcia,CORP,,,,,,C:\Windows\System32\lsass.exe,C:\Windows\System32\lsass.exe,C:\Windows\System32\msedge.exe,"""C:\Windows\System32\lsass.exe""",,,Microsoft-Windows-Security-Auditing,Security,SecurityEvent
2026-04-29T01:19:01Z,WS-FINANCE-01,4624,,CORP\agarcia,User,CORP,agarcia,agarcia,CORP,10.67.119.51,62420,2,Seclogo,,,,,,,,Microsoft-Windows-Security-Auditing,Security,SecurityEvent
2026-04-29T01:19:03Z,WS-HR-03,4625,,CORP\ehernandez,User,CORP,ehernandez,ehernandez,CORP,172.21.227.54,54044,5,Kerberos,Account currently disabled.,,,,,,,Microsoft-Windows-Security-Auditing,Security,SecurityEvent
2026-04-29T01:19:05Z,WS-OPS-01,4625,,CORP\bsato,User,CORP,bsato,bsato,CORP,10.99.188.2,53801,3,Kerberos,Account currently disabled.,,,,,,,Microsoft-Windows-Security-Auditing,Security,SecurityEvent
2026-04-29T01:19:06Z,WS-IT-02,4624,,CORP\tnguyen,User,CORP,tnguyen,tnguyen,CORP,10.130.81.4,56422,11,Negotiate,,,,,,,,Microsoft-Windows-Security-Auditing,Security,SecurityEvent
2026-04-29T01:19:28Z,LAP-SALES-03,4624,,CORP\rmorales,User,CORP,rmorales,rmorales,CORP,172.24.118.138,54256,7,Kerberos,,,,,,,,Microsoft-Windows-Security-Auditing,Security,SecurityEvent
2026-04-29T01:19:35Z,WS-FINANCE-01,4688,,CORP\rmorales,User,CORP,rmorales,rmorales,CORP,,,,,,C:\Windows\System32\explorer.exe,C:\Windows\System32\explorer.exe,C:\Windows\System32\smss.exe,"""C:\Windows\System32\explorer.exe""",,,Microsoft-Windows-Security-Auditing,Security,SecurityEvent
2026-04-29T01:19:46Z,SVR-DC-01,4688,,CORP\tnguyen,User,CORP,tnguyen,tnguyen,CORP,,,,,,C:\Windows\System32\chrome.exe,C:\Windows\System32\chrome.exe,C:\Windows\System32\EXCEL.EXE,"""C:\Windows\System32\chrome.exe""",,,Microsoft-Windows-Security-Auditing,Security,SecurityEvent
2026-04-29T01:19:58Z,WS-IT-01,4624,,CORP\ehernandez,User,CORP,ehernandez,ehernandez,CORP,10.208.127.32,56571,5,Kerberos,,,,,,,,Microsoft-Windows-Security-Auditing,Security,SecurityEvent
2026-04-29T01:20:06Z,WS-IT-02,4625,,CORP\kpatel,User,CORP,kpatel,kpatel,CORP,10.122.248.231,63553,11,Negotiate,The user has not been granted the requested logon type at this machine.,,,,,,,Microsoft-Windows-Security-Auditing,Security,SecurityEvent
2026-04-29T01:20:07Z,WS-HR-03,4672,,CORP\lwoods,Admin,CORP,lwoods,lwoods,CORP,,,,,,,,,,,,Microsoft-Windows-Security-Auditing,Security,SecurityEvent
2026-04-29T01:20:09Z,WS-DEV-02,4688,,CORP\mwhite,User,CORP,mwhite,mwhite,CORP,,,,,,C:\Windows\System32\wininit.exe,C:\Windows\System32\wininit.exe,C:\Windows\System32\chrome.exe,"""C:\Windows\System32\wininit.exe""",,,Microsoft-Windows-Security-Auditing,Security,SecurityEvent
2026-04-29T01:20:12Z,WS-HR-03,4624,,CORP\tnguyen,User,CORP,tnguyen,tnguyen,CORP,10.146.36.226,61599,2,Kerberos,,,,,,,,Microsoft-Windows-Security-Auditing,Security,SecurityEvent
2026-04-29T01:20:25Z,WS-DEV-02,4672,,CORP\jharris,Admin,CORP,jharris,jharris,CORP,,,,,,,,,,,,Microsoft-Windows-Security-Auditing,Security,SecurityEvent
2026-04-29T01:20:30Z,WS-DEV-02,4624,,CORP\sthompson,User,CORP,sthompson,sthompson,CORP,10.200.126.35,62527,3,Negotiate,,,,,,,,Microsoft-Windows-Security-Auditing,Security,SecurityEvent
2026-04-29T01:20:36Z,WS-MKT-02,4625,,CORP\olopez,User,CORP,olopez,olopez,CORP,172.17.28.142,64523,3,Kerberos,Unknown user name or bad password.,,,,,,,Microsoft-Windows-Security-Auditing,Security,SecurityEvent
2026-04-29T01:20:46Z,WS-HR-03,4624,,CORP\jharris,User,CORP,jharris,jharris,CORP,10.25.166.164,60896,11,Kerberos,,,,,,,,Microsoft-Windows-Security-Auditing,Security,SecurityEvent
2026-04-29T01:20:56Z,WS-OPS-01,4624,,CORP\dkim,User,CORP,dkim,dkim,CORP,10.136.71.190,56876,5,Kerberos,,,,,,,,Microsoft-Windows-Security-Auditing,Security,SecurityEvent
2026-04-29T01:20:59Z,LAP-EXEC-01,4624,,CORP\rmorales,User,CORP,rmorales,rmorales,CORP,10.54.78.10,65379,3,Kerberos,,,,,,,,Microsoft-Windows-Security-Auditing,Security,SecurityEvent
2026-04-29T01:21:24Z,WS-OPS-02,4688,,CORP\agarcia,User,CORP,agarcia,agarcia,CORP,,,,,,C:\Windows\System32\svchost.exe,C:\Windows\System32\svchost.exe,C:\Windows\System32\wininit.exe,"""C:\Windows\System32\svchost.exe""",,,Microsoft-Windows-Security-Auditing,Security,SecurityEvent
2026-04-29T01:21:32Z,WS-IT-01,4634,,CORP\mwhite,User,CORP,mwhite,mwhite,CORP,,,2,Seclogo,,,,,,,,Microsoft-Windows-Security-Auditing,Security,SecurityEvent
2026-04-29T01:21:35Z,WS-OPS-02,4688,,CORP\sthompson,User,CORP,sthompson,sthompson,CORP,,,,,,C:\Windows\System32\services.exe,C:\Windows\System32\services.exe,C:\Windows\System32\code.exe,"""C:\Windows\System32\services.exe""",,,Microsoft-Windows-Security-Auditing,Security,SecurityEvent
2026-04-29T01:21:43Z,WS-DEV-02,4634,,CORP\agarcia,User,CORP,agarcia,agarcia,CORP,,,3,User32,,,,,,,,Microsoft-Windows-Security-Auditing,Security,SecurityEvent
2026-04-29T01:21:55Z,WS-OPS-01,4624,,CORP\rmorales,User,CORP,rmorales,rmorales,CORP,10.227.12.197,63840,3,User32,,,,,,,,Microsoft-Windows-Security-Auditing,Security,SecurityEvent
2026-04-29T01:22:07Z,WS-OPS-01,4624,,CORP\agarcia,User,CORP,agarcia,agarcia,CORP,10.51.199.80,53736,2,Kerberos,,,,,,,,Microsoft-Windows-Security-Auditing,Security,SecurityEvent
2026-04-29T01:22:20Z,SVR-DC-01,4625,,CORP\agarcia,User,CORP,agarcia,agarcia,CORP,10.70.65.41,49537,2,Negotiate,Unknown user name or bad password.,,,,,,,Microsoft-Windows-Security-Auditing,Security,SecurityEvent
2026-04-29T01:22:31Z,WS-DEV-02,4688,,CORP\kpatel,User,CORP,kpatel,kpatel,CORP,,,,,,C:\Windows\System32\msedge.exe,C:\Windows\System32\msedge.exe,C:\Windows\System32\Teams.exe,"""C:\Windows\System32\msedge.exe""",,,Microsoft-Windows-Security-Auditing,Security,SecurityEvent
2026-04-29T01:22:35Z,WS-DEV-02,4624,,CORP\dchen,User,CORP,dchen,dchen,CORP,10.0.10.11,49697,2,User32,,,,,,,,Microsoft-Windows-Security-Auditing,Security,SecurityEvent
2026-04-29T01:22:39Z,WS-IT-01,4688,,CORP\kpatel,User,CORP,kpatel,kpatel,CORP,,,,,,C:\Windows\System32\services.exe,C:\Windows\System32\services.exe,C:\Windows\System32\OneDrive.exe,"""C:\Windows\System32\services.exe""",,,Microsoft-Windows-Security-Auditing,Security,SecurityEvent
2026-04-29T01:22:49Z,WS-IT-01,4624,,CORP\dkim,User,CORP,dkim,dkim,CORP,10.214.19.141,60626,2,User32,,,,,,,,Microsoft-Windows-Security-Auditing,Security,SecurityEvent
2026-04-29T01:22:58Z,WS-HR-03,4624,,CORP\dkim,User,CORP,dkim,dkim,CORP,10.152.76.167,60397,3,Kerberos,,,,,,,,Microsoft-Windows-Security-Auditing,Security,SecurityEvent
2026-04-29T01:22:59Z,WS-OPS-01,4688,,CORP\agarcia,User,CORP,agarcia,agarcia,CORP,,,,,,C:\Windows\System32\EXCEL.EXE,C:\Windows\System32\EXCEL.EXE,C:\Windows\System32\msedge.exe,"""C:\Windows\System32\EXCEL.EXE""",,,Microsoft-Windows-Security-Auditing,Security,SecurityEvent
2026-04-29T01:22:59Z,WS-IT-01,4688,,CORP\jharris,User,CORP,jharris,jharris,CORP,,,,,,C:\Windows\System32\services.exe,C:\Windows\System32\services.exe,C:\Windows\System32\code.exe,"""C:\Windows\System32\services.exe""",,,Microsoft-Windows-Security-Auditing,Security,SecurityEvent
2026-04-29T01:23:03Z,WS-IT-02,4625,,CORP\kpatel,User,CORP,kpatel,kpatel,CORP,10.18.229.252,59025,3,Kerberos,The user has not been granted the requested logon type at this machine.,,,,,,,Microsoft-Windows-Security-Auditing,Security,SecurityEvent
2026-04-29T01:23:08Z,WS-MKT-02,4624,,CORP\sthompson,User,CORP,sthompson,sthompson,CORP,10.252.137.165,63383,2,Kerberos,,,,,,,,Microsoft-Windows-Security-Auditing,Security,SecurityEvent
2026-04-29T01:23:09Z,WS-IT-02,4624,,CORP\sthompson,User,CORP,sthompson,sthompson,CORP,172.31.16.62,61309,3,NtLmSsp,,,,,,,,Microsoft-Windows-Security-Auditing,Security,SecurityEvent
2026-04-29T01:23:11Z,LAP-SALES-03,4625,,CORP\ehernandez,User,CORP,ehernandez,ehernandez,CORP,10.199.75.152,57723,4,Negotiate,Unknown user name or bad password.,,,,,,,Microsoft-Windows-Security-Auditing,Security,SecurityEvent
2026-04-29T01:23:11Z,WS-MKT-02,4688,,CORP\jharris,User,CORP,jharris,jharris,CORP,,,,,,C:\Windows\System32\winlogon.exe,C:\Windows\System32\winlogon.exe,C:\Windows\System32\svchost.exe,"""C:\Windows\System32\winlogon.exe""",,,Microsoft-Windows-Security-Auditing,Security,SecurityEvent
2026-04-29T01:23:17Z,WS-HR-03,4624,,CORP\mwhite,User,CORP,mwhite,mwhite,CORP,10.119.219.134,49515,3,NtLmSsp,,,,,,,,Microsoft-Windows-Security-Auditing,Security,SecurityEvent
2026-04-29T01:23:21Z,WS-FINANCE-01,4688,,CORP\tnguyen,User,CORP,tnguyen,tnguyen,CORP,,,,,,C:\Windows\System32\Teams.exe,C:\Windows\System32\Teams.exe,C:\Windows\System32\firefox.exe,"""C:\Windows\System32\Teams.exe""",,,Microsoft-Windows-Security-Auditing,Security,SecurityEvent
2026-04-29T01:23:39Z,WS-MKT-01,4624,,CORP\mwhite,User,CORP,mwhite,mwhite,CORP,172.23.227.77,61138,2,Kerberos,,,,,,,,Microsoft-Windows-Security-Auditing,Security,SecurityEvent
2026-04-29T01:23:55Z,WS-HR-03,4624,,CORP\jharris,User,CORP,jharris,jharris,CORP,172.22.230.132,60901,3,Negotiate,,,,,,,,Microsoft-Windows-Security-Auditing,Security,SecurityEvent
2026-04-29T01:24:04Z,WS-OPS-02,4625,,CORP\dkim,User,CORP,dkim,dkim,CORP,192.168.118.194,55715,3,Kerberos,Unknown user name or bad password.,,,,,,,Microsoft-Windows-Security-Auditing,Security,SecurityEvent
2026-04-29T01:24:29Z,WS-FINANCE-01,4688,,CORP\rmorales,User,CORP,rmorales,rmorales,CORP,,,,,,C:\Windows\System32\Teams.exe,C:\Windows\System32\Teams.exe,C:\Windows\System32\msiexec.exe,"""C:\Windows\System32\Teams.exe""",,,Microsoft-Windows-Security-Auditing,Security,SecurityEvent
2026-04-29T01:24:29Z,SVR-WEB-01,4625,,CORP\mwhite,User,CORP,mwhite,mwhite,CORP,10.238.165.75,53194,3,Kerberos,Unknown user name or bad password.,,,,,,,Microsoft-Windows-Security-Auditing,Security,SecurityEvent
2026-04-29T01:24:30Z,WS-IT-01,4688,,CORP\tnguyen,User,CORP,tnguyen,tnguyen,CORP,,,,,,C:\Windows\System32\services.exe,C:\Windows\System32\services.exe,C:\Windows\System32\smss.exe,"""C:\Windows\System32\services.exe""",,,Microsoft-Windows-Security-Auditing,Security,SecurityEvent
2026-04-29T01:24:31Z,WS-HR-03,4624,,CORP\mwhite,User,CORP,mwhite,mwhite,CORP,172.16.122.188,64074,11,Kerberos,,,,,,,,Microsoft-Windows-Security-Auditing,Security,SecurityEvent
2026-04-29T01:24:33Z,WS-DEV-02,4624,,CORP\dkim,User,CORP,dkim,dkim,CORP,172.18.212.10,56826,3,Kerberos,,,,,,,,Microsoft-Windows-Security-Auditing,Security,SecurityEvent
2026-04-29T01:24:41Z,WS-MKT-02,4624,,CORP\mwhite,User,CORP,mwhite,mwhite,CORP,172.19.243.18,50503,3,NtLmSsp,,,,,,,,Microsoft-Windows-Security-Auditing,Security,SecurityEvent
2026-04-29T01:24:44Z,WS-MKT-02,4688,,CORP\agarcia,User,CORP,agarcia,agarcia,CORP,,,,,,C:\Windows\System32\svchost.exe,C:\Windows\System32\svchost.exe,C:\Windows\System32\winlogon.exe,"""C:\Windows\System32\svchost.exe""",,,Microsoft-Windows-Security-Auditing,Security,SecurityEvent
2026-04-29T01:24:53Z,WS-DEV-02,4625,,CORP\jharris,User,CORP,jharris,jharris,CORP,172.23.75.170,52221,3,Advapi,Unknown user name or bad password.,,,,,,,Microsoft-Windows-Security-Auditing,Security,SecurityEvent
2026-04-29T01:24:54Z,SVR-WEB-01,4624,,CORP\jharris,User,CORP,jharris,jharris,CORP,10.179.171.56,55716,3,Kerberos,,,,,,,,Microsoft-Windows-Security-Auditing,Security,SecurityEvent
2026-04-29T01:24:57Z,WS-DEV-02,4672,,CORP\sthompson,Admin,CORP,sthompson,sthompson,CORP,,,,,,,,,,,,Microsoft-Windows-Security-Auditing,Security,SecurityEvent
2026-04-29T01:24:59Z,WS-IT-02,4624,,CORP\jharris,User,CORP,jharris,jharris,CORP,10.73.129.207,62667,5,Negotiate,,,,,,,,Microsoft-Windows-Security-Auditing,Security,SecurityEvent
2026-04-29T01:25:09Z,WS-MKT-02,4688,,CORP\kpatel,User,CORP,kpatel,kpatel,CORP,,,,,,C:\Windows\System32\msiexec.exe,C:\Windows\System32\msiexec.exe,C:\Windows\System32\svchost.exe,"""C:\Windows\System32\msiexec.exe""",,,Microsoft-Windows-Security-Auditing,Security,SecurityEvent
2026-04-29T01:25:10Z,SVR-DC-01,4624,,CORP\mwhite,User,CORP,mwhite,mwhite,CORP,10.222.201.216,60611,3,Kerberos,,,,,,,,Microsoft-Windows-Security-Auditing,Security,SecurityEvent
2026-04-29T01:25:18Z,WS-OPS-01,4625,,CORP\jharris,User,CORP,jharris,jharris,CORP,172.31.153.15,55451,10,User32,Account locked out.,,,,,,,Microsoft-Windows-Security-Auditing,Security,SecurityEvent
2026-04-29T01:25:28Z,SVR-WEB-01,4624,,CORP\ehernandez,User,CORP,ehernandez,ehernandez,CORP,10.55.154.176,59874,11,Kerberos,,,,,,,,Microsoft-Windows-Security-Auditing,Security,SecurityEvent
2026-04-29T01:25:31Z,WS-HR-03,4624,,CORP\agarcia,User,CORP,agarcia,agarcia,CORP,10.235.204.37,55864,5,Advapi,,,,,,,,Microsoft-Windows-Security-Auditing,Security,SecurityEvent
