2026-04-20T07:30:13Z,WS-HR-03,4624,,CORP\rmorales,User,CORP,rmorales,rmorales,CORP,10.27.58.168,60724,3,Kerberos,,,,,,,,Microsoft-Windows-Security-Auditing,Security,SecurityEvent
2026-04-20T07:31:01Z,WS-MKT-02,4688,,CORP\sthompson,User,CORP,sthompson,sthompson,CORP,,,,,,C:\Windows\System32\code.exe,C:\Windows\System32\code.exe,C:\Windows\System32\svchost.exe,"""C:\Windows\System32\code.exe""",,,Microsoft-Windows-Security-Auditing,Security,SecurityEvent
2026-04-20T07:32:04Z,WS-DEV-02,4624,,CORP\tnguyen,User,CORP,tnguyen,tnguyen,CORP,172.29.233.85,57710,10,Negotiate,,,,,,,,Microsoft-Windows-Security-Auditing,Security,SecurityEvent
2026-04-20T07:35:13Z,WS-IT-02,4624,,CORP\lwoods,User,CORP,lwoods,lwoods,CORP,172.19.42.88,63343,5,Negotiate,,,,,,,,Microsoft-Windows-Security-Auditing,Security,SecurityEvent
2026-04-20T07:36:49Z,WS-FINANCE-01,4624,,CORP\agarcia,User,CORP,agarcia,agarcia,CORP,10.24.5.169,64283,3,NtLmSsp,,,,,,,,Microsoft-Windows-Security-Auditing,Security,SecurityEvent
2026-04-20T07:37:03Z,SVR-DC-01,4688,,CORP\mwhite,User,CORP,mwhite,mwhite,CORP,,,,,,C:\Windows\System32\chrome.exe,C:\Windows\System32\chrome.exe,C:\Windows\System32\lsass.exe,"""C:\Windows\System32\chrome.exe""",,,Microsoft-Windows-Security-Auditing,Security,SecurityEvent
2026-04-20T07:37:45Z,SVR-WEB-01,4624,,CORP\lwoods,User,CORP,lwoods,lwoods,CORP,10.67.16.195,64996,10,Negotiate,,,,,,,,Microsoft-Windows-Security-Auditing,Security,SecurityEvent
2026-04-20T07:38:43Z,WS-IT-01,4625,,CORP\tnguyen,User,CORP,tnguyen,tnguyen,CORP,10.41.211.204,51152,10,User32,Unknown user name or bad password.,,,,,,,Microsoft-Windows-Security-Auditing,Security,SecurityEvent
2026-04-20T07:40:57Z,WS-MKT-01,4688,,CORP\rmorales,User,CORP,rmorales,rmorales,CORP,,,,,,C:\Windows\System32\services.exe,C:\Windows\System32\services.exe,C:\Windows\System32\code.exe,"""C:\Windows\System32\services.exe""",,,Microsoft-Windows-Security-Auditing,Security,SecurityEvent
2026-04-20T07:41:16Z,WS-HR-03,4634,,CORP\rmorales,User,CORP,rmorales,rmorales,CORP,,,11,User32,,,,,,,,Microsoft-Windows-Security-Auditing,Security,SecurityEvent
2026-04-20T07:44:23Z,WS-DEV-02,4624,,CORP\mwhite,User,CORP,mwhite,mwhite,CORP,10.51.177.113,64488,5,NtLmSsp,,,,,,,,Microsoft-Windows-Security-Auditing,Security,SecurityEvent
2026-04-20T07:48:22Z,WS-OPS-02,4624,,CORP\kpatel,User,CORP,kpatel,kpatel,CORP,10.18.205.128,51625,11,Kerberos,,,,,,,,Microsoft-Windows-Security-Auditing,Security,SecurityEvent
2026-04-20T07:51:16Z,WS-IT-01,4624,,CORP\tnguyen,User,CORP,tnguyen,tnguyen,CORP,172.21.209.241,58850,3,NtLmSsp,,,,,,,,Microsoft-Windows-Security-Auditing,Security,SecurityEvent
2026-04-20T07:55:58Z,WS-MKT-01,4624,,CORP\dkim,User,CORP,dkim,dkim,CORP,10.105.97.95,63138,3,NtLmSsp,,,,,,,,Microsoft-Windows-Security-Auditing,Security,SecurityEvent
2026-04-20T07:59:03Z,WS-IT-01,4624,,CORP\rmorales,User,CORP,rmorales,rmorales,CORP,172.23.124.244,54494,11,Kerberos,,,,,,,,Microsoft-Windows-Security-Auditing,Security,SecurityEvent
2026-04-20T07:59:31Z,WS-IT-01,4625,,CORP\dkim,User,CORP,dkim,dkim,CORP,10.54.255.192,53245,2,Negotiate,The user has not been granted the requested logon type at this machine.,,,,,,,Microsoft-Windows-Security-Auditing,Security,SecurityEvent
2026-04-20T08:00:01Z,WS-OPS-01,4624,,CORP\ehernandez,User,CORP,ehernandez,ehernandez,CORP,172.17.97.205,65048,7,Kerberos,,,,,,,,Microsoft-Windows-Security-Auditing,Security,SecurityEvent
2026-04-20T08:03:57Z,SVR-WEB-01,4688,,CORP\lwoods,User,CORP,lwoods,lwoods,CORP,,,,,,C:\Windows\System32\WINWORD.EXE,C:\Windows\System32\WINWORD.EXE,C:\Windows\System32\firefox.exe,"""C:\Windows\System32\WINWORD.EXE""",,,Microsoft-Windows-Security-Auditing,Security,SecurityEvent
2026-04-20T08:05:43Z,WS-OPS-02,4624,,CORP\olopez,User,CORP,olopez,olopez,CORP,172.29.158.211,58443,11,Kerberos,,,,,,,,Microsoft-Windows-Security-Auditing,Security,SecurityEvent
2026-04-20T08:06:11Z,WS-HR-03,4625,,CORP\mwhite,User,CORP,mwhite,mwhite,CORP,10.158.154.237,61051,2,Kerberos,Unknown user name or bad password.,,,,,,,Microsoft-Windows-Security-Auditing,Security,SecurityEvent
2026-04-20T08:09:58Z,LAP-SALES-03,4688,,CORP\tnguyen,User,CORP,tnguyen,tnguyen,CORP,,,,,,C:\Windows\System32\EXCEL.EXE,C:\Windows\System32\EXCEL.EXE,C:\Windows\System32\winlogon.exe,"""C:\Windows\System32\EXCEL.EXE""",,,Microsoft-Windows-Security-Auditing,Security,SecurityEvent
2026-04-20T08:10:05Z,WS-DEV-02,4624,,CORP\rmorales,User,CORP,rmorales,rmorales,CORP,10.222.23.180,56815,3,Kerberos,,,,,,,,Microsoft-Windows-Security-Auditing,Security,SecurityEvent
2026-04-20T08:13:37Z,WS-HR-03,4624,,CORP\sthompson,User,CORP,sthompson,sthompson,CORP,10.4.90.158,60831,5,NtLmSsp,,,,,,,,Microsoft-Windows-Security-Auditing,Security,SecurityEvent
2026-04-20T08:18:29Z,WS-MKT-02,4625,,CORP\tnguyen,User,CORP,tnguyen,tnguyen,CORP,10.233.244.141,64463,2,Kerberos,The user has not been granted the requested logon type at this machine.,,,,,,,Microsoft-Windows-Security-Auditing,Security,SecurityEvent
2026-04-20T08:20:01Z,LAP-SALES-03,4624,,CORP\ehernandez,User,CORP,ehernandez,ehernandez,CORP,10.194.141.123,54509,2,Negotiate,,,,,,,,Microsoft-Windows-Security-Auditing,Security,SecurityEvent
2026-04-20T08:20:32Z,LAP-SALES-03,4624,,CORP\agarcia,User,CORP,agarcia,agarcia,CORP,10.47.104.154,57604,10,Kerberos,,,,,,,,Microsoft-Windows-Security-Auditing,Security,SecurityEvent
2026-04-20T08:25:57Z,WS-DEV-02,4688,,CORP\kpatel,User,CORP,kpatel,kpatel,CORP,,,,,,C:\Windows\System32\msedge.exe,C:\Windows\System32\msedge.exe,C:\Windows\System32\winlogon.exe,"""C:\Windows\System32\msedge.exe""",,,Microsoft-Windows-Security-Auditing,Security,SecurityEvent
2026-04-20T08:28:53Z,WS-IT-02,4624,,CORP\tnguyen,User,CORP,tnguyen,tnguyen,CORP,192.168.35.39,57887,3,Kerberos,,,,,,,,Microsoft-Windows-Security-Auditing,Security,SecurityEvent
2026-04-20T08:32:03Z,WS-HR-03,4624,,CORP\lwoods,User,CORP,lwoods,lwoods,CORP,172.20.205.35,55473,2,Negotiate,,,,,,,,Microsoft-Windows-Security-Auditing,Security,SecurityEvent
2026-04-20T08:36:05Z,WS-MKT-02,4688,,CORP\kpatel,User,CORP,kpatel,kpatel,CORP,,,,,,C:\Windows\System32\WINWORD.EXE,C:\Windows\System32\WINWORD.EXE,C:\Windows\System32\services.exe,"""C:\Windows\System32\WINWORD.EXE""",,,Microsoft-Windows-Security-Auditing,Security,SecurityEvent
2026-04-20T08:40:05Z,WS-OPS-02,4625,,CORP\sthompson,User,CORP,sthompson,sthompson,CORP,10.217.57.83,54387,3,Kerberos,Unknown user name or bad password.,,,,,,,Microsoft-Windows-Security-Auditing,Security,SecurityEvent
2026-04-20T08:45:20Z,WS-FINANCE-01,4688,,CORP\rmorales,User,CORP,rmorales,rmorales,CORP,,,,,,C:\Windows\System32\wininit.exe,C:\Windows\System32\wininit.exe,C:\Windows\System32\csrss.exe,"""C:\Windows\System32\wininit.exe""",,,Microsoft-Windows-Security-Auditing,Security,SecurityEvent
2026-04-20T08:53:20Z,WS-OPS-02,4624,,CORP\jharris,User,CORP,jharris,jharris,CORP,10.126.151.189,53371,10,Seclogo,,,,,,,,Microsoft-Windows-Security-Auditing,Security,SecurityEvent
2026-04-20T09:09:47Z,LAP-SALES-03,4625,,CORP\tnguyen,User,CORP,tnguyen,tnguyen,CORP,172.26.126.91,56628,10,Negotiate,Unknown user name or bad password.,,,,,,,Microsoft-Windows-Security-Auditing,Security,SecurityEvent
2026-04-20T09:10:17Z,WS-DEV-02,4625,,CORP\kpatel,User,CORP,kpatel,kpatel,CORP,10.127.45.65,56593,11,Kerberos,Unknown user name or bad password.,,,,,,,Microsoft-Windows-Security-Auditing,Security,SecurityEvent
2026-04-20T09:13:38Z,WS-FINANCE-01,4634,,CORP\agarcia,User,CORP,agarcia,agarcia,CORP,,,7,Kerberos,,,,,,,,Microsoft-Windows-Security-Auditing,Security,SecurityEvent
2026-04-20T09:14:22Z,WS-DEV-02,4634,,CORP\mwhite,User,CORP,mwhite,mwhite,CORP,,,3,User32,,,,,,,,Microsoft-Windows-Security-Auditing,Security,SecurityEvent
2026-04-20T09:15:08Z,WS-OPS-01,4688,,CORP\agarcia,User,CORP,agarcia,agarcia,CORP,,,,,,C:\Windows\System32\services.exe,C:\Windows\System32\services.exe,C:\Windows\System32\services.exe,"""C:\Windows\System32\services.exe""",,,Microsoft-Windows-Security-Auditing,Security,SecurityEvent
2026-04-20T09:15:37Z,WS-MKT-01,4624,,CORP\kpatel,User,CORP,kpatel,kpatel,CORP,172.30.233.63,60695,7,Kerberos,,,,,,,,Microsoft-Windows-Security-Auditing,Security,SecurityEvent
2026-04-20T09:15:55Z,WS-FINANCE-01,4634,,CORP\lwoods,User,CORP,lwoods,lwoods,CORP,,,10,Kerberos,,,,,,,,Microsoft-Windows-Security-Auditing,Security,SecurityEvent
2026-04-20T09:19:54Z,WS-IT-02,4624,,CORP\jharris,User,CORP,jharris,jharris,CORP,172.21.195.5,64539,3,Kerberos,,,,,,,,Microsoft-Windows-Security-Auditing,Security,SecurityEvent
2026-04-20T09:21:49Z,WS-HR-03,4688,,CORP\olopez,User,CORP,olopez,olopez,CORP,,,,,,C:\Windows\System32\chrome.exe,C:\Windows\System32\chrome.exe,C:\Windows\System32\lsass.exe,"""C:\Windows\System32\chrome.exe""",,,Microsoft-Windows-Security-Auditing,Security,SecurityEvent
2026-04-20T09:31:28Z,WS-MKT-01,4624,,CORP\tnguyen,User,CORP,tnguyen,tnguyen,CORP,172.21.69.228,58994,3,Kerberos,,,,,,,,Microsoft-Windows-Security-Auditing,Security,SecurityEvent
2026-04-20T09:33:40Z,WS-DEV-02,4697,,CORP\rmorales,User,CORP,rmorales,rmorales,CORP,,,,,,,,,,svc-75aa7a14,C:\Program Files\svc-75aa7a14\svc-75aa7a14.exe,Microsoft-Windows-Security-Auditing,Security,SecurityEvent
2026-04-20T09:33:52Z,SVR-DC-01,4624,,CORP\tnguyen,User,CORP,tnguyen,tnguyen,CORP,10.208.10.198,52807,5,Kerberos,,,,,,,,Microsoft-Windows-Security-Auditing,Security,SecurityEvent
2026-04-20T09:37:28Z,SVR-WEB-01,4624,,CORP\dkim,User,CORP,dkim,dkim,CORP,192.168.211.163,64126,11,Kerberos,,,,,,,,Microsoft-Windows-Security-Auditing,Security,SecurityEvent
2026-04-20T09:39:28Z,WS-FINANCE-01,4624,,CORP\rmorales,User,CORP,rmorales,rmorales,CORP,10.195.105.187,54024,3,Kerberos,,,,,,,,Microsoft-Windows-Security-Auditing,Security,SecurityEvent
2026-04-20T09:49:54Z,WS-MKT-02,4624,,CORP\kpatel,User,CORP,kpatel,kpatel,CORP,10.177.47.18,63813,5,Kerberos,,,,,,,,Microsoft-Windows-Security-Auditing,Security,SecurityEvent
2026-04-20T09:51:10Z,WS-MKT-02,4625,,CORP\kpatel,User,CORP,kpatel,kpatel,CORP,172.20.212.62,54115,5,NtLmSsp,The user has not been granted the requested logon type at this machine.,,,,,,,Microsoft-Windows-Security-Auditing,Security,SecurityEvent
2026-04-20T09:52:55Z,LAP-SALES-03,4624,,CORP\jharris,User,CORP,jharris,jharris,CORP,172.17.110.16,58206,2,Kerberos,,,,,,,,Microsoft-Windows-Security-Auditing,Security,SecurityEvent
2026-04-20T10:01:42Z,WS-FINANCE-01,4634,,CORP\tnguyen,User,CORP,tnguyen,tnguyen,CORP,,,2,NtLmSsp,,,,,,,,Microsoft-Windows-Security-Auditing,Security,SecurityEvent
2026-04-20T10:03:50Z,WS-OPS-01,4634,,CORP\dkim,User,CORP,dkim,dkim,CORP,,,3,NtLmSsp,,,,,,,,Microsoft-Windows-Security-Auditing,Security,SecurityEvent
2026-04-20T10:07:17Z,WS-OPS-01,4625,,CORP\tnguyen,User,CORP,tnguyen,tnguyen,CORP,172.28.140.136,56658,3,NtLmSsp,The specified account's password has expired.,,,,,,,Microsoft-Windows-Security-Auditing,Security,SecurityEvent
2026-04-20T10:14:08Z,WS-IT-01,4688,,CORP\olopez,User,CORP,olopez,olopez,CORP,,,,,,C:\Windows\System32\svchost.exe,C:\Windows\System32\svchost.exe,C:\Windows\System32\OUTLOOK.EXE,"""C:\Windows\System32\svchost.exe""",,,Microsoft-Windows-Security-Auditing,Security,SecurityEvent
2026-04-20T10:15:33Z,WS-OPS-02,4624,,CORP\tnguyen,User,CORP,tnguyen,tnguyen,CORP,172.16.87.239,59808,2,NtLmSsp,,,,,,,,Microsoft-Windows-Security-Auditing,Security,SecurityEvent
2026-04-20T10:16:08Z,LAP-EXEC-01,4688,,CORP\bsato,User,CORP,bsato,bsato,CORP,,,,,,C:\Windows\System32\Teams.exe,C:\Windows\System32\Teams.exe,C:\Windows\System32\services.exe,"""C:\Windows\System32\Teams.exe""",,,Microsoft-Windows-Security-Auditing,Security,SecurityEvent
2026-04-20T10:19:12Z,WS-IT-01,4688,,CORP\ehernandez,User,CORP,ehernandez,ehernandez,CORP,,,,,,C:\Windows\System32\msiexec.exe,C:\Windows\System32\msiexec.exe,C:\Windows\System32\smss.exe,"""C:\Windows\System32\msiexec.exe""",,,Microsoft-Windows-Security-Auditing,Security,SecurityEvent
2026-04-20T10:25:54Z,LAP-EXEC-01,4624,,CORP\kpatel,User,CORP,kpatel,kpatel,CORP,10.226.135.24,53020,3,Kerberos,,,,,,,,Microsoft-Windows-Security-Auditing,Security,SecurityEvent
2026-04-20T10:27:40Z,WS-OPS-01,4688,,CORP\lwoods,User,CORP,lwoods,lwoods,CORP,,,,,,C:\Windows\System32\code.exe,C:\Windows\System32\code.exe,C:\Windows\System32\code.exe,"""C:\Windows\System32\code.exe""",,,Microsoft-Windows-Security-Auditing,Security,SecurityEvent
2026-04-20T10:28:52Z,WS-DEV-02,4634,,CORP\agarcia,User,CORP,agarcia,agarcia,CORP,,,11,Kerberos,,,,,,,,Microsoft-Windows-Security-Auditing,Security,SecurityEvent
2026-04-20T10:29:22Z,SVR-WEB-01,4625,,CORP\mwhite,User,CORP,mwhite,mwhite,CORP,172.25.108.10,50520,4,NtLmSsp,The specified account's password has expired.,,,,,,,Microsoft-Windows-Security-Auditing,Security,SecurityEvent
2026-04-20T10:31:23Z,WS-IT-01,4688,,CORP\tnguyen,User,CORP,tnguyen,tnguyen,CORP,,,,,,C:\Windows\System32\chrome.exe,C:\Windows\System32\chrome.exe,C:\Windows\System32\lsass.exe,"""C:\Windows\System32\chrome.exe""",,,Microsoft-Windows-Security-Auditing,Security,SecurityEvent
2026-04-20T10:32:40Z,SVR-DC-01,4625,,CORP\tnguyen,User,CORP,tnguyen,tnguyen,CORP,10.180.15.166,53299,3,User32,Unknown user name or bad password.,,,,,,,Microsoft-Windows-Security-Auditing,Security,SecurityEvent
2026-04-20T10:34:53Z,WS-HR-03,4624,,CORP\mwhite,User,CORP,mwhite,mwhite,CORP,192.168.127.142,62422,3,User32,,,,,,,,Microsoft-Windows-Security-Auditing,Security,SecurityEvent
2026-04-20T10:45:53Z,WS-DEV-02,4688,,CORP\ehernandez,User,CORP,ehernandez,ehernandez,CORP,,,,,,C:\Windows\System32\svchost.exe,C:\Windows\System32\svchost.exe,C:\Windows\System32\winlogon.exe,"""C:\Windows\System32\svchost.exe""",,,Microsoft-Windows-Security-Auditing,Security,SecurityEvent
2026-04-20T10:47:27Z,WS-DEV-02,4624,,CORP\jharris,User,CORP,jharris,jharris,CORP,10.230.40.130,50769,3,User32,,,,,,,,Microsoft-Windows-Security-Auditing,Security,SecurityEvent
2026-04-20T10:49:20Z,LAP-EXEC-01,4625,,CORP\agarcia,User,CORP,agarcia,agarcia,CORP,10.236.222.173,60337,3,Kerberos,Unknown user name or bad password.,,,,,,,Microsoft-Windows-Security-Auditing,Security,SecurityEvent
2026-04-20T10:51:39Z,WS-HR-03,4688,,CORP\tnguyen,User,CORP,tnguyen,tnguyen,CORP,,,,,,C:\Windows\System32\lsass.exe,C:\Windows\System32\lsass.exe,C:\Windows\System32\code.exe,"""C:\Windows\System32\lsass.exe""",,,Microsoft-Windows-Security-Auditing,Security,SecurityEvent
2026-04-20T10:53:45Z,WS-DEV-02,4720,,CORP\tnguyen,User,CORP,tnguyen,newuser582,CORP,,,,,,,,,,,,Microsoft-Windows-Security-Auditing,Security,SecurityEvent
2026-04-20T10:54:46Z,WS-IT-01,4688,,CORP\agarcia,User,CORP,agarcia,agarcia,CORP,,,,,,C:\Windows\System32\EXCEL.EXE,C:\Windows\System32\EXCEL.EXE,C:\Windows\System32\msedge.exe,"""C:\Windows\System32\EXCEL.EXE""",,,Microsoft-Windows-Security-Auditing,Security,SecurityEvent
2026-04-20T10:55:29Z,WS-HR-03,4624,,CORP\agarcia,User,CORP,agarcia,agarcia,CORP,10.10.177.35,56389,3,Kerberos,,,,,,,,Microsoft-Windows-Security-Auditing,Security,SecurityEvent
2026-04-20T10:59:20Z,SVR-WEB-01,4624,,CORP\rmorales,User,CORP,rmorales,rmorales,CORP,10.50.250.103,61264,3,Negotiate,,,,,,,,Microsoft-Windows-Security-Auditing,Security,SecurityEvent
2026-04-20T11:05:54Z,LAP-EXEC-01,4634,,CORP\mwhite,User,CORP,mwhite,mwhite,CORP,,,10,Kerberos,,,,,,,,Microsoft-Windows-Security-Auditing,Security,SecurityEvent
2026-04-20T11:12:43Z,WS-MKT-02,4624,,CORP\rmorales,User,CORP,rmorales,rmorales,CORP,10.70.179.139,63874,10,NtLmSsp,,,,,,,,Microsoft-Windows-Security-Auditing,Security,SecurityEvent
2026-04-20T11:15:49Z,LAP-SALES-03,4697,,CORP\tnguyen,User,CORP,tnguyen,tnguyen,CORP,,,,,,,,,,svc-a051a788,C:\Program Files\svc-a051a788\svc-a051a788.exe,Microsoft-Windows-Security-Auditing,Security,SecurityEvent
2026-04-20T11:17:20Z,SVR-DC-01,4688,,CORP\lwoods,User,CORP,lwoods,lwoods,CORP,,,,,,C:\Windows\System32\code.exe,C:\Windows\System32\code.exe,C:\Windows\System32\svchost.exe,"""C:\Windows\System32\code.exe""",,,Microsoft-Windows-Security-Auditing,Security,SecurityEvent
2026-04-20T11:26:06Z,WS-HR-03,4624,,CORP\mwhite,User,CORP,mwhite,mwhite,CORP,10.92.117.134,52701,5,User32,,,,,,,,Microsoft-Windows-Security-Auditing,Security,SecurityEvent
2026-04-20T11:30:53Z,WS-OPS-01,4624,,CORP\sthompson,User,CORP,sthompson,sthompson,CORP,172.17.158.161,60921,7,NtLmSsp,,,,,,,,Microsoft-Windows-Security-Auditing,Security,SecurityEvent
2026-04-20T11:33:36Z,WS-DEV-02,4688,,CORP\tnguyen,User,CORP,tnguyen,tnguyen,CORP,,,,,,C:\Windows\System32\code.exe,C:\Windows\System32\code.exe,C:\Windows\System32\WINWORD.EXE,"""C:\Windows\System32\code.exe""",,,Microsoft-Windows-Security-Auditing,Security,SecurityEvent
2026-04-20T11:41:54Z,WS-MKT-02,4624,,CORP\mwhite,User,CORP,mwhite,mwhite,CORP,10.25.28.218,64613,5,NtLmSsp,,,,,,,,Microsoft-Windows-Security-Auditing,Security,SecurityEvent
2026-04-20T11:44:32Z,LAP-SALES-03,4625,,CORP\lwoods,User,CORP,lwoods,lwoods,CORP,192.168.201.16,58683,11,Kerberos,Unknown user name or bad password.,,,,,,,Microsoft-Windows-Security-Auditing,Security,SecurityEvent
2026-04-20T11:58:37Z,SVR-WEB-01,4625,,CORP\jharris,User,CORP,jharris,jharris,CORP,172.16.2.92,52552,3,User32,Unknown user name or bad password.,,,,,,,Microsoft-Windows-Security-Auditing,Security,SecurityEvent
2026-04-20T12:14:03Z,WS-IT-02,4688,,CORP\ehernandez,User,CORP,ehernandez,ehernandez,CORP,,,,,,C:\Windows\System32\msiexec.exe,C:\Windows\System32\msiexec.exe,C:\Windows\System32\winlogon.exe,"""C:\Windows\System32\msiexec.exe""",,,Microsoft-Windows-Security-Auditing,Security,SecurityEvent
2026-04-20T12:23:35Z,WS-FINANCE-01,4624,,CORP\jharris,User,CORP,jharris,jharris,CORP,10.154.246.207,64862,3,Kerberos,,,,,,,,Microsoft-Windows-Security-Auditing,Security,SecurityEvent
2026-04-20T12:26:33Z,WS-OPS-01,4624,,CORP\rmorales,User,CORP,rmorales,rmorales,CORP,10.169.36.7,64711,3,Negotiate,,,,,,,,Microsoft-Windows-Security-Auditing,Security,SecurityEvent
2026-04-20T12:35:08Z,WS-OPS-02,4688,,CORP\agarcia,User,CORP,agarcia,agarcia,CORP,,,,,,C:\Windows\System32\svchost.exe,C:\Windows\System32\svchost.exe,C:\Windows\System32\csrss.exe,"""C:\Windows\System32\svchost.exe""",,,Microsoft-Windows-Security-Auditing,Security,SecurityEvent
2026-04-20T12:37:35Z,WS-DEV-02,4624,,CORP\sthompson,User,CORP,sthompson,sthompson,CORP,10.215.88.231,56749,2,Kerberos,,,,,,,,Microsoft-Windows-Security-Auditing,Security,SecurityEvent
2026-04-20T12:41:44Z,WS-OPS-01,4672,,CORP\bsato,Admin,CORP,bsato,bsato,CORP,,,,,,,,,,,,Microsoft-Windows-Security-Auditing,Security,SecurityEvent
2026-04-20T12:43:52Z,WS-DEV-02,4688,,CORP\ehernandez,User,CORP,ehernandez,ehernandez,CORP,,,,,,C:\Windows\System32\svchost.exe,C:\Windows\System32\svchost.exe,C:\Windows\System32\chrome.exe,"""C:\Windows\System32\svchost.exe""",,,Microsoft-Windows-Security-Auditing,Security,SecurityEvent
2026-04-20T12:45:09Z,WS-FINANCE-01,4634,,CORP\bsato,User,CORP,bsato,bsato,CORP,,,2,User32,,,,,,,,Microsoft-Windows-Security-Auditing,Security,SecurityEvent
2026-04-20T12:46:41Z,WS-OPS-02,4688,,CORP\ehernandez,User,CORP,ehernandez,ehernandez,CORP,,,,,,C:\Windows\System32\winlogon.exe,C:\Windows\System32\winlogon.exe,C:\Windows\System32\WINWORD.EXE,"""C:\Windows\System32\winlogon.exe""",,,Microsoft-Windows-Security-Auditing,Security,SecurityEvent
2026-04-20T12:49:17Z,WS-OPS-01,4688,,CORP\mwhite,User,CORP,mwhite,mwhite,CORP,,,,,,C:\Windows\System32\taskmgr.exe,C:\Windows\System32\taskmgr.exe,C:\Windows\System32\SearchHost.exe,"""C:\Windows\System32\taskmgr.exe""",,,Microsoft-Windows-Security-Auditing,Security,SecurityEvent
2026-04-20T13:01:56Z,LAP-EXEC-01,4625,,CORP\agarcia,User,CORP,agarcia,agarcia,CORP,10.142.109.105,59714,3,Kerberos,Unknown user name or bad password.,,,,,,,Microsoft-Windows-Security-Auditing,Security,SecurityEvent
2026-04-20T13:09:38Z,WS-MKT-01,4625,,CORP\tnguyen,User,CORP,tnguyen,tnguyen,CORP,10.74.168.11,56224,5,User32,Unknown user name or bad password.,,,,,,,Microsoft-Windows-Security-Auditing,Security,SecurityEvent
2026-04-20T13:15:51Z,WS-HR-03,4688,,CORP\ehernandez,User,CORP,ehernandez,ehernandez,CORP,,,,,,C:\Windows\System32\EXCEL.EXE,C:\Windows\System32\EXCEL.EXE,C:\Windows\System32\msiexec.exe,"""C:\Windows\System32\EXCEL.EXE""",,,Microsoft-Windows-Security-Auditing,Security,SecurityEvent
2026-04-20T13:18:56Z,WS-FINANCE-01,4624,,CORP\ehernandez,User,CORP,ehernandez,ehernandez,CORP,10.196.37.162,58191,3,Kerberos,,,,,,,,Microsoft-Windows-Security-Auditing,Security,SecurityEvent
2026-04-20T13:25:45Z,WS-OPS-02,4625,,CORP\jharris,User,CORP,jharris,jharris,CORP,10.66.224.69,50178,3,NtLmSsp,Unknown user name or bad password.,,,,,,,Microsoft-Windows-Security-Auditing,Security,SecurityEvent
2026-04-20T13:47:20Z,LAP-EXEC-01,4634,,CORP\sthompson,User,CORP,sthompson,sthompson,CORP,,,3,Kerberos,,,,,,,,Microsoft-Windows-Security-Auditing,Security,SecurityEvent
2026-04-20T14:03:10Z,LAP-EXEC-01,4634,,CORP\rmorales,User,CORP,rmorales,rmorales,CORP,,,5,Kerberos,,,,,,,,Microsoft-Windows-Security-Auditing,Security,SecurityEvent
2026-04-20T14:27:49Z,SVR-WEB-01,4624,,CORP\jharris,User,CORP,jharris,jharris,CORP,10.72.122.80,62676,5,NtLmSsp,,,,,,,,Microsoft-Windows-Security-Auditing,Security,SecurityEvent
2026-04-20T14:42:35Z,LAP-SALES-03,4688,,CORP\rmorales,User,CORP,rmorales,rmorales,CORP,,,,,,C:\Windows\System32\winlogon.exe,C:\Windows\System32\winlogon.exe,C:\Windows\System32\firefox.exe,"""C:\Windows\System32\winlogon.exe""",,,Microsoft-Windows-Security-Auditing,Security,SecurityEvent
2026-04-20T14:45:20Z,SVR-DC-01,4624,,CORP\agarcia,User,CORP,agarcia,agarcia,CORP,172.31.153.112,52311,7,Kerberos,,,,,,,,Microsoft-Windows-Security-Auditing,Security,SecurityEvent
2026-04-20T14:45:33Z,SVR-WEB-01,4624,,CORP\dkim,User,CORP,dkim,dkim,CORP,172.28.28.48,56615,3,NtLmSsp,,,,,,,,Microsoft-Windows-Security-Auditing,Security,SecurityEvent
2026-04-20T14:48:36Z,WS-FINANCE-01,4688,,CORP\ehernandez,User,CORP,ehernandez,ehernandez,CORP,,,,,,C:\Windows\System32\OneDrive.exe,C:\Windows\System32\OneDrive.exe,C:\Windows\System32\EXCEL.EXE,"""C:\Windows\System32\OneDrive.exe""",,,Microsoft-Windows-Security-Auditing,Security,SecurityEvent
2026-04-20T14:48:37Z,WS-OPS-01,4624,,CORP\agarcia,User,CORP,agarcia,agarcia,CORP,172.24.8.147,61812,5,NtLmSsp,,,,,,,,Microsoft-Windows-Security-Auditing,Security,SecurityEvent
2026-04-20T14:51:31Z,SVR-WEB-01,4688,,CORP\sthompson,User,CORP,sthompson,sthompson,CORP,,,,,,C:\Windows\System32\winlogon.exe,C:\Windows\System32\winlogon.exe,C:\Windows\System32\explorer.exe,"""C:\Windows\System32\winlogon.exe""",,,Microsoft-Windows-Security-Auditing,Security,SecurityEvent
2026-04-20T14:52:57Z,WS-OPS-01,4624,,CORP\agarcia,User,CORP,agarcia,agarcia,CORP,10.102.82.174,65371,3,Kerberos,,,,,,,,Microsoft-Windows-Security-Auditing,Security,SecurityEvent
2026-04-20T15:01:31Z,WS-OPS-02,4625,,CORP\kpatel,User,CORP,kpatel,kpatel,CORP,10.163.11.33,51773,7,Kerberos,Unknown user name or bad password.,,,,,,,Microsoft-Windows-Security-Auditing,Security,SecurityEvent
2026-04-20T15:03:37Z,WS-DEV-02,4688,,CORP\olopez,User,CORP,olopez,olopez,CORP,,,,,,C:\Windows\System32\smss.exe,C:\Windows\System32\smss.exe,C:\Windows\System32\msedge.exe,"""C:\Windows\System32\smss.exe""",,,Microsoft-Windows-Security-Auditing,Security,SecurityEvent
2026-04-20T15:04:22Z,SVR-DC-01,4624,,CORP\rmorales,User,CORP,rmorales,rmorales,CORP,10.181.194.40,61408,3,NtLmSsp,,,,,,,,Microsoft-Windows-Security-Auditing,Security,SecurityEvent
2026-04-20T15:10:14Z,WS-IT-01,4688,,CORP\agarcia,User,CORP,agarcia,agarcia,CORP,,,,,,C:\Windows\System32\msedge.exe,C:\Windows\System32\msedge.exe,C:\Windows\System32\chrome.exe,"""C:\Windows\System32\msedge.exe""",,,Microsoft-Windows-Security-Auditing,Security,SecurityEvent
2026-04-20T15:11:39Z,WS-OPS-02,4688,,CORP\sthompson,User,CORP,sthompson,sthompson,CORP,,,,,,C:\Windows\System32\firefox.exe,C:\Windows\System32\firefox.exe,C:\Windows\System32\svchost.exe,"""C:\Windows\System32\firefox.exe""",,,Microsoft-Windows-Security-Auditing,Security,SecurityEvent
2026-04-20T15:18:46Z,WS-DEV-02,4624,,CORP\rmorales,User,CORP,rmorales,rmorales,CORP,172.21.70.68,63865,5,Kerberos,,,,,,,,Microsoft-Windows-Security-Auditing,Security,SecurityEvent
2026-04-20T15:25:46Z,WS-MKT-01,4688,,CORP\jharris,User,CORP,jharris,jharris,CORP,,,,,,C:\Windows\System32\OUTLOOK.EXE,C:\Windows\System32\OUTLOOK.EXE,C:\Windows\System32\OneDrive.exe,"""C:\Windows\System32\OUTLOOK.EXE""",,,Microsoft-Windows-Security-Auditing,Security,SecurityEvent
2026-04-20T15:27:18Z,LAP-EXEC-01,4624,,CORP\agarcia,User,CORP,agarcia,agarcia,CORP,10.105.201.106,60591,5,NtLmSsp,,,,,,,,Microsoft-Windows-Security-Auditing,Security,SecurityEvent
2026-04-20T15:40:34Z,WS-FINANCE-01,4720,,CORP\sthompson,User,CORP,sthompson,newuser580,CORP,,,,,,,,,,,,Microsoft-Windows-Security-Auditing,Security,SecurityEvent
2026-04-20T15:42:45Z,WS-IT-02,4625,,CORP\lwoods,User,CORP,lwoods,lwoods,CORP,10.228.203.11,61677,3,Kerberos,Unknown user name or bad password.,,,,,,,Microsoft-Windows-Security-Auditing,Security,SecurityEvent
2026-04-20T15:48:35Z,SVR-WEB-01,4624,,CORP\sthompson,User,CORP,sthompson,sthompson,CORP,172.23.207.171,57324,3,Kerberos,,,,,,,,Microsoft-Windows-Security-Auditing,Security,SecurityEvent
2026-04-20T15:54:18Z,SVR-DC-01,4688,,CORP\bsato,User,CORP,bsato,bsato,CORP,,,,,,C:\Windows\System32\wininit.exe,C:\Windows\System32\wininit.exe,C:\Windows\System32\Teams.exe,"""C:\Windows\System32\wininit.exe""",,,Microsoft-Windows-Security-Auditing,Security,SecurityEvent
2026-04-20T16:00:28Z,SVR-DC-01,4672,,CORP\olopez,Admin,CORP,olopez,olopez,CORP,,,,,,,,,,,,Microsoft-Windows-Security-Auditing,Security,SecurityEvent
2026-04-20T16:00:43Z,WS-DEV-02,4634,,CORP\lwoods,User,CORP,lwoods,lwoods,CORP,,,7,Negotiate,,,,,,,,Microsoft-Windows-Security-Auditing,Security,SecurityEvent
2026-04-20T16:02:19Z,SVR-WEB-01,4688,,CORP\dkim,User,CORP,dkim,dkim,CORP,,,,,,C:\Windows\System32\smss.exe,C:\Windows\System32\smss.exe,C:\Windows\System32\OUTLOOK.EXE,"""C:\Windows\System32\smss.exe""",,,Microsoft-Windows-Security-Auditing,Security,SecurityEvent
2026-04-20T16:04:25Z,WS-MKT-02,4688,,CORP\kpatel,User,CORP,kpatel,kpatel,CORP,,,,,,C:\Windows\System32\services.exe,C:\Windows\System32\services.exe,C:\Windows\System32\chrome.exe,"""C:\Windows\System32\services.exe""",,,Microsoft-Windows-Security-Auditing,Security,SecurityEvent
2026-04-20T16:11:09Z,SVR-WEB-01,4625,,CORP\lwoods,User,CORP,lwoods,lwoods,CORP,172.23.65.194,49741,7,NtLmSsp,Unknown user name or bad password.,,,,,,,Microsoft-Windows-Security-Auditing,Security,SecurityEvent
2026-04-20T16:12:45Z,WS-HR-03,4624,,CORP\tnguyen,User,CORP,tnguyen,tnguyen,CORP,10.238.229.231,64758,3,Kerberos,,,,,,,,Microsoft-Windows-Security-Auditing,Security,SecurityEvent
2026-04-20T16:15:19Z,WS-FINANCE-01,4624,,CORP\lwoods,User,CORP,lwoods,lwoods,CORP,10.153.186.80,65103,7,User32,,,,,,,,Microsoft-Windows-Security-Auditing,Security,SecurityEvent
2026-04-20T16:15:33Z,SVR-WEB-01,4624,,CORP\tnguyen,User,CORP,tnguyen,tnguyen,CORP,10.5.199.185,50573,3,User32,,,,,,,,Microsoft-Windows-Security-Auditing,Security,SecurityEvent
2026-04-20T16:24:23Z,SVR-WEB-01,4688,,CORP\kpatel,User,CORP,kpatel,kpatel,CORP,,,,,,C:\Windows\System32\code.exe,C:\Windows\System32\code.exe,C:\Windows\System32\csrss.exe,"""C:\Windows\System32\code.exe""",,,Microsoft-Windows-Security-Auditing,Security,SecurityEvent
2026-04-20T16:24:25Z,WS-DEV-02,4624,,CORP\mwhite,User,CORP,mwhite,mwhite,CORP,172.20.60.150,59460,3,Kerberos,,,,,,,,Microsoft-Windows-Security-Auditing,Security,SecurityEvent
2026-04-20T16:25:08Z,LAP-SALES-03,4624,,CORP\olopez,User,CORP,olopez,olopez,CORP,10.196.240.201,61247,5,Kerberos,,,,,,,,Microsoft-Windows-Security-Auditing,Security,SecurityEvent
2026-04-20T16:29:11Z,WS-IT-01,4634,,CORP\agarcia,User,CORP,agarcia,agarcia,CORP,,,3,Kerberos,,,,,,,,Microsoft-Windows-Security-Auditing,Security,SecurityEvent
2026-04-20T16:33:33Z,WS-DEV-02,4624,,CORP\kpatel,User,CORP,kpatel,kpatel,CORP,172.30.253.144,61032,11,Kerberos,,,,,,,,Microsoft-Windows-Security-Auditing,Security,SecurityEvent
2026-04-20T16:35:48Z,SVR-DC-01,4624,,CORP\rmorales,User,CORP,rmorales,rmorales,CORP,192.168.33.45,58554,3,Kerberos,,,,,,,,Microsoft-Windows-Security-Auditing,Security,SecurityEvent
2026-04-20T16:38:30Z,WS-HR-03,4688,,CORP\jharris,User,CORP,jharris,jharris,CORP,,,,,,C:\Windows\System32\services.exe,C:\Windows\System32\services.exe,C:\Windows\System32\code.exe,"""C:\Windows\System32\services.exe""",,,Microsoft-Windows-Security-Auditing,Security,SecurityEvent
2026-04-20T16:44:11Z,WS-OPS-02,4634,,CORP\sthompson,User,CORP,sthompson,sthompson,CORP,,,3,Advapi,,,,,,,,Microsoft-Windows-Security-Auditing,Security,SecurityEvent
2026-04-20T16:50:13Z,WS-MKT-02,4688,,CORP\agarcia,User,CORP,agarcia,agarcia,CORP,,,,,,C:\Windows\System32\services.exe,C:\Windows\System32\services.exe,C:\Windows\System32\wininit.exe,"""C:\Windows\System32\services.exe""",,,Microsoft-Windows-Security-Auditing,Security,SecurityEvent
2026-04-20T16:51:37Z,WS-MKT-01,4634,,CORP\kpatel,User,CORP,kpatel,kpatel,CORP,,,5,Kerberos,,,,,,,,Microsoft-Windows-Security-Auditing,Security,SecurityEvent
2026-04-20T16:51:53Z,SVR-WEB-01,4634,,CORP\jharris,User,CORP,jharris,jharris,CORP,,,5,User32,,,,,,,,Microsoft-Windows-Security-Auditing,Security,SecurityEvent
2026-04-20T16:53:23Z,WS-OPS-02,4697,,CORP\sthompson,User,CORP,sthompson,sthompson,CORP,,,,,,,,,,svc-e707f5cf,C:\Program Files\svc-e707f5cf\svc-e707f5cf.exe,Microsoft-Windows-Security-Auditing,Security,SecurityEvent
2026-04-20T16:54:02Z,WS-IT-02,4625,,CORP\tnguyen,User,CORP,tnguyen,tnguyen,CORP,10.232.66.6,56889,2,Kerberos,Account locked out.,,,,,,,Microsoft-Windows-Security-Auditing,Security,SecurityEvent
2026-04-20T16:56:38Z,WS-IT-02,4672,,CORP\mwhite,Admin,CORP,mwhite,mwhite,CORP,,,,,,,,,,,,Microsoft-Windows-Security-Auditing,Security,SecurityEvent
2026-04-20T16:56:42Z,WS-FINANCE-01,4688,,CORP\jharris,User,CORP,jharris,jharris,CORP,,,,,,C:\Windows\System32\svchost.exe,C:\Windows\System32\svchost.exe,C:\Windows\System32\taskmgr.exe,"""C:\Windows\System32\svchost.exe""",,,Microsoft-Windows-Security-Auditing,Security,SecurityEvent
2026-04-20T16:59:17Z,WS-FINANCE-01,4624,,CORP\mwhite,User,CORP,mwhite,mwhite,CORP,172.31.170.53,52702,5,User32,,,,,,,,Microsoft-Windows-Security-Auditing,Security,SecurityEvent
2026-04-20T17:00:16Z,WS-HR-03,4688,,CORP\tnguyen,User,CORP,tnguyen,tnguyen,CORP,,,,,,C:\Windows\System32\svchost.exe,C:\Windows\System32\svchost.exe,C:\Windows\System32\winlogon.exe,"""C:\Windows\System32\svchost.exe""",,,Microsoft-Windows-Security-Auditing,Security,SecurityEvent
2026-04-20T17:01:38Z,WS-OPS-01,4688,,CORP\mwhite,User,CORP,mwhite,mwhite,CORP,,,,,,C:\Windows\System32\EXCEL.EXE,C:\Windows\System32\EXCEL.EXE,C:\Windows\System32\winlogon.exe,"""C:\Windows\System32\EXCEL.EXE""",,,Microsoft-Windows-Security-Auditing,Security,SecurityEvent
2026-04-20T17:05:55Z,WS-MKT-01,4688,,CORP\rmorales,User,CORP,rmorales,rmorales,CORP,,,,,,C:\Windows\System32\msedge.exe,C:\Windows\System32\msedge.exe,C:\Windows\System32\msedge.exe,"""C:\Windows\System32\msedge.exe""",,,Microsoft-Windows-Security-Auditing,Security,SecurityEvent
2026-04-20T17:12:10Z,WS-IT-01,4688,,CORP\lwoods,User,CORP,lwoods,lwoods,CORP,,,,,,C:\Windows\System32\msedge.exe,C:\Windows\System32\msedge.exe,C:\Windows\System32\EXCEL.EXE,"""C:\Windows\System32\msedge.exe""",,,Microsoft-Windows-Security-Auditing,Security,SecurityEvent
2026-04-20T17:12:12Z,SVR-WEB-01,4732,,CORP\dkim,User,CORP,dkim,newuser524,CORP,,,,,,,,,,,,Microsoft-Windows-Security-Auditing,Security,SecurityEvent
2026-04-20T17:14:35Z,SVR-WEB-01,4625,,CORP\agarcia,User,CORP,agarcia,agarcia,CORP,10.79.83.176,59813,4,User32,Account locked out.,,,,,,,Microsoft-Windows-Security-Auditing,Security,SecurityEvent
2026-04-20T17:14:52Z,WS-MKT-02,4625,,CORP\bsato,User,CORP,bsato,bsato,CORP,172.18.159.216,58123,3,NtLmSsp,The user has not been granted the requested logon type at this machine.,,,,,,,Microsoft-Windows-Security-Auditing,Security,SecurityEvent
2026-04-20T17:18:32Z,WS-MKT-01,4625,,CORP\olopez,User,CORP,olopez,olopez,CORP,10.88.60.52,54364,3,Kerberos,Unknown user name or bad password.,,,,,,,Microsoft-Windows-Security-Auditing,Security,SecurityEvent
2026-04-20T17:22:11Z,SVR-DC-01,4624,,CORP\jharris,User,CORP,jharris,jharris,CORP,10.225.16.82,53995,3,Negotiate,,,,,,,,Microsoft-Windows-Security-Auditing,Security,SecurityEvent
2026-04-20T17:31:46Z,LAP-SALES-03,4688,,CORP\ehernandez,User,CORP,ehernandez,ehernandez,CORP,,,,,,C:\Windows\System32\OneDrive.exe,C:\Windows\System32\OneDrive.exe,C:\Windows\System32\chrome.exe,"""C:\Windows\System32\OneDrive.exe""",,,Microsoft-Windows-Security-Auditing,Security,SecurityEvent
2026-04-20T17:39:26Z,WS-FINANCE-01,4688,,CORP\kpatel,User,CORP,kpatel,kpatel,CORP,,,,,,C:\Windows\System32\lsass.exe,C:\Windows\System32\lsass.exe,C:\Windows\System32\wininit.exe,"""C:\Windows\System32\lsass.exe""",,,Microsoft-Windows-Security-Auditing,Security,SecurityEvent
2026-04-20T17:44:13Z,WS-MKT-01,4624,,CORP\kpatel,User,CORP,kpatel,kpatel,CORP,10.182.190.23,53863,5,User32,,,,,,,,Microsoft-Windows-Security-Auditing,Security,SecurityEvent
2026-04-20T17:45:13Z,WS-IT-01,4732,,CORP\sthompson,User,CORP,sthompson,newuser543,CORP,,,,,,,,,,,,Microsoft-Windows-Security-Auditing,Security,SecurityEvent
2026-04-20T17:50:16Z,WS-MKT-01,4688,,CORP\kpatel,User,CORP,kpatel,kpatel,CORP,,,,,,C:\Windows\System32\chrome.exe,C:\Windows\System32\chrome.exe,C:\Windows\System32\Teams.exe,"""C:\Windows\System32\chrome.exe""",,,Microsoft-Windows-Security-Auditing,Security,SecurityEvent
2026-04-20T17:50:51Z,SVR-DC-01,4688,,CORP\agarcia,User,CORP,agarcia,agarcia,CORP,,,,,,C:\Windows\System32\chrome.exe,C:\Windows\System32\chrome.exe,C:\Windows\System32\wininit.exe,"""C:\Windows\System32\chrome.exe""",,,Microsoft-Windows-Security-Auditing,Security,SecurityEvent
2026-04-20T17:54:40Z,WS-MKT-01,4624,,CORP\kpatel,User,CORP,kpatel,kpatel,CORP,172.16.55.17,64702,3,Negotiate,,,,,,,,Microsoft-Windows-Security-Auditing,Security,SecurityEvent
2026-04-20T18:01:30Z,WS-MKT-01,4624,,CORP\kpatel,User,CORP,kpatel,kpatel,CORP,172.25.34.248,49696,3,Kerberos,,,,,,,,Microsoft-Windows-Security-Auditing,Security,SecurityEvent
2026-04-20T18:03:33Z,WS-HR-03,4624,,CORP\agarcia,User,CORP,agarcia,agarcia,CORP,172.22.126.51,60376,3,NtLmSsp,,,,,,,,Microsoft-Windows-Security-Auditing,Security,SecurityEvent
2026-04-20T18:05:48Z,WS-MKT-02,4720,,CORP\jharris,User,CORP,jharris,newuser919,CORP,,,,,,,,,,,,Microsoft-Windows-Security-Auditing,Security,SecurityEvent
2026-04-20T18:07:20Z,SVR-DC-01,4688,,CORP\ehernandez,User,CORP,ehernandez,ehernandez,CORP,,,,,,C:\Windows\System32\taskmgr.exe,C:\Windows\System32\taskmgr.exe,C:\Windows\System32\svchost.exe,"""C:\Windows\System32\taskmgr.exe""",,,Microsoft-Windows-Security-Auditing,Security,SecurityEvent
2026-04-20T18:08:11Z,SVR-DC-01,4624,,CORP\tnguyen,User,CORP,tnguyen,tnguyen,CORP,10.207.130.186,55149,3,NtLmSsp,,,,,,,,Microsoft-Windows-Security-Auditing,Security,SecurityEvent
2026-04-20T18:08:25Z,WS-OPS-02,4624,,CORP\kpatel,User,CORP,kpatel,kpatel,CORP,172.29.34.232,61637,5,NtLmSsp,,,,,,,,Microsoft-Windows-Security-Auditing,Security,SecurityEvent
2026-04-20T18:11:09Z,SVR-DC-01,4625,,CORP\sthompson,User,CORP,sthompson,sthompson,CORP,10.139.55.205,63805,3,Kerberos,Account locked out.,,,,,,,Microsoft-Windows-Security-Auditing,Security,SecurityEvent
2026-04-20T18:17:27Z,WS-DEV-02,4624,,CORP\jharris,User,CORP,jharris,jharris,CORP,10.208.5.217,60172,5,Negotiate,,,,,,,,Microsoft-Windows-Security-Auditing,Security,SecurityEvent
2026-04-20T18:21:18Z,WS-MKT-02,4688,,CORP\kpatel,User,CORP,kpatel,kpatel,CORP,,,,,,C:\Windows\System32\svchost.exe,C:\Windows\System32\svchost.exe,C:\Windows\System32\WINWORD.EXE,"""C:\Windows\System32\svchost.exe""",,,Microsoft-Windows-Security-Auditing,Security,SecurityEvent
2026-04-20T18:25:29Z,WS-DEV-02,4634,,CORP\agarcia,User,CORP,agarcia,agarcia,CORP,,,10,Negotiate,,,,,,,,Microsoft-Windows-Security-Auditing,Security,SecurityEvent
2026-04-20T18:25:36Z,LAP-EXEC-01,4624,,CORP\tnguyen,User,CORP,tnguyen,tnguyen,CORP,172.27.3.135,50743,3,Kerberos,,,,,,,,Microsoft-Windows-Security-Auditing,Security,SecurityEvent
2026-04-20T18:31:15Z,SVR-DC-01,4624,,CORP\bsato,User,CORP,bsato,bsato,CORP,172.17.254.190,55482,5,Kerberos,,,,,,,,Microsoft-Windows-Security-Auditing,Security,SecurityEvent
2026-04-20T18:32:06Z,WS-DEV-02,4624,,CORP\jharris,User,CORP,jharris,jharris,CORP,10.97.244.145,51375,3,Kerberos,,,,,,,,Microsoft-Windows-Security-Auditing,Security,SecurityEvent
2026-04-20T18:32:47Z,LAP-EXEC-01,4624,,CORP\mwhite,User,CORP,mwhite,mwhite,CORP,10.113.198.121,64991,3,Negotiate,,,,,,,,Microsoft-Windows-Security-Auditing,Security,SecurityEvent
2026-04-20T18:37:04Z,WS-OPS-01,4625,,CORP\sthompson,User,CORP,sthompson,sthompson,CORP,172.26.236.21,61737,2,NtLmSsp,Unknown user name or bad password.,,,,,,,Microsoft-Windows-Security-Auditing,Security,SecurityEvent
2026-04-20T18:39:21Z,WS-OPS-02,4624,,CORP\agarcia,User,CORP,agarcia,agarcia,CORP,172.25.237.140,55664,2,Kerberos,,,,,,,,Microsoft-Windows-Security-Auditing,Security,SecurityEvent
2026-04-20T18:40:43Z,WS-IT-01,4625,,CORP\rmorales,User,CORP,rmorales,rmorales,CORP,172.27.7.74,53958,11,Kerberos,Unknown user name or bad password.,,,,,,,Microsoft-Windows-Security-Auditing,Security,SecurityEvent
2026-04-20T18:42:48Z,WS-OPS-01,4688,,CORP\agarcia,User,CORP,agarcia,agarcia,CORP,,,,,,C:\Windows\System32\lsass.exe,C:\Windows\System32\lsass.exe,C:\Windows\System32\msedge.exe,"""C:\Windows\System32\lsass.exe""",,,Microsoft-Windows-Security-Auditing,Security,SecurityEvent
2026-04-20T18:42:49Z,WS-MKT-02,4624,,CORP\mwhite,User,CORP,mwhite,mwhite,CORP,10.125.94.24,50459,2,Negotiate,,,,,,,,Microsoft-Windows-Security-Auditing,Security,SecurityEvent
2026-04-20T18:44:41Z,SVR-WEB-01,4688,,CORP\tnguyen,User,CORP,tnguyen,tnguyen,CORP,,,,,,C:\Windows\System32\wininit.exe,C:\Windows\System32\wininit.exe,C:\Windows\System32\WINWORD.EXE,"""C:\Windows\System32\wininit.exe""",,,Microsoft-Windows-Security-Auditing,Security,SecurityEvent
2026-04-20T18:49:07Z,LAP-EXEC-01,4634,,CORP\agarcia,User,CORP,agarcia,agarcia,CORP,,,3,Kerberos,,,,,,,,Microsoft-Windows-Security-Auditing,Security,SecurityEvent
2026-04-20T18:59:09Z,WS-OPS-02,4624,,CORP\jharris,User,CORP,jharris,jharris,CORP,172.30.202.121,59109,3,User32,,,,,,,,Microsoft-Windows-Security-Auditing,Security,SecurityEvent
2026-04-20T19:02:26Z,WS-FINANCE-01,4624,,CORP\sthompson,User,CORP,sthompson,sthompson,CORP,172.26.195.171,61560,3,NtLmSsp,,,,,,,,Microsoft-Windows-Security-Auditing,Security,SecurityEvent
2026-04-20T19:04:27Z,WS-FINANCE-01,4697,,CORP\ehernandez,User,CORP,ehernandez,ehernandez,CORP,,,,,,,,,,svc-f53f44eb,C:\Program Files\svc-f53f44eb\svc-f53f44eb.exe,Microsoft-Windows-Security-Auditing,Security,SecurityEvent
2026-04-20T19:05:16Z,SVR-WEB-01,4624,,CORP\sthompson,User,CORP,sthompson,sthompson,CORP,10.114.152.54,58379,10,Negotiate,,,,,,,,Microsoft-Windows-Security-Auditing,Security,SecurityEvent
2026-04-20T19:08:36Z,WS-IT-02,4634,,CORP\sthompson,User,CORP,sthompson,sthompson,CORP,,,5,Kerberos,,,,,,,,Microsoft-Windows-Security-Auditing,Security,SecurityEvent
2026-04-20T19:13:08Z,WS-OPS-01,4634,,CORP\kpatel,User,CORP,kpatel,kpatel,CORP,,,2,User32,,,,,,,,Microsoft-Windows-Security-Auditing,Security,SecurityEvent
2026-04-20T19:14:41Z,LAP-SALES-03,4688,,CORP\lwoods,User,CORP,lwoods,lwoods,CORP,,,,,,C:\Windows\System32\Teams.exe,C:\Windows\System32\Teams.exe,C:\Windows\System32\csrss.exe,"""C:\Windows\System32\Teams.exe""",,,Microsoft-Windows-Security-Auditing,Security,SecurityEvent
2026-04-20T19:15:03Z,LAP-EXEC-01,4625,,CORP\kpatel,User,CORP,kpatel,kpatel,CORP,10.19.24.214,60186,3,User32,Unknown user name or bad password.,,,,,,,Microsoft-Windows-Security-Auditing,Security,SecurityEvent
2026-04-20T19:19:50Z,LAP-SALES-03,4688,,CORP\kpatel,User,CORP,kpatel,kpatel,CORP,,,,,,C:\Windows\System32\smss.exe,C:\Windows\System32\smss.exe,C:\Windows\System32\svchost.exe,"""C:\Windows\System32\smss.exe""",,,Microsoft-Windows-Security-Auditing,Security,SecurityEvent
2026-04-20T19:26:05Z,WS-OPS-02,4624,,CORP\sthompson,User,CORP,sthompson,sthompson,CORP,10.86.123.229,63687,5,User32,,,,,,,,Microsoft-Windows-Security-Auditing,Security,SecurityEvent
2026-04-20T19:30:11Z,WS-HR-03,4688,,CORP\kpatel,User,CORP,kpatel,kpatel,CORP,,,,,,C:\Windows\System32\smss.exe,C:\Windows\System32\smss.exe,C:\Windows\System32\wininit.exe,"""C:\Windows\System32\smss.exe""",,,Microsoft-Windows-Security-Auditing,Security,SecurityEvent
2026-04-20T19:33:14Z,WS-IT-02,4625,,CORP\lwoods,User,CORP,lwoods,lwoods,CORP,10.79.77.119,56360,10,NtLmSsp,Unknown user name or bad password.,,,,,,,Microsoft-Windows-Security-Auditing,Security,SecurityEvent
2026-04-20T19:36:54Z,WS-OPS-01,4624,,CORP\sthompson,User,CORP,sthompson,sthompson,CORP,192.168.93.220,56912,5,Negotiate,,,,,,,,Microsoft-Windows-Security-Auditing,Security,SecurityEvent
2026-04-20T19:49:08Z,WS-HR-03,4624,,CORP\rmorales,User,CORP,rmorales,rmorales,CORP,10.175.67.3,59603,5,Negotiate,,,,,,,,Microsoft-Windows-Security-Auditing,Security,SecurityEvent
2026-04-20T19:49:37Z,LAP-SALES-03,4624,,CORP\ehernandez,User,CORP,ehernandez,ehernandez,CORP,172.21.45.194,61449,5,Advapi,,,,,,,,Microsoft-Windows-Security-Auditing,Security,SecurityEvent
2026-04-20T19:50:47Z,WS-IT-02,4688,,CORP\kpatel,User,CORP,kpatel,kpatel,CORP,,,,,,C:\Windows\System32\services.exe,C:\Windows\System32\services.exe,C:\Windows\System32\explorer.exe,"""C:\Windows\System32\services.exe""",,,Microsoft-Windows-Security-Auditing,Security,SecurityEvent
2026-04-20T19:58:09Z,WS-IT-02,4625,,CORP\olopez,User,CORP,olopez,olopez,CORP,172.20.210.29,57950,5,Kerberos,Unknown user name or bad password.,,,,,,,Microsoft-Windows-Security-Auditing,Security,SecurityEvent
2026-04-20T19:58:20Z,WS-DEV-02,4624,,CORP\mwhite,User,CORP,mwhite,mwhite,CORP,10.76.170.81,57243,3,NtLmSsp,,,,,,,,Microsoft-Windows-Security-Auditing,Security,SecurityEvent
2026-04-20T19:58:49Z,WS-DEV-02,4688,,CORP\agarcia,User,CORP,agarcia,agarcia,CORP,,,,,,C:\Windows\System32\msiexec.exe,C:\Windows\System32\msiexec.exe,C:\Windows\System32\taskmgr.exe,"""C:\Windows\System32\msiexec.exe""",,,Microsoft-Windows-Security-Auditing,Security,SecurityEvent
2026-04-20T20:00:21Z,WS-MKT-01,4625,,CORP\kpatel,User,CORP,kpatel,kpatel,CORP,10.4.236.247,60956,11,NtLmSsp,Unknown user name or bad password.,,,,,,,Microsoft-Windows-Security-Auditing,Security,SecurityEvent
2026-04-20T20:00:27Z,LAP-EXEC-01,4625,,CORP\olopez,User,CORP,olopez,olopez,CORP,10.101.174.47,63605,3,Negotiate,Account locked out.,,,,,,,Microsoft-Windows-Security-Auditing,Security,SecurityEvent
2026-04-20T20:04:42Z,WS-DEV-02,4625,,CORP\rmorales,User,CORP,rmorales,rmorales,CORP,172.19.108.97,65092,3,NtLmSsp,The user has not been granted the requested logon type at this machine.,,,,,,,Microsoft-Windows-Security-Auditing,Security,SecurityEvent
2026-04-20T20:04:47Z,WS-OPS-02,4688,,CORP\mwhite,User,CORP,mwhite,mwhite,CORP,,,,,,C:\Windows\System32\services.exe,C:\Windows\System32\services.exe,C:\Windows\System32\Teams.exe,"""C:\Windows\System32\services.exe""",,,Microsoft-Windows-Security-Auditing,Security,SecurityEvent
2026-04-20T20:06:25Z,WS-IT-01,4688,,CORP\jharris,User,CORP,jharris,jharris,CORP,,,,,,C:\Windows\System32\services.exe,C:\Windows\System32\services.exe,C:\Windows\System32\csrss.exe,"""C:\Windows\System32\services.exe""",,,Microsoft-Windows-Security-Auditing,Security,SecurityEvent
2026-04-20T20:12:23Z,WS-OPS-02,4624,,CORP\rmorales,User,CORP,rmorales,rmorales,CORP,10.208.141.172,52278,3,Negotiate,,,,,,,,Microsoft-Windows-Security-Auditing,Security,SecurityEvent
2026-04-20T20:17:23Z,SVR-DC-01,4634,,CORP\bsato,User,CORP,bsato,bsato,CORP,,,11,Advapi,,,,,,,,Microsoft-Windows-Security-Auditing,Security,SecurityEvent
2026-04-20T20:22:20Z,SVR-DC-01,4688,,CORP\agarcia,User,CORP,agarcia,agarcia,CORP,,,,,,C:\Windows\System32\winlogon.exe,C:\Windows\System32\winlogon.exe,C:\Windows\System32\svchost.exe,"""C:\Windows\System32\winlogon.exe""",,,Microsoft-Windows-Security-Auditing,Security,SecurityEvent
2026-04-20T20:22:46Z,WS-IT-02,4688,,CORP\rmorales,User,CORP,rmorales,rmorales,CORP,,,,,,C:\Windows\System32\WINWORD.EXE,C:\Windows\System32\WINWORD.EXE,C:\Windows\System32\smss.exe,"""C:\Windows\System32\WINWORD.EXE""",,,Microsoft-Windows-Security-Auditing,Security,SecurityEvent
2026-04-20T20:33:06Z,LAP-SALES-03,4624,,CORP\agarcia,User,CORP,agarcia,agarcia,CORP,172.26.8.130,60738,3,Advapi,,,,,,,,Microsoft-Windows-Security-Auditing,Security,SecurityEvent
2026-04-20T20:34:51Z,WS-FINANCE-01,4624,,CORP\dkim,User,CORP,dkim,dkim,CORP,10.172.192.49,51416,11,Negotiate,,,,,,,,Microsoft-Windows-Security-Auditing,Security,SecurityEvent
2026-04-20T20:35:51Z,LAP-EXEC-01,4624,,CORP\sthompson,User,CORP,sthompson,sthompson,CORP,10.226.149.20,60138,3,NtLmSsp,,,,,,,,Microsoft-Windows-Security-Auditing,Security,SecurityEvent
2026-04-20T20:36:30Z,WS-IT-02,4688,,CORP\agarcia,User,CORP,agarcia,agarcia,CORP,,,,,,C:\Windows\System32\svchost.exe,C:\Windows\System32\svchost.exe,C:\Windows\System32\msiexec.exe,"""C:\Windows\System32\svchost.exe""",,,Microsoft-Windows-Security-Auditing,Security,SecurityEvent
2026-04-20T20:36:37Z,SVR-DC-01,4624,,CORP\sthompson,User,CORP,sthompson,sthompson,CORP,10.62.105.37,59980,2,Kerberos,,,,,,,,Microsoft-Windows-Security-Auditing,Security,SecurityEvent
2026-04-20T20:38:38Z,SVR-WEB-01,4688,,CORP\ehernandez,User,CORP,ehernandez,ehernandez,CORP,,,,,,C:\Windows\System32\firefox.exe,C:\Windows\System32\firefox.exe,C:\Windows\System32\OneDrive.exe,"""C:\Windows\System32\firefox.exe""",,,Microsoft-Windows-Security-Auditing,Security,SecurityEvent
2026-04-20T20:38:38Z,WS-OPS-01,4624,,CORP\kpatel,User,CORP,kpatel,kpatel,CORP,10.134.84.155,60920,2,Seclogo,,,,,,,,Microsoft-Windows-Security-Auditing,Security,SecurityEvent
2026-04-20T20:39:50Z,WS-DEV-02,4624,,CORP\bsato,User,CORP,bsato,bsato,CORP,172.22.214.79,59713,11,Kerberos,,,,,,,,Microsoft-Windows-Security-Auditing,Security,SecurityEvent
2026-04-20T20:40:33Z,WS-DEV-02,4634,,CORP\jharris,User,CORP,jharris,jharris,CORP,,,7,Seclogo,,,,,,,,Microsoft-Windows-Security-Auditing,Security,SecurityEvent
2026-04-20T20:41:57Z,WS-IT-01,4624,,CORP\mwhite,User,CORP,mwhite,mwhite,CORP,172.17.232.36,59687,5,Seclogo,,,,,,,,Microsoft-Windows-Security-Auditing,Security,SecurityEvent
2026-04-20T20:46:20Z,SVR-WEB-01,4625,,CORP\bsato,User,CORP,bsato,bsato,CORP,192.168.228.4,52932,3,Kerberos,Unknown user name or bad password.,,,,,,,Microsoft-Windows-Security-Auditing,Security,SecurityEvent
2026-04-20T20:48:29Z,SVR-DC-01,4624,,CORP\agarcia,User,CORP,agarcia,agarcia,CORP,10.150.120.8,50618,7,User32,,,,,,,,Microsoft-Windows-Security-Auditing,Security,SecurityEvent
2026-04-20T20:50:31Z,WS-OPS-01,4634,,CORP\mwhite,User,CORP,mwhite,mwhite,CORP,,,2,User32,,,,,,,,Microsoft-Windows-Security-Auditing,Security,SecurityEvent
2026-04-20T20:54:33Z,WS-HR-03,4625,,CORP\ehernandez,User,CORP,ehernandez,ehernandez,CORP,10.209.50.129,55420,5,User32,The specified account's password has expired.,,,,,,,Microsoft-Windows-Security-Auditing,Security,SecurityEvent
2026-04-20T20:56:35Z,WS-OPS-01,4688,,CORP\jharris,User,CORP,jharris,jharris,CORP,,,,,,C:\Windows\System32\svchost.exe,C:\Windows\System32\svchost.exe,C:\Windows\System32\Teams.exe,"""C:\Windows\System32\svchost.exe""",,,Microsoft-Windows-Security-Auditing,Security,SecurityEvent
2026-04-20T20:57:43Z,WS-FINANCE-01,4624,,CORP\lwoods,User,CORP,lwoods,lwoods,CORP,172.21.163.237,52593,7,Negotiate,,,,,,,,Microsoft-Windows-Security-Auditing,Security,SecurityEvent
2026-04-20T20:59:15Z,WS-OPS-02,4688,,CORP\jharris,User,CORP,jharris,jharris,CORP,,,,,,C:\Windows\System32\OUTLOOK.EXE,C:\Windows\System32\OUTLOOK.EXE,C:\Windows\System32\Teams.exe,"""C:\Windows\System32\OUTLOOK.EXE""",,,Microsoft-Windows-Security-Auditing,Security,SecurityEvent
2026-04-20T20:59:32Z,WS-HR-03,4624,,CORP\kpatel,User,CORP,kpatel,kpatel,CORP,10.66.24.76,63515,5,Kerberos,,,,,,,,Microsoft-Windows-Security-Auditing,Security,SecurityEvent
2026-04-20T21:00:15Z,SVR-WEB-01,4688,,CORP\sthompson,User,CORP,sthompson,sthompson,CORP,,,,,,C:\Windows\System32\msiexec.exe,C:\Windows\System32\msiexec.exe,C:\Windows\System32\chrome.exe,"""C:\Windows\System32\msiexec.exe""",,,Microsoft-Windows-Security-Auditing,Security,SecurityEvent
2026-04-20T21:02:00Z,SVR-WEB-01,4634,,CORP\bsato,User,CORP,bsato,bsato,CORP,,,3,NtLmSsp,,,,,,,,Microsoft-Windows-Security-Auditing,Security,SecurityEvent
2026-04-20T21:03:51Z,WS-IT-02,4625,,CORP\tnguyen,User,CORP,tnguyen,tnguyen,CORP,10.179.181.77,54165,3,Negotiate,Account currently disabled.,,,,,,,Microsoft-Windows-Security-Auditing,Security,SecurityEvent
2026-04-20T21:06:46Z,SVR-WEB-01,4625,,CORP\agarcia,User,CORP,agarcia,agarcia,CORP,10.186.187.4,64047,3,Kerberos,Unknown user name or bad password.,,,,,,,Microsoft-Windows-Security-Auditing,Security,SecurityEvent
2026-04-20T21:07:21Z,WS-FINANCE-01,4624,,CORP\rmorales,User,CORP,rmorales,rmorales,CORP,10.99.97.60,64234,5,Advapi,,,,,,,,Microsoft-Windows-Security-Auditing,Security,SecurityEvent
2026-04-20T21:11:52Z,WS-HR-03,4634,,CORP\kpatel,User,CORP,kpatel,kpatel,CORP,,,5,NtLmSsp,,,,,,,,Microsoft-Windows-Security-Auditing,Security,SecurityEvent
2026-04-20T21:16:17Z,WS-MKT-01,4624,,CORP\sthompson,User,CORP,sthompson,sthompson,CORP,10.254.146.177,64894,3,NtLmSsp,,,,,,,,Microsoft-Windows-Security-Auditing,Security,SecurityEvent
2026-04-20T21:16:24Z,SVR-DC-01,4634,,CORP\mwhite,User,CORP,mwhite,mwhite,CORP,,,3,Negotiate,,,,,,,,Microsoft-Windows-Security-Auditing,Security,SecurityEvent
2026-04-20T21:16:54Z,WS-IT-01,4624,,CORP\agarcia,User,CORP,agarcia,agarcia,CORP,172.27.72.237,49668,11,Kerberos,,,,,,,,Microsoft-Windows-Security-Auditing,Security,SecurityEvent
2026-04-20T21:19:41Z,SVR-DC-01,4624,,CORP\jharris,User,CORP,jharris,jharris,CORP,10.108.156.197,56219,3,User32,,,,,,,,Microsoft-Windows-Security-Auditing,Security,SecurityEvent
