2026-04-29T01:48:12Z,WS-IT-02,4624,,CORP\kpatel,User,CORP,kpatel,kpatel,CORP,172.24.248.137,52040,2,User32,,,,,,,,Microsoft-Windows-Security-Auditing,Security,SecurityEvent
2026-04-29T01:48:35Z,WS-HR-03,4688,,CORP\rmorales,User,CORP,rmorales,rmorales,CORP,,,,,,C:\Windows\System32\SearchHost.exe,C:\Windows\System32\SearchHost.exe,C:\Windows\System32\WINWORD.EXE,"""C:\Windows\System32\SearchHost.exe""",,,Microsoft-Windows-Security-Auditing,Security,SecurityEvent
2026-04-29T01:48:44Z,WS-HR-03,4688,,CORP\ehernandez,User,CORP,ehernandez,ehernandez,CORP,,,,,,C:\Windows\System32\OUTLOOK.EXE,C:\Windows\System32\OUTLOOK.EXE,C:\Windows\System32\chrome.exe,"""C:\Windows\System32\OUTLOOK.EXE""",,,Microsoft-Windows-Security-Auditing,Security,SecurityEvent
2026-04-29T01:48:45Z,WS-DEV-02,4688,,CORP\dkim,User,CORP,dkim,dkim,CORP,,,,,,C:\Windows\System32\msedge.exe,C:\Windows\System32\msedge.exe,C:\Windows\System32\chrome.exe,"""C:\Windows\System32\msedge.exe""",,,Microsoft-Windows-Security-Auditing,Security,SecurityEvent
2026-04-29T01:48:47Z,WS-IT-02,4624,,CORP\ehernandez,User,CORP,ehernandez,ehernandez,CORP,192.168.127.180,64903,11,Advapi,,,,,,,,Microsoft-Windows-Security-Auditing,Security,SecurityEvent
2026-04-29T01:48:49Z,WS-IT-02,4624,,CORP\jharris,User,CORP,jharris,jharris,CORP,172.26.168.214,55934,5,User32,,,,,,,,Microsoft-Windows-Security-Auditing,Security,SecurityEvent
2026-04-29T01:49:48Z,SVR-WEB-01,4625,,CORP\bsato,User,CORP,bsato,bsato,CORP,10.176.113.56,64708,3,Negotiate,Account currently disabled.,,,,,,,Microsoft-Windows-Security-Auditing,Security,SecurityEvent
2026-04-29T01:49:49Z,WS-MKT-02,4624,,CORP\sthompson,User,CORP,sthompson,sthompson,CORP,10.184.43.153,52115,3,NtLmSsp,,,,,,,,Microsoft-Windows-Security-Auditing,Security,SecurityEvent
2026-04-29T01:49:50Z,WS-IT-02,4624,,CORP\sthompson,User,CORP,sthompson,sthompson,CORP,10.168.242.247,63450,2,Kerberos,,,,,,,,Microsoft-Windows-Security-Auditing,Security,SecurityEvent
2026-04-29T01:49:50Z,SVR-DC-01,4624,,CORP\sthompson,User,CORP,sthompson,sthompson,CORP,10.81.18.248,60434,7,Kerberos,,,,,,,,Microsoft-Windows-Security-Auditing,Security,SecurityEvent
2026-04-29T01:49:54Z,WS-FINANCE-01,4624,,CORP\sthompson,User,CORP,sthompson,sthompson,CORP,172.25.127.85,58456,3,Kerberos,,,,,,,,Microsoft-Windows-Security-Auditing,Security,SecurityEvent
2026-04-29T01:50:12Z,WS-IT-01,4697,,CORP\mwhite,User,CORP,mwhite,mwhite,CORP,,,,,,,,,,svc-e2f189fe,C:\Program Files\svc-e2f189fe\svc-e2f189fe.exe,Microsoft-Windows-Security-Auditing,Security,SecurityEvent
2026-04-29T01:50:23Z,WS-IT-01,4624,,CORP\ehernandez,User,CORP,ehernandez,ehernandez,CORP,10.80.150.189,56934,5,NtLmSsp,,,,,,,,Microsoft-Windows-Security-Auditing,Security,SecurityEvent
2026-04-29T01:50:25Z,LAP-EXEC-01,4624,,CORP\ehernandez,User,CORP,ehernandez,ehernandez,CORP,172.17.239.166,52409,3,NtLmSsp,,,,,,,,Microsoft-Windows-Security-Auditing,Security,SecurityEvent
2026-04-29T01:50:30Z,WS-OPS-02,4634,,CORP\kpatel,User,CORP,kpatel,kpatel,CORP,,,3,NtLmSsp,,,,,,,,Microsoft-Windows-Security-Auditing,Security,SecurityEvent
2026-04-29T01:50:39Z,WS-IT-01,4688,,CORP\bsato,User,CORP,bsato,bsato,CORP,,,,,,C:\Windows\System32\services.exe,C:\Windows\System32\services.exe,C:\Windows\System32\msedge.exe,"""C:\Windows\System32\services.exe""",,,Microsoft-Windows-Security-Auditing,Security,SecurityEvent
2026-04-29T01:50:44Z,LAP-EXEC-01,4688,,CORP\agarcia,User,CORP,agarcia,agarcia,CORP,,,,,,C:\Windows\System32\svchost.exe,C:\Windows\System32\svchost.exe,C:\Windows\System32\lsass.exe,"""C:\Windows\System32\svchost.exe""",,,Microsoft-Windows-Security-Auditing,Security,SecurityEvent
2026-04-29T01:50:58Z,SVR-WEB-01,4688,,CORP\dkim,User,CORP,dkim,dkim,CORP,,,,,,C:\Windows\System32\WINWORD.EXE,C:\Windows\System32\WINWORD.EXE,C:\Windows\System32\msedge.exe,"""C:\Windows\System32\WINWORD.EXE""",,,Microsoft-Windows-Security-Auditing,Security,SecurityEvent
2026-04-29T01:51:06Z,WS-DEV-02,4688,,CORP\agarcia,User,CORP,agarcia,agarcia,CORP,,,,,,C:\Windows\System32\chrome.exe,C:\Windows\System32\chrome.exe,C:\Windows\System32\services.exe,"""C:\Windows\System32\chrome.exe""",,,Microsoft-Windows-Security-Auditing,Security,SecurityEvent
2026-04-29T01:51:08Z,SVR-DC-01,4624,,CORP\agarcia,User,CORP,agarcia,agarcia,CORP,10.162.79.74,54494,3,NtLmSsp,,,,,,,,Microsoft-Windows-Security-Auditing,Security,SecurityEvent
2026-04-29T01:51:08Z,SVR-WEB-01,4624,,CORP\ehernandez,User,CORP,ehernandez,ehernandez,CORP,192.168.103.108,51205,3,Seclogo,,,,,,,,Microsoft-Windows-Security-Auditing,Security,SecurityEvent
2026-04-29T01:51:15Z,SVR-WEB-01,4624,,CORP\rmorales,User,CORP,rmorales,rmorales,CORP,10.131.53.36,49564,2,Kerberos,,,,,,,,Microsoft-Windows-Security-Auditing,Security,SecurityEvent
2026-04-29T01:51:26Z,WS-OPS-02,4688,,CORP\rmorales,User,CORP,rmorales,rmorales,CORP,,,,,,C:\Windows\System32\chrome.exe,C:\Windows\System32\chrome.exe,C:\Windows\System32\EXCEL.EXE,"""C:\Windows\System32\chrome.exe""",,,Microsoft-Windows-Security-Auditing,Security,SecurityEvent
2026-04-29T01:51:36Z,WS-HR-03,4624,,CORP\dkim,User,CORP,dkim,dkim,CORP,10.196.154.65,61389,11,NtLmSsp,,,,,,,,Microsoft-Windows-Security-Auditing,Security,SecurityEvent
2026-04-29T01:51:53Z,WS-FINANCE-01,4634,,CORP\agarcia,User,CORP,agarcia,agarcia,CORP,,,11,Negotiate,,,,,,,,Microsoft-Windows-Security-Auditing,Security,SecurityEvent
2026-04-29T01:51:54Z,WS-HR-03,4688,,CORP\lwoods,User,CORP,lwoods,lwoods,CORP,,,,,,C:\Windows\System32\explorer.exe,C:\Windows\System32\explorer.exe,C:\Windows\System32\msiexec.exe,"""C:\Windows\System32\explorer.exe""",,,Microsoft-Windows-Security-Auditing,Security,SecurityEvent
2026-04-29T01:51:56Z,WS-MKT-02,4625,,CORP\agarcia,User,CORP,agarcia,agarcia,CORP,10.126.72.190,57578,5,User32,Unknown user name or bad password.,,,,,,,Microsoft-Windows-Security-Auditing,Security,SecurityEvent
2026-04-29T01:52:15Z,WS-OPS-01,4624,,CORP\bsato,User,CORP,bsato,bsato,CORP,10.137.221.185,54173,2,Negotiate,,,,,,,,Microsoft-Windows-Security-Auditing,Security,SecurityEvent
2026-04-29T01:52:16Z,WS-DEV-02,4634,,CORP\jharris,User,CORP,jharris,jharris,CORP,,,3,Kerberos,,,,,,,,Microsoft-Windows-Security-Auditing,Security,SecurityEvent
2026-04-29T01:52:19Z,SVR-WEB-01,4672,,CORP\rmorales,Admin,CORP,rmorales,rmorales,CORP,,,,,,,,,,,,Microsoft-Windows-Security-Auditing,Security,SecurityEvent
2026-04-29T01:52:23Z,SVR-DC-01,4624,,CORP\kpatel,User,CORP,kpatel,kpatel,CORP,10.159.176.98,64771,11,Kerberos,,,,,,,,Microsoft-Windows-Security-Auditing,Security,SecurityEvent
2026-04-29T01:52:27Z,SVR-WEB-01,4688,,CORP\mwhite,User,CORP,mwhite,mwhite,CORP,,,,,,C:\Windows\System32\smss.exe,C:\Windows\System32\smss.exe,C:\Windows\System32\msiexec.exe,"""C:\Windows\System32\smss.exe""",,,Microsoft-Windows-Security-Auditing,Security,SecurityEvent
2026-04-29T01:52:41Z,WS-OPS-02,4624,,CORP\mwhite,User,CORP,mwhite,mwhite,CORP,10.133.184.206,60836,5,Kerberos,,,,,,,,Microsoft-Windows-Security-Auditing,Security,SecurityEvent
2026-04-29T01:52:58Z,LAP-EXEC-01,4624,,CORP\agarcia,User,CORP,agarcia,agarcia,CORP,172.18.160.42,63699,5,Kerberos,,,,,,,,Microsoft-Windows-Security-Auditing,Security,SecurityEvent
2026-04-29T01:53:02Z,SVR-WEB-01,4688,,CORP\kpatel,User,CORP,kpatel,kpatel,CORP,,,,,,C:\Windows\System32\code.exe,C:\Windows\System32\code.exe,C:\Windows\System32\OUTLOOK.EXE,"""C:\Windows\System32\code.exe""",,,Microsoft-Windows-Security-Auditing,Security,SecurityEvent
2026-04-29T01:53:19Z,WS-FINANCE-01,4624,,CORP\tnguyen,User,CORP,tnguyen,tnguyen,CORP,10.8.130.159,62034,5,Kerberos,,,,,,,,Microsoft-Windows-Security-Auditing,Security,SecurityEvent
2026-04-29T01:53:21Z,WS-OPS-01,4624,,CORP\rmorales,User,CORP,rmorales,rmorales,CORP,172.25.83.41,63251,3,Kerberos,,,,,,,,Microsoft-Windows-Security-Auditing,Security,SecurityEvent
2026-04-29T01:53:38Z,WS-FINANCE-01,4624,,CORP\kpatel,User,CORP,kpatel,kpatel,CORP,10.195.27.110,49879,3,Kerberos,,,,,,,,Microsoft-Windows-Security-Auditing,Security,SecurityEvent
2026-04-29T01:53:47Z,WS-MKT-01,4634,,CORP\agarcia,User,CORP,agarcia,agarcia,CORP,,,11,Advapi,,,,,,,,Microsoft-Windows-Security-Auditing,Security,SecurityEvent
2026-04-29T01:53:49Z,WS-OPS-01,4732,,CORP\kpatel,User,CORP,kpatel,newuser469,CORP,,,,,,,,,,,,Microsoft-Windows-Security-Auditing,Security,SecurityEvent
2026-04-29T01:53:59Z,WS-DEV-02,4624,,CORP\rmorales,User,CORP,rmorales,rmorales,CORP,172.17.211.83,63646,10,Negotiate,,,,,,,,Microsoft-Windows-Security-Auditing,Security,SecurityEvent
2026-04-29T01:54:12Z,LAP-EXEC-01,4624,,CORP\jharris,User,CORP,jharris,jharris,CORP,10.20.230.166,57090,3,User32,,,,,,,,Microsoft-Windows-Security-Auditing,Security,SecurityEvent
2026-04-29T01:54:18Z,WS-IT-02,4624,,CORP\bsato,User,CORP,bsato,bsato,CORP,172.27.66.116,54884,3,NtLmSsp,,,,,,,,Microsoft-Windows-Security-Auditing,Security,SecurityEvent
2026-04-29T01:54:23Z,WS-FINANCE-01,4624,,CORP\sthompson,User,CORP,sthompson,sthompson,CORP,10.229.22.111,51518,7,Negotiate,,,,,,,,Microsoft-Windows-Security-Auditing,Security,SecurityEvent
2026-04-29T01:54:24Z,WS-IT-01,4624,,CORP\sthompson,User,CORP,sthompson,sthompson,CORP,10.205.161.166,55114,3,NtLmSsp,,,,,,,,Microsoft-Windows-Security-Auditing,Security,SecurityEvent
2026-04-29T01:54:31Z,WS-FINANCE-01,4634,,CORP\kpatel,User,CORP,kpatel,kpatel,CORP,,,2,Kerberos,,,,,,,,Microsoft-Windows-Security-Auditing,Security,SecurityEvent
2026-04-29T01:55:02Z,WS-HR-03,4625,,CORP\mwhite,User,CORP,mwhite,mwhite,CORP,172.21.249.150,64599,3,Negotiate,Unknown user name or bad password.,,,,,,,Microsoft-Windows-Security-Auditing,Security,SecurityEvent
2026-04-29T01:55:08Z,WS-DEV-02,4688,,CORP\mwhite,User,CORP,mwhite,mwhite,CORP,,,,,,C:\Windows\System32\lsass.exe,C:\Windows\System32\lsass.exe,C:\Windows\System32\msedge.exe,"""C:\Windows\System32\lsass.exe""",,,Microsoft-Windows-Security-Auditing,Security,SecurityEvent
2026-04-29T01:55:14Z,WS-IT-01,4732,,CORP\sthompson,User,CORP,sthompson,newuser508,CORP,,,,,,,,,,,,Microsoft-Windows-Security-Auditing,Security,SecurityEvent
2026-04-29T01:55:14Z,WS-DEV-02,4688,,CORP\tnguyen,User,CORP,tnguyen,tnguyen,CORP,,,,,,C:\Windows\System32\firefox.exe,C:\Windows\System32\firefox.exe,C:\Windows\System32\explorer.exe,"""C:\Windows\System32\firefox.exe""",,,Microsoft-Windows-Security-Auditing,Security,SecurityEvent
2026-04-29T01:55:15Z,WS-DEV-02,4624,,CORP\agarcia,User,CORP,agarcia,agarcia,CORP,10.235.198.147,64978,3,NtLmSsp,,,,,,,,Microsoft-Windows-Security-Auditing,Security,SecurityEvent
2026-04-29T01:55:27Z,WS-MKT-01,4688,,CORP\tnguyen,User,CORP,tnguyen,tnguyen,CORP,,,,,,C:\Windows\System32\msedge.exe,C:\Windows\System32\msedge.exe,C:\Windows\System32\OneDrive.exe,"""C:\Windows\System32\msedge.exe""",,,Microsoft-Windows-Security-Auditing,Security,SecurityEvent
2026-04-29T01:55:37Z,WS-DEV-02,4624,,CORP\sthompson,User,CORP,sthompson,sthompson,CORP,10.169.102.120,61649,5,NtLmSsp,,,,,,,,Microsoft-Windows-Security-Auditing,Security,SecurityEvent
2026-04-29T01:55:41Z,WS-MKT-01,4634,,CORP\lwoods,User,CORP,lwoods,lwoods,CORP,,,3,Negotiate,,,,,,,,Microsoft-Windows-Security-Auditing,Security,SecurityEvent
2026-04-29T01:55:47Z,WS-IT-02,4688,,CORP\lwoods,User,CORP,lwoods,lwoods,CORP,,,,,,C:\Windows\System32\OneDrive.exe,C:\Windows\System32\OneDrive.exe,C:\Windows\System32\firefox.exe,"""C:\Windows\System32\OneDrive.exe""",,,Microsoft-Windows-Security-Auditing,Security,SecurityEvent
2026-04-29T01:55:55Z,WS-HR-03,4624,,CORP\mwhite,User,CORP,mwhite,mwhite,CORP,10.175.143.67,61012,5,Kerberos,,,,,,,,Microsoft-Windows-Security-Auditing,Security,SecurityEvent
2026-04-29T01:55:58Z,SVR-DC-01,4624,,CORP\ehernandez,User,CORP,ehernandez,ehernandez,CORP,10.167.17.49,61320,5,Kerberos,,,,,,,,Microsoft-Windows-Security-Auditing,Security,SecurityEvent
2026-04-29T01:56:00Z,WS-MKT-02,4688,,CORP\kpatel,User,CORP,kpatel,kpatel,CORP,,,,,,C:\Windows\System32\smss.exe,C:\Windows\System32\smss.exe,C:\Windows\System32\chrome.exe,"""C:\Windows\System32\smss.exe""",,,Microsoft-Windows-Security-Auditing,Security,SecurityEvent
2026-04-29T01:56:06Z,SVR-DC-01,4688,,CORP\agarcia,User,CORP,agarcia,agarcia,CORP,,,,,,C:\Windows\System32\WINWORD.EXE,C:\Windows\System32\WINWORD.EXE,C:\Windows\System32\wininit.exe,"""C:\Windows\System32\WINWORD.EXE""",,,Microsoft-Windows-Security-Auditing,Security,SecurityEvent
2026-04-29T01:56:07Z,LAP-SALES-03,4672,,CORP\tnguyen,Admin,CORP,tnguyen,tnguyen,CORP,,,,,,,,,,,,Microsoft-Windows-Security-Auditing,Security,SecurityEvent
2026-04-29T01:56:08Z,LAP-EXEC-01,4697,,CORP\jharris,User,CORP,jharris,jharris,CORP,,,,,,,,,,svc-ceabf61a,C:\Program Files\svc-ceabf61a\svc-ceabf61a.exe,Microsoft-Windows-Security-Auditing,Security,SecurityEvent
2026-04-29T01:56:15Z,LAP-SALES-03,4634,,CORP\mwhite,User,CORP,mwhite,mwhite,CORP,,,5,Seclogo,,,,,,,,Microsoft-Windows-Security-Auditing,Security,SecurityEvent
2026-04-29T01:56:17Z,WS-DEV-02,4624,,CORP\tnguyen,User,CORP,tnguyen,tnguyen,CORP,172.17.247.83,49722,2,NtLmSsp,,,,,,,,Microsoft-Windows-Security-Auditing,Security,SecurityEvent
2026-04-29T01:56:27Z,WS-IT-01,4688,,CORP\kpatel,User,CORP,kpatel,kpatel,CORP,,,,,,C:\Windows\System32\lsass.exe,C:\Windows\System32\lsass.exe,C:\Windows\System32\csrss.exe,"""C:\Windows\System32\lsass.exe""",,,Microsoft-Windows-Security-Auditing,Security,SecurityEvent
2026-04-29T01:56:56Z,LAP-SALES-03,4624,,CORP\dkim,User,CORP,dkim,dkim,CORP,10.192.252.203,49839,2,Negotiate,,,,,,,,Microsoft-Windows-Security-Auditing,Security,SecurityEvent
2026-04-29T01:56:58Z,WS-OPS-02,4688,,CORP\lwoods,User,CORP,lwoods,lwoods,CORP,,,,,,C:\Windows\System32\lsass.exe,C:\Windows\System32\lsass.exe,C:\Windows\System32\msedge.exe,"""C:\Windows\System32\lsass.exe""",,,Microsoft-Windows-Security-Auditing,Security,SecurityEvent
2026-04-29T01:57:02Z,WS-OPS-02,4688,,CORP\tnguyen,User,CORP,tnguyen,tnguyen,CORP,,,,,,C:\Windows\System32\code.exe,C:\Windows\System32\code.exe,C:\Windows\System32\csrss.exe,"""C:\Windows\System32\code.exe""",,,Microsoft-Windows-Security-Auditing,Security,SecurityEvent
2026-04-29T01:57:26Z,SVR-WEB-01,4688,,CORP\agarcia,User,CORP,agarcia,agarcia,CORP,,,,,,C:\Windows\System32\SearchHost.exe,C:\Windows\System32\SearchHost.exe,C:\Windows\System32\WINWORD.EXE,"""C:\Windows\System32\SearchHost.exe""",,,Microsoft-Windows-Security-Auditing,Security,SecurityEvent
2026-04-29T01:57:31Z,WS-MKT-01,4624,,CORP\sthompson,User,CORP,sthompson,sthompson,CORP,10.143.194.141,64804,3,NtLmSsp,,,,,,,,Microsoft-Windows-Security-Auditing,Security,SecurityEvent
2026-04-29T01:57:39Z,WS-FINANCE-01,4634,,CORP\sthompson,User,CORP,sthompson,sthompson,CORP,,,2,User32,,,,,,,,Microsoft-Windows-Security-Auditing,Security,SecurityEvent
2026-04-29T01:57:48Z,WS-DEV-02,4624,,CORP\bsato,User,CORP,bsato,bsato,CORP,172.23.193.185,54901,2,Kerberos,,,,,,,,Microsoft-Windows-Security-Auditing,Security,SecurityEvent
2026-04-29T01:57:50Z,WS-MKT-02,4688,,CORP\sthompson,User,CORP,sthompson,sthompson,CORP,,,,,,C:\Windows\System32\WINWORD.EXE,C:\Windows\System32\WINWORD.EXE,C:\Windows\System32\OUTLOOK.EXE,"""C:\Windows\System32\WINWORD.EXE""",,,Microsoft-Windows-Security-Auditing,Security,SecurityEvent
2026-04-29T01:57:52Z,SVR-WEB-01,4688,,CORP\bsato,User,CORP,bsato,bsato,CORP,,,,,,C:\Windows\System32\SearchHost.exe,C:\Windows\System32\SearchHost.exe,C:\Windows\System32\chrome.exe,"""C:\Windows\System32\SearchHost.exe""",,,Microsoft-Windows-Security-Auditing,Security,SecurityEvent
2026-04-29T01:57:53Z,SVR-DC-01,4688,,CORP\tnguyen,User,CORP,tnguyen,tnguyen,CORP,,,,,,C:\Windows\System32\smss.exe,C:\Windows\System32\smss.exe,C:\Windows\System32\msiexec.exe,"""C:\Windows\System32\smss.exe""",,,Microsoft-Windows-Security-Auditing,Security,SecurityEvent
2026-04-29T01:57:58Z,WS-DEV-02,4672,,CORP\jharris,Admin,CORP,jharris,jharris,CORP,,,,,,,,,,,,Microsoft-Windows-Security-Auditing,Security,SecurityEvent
2026-04-29T01:58:00Z,WS-MKT-02,4624,,CORP\agarcia,User,CORP,agarcia,agarcia,CORP,172.16.111.113,63092,3,Kerberos,,,,,,,,Microsoft-Windows-Security-Auditing,Security,SecurityEvent
2026-04-29T01:58:08Z,LAP-EXEC-01,4634,,CORP\tnguyen,User,CORP,tnguyen,tnguyen,CORP,,,11,Negotiate,,,,,,,,Microsoft-Windows-Security-Auditing,Security,SecurityEvent
2026-04-29T01:58:11Z,WS-OPS-02,4634,,CORP\ehernandez,User,CORP,ehernandez,ehernandez,CORP,,,3,User32,,,,,,,,Microsoft-Windows-Security-Auditing,Security,SecurityEvent
2026-04-29T01:58:22Z,SVR-DC-01,4625,,CORP\sthompson,User,CORP,sthompson,sthompson,CORP,10.22.102.155,52291,3,NtLmSsp,Unknown user name or bad password.,,,,,,,Microsoft-Windows-Security-Auditing,Security,SecurityEvent
2026-04-29T01:58:45Z,WS-OPS-01,4624,,CORP\rmorales,User,CORP,rmorales,rmorales,CORP,172.20.172.154,62675,5,Kerberos,,,,,,,,Microsoft-Windows-Security-Auditing,Security,SecurityEvent
2026-04-29T01:58:53Z,WS-HR-03,4624,,CORP\agarcia,User,CORP,agarcia,agarcia,CORP,172.26.129.218,57769,3,Kerberos,,,,,,,,Microsoft-Windows-Security-Auditing,Security,SecurityEvent
2026-04-29T01:58:59Z,WS-OPS-02,4625,,CORP\kpatel,User,CORP,kpatel,kpatel,CORP,10.217.229.118,64300,3,Seclogo,Unknown user name or bad password.,,,,,,,Microsoft-Windows-Security-Auditing,Security,SecurityEvent
2026-04-29T01:59:02Z,WS-OPS-02,4624,,CORP\lwoods,User,CORP,lwoods,lwoods,CORP,10.92.188.41,57393,2,Kerberos,,,,,,,,Microsoft-Windows-Security-Auditing,Security,SecurityEvent
2026-04-29T01:59:37Z,WS-IT-01,4624,,CORP\jharris,User,CORP,jharris,jharris,CORP,192.168.23.104,53807,5,Kerberos,,,,,,,,Microsoft-Windows-Security-Auditing,Security,SecurityEvent
2026-04-29T01:59:39Z,WS-IT-02,4625,,CORP\agarcia,User,CORP,agarcia,agarcia,CORP,10.18.133.208,53186,3,NtLmSsp,Unknown user name or bad password.,,,,,,,Microsoft-Windows-Security-Auditing,Security,SecurityEvent
2026-04-29T01:59:45Z,WS-OPS-01,4688,,CORP\kpatel,User,CORP,kpatel,kpatel,CORP,,,,,,C:\Windows\System32\Teams.exe,C:\Windows\System32\Teams.exe,C:\Windows\System32\smss.exe,"""C:\Windows\System32\Teams.exe""",,,Microsoft-Windows-Security-Auditing,Security,SecurityEvent
2026-04-29T01:59:50Z,WS-OPS-02,4624,,CORP\mwhite,User,CORP,mwhite,mwhite,CORP,10.196.178.6,58657,4,NtLmSsp,,,,,,,,Microsoft-Windows-Security-Auditing,Security,SecurityEvent
2026-04-29T02:00:40Z,WS-DEV-02,4624,,CORP\ehernandez,User,CORP,ehernandez,ehernandez,CORP,10.113.156.180,54785,7,Kerberos,,,,,,,,Microsoft-Windows-Security-Auditing,Security,SecurityEvent
2026-04-29T02:00:43Z,WS-OPS-01,4688,,CORP\kpatel,User,CORP,kpatel,kpatel,CORP,,,,,,C:\Windows\System32\explorer.exe,C:\Windows\System32\explorer.exe,C:\Windows\System32\taskmgr.exe,"""C:\Windows\System32\explorer.exe""",,,Microsoft-Windows-Security-Auditing,Security,SecurityEvent
2026-04-29T02:00:44Z,WS-OPS-02,4624,,CORP\bsato,User,CORP,bsato,bsato,CORP,10.89.50.41,59951,7,Kerberos,,,,,,,,Microsoft-Windows-Security-Auditing,Security,SecurityEvent
2026-04-29T02:00:49Z,WS-OPS-01,4624,,CORP\rmorales,User,CORP,rmorales,rmorales,CORP,172.29.15.228,64618,2,NtLmSsp,,,,,,,,Microsoft-Windows-Security-Auditing,Security,SecurityEvent
2026-04-29T02:01:04Z,WS-HR-03,4688,,CORP\agarcia,User,CORP,agarcia,agarcia,CORP,,,,,,C:\Windows\System32\chrome.exe,C:\Windows\System32\chrome.exe,C:\Windows\System32\EXCEL.EXE,"""C:\Windows\System32\chrome.exe""",,,Microsoft-Windows-Security-Auditing,Security,SecurityEvent
2026-04-29T02:01:09Z,WS-DEV-02,4624,,CORP\sthompson,User,CORP,sthompson,sthompson,CORP,10.177.223.131,52994,5,Negotiate,,,,,,,,Microsoft-Windows-Security-Auditing,Security,SecurityEvent
2026-04-29T02:01:12Z,WS-OPS-02,4688,,CORP\ehernandez,User,CORP,ehernandez,ehernandez,CORP,,,,,,C:\Windows\System32\SearchHost.exe,C:\Windows\System32\SearchHost.exe,C:\Windows\System32\lsass.exe,"""C:\Windows\System32\SearchHost.exe""",,,Microsoft-Windows-Security-Auditing,Security,SecurityEvent
2026-04-29T02:01:34Z,LAP-EXEC-01,4624,,CORP\lwoods,User,CORP,lwoods,lwoods,CORP,10.8.213.60,57860,3,Kerberos,,,,,,,,Microsoft-Windows-Security-Auditing,Security,SecurityEvent
2026-04-29T02:01:49Z,WS-MKT-02,4688,,CORP\mwhite,User,CORP,mwhite,mwhite,CORP,,,,,,C:\Windows\System32\taskmgr.exe,C:\Windows\System32\taskmgr.exe,C:\Windows\System32\OneDrive.exe,"""C:\Windows\System32\taskmgr.exe""",,,Microsoft-Windows-Security-Auditing,Security,SecurityEvent
2026-04-29T02:01:53Z,WS-HR-03,4624,,CORP\rmorales,User,CORP,rmorales,rmorales,CORP,10.234.163.89,49435,3,Kerberos,,,,,,,,Microsoft-Windows-Security-Auditing,Security,SecurityEvent
2026-04-29T02:01:53Z,LAP-EXEC-01,4624,,CORP\dkim,User,CORP,dkim,dkim,CORP,192.168.17.21,60147,5,Kerberos,,,,,,,,Microsoft-Windows-Security-Auditing,Security,SecurityEvent
2026-04-29T02:01:57Z,WS-MKT-01,4672,,CORP\agarcia,Admin,CORP,agarcia,agarcia,CORP,,,,,,,,,,,,Microsoft-Windows-Security-Auditing,Security,SecurityEvent
2026-04-29T02:02:03Z,SVR-WEB-01,4624,,CORP\mwhite,User,CORP,mwhite,mwhite,CORP,10.6.44.242,55800,4,Kerberos,,,,,,,,Microsoft-Windows-Security-Auditing,Security,SecurityEvent
2026-04-29T02:02:12Z,WS-IT-02,4624,,CORP\kpatel,User,CORP,kpatel,kpatel,CORP,172.31.9.23,53415,3,NtLmSsp,,,,,,,,Microsoft-Windows-Security-Auditing,Security,SecurityEvent
2026-04-29T02:02:14Z,WS-HR-03,4624,,CORP\tnguyen,User,CORP,tnguyen,tnguyen,CORP,10.52.145.146,59147,2,Kerberos,,,,,,,,Microsoft-Windows-Security-Auditing,Security,SecurityEvent
2026-04-29T02:02:51Z,WS-IT-02,4688,,CORP\rmorales,User,CORP,rmorales,rmorales,CORP,,,,,,C:\Windows\System32\taskmgr.exe,C:\Windows\System32\taskmgr.exe,C:\Windows\System32\Teams.exe,"""C:\Windows\System32\taskmgr.exe""",,,Microsoft-Windows-Security-Auditing,Security,SecurityEvent
2026-04-29T02:02:55Z,WS-OPS-02,4634,,CORP\jharris,User,CORP,jharris,jharris,CORP,,,11,Negotiate,,,,,,,,Microsoft-Windows-Security-Auditing,Security,SecurityEvent
2026-04-29T02:03:25Z,WS-DEV-02,4688,,CORP\jharris,User,CORP,jharris,jharris,CORP,,,,,,C:\Windows\System32\SearchHost.exe,C:\Windows\System32\SearchHost.exe,C:\Windows\System32\msiexec.exe,"""C:\Windows\System32\SearchHost.exe""",,,Microsoft-Windows-Security-Auditing,Security,SecurityEvent
2026-04-29T02:03:29Z,SVR-DC-01,4624,,CORP\ehernandez,User,CORP,ehernandez,ehernandez,CORP,10.161.217.91,52755,5,Kerberos,,,,,,,,Microsoft-Windows-Security-Auditing,Security,SecurityEvent
2026-04-29T02:03:35Z,WS-MKT-02,4624,,CORP\agarcia,User,CORP,agarcia,agarcia,CORP,192.168.117.154,54725,11,Kerberos,,,,,,,,Microsoft-Windows-Security-Auditing,Security,SecurityEvent
2026-04-29T02:03:36Z,WS-OPS-02,4625,,CORP\kpatel,User,CORP,kpatel,kpatel,CORP,172.30.47.96,59751,2,Kerberos,Unknown user name or bad password.,,,,,,,Microsoft-Windows-Security-Auditing,Security,SecurityEvent
2026-04-29T02:03:37Z,WS-HR-03,4624,,CORP\tnguyen,User,CORP,tnguyen,tnguyen,CORP,172.22.30.58,57014,3,Negotiate,,,,,,,,Microsoft-Windows-Security-Auditing,Security,SecurityEvent
2026-04-29T02:03:39Z,WS-MKT-02,4732,,CORP\olopez,User,CORP,olopez,newuser343,CORP,,,,,,,,,,,,Microsoft-Windows-Security-Auditing,Security,SecurityEvent
2026-04-29T02:03:42Z,WS-HR-03,4625,,CORP\mwhite,User,CORP,mwhite,mwhite,CORP,10.146.186.52,60489,3,Negotiate,The user has not been granted the requested logon type at this machine.,,,,,,,Microsoft-Windows-Security-Auditing,Security,SecurityEvent
2026-04-29T02:03:47Z,WS-MKT-01,4624,,CORP\sthompson,User,CORP,sthompson,sthompson,CORP,10.113.121.181,50181,11,NtLmSsp,,,,,,,,Microsoft-Windows-Security-Auditing,Security,SecurityEvent
2026-04-29T02:04:21Z,LAP-SALES-03,4634,,CORP\rmorales,User,CORP,rmorales,rmorales,CORP,,,3,Kerberos,,,,,,,,Microsoft-Windows-Security-Auditing,Security,SecurityEvent
2026-04-29T02:04:23Z,SVR-DC-01,4688,,CORP\rmorales,User,CORP,rmorales,rmorales,CORP,,,,,,C:\Windows\System32\EXCEL.EXE,C:\Windows\System32\EXCEL.EXE,C:\Windows\System32\WINWORD.EXE,"""C:\Windows\System32\EXCEL.EXE""",,,Microsoft-Windows-Security-Auditing,Security,SecurityEvent
2026-04-29T02:04:37Z,WS-HR-03,4624,,CORP\sthompson,User,CORP,sthompson,sthompson,CORP,10.183.97.168,57195,5,NtLmSsp,,,,,,,,Microsoft-Windows-Security-Auditing,Security,SecurityEvent
2026-04-29T02:04:38Z,WS-IT-01,4688,,CORP\agarcia,User,CORP,agarcia,agarcia,CORP,,,,,,C:\Windows\System32\taskmgr.exe,C:\Windows\System32\taskmgr.exe,C:\Windows\System32\msedge.exe,"""C:\Windows\System32\taskmgr.exe""",,,Microsoft-Windows-Security-Auditing,Security,SecurityEvent
2026-04-29T02:04:46Z,WS-OPS-02,4624,,CORP\mwhite,User,CORP,mwhite,mwhite,CORP,10.58.72.53,63682,2,Kerberos,,,,,,,,Microsoft-Windows-Security-Auditing,Security,SecurityEvent
2026-04-29T02:04:55Z,LAP-EXEC-01,4624,,CORP\kpatel,User,CORP,kpatel,kpatel,CORP,172.19.221.101,58359,2,Kerberos,,,,,,,,Microsoft-Windows-Security-Auditing,Security,SecurityEvent
2026-04-29T02:04:59Z,WS-HR-03,4672,,CORP\jharris,Admin,CORP,jharris,jharris,CORP,,,,,,,,,,,,Microsoft-Windows-Security-Auditing,Security,SecurityEvent
2026-04-29T02:05:04Z,WS-OPS-01,4688,,CORP\sthompson,User,CORP,sthompson,sthompson,CORP,,,,,,C:\Windows\System32\svchost.exe,C:\Windows\System32\svchost.exe,C:\Windows\System32\WINWORD.EXE,"""C:\Windows\System32\svchost.exe""",,,Microsoft-Windows-Security-Auditing,Security,SecurityEvent
2026-04-29T02:05:15Z,WS-IT-01,4624,,CORP\sthompson,User,CORP,sthompson,sthompson,CORP,10.205.192.15,58651,3,User32,,,,,,,,Microsoft-Windows-Security-Auditing,Security,SecurityEvent
2026-04-29T02:05:17Z,SVR-DC-01,4688,,CORP\dkim,User,CORP,dkim,dkim,CORP,,,,,,C:\Windows\System32\Teams.exe,C:\Windows\System32\Teams.exe,C:\Windows\System32\lsass.exe,"""C:\Windows\System32\Teams.exe""",,,Microsoft-Windows-Security-Auditing,Security,SecurityEvent
2026-04-29T02:05:41Z,WS-DEV-02,4688,,CORP\tnguyen,User,CORP,tnguyen,tnguyen,CORP,,,,,,C:\Windows\System32\chrome.exe,C:\Windows\System32\chrome.exe,C:\Windows\System32\firefox.exe,"""C:\Windows\System32\chrome.exe""",,,Microsoft-Windows-Security-Auditing,Security,SecurityEvent
2026-04-29T02:05:46Z,WS-MKT-02,4688,,CORP\rmorales,User,CORP,rmorales,rmorales,CORP,,,,,,C:\Windows\System32\chrome.exe,C:\Windows\System32\chrome.exe,C:\Windows\System32\services.exe,"""C:\Windows\System32\chrome.exe""",,,Microsoft-Windows-Security-Auditing,Security,SecurityEvent
2026-04-29T02:05:53Z,WS-MKT-02,4672,,CORP\jharris,Admin,CORP,jharris,jharris,CORP,,,,,,,,,,,,Microsoft-Windows-Security-Auditing,Security,SecurityEvent
2026-04-29T02:05:54Z,WS-OPS-02,4634,,CORP\jharris,User,CORP,jharris,jharris,CORP,,,2,NtLmSsp,,,,,,,,Microsoft-Windows-Security-Auditing,Security,SecurityEvent
2026-04-29T02:06:00Z,WS-FINANCE-01,4688,,CORP\tnguyen,User,CORP,tnguyen,tnguyen,CORP,,,,,,C:\Windows\System32\explorer.exe,C:\Windows\System32\explorer.exe,C:\Windows\System32\EXCEL.EXE,"""C:\Windows\System32\explorer.exe""",,,Microsoft-Windows-Security-Auditing,Security,SecurityEvent
2026-04-29T02:06:08Z,WS-MKT-02,4624,,CORP\dkim,User,CORP,dkim,dkim,CORP,10.67.33.168,49457,3,Negotiate,,,,,,,,Microsoft-Windows-Security-Auditing,Security,SecurityEvent
2026-04-29T02:06:26Z,SVR-WEB-01,4624,,CORP\mwhite,User,CORP,mwhite,mwhite,CORP,10.65.139.22,63546,3,User32,,,,,,,,Microsoft-Windows-Security-Auditing,Security,SecurityEvent
2026-04-29T02:06:27Z,LAP-SALES-03,4624,,CORP\tnguyen,User,CORP,tnguyen,tnguyen,CORP,10.146.217.202,57162,2,User32,,,,,,,,Microsoft-Windows-Security-Auditing,Security,SecurityEvent
2026-04-29T02:06:29Z,WS-IT-01,4634,,CORP\kpatel,User,CORP,kpatel,kpatel,CORP,,,3,Negotiate,,,,,,,,Microsoft-Windows-Security-Auditing,Security,SecurityEvent
2026-04-29T02:06:36Z,WS-OPS-01,4634,,CORP\mwhite,User,CORP,mwhite,mwhite,CORP,,,7,Negotiate,,,,,,,,Microsoft-Windows-Security-Auditing,Security,SecurityEvent
2026-04-29T02:07:05Z,WS-FINANCE-01,4624,,CORP\mwhite,User,CORP,mwhite,mwhite,CORP,10.157.248.215,50382,2,Kerberos,,,,,,,,Microsoft-Windows-Security-Auditing,Security,SecurityEvent
2026-04-29T02:07:16Z,WS-IT-02,4624,,CORP\lwoods,User,CORP,lwoods,lwoods,CORP,10.240.47.118,58550,5,NtLmSsp,,,,,,,,Microsoft-Windows-Security-Auditing,Security,SecurityEvent
2026-04-29T02:07:26Z,SVR-WEB-01,4624,,CORP\rmorales,User,CORP,rmorales,rmorales,CORP,10.46.245.77,49177,3,Kerberos,,,,,,,,Microsoft-Windows-Security-Auditing,Security,SecurityEvent
2026-04-29T02:07:35Z,WS-FINANCE-01,4688,,CORP\lwoods,User,CORP,lwoods,lwoods,CORP,,,,,,C:\Windows\System32\smss.exe,C:\Windows\System32\smss.exe,C:\Windows\System32\chrome.exe,"""C:\Windows\System32\smss.exe""",,,Microsoft-Windows-Security-Auditing,Security,SecurityEvent
2026-04-29T02:07:37Z,WS-MKT-02,4624,,CORP\jharris,User,CORP,jharris,jharris,CORP,10.154.1.183,54592,5,NtLmSsp,,,,,,,,Microsoft-Windows-Security-Auditing,Security,SecurityEvent
2026-04-29T02:07:37Z,WS-OPS-02,4624,,CORP\lwoods,User,CORP,lwoods,lwoods,CORP,192.168.148.191,54740,2,Negotiate,,,,,,,,Microsoft-Windows-Security-Auditing,Security,SecurityEvent
2026-04-29T02:07:41Z,LAP-EXEC-01,4625,,CORP\lwoods,User,CORP,lwoods,lwoods,CORP,10.167.170.214,56371,3,NtLmSsp,Unknown user name or bad password.,,,,,,,Microsoft-Windows-Security-Auditing,Security,SecurityEvent
2026-04-29T02:07:52Z,LAP-EXEC-01,4624,,CORP\rmorales,User,CORP,rmorales,rmorales,CORP,10.220.140.15,49178,4,NtLmSsp,,,,,,,,Microsoft-Windows-Security-Auditing,Security,SecurityEvent
2026-04-29T02:08:08Z,SVR-WEB-01,4688,,CORP\agarcia,User,CORP,agarcia,agarcia,CORP,,,,,,C:\Windows\System32\WINWORD.EXE,C:\Windows\System32\WINWORD.EXE,C:\Windows\System32\WINWORD.EXE,"""C:\Windows\System32\WINWORD.EXE""",,,Microsoft-Windows-Security-Auditing,Security,SecurityEvent
2026-04-29T02:08:13Z,WS-IT-02,4688,,CORP\mwhite,User,CORP,mwhite,mwhite,CORP,,,,,,C:\Windows\System32\msedge.exe,C:\Windows\System32\msedge.exe,C:\Windows\System32\svchost.exe,"""C:\Windows\System32\msedge.exe""",,,Microsoft-Windows-Security-Auditing,Security,SecurityEvent
2026-04-29T02:08:22Z,SVR-DC-01,4624,,CORP\mwhite,User,CORP,mwhite,mwhite,CORP,10.156.144.13,50869,5,Negotiate,,,,,,,,Microsoft-Windows-Security-Auditing,Security,SecurityEvent
2026-04-29T02:08:23Z,LAP-EXEC-01,4634,,CORP\kpatel,User,CORP,kpatel,kpatel,CORP,,,3,Kerberos,,,,,,,,Microsoft-Windows-Security-Auditing,Security,SecurityEvent
2026-04-29T02:08:34Z,WS-IT-01,4688,,CORP\lwoods,User,CORP,lwoods,lwoods,CORP,,,,,,C:\Windows\System32\wininit.exe,C:\Windows\System32\wininit.exe,C:\Windows\System32\csrss.exe,"""C:\Windows\System32\wininit.exe""",,,Microsoft-Windows-Security-Auditing,Security,SecurityEvent
2026-04-29T02:08:41Z,WS-FINANCE-01,4624,,CORP\lwoods,User,CORP,lwoods,lwoods,CORP,10.18.64.177,64464,3,Kerberos,,,,,,,,Microsoft-Windows-Security-Auditing,Security,SecurityEvent
2026-04-29T02:08:48Z,SVR-WEB-01,4625,,CORP\jharris,User,CORP,jharris,jharris,CORP,10.192.86.226,61167,11,Kerberos,The user has not been granted the requested logon type at this machine.,,,,,,,Microsoft-Windows-Security-Auditing,Security,SecurityEvent
2026-04-29T02:09:01Z,WS-IT-01,4624,,CORP\bsato,User,CORP,bsato,bsato,CORP,10.86.158.94,51417,3,NtLmSsp,,,,,,,,Microsoft-Windows-Security-Auditing,Security,SecurityEvent
2026-04-29T02:09:02Z,WS-FINANCE-01,4634,,CORP\mwhite,User,CORP,mwhite,mwhite,CORP,,,7,Kerberos,,,,,,,,Microsoft-Windows-Security-Auditing,Security,SecurityEvent
2026-04-29T02:09:19Z,LAP-SALES-03,4688,,CORP\mwhite,User,CORP,mwhite,mwhite,CORP,,,,,,C:\Windows\System32\services.exe,C:\Windows\System32\services.exe,C:\Windows\System32\explorer.exe,"""C:\Windows\System32\services.exe""",,,Microsoft-Windows-Security-Auditing,Security,SecurityEvent
2026-04-29T02:09:40Z,WS-OPS-02,4624,,CORP\kpatel,User,CORP,kpatel,kpatel,CORP,172.21.229.103,63007,3,NtLmSsp,,,,,,,,Microsoft-Windows-Security-Auditing,Security,SecurityEvent
2026-04-29T02:10:06Z,SVR-DC-01,4625,,CORP\rmorales,User,CORP,rmorales,rmorales,CORP,172.20.200.66,61215,5,Negotiate,Unknown user name or bad password.,,,,,,,Microsoft-Windows-Security-Auditing,Security,SecurityEvent
2026-04-29T02:10:13Z,SVR-DC-01,4688,,CORP\ehernandez,User,CORP,ehernandez,ehernandez,CORP,,,,,,C:\Windows\System32\Teams.exe,C:\Windows\System32\Teams.exe,C:\Windows\System32\smss.exe,"""C:\Windows\System32\Teams.exe""",,,Microsoft-Windows-Security-Auditing,Security,SecurityEvent
2026-04-29T02:10:16Z,LAP-EXEC-01,4625,,CORP\rmorales,User,CORP,rmorales,rmorales,CORP,10.110.95.109,55514,3,Negotiate,Unknown user name or bad password.,,,,,,,Microsoft-Windows-Security-Auditing,Security,SecurityEvent
2026-04-29T02:10:25Z,WS-IT-02,4688,,CORP\lwoods,User,CORP,lwoods,lwoods,CORP,,,,,,C:\Windows\System32\Teams.exe,C:\Windows\System32\Teams.exe,C:\Windows\System32\explorer.exe,"""C:\Windows\System32\Teams.exe""",,,Microsoft-Windows-Security-Auditing,Security,SecurityEvent
2026-04-29T02:10:34Z,WS-IT-02,4624,,CORP\rmorales,User,CORP,rmorales,rmorales,CORP,10.27.127.219,60495,5,Negotiate,,,,,,,,Microsoft-Windows-Security-Auditing,Security,SecurityEvent
2026-04-29T02:10:46Z,LAP-EXEC-01,4688,,CORP\tnguyen,User,CORP,tnguyen,tnguyen,CORP,,,,,,C:\Windows\System32\code.exe,C:\Windows\System32\code.exe,C:\Windows\System32\chrome.exe,"""C:\Windows\System32\code.exe""",,,Microsoft-Windows-Security-Auditing,Security,SecurityEvent
2026-04-29T02:10:53Z,SVR-WEB-01,4624,,CORP\mwhite,User,CORP,mwhite,mwhite,CORP,10.47.48.77,51520,3,NtLmSsp,,,,,,,,Microsoft-Windows-Security-Auditing,Security,SecurityEvent
2026-04-29T02:10:57Z,WS-HR-03,4672,,CORP\rmorales,Admin,CORP,rmorales,rmorales,CORP,,,,,,,,,,,,Microsoft-Windows-Security-Auditing,Security,SecurityEvent
2026-04-29T02:11:10Z,WS-DEV-02,4624,,CORP\tnguyen,User,CORP,tnguyen,tnguyen,CORP,10.106.206.107,55398,3,Kerberos,,,,,,,,Microsoft-Windows-Security-Auditing,Security,SecurityEvent
2026-04-29T02:11:55Z,WS-DEV-02,4688,,CORP\ehernandez,User,CORP,ehernandez,ehernandez,CORP,,,,,,C:\Windows\System32\EXCEL.EXE,C:\Windows\System32\EXCEL.EXE,C:\Windows\System32\csrss.exe,"""C:\Windows\System32\EXCEL.EXE""",,,Microsoft-Windows-Security-Auditing,Security,SecurityEvent
2026-04-29T02:11:56Z,LAP-SALES-03,4697,,CORP\mwhite,User,CORP,mwhite,mwhite,CORP,,,,,,,,,,svc-e58fabe3,C:\Program Files\svc-e58fabe3\svc-e58fabe3.exe,Microsoft-Windows-Security-Auditing,Security,SecurityEvent
2026-04-29T02:12:13Z,WS-MKT-01,4625,,CORP\dkim,User,CORP,dkim,dkim,CORP,10.107.231.9,54579,3,Kerberos,Unknown user name or bad password.,,,,,,,Microsoft-Windows-Security-Auditing,Security,SecurityEvent
2026-04-29T02:12:22Z,SVR-WEB-01,4624,,CORP\tnguyen,User,CORP,tnguyen,tnguyen,CORP,10.188.246.89,57675,5,Negotiate,,,,,,,,Microsoft-Windows-Security-Auditing,Security,SecurityEvent
2026-04-29T02:12:35Z,SVR-DC-01,4688,,CORP\tnguyen,User,CORP,tnguyen,tnguyen,CORP,,,,,,C:\Windows\System32\Teams.exe,C:\Windows\System32\Teams.exe,C:\Windows\System32\svchost.exe,"""C:\Windows\System32\Teams.exe""",,,Microsoft-Windows-Security-Auditing,Security,SecurityEvent
2026-04-29T02:12:37Z,LAP-SALES-03,4688,,CORP\lwoods,User,CORP,lwoods,lwoods,CORP,,,,,,C:\Windows\System32\firefox.exe,C:\Windows\System32\firefox.exe,C:\Windows\System32\WINWORD.EXE,"""C:\Windows\System32\firefox.exe""",,,Microsoft-Windows-Security-Auditing,Security,SecurityEvent
2026-04-29T02:12:45Z,SVR-DC-01,4624,,CORP\ehernandez,User,CORP,ehernandez,ehernandez,CORP,10.17.237.113,59374,3,NtLmSsp,,,,,,,,Microsoft-Windows-Security-Auditing,Security,SecurityEvent
2026-04-29T02:12:46Z,SVR-WEB-01,4697,,CORP\rmorales,User,CORP,rmorales,rmorales,CORP,,,,,,,,,,svc-ea5d1d45,C:\Program Files\svc-ea5d1d45\svc-ea5d1d45.exe,Microsoft-Windows-Security-Auditing,Security,SecurityEvent
2026-04-29T02:12:49Z,SVR-DC-01,4688,,CORP\olopez,User,CORP,olopez,olopez,CORP,,,,,,C:\Windows\System32\Teams.exe,C:\Windows\System32\Teams.exe,C:\Windows\System32\code.exe,"""C:\Windows\System32\Teams.exe""",,,Microsoft-Windows-Security-Auditing,Security,SecurityEvent
2026-04-29T02:12:50Z,WS-IT-01,4624,,CORP\agarcia,User,CORP,agarcia,agarcia,CORP,172.20.85.39,52010,3,NtLmSsp,,,,,,,,Microsoft-Windows-Security-Auditing,Security,SecurityEvent
2026-04-29T02:12:56Z,WS-MKT-02,4624,,CORP\agarcia,User,CORP,agarcia,agarcia,CORP,10.26.186.136,57628,2,Kerberos,,,,,,,,Microsoft-Windows-Security-Auditing,Security,SecurityEvent
2026-04-29T02:12:57Z,WS-HR-03,4634,,CORP\mwhite,User,CORP,mwhite,mwhite,CORP,,,11,NtLmSsp,,,,,,,,Microsoft-Windows-Security-Auditing,Security,SecurityEvent
2026-04-29T02:13:31Z,WS-IT-02,4625,,CORP\jharris,User,CORP,jharris,jharris,CORP,10.175.59.157,52141,7,Kerberos,Unknown user name or bad password.,,,,,,,Microsoft-Windows-Security-Auditing,Security,SecurityEvent
2026-04-29T02:13:47Z,WS-HR-03,4624,,CORP\tnguyen,User,CORP,tnguyen,tnguyen,CORP,10.90.228.196,61417,3,User32,,,,,,,,Microsoft-Windows-Security-Auditing,Security,SecurityEvent
2026-04-29T02:14:20Z,WS-HR-03,4624,,CORP\kpatel,User,CORP,kpatel,kpatel,CORP,10.118.99.229,63119,3,Kerberos,,,,,,,,Microsoft-Windows-Security-Auditing,Security,SecurityEvent
2026-04-29T02:14:26Z,WS-OPS-02,4624,,CORP\sthompson,User,CORP,sthompson,sthompson,CORP,10.103.228.158,51002,11,Kerberos,,,,,,,,Microsoft-Windows-Security-Auditing,Security,SecurityEvent
2026-04-29T02:14:35Z,SVR-DC-01,4624,,CORP\kpatel,User,CORP,kpatel,kpatel,CORP,172.31.116.150,58347,3,Kerberos,,,,,,,,Microsoft-Windows-Security-Auditing,Security,SecurityEvent
2026-04-29T02:14:58Z,SVR-WEB-01,4634,,CORP\jharris,User,CORP,jharris,jharris,CORP,,,2,Negotiate,,,,,,,,Microsoft-Windows-Security-Auditing,Security,SecurityEvent
2026-04-29T02:15:09Z,WS-OPS-02,4624,,CORP\tnguyen,User,CORP,tnguyen,tnguyen,CORP,10.75.85.194,65177,11,Advapi,,,,,,,,Microsoft-Windows-Security-Auditing,Security,SecurityEvent
2026-04-29T02:15:11Z,WS-OPS-01,4624,,CORP\dkim,User,CORP,dkim,dkim,CORP,172.23.69.167,61263,11,Negotiate,,,,,,,,Microsoft-Windows-Security-Auditing,Security,SecurityEvent
2026-04-29T02:15:35Z,WS-DEV-02,4688,,CORP\kpatel,User,CORP,kpatel,kpatel,CORP,,,,,,C:\Windows\System32\lsass.exe,C:\Windows\System32\lsass.exe,C:\Windows\System32\msiexec.exe,"""C:\Windows\System32\lsass.exe""",,,Microsoft-Windows-Security-Auditing,Security,SecurityEvent
2026-04-29T02:15:41Z,WS-FINANCE-01,4688,,CORP\ehernandez,User,CORP,ehernandez,ehernandez,CORP,,,,,,C:\Windows\System32\csrss.exe,C:\Windows\System32\csrss.exe,C:\Windows\System32\SearchHost.exe,"""C:\Windows\System32\csrss.exe""",,,Microsoft-Windows-Security-Auditing,Security,SecurityEvent
2026-04-29T02:15:53Z,WS-OPS-01,4625,,CORP\tnguyen,User,CORP,tnguyen,tnguyen,CORP,10.1.174.135,60857,3,User32,Unknown user name or bad password.,,,,,,,Microsoft-Windows-Security-Auditing,Security,SecurityEvent
2026-04-29T02:16:08Z,SVR-WEB-01,4624,,CORP\jharris,User,CORP,jharris,jharris,CORP,10.149.234.179,55734,5,Kerberos,,,,,,,,Microsoft-Windows-Security-Auditing,Security,SecurityEvent
2026-04-29T02:16:21Z,SVR-WEB-01,4624,,CORP\jharris,User,CORP,jharris,jharris,CORP,172.25.100.80,58613,4,Kerberos,,,,,,,,Microsoft-Windows-Security-Auditing,Security,SecurityEvent
2026-04-29T02:16:24Z,LAP-SALES-03,4688,,CORP\tnguyen,User,CORP,tnguyen,tnguyen,CORP,,,,,,C:\Windows\System32\lsass.exe,C:\Windows\System32\lsass.exe,C:\Windows\System32\msedge.exe,"""C:\Windows\System32\lsass.exe""",,,Microsoft-Windows-Security-Auditing,Security,SecurityEvent
2026-04-29T02:16:37Z,WS-MKT-02,4624,,CORP\jharris,User,CORP,jharris,jharris,CORP,10.151.32.7,60416,3,Kerberos,,,,,,,,Microsoft-Windows-Security-Auditing,Security,SecurityEvent
2026-04-29T02:16:38Z,WS-FINANCE-01,4625,,CORP\agarcia,User,CORP,agarcia,agarcia,CORP,172.26.150.172,55498,3,NtLmSsp,Unknown user name or bad password.,,,,,,,Microsoft-Windows-Security-Auditing,Security,SecurityEvent
2026-04-29T02:16:40Z,WS-HR-03,4688,,CORP\agarcia,User,CORP,agarcia,agarcia,CORP,,,,,,C:\Windows\System32\msedge.exe,C:\Windows\System32\msedge.exe,C:\Windows\System32\svchost.exe,"""C:\Windows\System32\msedge.exe""",,,Microsoft-Windows-Security-Auditing,Security,SecurityEvent
2026-04-29T02:16:47Z,SVR-WEB-01,4688,,CORP\bsato,User,CORP,bsato,bsato,CORP,,,,,,C:\Windows\System32\lsass.exe,C:\Windows\System32\lsass.exe,C:\Windows\System32\svchost.exe,"""C:\Windows\System32\lsass.exe""",,,Microsoft-Windows-Security-Auditing,Security,SecurityEvent
2026-04-29T02:17:00Z,LAP-EXEC-01,4688,,CORP\olopez,User,CORP,olopez,olopez,CORP,,,,,,C:\Windows\System32\services.exe,C:\Windows\System32\services.exe,C:\Windows\System32\explorer.exe,"""C:\Windows\System32\services.exe""",,,Microsoft-Windows-Security-Auditing,Security,SecurityEvent
2026-04-29T02:17:20Z,WS-MKT-01,4688,,CORP\sthompson,User,CORP,sthompson,sthompson,CORP,,,,,,C:\Windows\System32\OneDrive.exe,C:\Windows\System32\OneDrive.exe,C:\Windows\System32\chrome.exe,"""C:\Windows\System32\OneDrive.exe""",,,Microsoft-Windows-Security-Auditing,Security,SecurityEvent
2026-04-29T02:17:22Z,WS-FINANCE-01,4624,,CORP\mwhite,User,CORP,mwhite,mwhite,CORP,10.8.205.40,59069,5,Negotiate,,,,,,,,Microsoft-Windows-Security-Auditing,Security,SecurityEvent
2026-04-29T02:17:28Z,WS-HR-03,4624,,CORP\sthompson,User,CORP,sthompson,sthompson,CORP,10.107.161.33,62955,3,Kerberos,,,,,,,,Microsoft-Windows-Security-Auditing,Security,SecurityEvent
2026-04-29T02:17:30Z,WS-DEV-02,4624,,CORP\ehernandez,User,CORP,ehernandez,ehernandez,CORP,10.147.67.15,63183,2,Kerberos,,,,,,,,Microsoft-Windows-Security-Auditing,Security,SecurityEvent
2026-04-29T02:17:34Z,WS-DEV-02,4624,,CORP\lwoods,User,CORP,lwoods,lwoods,CORP,10.235.20.245,50309,3,Kerberos,,,,,,,,Microsoft-Windows-Security-Auditing,Security,SecurityEvent
2026-04-29T02:17:42Z,WS-IT-02,4688,,CORP\ehernandez,User,CORP,ehernandez,ehernandez,CORP,,,,,,C:\Windows\System32\msedge.exe,C:\Windows\System32\msedge.exe,C:\Windows\System32\firefox.exe,"""C:\Windows\System32\msedge.exe""",,,Microsoft-Windows-Security-Auditing,Security,SecurityEvent
2026-04-29T02:17:45Z,SVR-WEB-01,4688,,CORP\tnguyen,User,CORP,tnguyen,tnguyen,CORP,,,,,,C:\Windows\System32\code.exe,C:\Windows\System32\code.exe,C:\Windows\System32\SearchHost.exe,"""C:\Windows\System32\code.exe""",,,Microsoft-Windows-Security-Auditing,Security,SecurityEvent
2026-04-29T02:17:56Z,WS-FINANCE-01,4624,,CORP\rmorales,User,CORP,rmorales,rmorales,CORP,10.52.159.93,57580,3,Kerberos,,,,,,,,Microsoft-Windows-Security-Auditing,Security,SecurityEvent
2026-04-29T02:18:21Z,WS-OPS-01,4688,,CORP\tnguyen,User,CORP,tnguyen,tnguyen,CORP,,,,,,C:\Windows\System32\smss.exe,C:\Windows\System32\smss.exe,C:\Windows\System32\csrss.exe,"""C:\Windows\System32\smss.exe""",,,Microsoft-Windows-Security-Auditing,Security,SecurityEvent
2026-04-29T02:18:35Z,WS-IT-02,4624,,CORP\rmorales,User,CORP,rmorales,rmorales,CORP,10.86.171.15,53447,3,Negotiate,,,,,,,,Microsoft-Windows-Security-Auditing,Security,SecurityEvent
2026-04-29T02:18:39Z,SVR-WEB-01,4688,,CORP\kpatel,User,CORP,kpatel,kpatel,CORP,,,,,,C:\Windows\System32\svchost.exe,C:\Windows\System32\svchost.exe,C:\Windows\System32\OUTLOOK.EXE,"""C:\Windows\System32\svchost.exe""",,,Microsoft-Windows-Security-Auditing,Security,SecurityEvent
2026-04-29T02:18:46Z,WS-OPS-02,4625,,CORP\sthompson,User,CORP,sthompson,sthompson,CORP,172.24.211.11,56844,3,Negotiate,Unknown user name or bad password.,,,,,,,Microsoft-Windows-Security-Auditing,Security,SecurityEvent
2026-04-29T02:18:50Z,WS-MKT-02,4624,,CORP\sthompson,User,CORP,sthompson,sthompson,CORP,172.23.67.110,63230,5,Negotiate,,,,,,,,Microsoft-Windows-Security-Auditing,Security,SecurityEvent
2026-04-29T02:19:08Z,WS-MKT-01,4624,,CORP\jharris,User,CORP,jharris,jharris,CORP,10.79.215.168,60788,5,Negotiate,,,,,,,,Microsoft-Windows-Security-Auditing,Security,SecurityEvent
2026-04-29T02:19:08Z,WS-MKT-01,4624,,CORP\agarcia,User,CORP,agarcia,agarcia,CORP,10.175.150.28,56609,2,NtLmSsp,,,,,,,,Microsoft-Windows-Security-Auditing,Security,SecurityEvent
2026-04-29T02:19:11Z,WS-IT-02,4624,,CORP\jharris,User,CORP,jharris,jharris,CORP,10.55.107.115,62849,3,Kerberos,,,,,,,,Microsoft-Windows-Security-Auditing,Security,SecurityEvent
2026-04-29T02:19:18Z,LAP-EXEC-01,4634,,CORP\agarcia,User,CORP,agarcia,agarcia,CORP,,,11,Negotiate,,,,,,,,Microsoft-Windows-Security-Auditing,Security,SecurityEvent
2026-04-29T02:19:34Z,WS-IT-01,4624,,CORP\agarcia,User,CORP,agarcia,agarcia,CORP,10.177.43.85,56538,11,User32,,,,,,,,Microsoft-Windows-Security-Auditing,Security,SecurityEvent
2026-04-29T02:19:42Z,WS-DEV-02,4688,,CORP\tnguyen,User,CORP,tnguyen,tnguyen,CORP,,,,,,C:\Windows\System32\svchost.exe,C:\Windows\System32\svchost.exe,C:\Windows\System32\chrome.exe,"""C:\Windows\System32\svchost.exe""",,,Microsoft-Windows-Security-Auditing,Security,SecurityEvent
2026-04-29T02:20:17Z,LAP-EXEC-01,4624,,CORP\kpatel,User,CORP,kpatel,kpatel,CORP,10.152.219.58,52314,10,User32,,,,,,,,Microsoft-Windows-Security-Auditing,Security,SecurityEvent
2026-04-29T02:20:22Z,LAP-EXEC-01,4624,,CORP\rmorales,User,CORP,rmorales,rmorales,CORP,10.4.183.1,56688,11,Negotiate,,,,,,,,Microsoft-Windows-Security-Auditing,Security,SecurityEvent
2026-04-29T02:20:37Z,WS-DEV-02,4625,,CORP\lwoods,User,CORP,lwoods,lwoods,CORP,10.186.194.138,57516,3,Seclogo,Unknown user name or bad password.,,,,,,,Microsoft-Windows-Security-Auditing,Security,SecurityEvent
2026-04-29T02:20:41Z,SVR-WEB-01,4688,,CORP\dkim,User,CORP,dkim,dkim,CORP,,,,,,C:\Windows\System32\code.exe,C:\Windows\System32\code.exe,C:\Windows\System32\OneDrive.exe,"""C:\Windows\System32\code.exe""",,,Microsoft-Windows-Security-Auditing,Security,SecurityEvent
2026-04-29T02:20:54Z,WS-MKT-01,4625,,CORP\jharris,User,CORP,jharris,jharris,CORP,10.180.203.145,54131,3,NtLmSsp,Unknown user name or bad password.,,,,,,,Microsoft-Windows-Security-Auditing,Security,SecurityEvent
2026-04-29T02:20:57Z,WS-IT-01,4624,,CORP\rmorales,User,CORP,rmorales,rmorales,CORP,172.25.193.12,52701,2,Kerberos,,,,,,,,Microsoft-Windows-Security-Auditing,Security,SecurityEvent
2026-04-29T02:21:04Z,LAP-SALES-03,4697,,CORP\agarcia,User,CORP,agarcia,agarcia,CORP,,,,,,,,,,svc-a6f06c0f,C:\Program Files\svc-a6f06c0f\svc-a6f06c0f.exe,Microsoft-Windows-Security-Auditing,Security,SecurityEvent
2026-04-29T02:21:06Z,WS-OPS-02,4624,,CORP\jharris,User,CORP,jharris,jharris,CORP,10.126.127.31,63283,2,Negotiate,,,,,,,,Microsoft-Windows-Security-Auditing,Security,SecurityEvent
2026-04-29T02:21:11Z,SVR-WEB-01,4624,,CORP\lwoods,User,CORP,lwoods,lwoods,CORP,10.184.252.102,56158,2,User32,,,,,,,,Microsoft-Windows-Security-Auditing,Security,SecurityEvent
2026-04-29T02:21:46Z,WS-FINANCE-01,4624,,CORP\mwhite,User,CORP,mwhite,mwhite,CORP,10.204.212.36,59957,5,User32,,,,,,,,Microsoft-Windows-Security-Auditing,Security,SecurityEvent
2026-04-29T02:22:19Z,WS-OPS-01,4625,,CORP\lwoods,User,CORP,lwoods,lwoods,CORP,10.175.5.48,50337,5,Kerberos,Unknown user name or bad password.,,,,,,,Microsoft-Windows-Security-Auditing,Security,SecurityEvent
2026-04-29T02:22:25Z,WS-HR-03,4625,,CORP\lwoods,User,CORP,lwoods,lwoods,CORP,172.26.139.83,52922,3,Kerberos,The user has not been granted the requested logon type at this machine.,,,,,,,Microsoft-Windows-Security-Auditing,Security,SecurityEvent
2026-04-29T02:22:29Z,WS-IT-02,4688,,CORP\agarcia,User,CORP,agarcia,agarcia,CORP,,,,,,C:\Windows\System32\services.exe,C:\Windows\System32\services.exe,C:\Windows\System32\msedge.exe,"""C:\Windows\System32\services.exe""",,,Microsoft-Windows-Security-Auditing,Security,SecurityEvent
2026-04-29T02:22:43Z,WS-OPS-02,4688,,CORP\agarcia,User,CORP,agarcia,agarcia,CORP,,,,,,C:\Windows\System32\WINWORD.EXE,C:\Windows\System32\WINWORD.EXE,C:\Windows\System32\firefox.exe,"""C:\Windows\System32\WINWORD.EXE""",,,Microsoft-Windows-Security-Auditing,Security,SecurityEvent
2026-04-29T02:22:45Z,WS-IT-01,4624,,CORP\kpatel,User,CORP,kpatel,kpatel,CORP,10.178.53.181,49730,5,Negotiate,,,,,,,,Microsoft-Windows-Security-Auditing,Security,SecurityEvent
2026-04-29T02:23:07Z,WS-HR-03,4697,,CORP\rmorales,User,CORP,rmorales,rmorales,CORP,,,,,,,,,,svc-52d9bbe9,C:\Program Files\svc-52d9bbe9\svc-52d9bbe9.exe,Microsoft-Windows-Security-Auditing,Security,SecurityEvent
2026-04-29T02:23:11Z,WS-OPS-01,4624,,CORP\agarcia,User,CORP,agarcia,agarcia,CORP,10.221.43.151,54665,3,NtLmSsp,,,,,,,,Microsoft-Windows-Security-Auditing,Security,SecurityEvent
2026-04-29T02:23:19Z,WS-HR-03,4688,,CORP\jharris,User,CORP,jharris,jharris,CORP,,,,,,C:\Windows\System32\OneDrive.exe,C:\Windows\System32\OneDrive.exe,C:\Windows\System32\OneDrive.exe,"""C:\Windows\System32\OneDrive.exe""",,,Microsoft-Windows-Security-Auditing,Security,SecurityEvent
2026-04-29T02:23:34Z,WS-OPS-01,4624,,CORP\dkim,User,CORP,dkim,dkim,CORP,10.115.196.134,57352,5,Kerberos,,,,,,,,Microsoft-Windows-Security-Auditing,Security,SecurityEvent
2026-04-29T02:23:40Z,WS-IT-02,4688,,CORP\mwhite,User,CORP,mwhite,mwhite,CORP,,,,,,C:\Windows\System32\explorer.exe,C:\Windows\System32\explorer.exe,C:\Windows\System32\WINWORD.EXE,"""C:\Windows\System32\explorer.exe""",,,Microsoft-Windows-Security-Auditing,Security,SecurityEvent
2026-04-29T02:23:49Z,SVR-DC-01,4624,,CORP\rmorales,User,CORP,rmorales,rmorales,CORP,10.10.80.57,51627,3,Kerberos,,,,,,,,Microsoft-Windows-Security-Auditing,Security,SecurityEvent
2026-04-29T02:23:55Z,WS-IT-01,4672,,CORP\tnguyen,Admin,CORP,tnguyen,tnguyen,CORP,,,,,,,,,,,,Microsoft-Windows-Security-Auditing,Security,SecurityEvent
2026-04-29T02:23:55Z,WS-IT-02,4624,,CORP\mwhite,User,CORP,mwhite,mwhite,CORP,172.18.231.43,57387,2,Kerberos,,,,,,,,Microsoft-Windows-Security-Auditing,Security,SecurityEvent
2026-04-29T02:24:08Z,LAP-SALES-03,4634,,CORP\tnguyen,User,CORP,tnguyen,tnguyen,CORP,,,3,Kerberos,,,,,,,,Microsoft-Windows-Security-Auditing,Security,SecurityEvent
2026-04-29T02:24:11Z,WS-DEV-02,4634,,CORP\dkim,User,CORP,dkim,dkim,CORP,,,5,Negotiate,,,,,,,,Microsoft-Windows-Security-Auditing,Security,SecurityEvent
2026-04-29T02:25:30Z,WS-FINANCE-01,4625,,CORP\mwhite,User,CORP,mwhite,mwhite,CORP,10.4.126.165,54230,11,User32,Unknown user name or bad password.,,,,,,,Microsoft-Windows-Security-Auditing,Security,SecurityEvent
2026-04-29T02:25:44Z,LAP-EXEC-01,4688,,CORP\lwoods,User,CORP,lwoods,lwoods,CORP,,,,,,C:\Windows\System32\msedge.exe,C:\Windows\System32\msedge.exe,C:\Windows\System32\OneDrive.exe,"""C:\Windows\System32\msedge.exe""",,,Microsoft-Windows-Security-Auditing,Security,SecurityEvent
2026-04-29T02:26:04Z,WS-OPS-02,4624,,CORP\mwhite,User,CORP,mwhite,mwhite,CORP,172.17.195.131,53222,5,Kerberos,,,,,,,,Microsoft-Windows-Security-Auditing,Security,SecurityEvent
2026-04-29T02:26:04Z,SVR-DC-01,4688,,CORP\olopez,User,CORP,olopez,olopez,CORP,,,,,,C:\Windows\System32\explorer.exe,C:\Windows\System32\explorer.exe,C:\Windows\System32\services.exe,"""C:\Windows\System32\explorer.exe""",,,Microsoft-Windows-Security-Auditing,Security,SecurityEvent
