2026-04-28T23:25:23Z,SVR-DC-01,4625,,CORP\tnguyen,User,CORP,tnguyen,tnguyen,CORP,10.180.15.166,53299,3,User32,Unknown user name or bad password.,,,,,,,Microsoft-Windows-Security-Auditing,Security,SecurityEvent
2026-04-28T23:25:25Z,WS-HR-03,4624,,CORP\mwhite,User,CORP,mwhite,mwhite,CORP,192.168.127.142,62422,3,User32,,,,,,,,Microsoft-Windows-Security-Auditing,Security,SecurityEvent
2026-04-28T23:25:27Z,WS-DEV-02,4688,,CORP\ehernandez,User,CORP,ehernandez,ehernandez,CORP,,,,,,C:\Windows\System32\svchost.exe,C:\Windows\System32\svchost.exe,C:\Windows\System32\winlogon.exe,"""C:\Windows\System32\svchost.exe""",,,Microsoft-Windows-Security-Auditing,Security,SecurityEvent
2026-04-28T23:25:28Z,WS-DEV-02,4624,,CORP\jharris,User,CORP,jharris,jharris,CORP,10.230.40.130,50769,3,User32,,,,,,,,Microsoft-Windows-Security-Auditing,Security,SecurityEvent
2026-04-28T23:25:34Z,LAP-EXEC-01,4625,,CORP\agarcia,User,CORP,agarcia,agarcia,CORP,10.236.222.173,60337,3,Kerberos,Unknown user name or bad password.,,,,,,,Microsoft-Windows-Security-Auditing,Security,SecurityEvent
2026-04-28T23:25:35Z,WS-HR-03,4688,,CORP\tnguyen,User,CORP,tnguyen,tnguyen,CORP,,,,,,C:\Windows\System32\lsass.exe,C:\Windows\System32\lsass.exe,C:\Windows\System32\code.exe,"""C:\Windows\System32\lsass.exe""",,,Microsoft-Windows-Security-Auditing,Security,SecurityEvent
2026-04-28T23:25:40Z,WS-DEV-02,4720,,CORP\tnguyen,User,CORP,tnguyen,newuser582,CORP,,,,,,,,,,,,Microsoft-Windows-Security-Auditing,Security,SecurityEvent
2026-04-28T23:25:43Z,WS-IT-01,4688,,CORP\agarcia,User,CORP,agarcia,agarcia,CORP,,,,,,C:\Windows\System32\EXCEL.EXE,C:\Windows\System32\EXCEL.EXE,C:\Windows\System32\msedge.exe,"""C:\Windows\System32\EXCEL.EXE""",,,Microsoft-Windows-Security-Auditing,Security,SecurityEvent
2026-04-28T23:25:48Z,WS-HR-03,4624,,CORP\agarcia,User,CORP,agarcia,agarcia,CORP,10.10.177.35,56389,3,Kerberos,,,,,,,,Microsoft-Windows-Security-Auditing,Security,SecurityEvent
2026-04-28T23:25:52Z,SVR-WEB-01,4624,,CORP\rmorales,User,CORP,rmorales,rmorales,CORP,10.50.250.103,61264,3,Negotiate,,,,,,,,Microsoft-Windows-Security-Auditing,Security,SecurityEvent
2026-04-28T23:25:56Z,LAP-EXEC-01,4634,,CORP\mwhite,User,CORP,mwhite,mwhite,CORP,,,10,Kerberos,,,,,,,,Microsoft-Windows-Security-Auditing,Security,SecurityEvent
2026-04-28T23:26:15Z,WS-MKT-02,4624,,CORP\rmorales,User,CORP,rmorales,rmorales,CORP,10.70.179.139,63874,10,NtLmSsp,,,,,,,,Microsoft-Windows-Security-Auditing,Security,SecurityEvent
2026-04-28T23:26:20Z,LAP-SALES-03,4697,,CORP\tnguyen,User,CORP,tnguyen,tnguyen,CORP,,,,,,,,,,svc-92f2c606,C:\Program Files\svc-92f2c606\svc-92f2c606.exe,Microsoft-Windows-Security-Auditing,Security,SecurityEvent
2026-04-28T23:26:26Z,SVR-DC-01,4688,,CORP\lwoods,User,CORP,lwoods,lwoods,CORP,,,,,,C:\Windows\System32\code.exe,C:\Windows\System32\code.exe,C:\Windows\System32\svchost.exe,"""C:\Windows\System32\code.exe""",,,Microsoft-Windows-Security-Auditing,Security,SecurityEvent
2026-04-28T23:26:26Z,WS-HR-03,4624,,CORP\mwhite,User,CORP,mwhite,mwhite,CORP,10.92.117.134,52701,5,User32,,,,,,,,Microsoft-Windows-Security-Auditing,Security,SecurityEvent
2026-04-28T23:26:38Z,WS-OPS-01,4624,,CORP\sthompson,User,CORP,sthompson,sthompson,CORP,172.17.158.161,60921,7,NtLmSsp,,,,,,,,Microsoft-Windows-Security-Auditing,Security,SecurityEvent
2026-04-28T23:26:55Z,WS-DEV-02,4688,,CORP\tnguyen,User,CORP,tnguyen,tnguyen,CORP,,,,,,C:\Windows\System32\code.exe,C:\Windows\System32\code.exe,C:\Windows\System32\WINWORD.EXE,"""C:\Windows\System32\code.exe""",,,Microsoft-Windows-Security-Auditing,Security,SecurityEvent
2026-04-28T23:27:13Z,WS-MKT-02,4624,,CORP\mwhite,User,CORP,mwhite,mwhite,CORP,10.25.28.218,64613,5,NtLmSsp,,,,,,,,Microsoft-Windows-Security-Auditing,Security,SecurityEvent
2026-04-28T23:27:21Z,LAP-SALES-03,4625,,CORP\lwoods,User,CORP,lwoods,lwoods,CORP,192.168.201.16,58683,11,Kerberos,Unknown user name or bad password.,,,,,,,Microsoft-Windows-Security-Auditing,Security,SecurityEvent
2026-04-28T23:27:39Z,SVR-WEB-01,4625,,CORP\jharris,User,CORP,jharris,jharris,CORP,172.16.2.92,52552,3,User32,Unknown user name or bad password.,,,,,,,Microsoft-Windows-Security-Auditing,Security,SecurityEvent
2026-04-28T23:27:40Z,WS-IT-02,4688,,CORP\ehernandez,User,CORP,ehernandez,ehernandez,CORP,,,,,,C:\Windows\System32\msiexec.exe,C:\Windows\System32\msiexec.exe,C:\Windows\System32\winlogon.exe,"""C:\Windows\System32\msiexec.exe""",,,Microsoft-Windows-Security-Auditing,Security,SecurityEvent
2026-04-28T23:27:48Z,WS-FINANCE-01,4624,,CORP\jharris,User,CORP,jharris,jharris,CORP,10.154.246.207,64862,3,Kerberos,,,,,,,,Microsoft-Windows-Security-Auditing,Security,SecurityEvent
2026-04-28T23:28:08Z,WS-OPS-01,4624,,CORP\rmorales,User,CORP,rmorales,rmorales,CORP,10.169.36.7,64711,3,Negotiate,,,,,,,,Microsoft-Windows-Security-Auditing,Security,SecurityEvent
2026-04-28T23:28:16Z,SVR-DC-01,4624,,CORP\WS-FINANCE-01$,Machine,CORP,WS-FINANCE-01$,WS-FINANCE-01$,CORP,127.0.0.1,56234,5,,,,,,,,,Microsoft-Windows-Security-Auditing,Security,SecurityEvent
2026-04-28T23:28:16Z,WS-OPS-02,4688,,CORP\agarcia,User,CORP,agarcia,agarcia,CORP,,,,,,C:\Windows\System32\svchost.exe,C:\Windows\System32\svchost.exe,C:\Windows\System32\csrss.exe,"""C:\Windows\System32\svchost.exe""",,,Microsoft-Windows-Security-Auditing,Security,SecurityEvent
2026-04-28T23:28:50Z,WS-DEV-02,4624,,CORP\sthompson,User,CORP,sthompson,sthompson,CORP,10.215.88.231,56749,2,Kerberos,,,,,,,,Microsoft-Windows-Security-Auditing,Security,SecurityEvent
2026-04-28T23:28:52Z,WS-OPS-01,4672,,CORP\bsato,Admin,CORP,bsato,bsato,CORP,,,,,,,,,,,,Microsoft-Windows-Security-Auditing,Security,SecurityEvent
2026-04-28T23:28:57Z,WS-DEV-02,4688,,CORP\ehernandez,User,CORP,ehernandez,ehernandez,CORP,,,,,,C:\Windows\System32\svchost.exe,C:\Windows\System32\svchost.exe,C:\Windows\System32\chrome.exe,"""C:\Windows\System32\svchost.exe""",,,Microsoft-Windows-Security-Auditing,Security,SecurityEvent
2026-04-28T23:28:57Z,WS-FINANCE-01,4634,,CORP\bsato,User,CORP,bsato,bsato,CORP,,,2,User32,,,,,,,,Microsoft-Windows-Security-Auditing,Security,SecurityEvent
2026-04-28T23:29:20Z,WS-OPS-02,4688,,CORP\ehernandez,User,CORP,ehernandez,ehernandez,CORP,,,,,,C:\Windows\System32\winlogon.exe,C:\Windows\System32\winlogon.exe,C:\Windows\System32\WINWORD.EXE,"""C:\Windows\System32\winlogon.exe""",,,Microsoft-Windows-Security-Auditing,Security,SecurityEvent
2026-04-28T23:29:20Z,WS-OPS-01,4688,,CORP\mwhite,User,CORP,mwhite,mwhite,CORP,,,,,,C:\Windows\System32\taskmgr.exe,C:\Windows\System32\taskmgr.exe,C:\Windows\System32\SearchHost.exe,"""C:\Windows\System32\taskmgr.exe""",,,Microsoft-Windows-Security-Auditing,Security,SecurityEvent
2026-04-28T23:29:24Z,LAP-EXEC-01,4625,,CORP\agarcia,User,CORP,agarcia,agarcia,CORP,10.142.109.105,59714,3,Kerberos,Unknown user name or bad password.,,,,,,,Microsoft-Windows-Security-Auditing,Security,SecurityEvent
2026-04-28T23:29:47Z,WS-MKT-01,4625,,CORP\tnguyen,User,CORP,tnguyen,tnguyen,CORP,10.74.168.11,56224,5,User32,Unknown user name or bad password.,,,,,,,Microsoft-Windows-Security-Auditing,Security,SecurityEvent
2026-04-28T23:29:49Z,WS-HR-03,4688,,CORP\ehernandez,User,CORP,ehernandez,ehernandez,CORP,,,,,,C:\Windows\System32\EXCEL.EXE,C:\Windows\System32\EXCEL.EXE,C:\Windows\System32\msiexec.exe,"""C:\Windows\System32\EXCEL.EXE""",,,Microsoft-Windows-Security-Auditing,Security,SecurityEvent
2026-04-28T23:29:50Z,WS-FINANCE-01,4624,,CORP\ehernandez,User,CORP,ehernandez,ehernandez,CORP,10.196.37.162,58191,3,Kerberos,,,,,,,,Microsoft-Windows-Security-Auditing,Security,SecurityEvent
2026-04-28T23:30:05Z,WS-OPS-02,4625,,CORP\jharris,User,CORP,jharris,jharris,CORP,10.66.224.69,50178,3,NtLmSsp,Unknown user name or bad password.,,,,,,,Microsoft-Windows-Security-Auditing,Security,SecurityEvent
2026-04-28T23:30:34Z,LAP-EXEC-01,4634,,CORP\sthompson,User,CORP,sthompson,sthompson,CORP,,,3,Kerberos,,,,,,,,Microsoft-Windows-Security-Auditing,Security,SecurityEvent
2026-04-28T23:30:35Z,LAP-EXEC-01,4634,,CORP\rmorales,User,CORP,rmorales,rmorales,CORP,,,5,Kerberos,,,,,,,,Microsoft-Windows-Security-Auditing,Security,SecurityEvent
2026-04-28T23:30:35Z,SVR-WEB-01,4624,,CORP\jharris,User,CORP,jharris,jharris,CORP,10.72.122.80,62676,5,NtLmSsp,,,,,,,,Microsoft-Windows-Security-Auditing,Security,SecurityEvent
2026-04-28T23:30:37Z,LAP-SALES-03,4688,,CORP\rmorales,User,CORP,rmorales,rmorales,CORP,,,,,,C:\Windows\System32\winlogon.exe,C:\Windows\System32\winlogon.exe,C:\Windows\System32\firefox.exe,"""C:\Windows\System32\winlogon.exe""",,,Microsoft-Windows-Security-Auditing,Security,SecurityEvent
2026-04-28T23:31:00Z,SVR-DC-01,4624,,CORP\agarcia,User,CORP,agarcia,agarcia,CORP,172.31.153.112,52311,7,Kerberos,,,,,,,,Microsoft-Windows-Security-Auditing,Security,SecurityEvent
2026-04-28T23:31:03Z,SVR-WEB-01,4624,,CORP\dkim,User,CORP,dkim,dkim,CORP,172.28.28.48,56615,3,NtLmSsp,,,,,,,,Microsoft-Windows-Security-Auditing,Security,SecurityEvent
2026-04-28T23:31:12Z,WS-FINANCE-01,4688,,CORP\ehernandez,User,CORP,ehernandez,ehernandez,CORP,,,,,,C:\Windows\System32\OneDrive.exe,C:\Windows\System32\OneDrive.exe,C:\Windows\System32\EXCEL.EXE,"""C:\Windows\System32\OneDrive.exe""",,,Microsoft-Windows-Security-Auditing,Security,SecurityEvent
2026-04-28T23:31:12Z,WS-OPS-01,4624,,CORP\agarcia,User,CORP,agarcia,agarcia,CORP,172.24.8.147,61812,5,NtLmSsp,,,,,,,,Microsoft-Windows-Security-Auditing,Security,SecurityEvent
2026-04-28T23:31:19Z,SVR-WEB-01,4688,,CORP\sthompson,User,CORP,sthompson,sthompson,CORP,,,,,,C:\Windows\System32\winlogon.exe,C:\Windows\System32\winlogon.exe,C:\Windows\System32\explorer.exe,"""C:\Windows\System32\winlogon.exe""",,,Microsoft-Windows-Security-Auditing,Security,SecurityEvent
2026-04-28T23:31:39Z,WS-OPS-01,4624,,CORP\agarcia,User,CORP,agarcia,agarcia,CORP,10.102.82.174,65371,3,Kerberos,,,,,,,,Microsoft-Windows-Security-Auditing,Security,SecurityEvent
2026-04-28T23:31:59Z,WS-OPS-02,4625,,CORP\kpatel,User,CORP,kpatel,kpatel,CORP,10.163.11.33,51773,7,Kerberos,Unknown user name or bad password.,,,,,,,Microsoft-Windows-Security-Auditing,Security,SecurityEvent
2026-04-28T23:32:07Z,WS-DEV-02,4688,,CORP\olopez,User,CORP,olopez,olopez,CORP,,,,,,C:\Windows\System32\smss.exe,C:\Windows\System32\smss.exe,C:\Windows\System32\msedge.exe,"""C:\Windows\System32\smss.exe""",,,Microsoft-Windows-Security-Auditing,Security,SecurityEvent
2026-04-28T23:32:08Z,SVR-DC-01,4624,,CORP\rmorales,User,CORP,rmorales,rmorales,CORP,10.181.194.40,61408,3,NtLmSsp,,,,,,,,Microsoft-Windows-Security-Auditing,Security,SecurityEvent
2026-04-28T23:32:34Z,WS-IT-01,4688,,CORP\agarcia,User,CORP,agarcia,agarcia,CORP,,,,,,C:\Windows\System32\msedge.exe,C:\Windows\System32\msedge.exe,C:\Windows\System32\chrome.exe,"""C:\Windows\System32\msedge.exe""",,,Microsoft-Windows-Security-Auditing,Security,SecurityEvent
2026-04-28T23:32:34Z,WS-OPS-02,4688,,CORP\sthompson,User,CORP,sthompson,sthompson,CORP,,,,,,C:\Windows\System32\firefox.exe,C:\Windows\System32\firefox.exe,C:\Windows\System32\svchost.exe,"""C:\Windows\System32\firefox.exe""",,,Microsoft-Windows-Security-Auditing,Security,SecurityEvent
2026-04-28T23:32:42Z,WS-DEV-02,4624,,CORP\rmorales,User,CORP,rmorales,rmorales,CORP,172.21.70.68,63865,5,Kerberos,,,,,,,,Microsoft-Windows-Security-Auditing,Security,SecurityEvent
2026-04-28T23:32:44Z,WS-MKT-01,4688,,CORP\jharris,User,CORP,jharris,jharris,CORP,,,,,,C:\Windows\System32\OUTLOOK.EXE,C:\Windows\System32\OUTLOOK.EXE,C:\Windows\System32\OneDrive.exe,"""C:\Windows\System32\OUTLOOK.EXE""",,,Microsoft-Windows-Security-Auditing,Security,SecurityEvent
2026-04-28T23:32:49Z,LAP-EXEC-01,4624,,CORP\agarcia,User,CORP,agarcia,agarcia,CORP,10.105.201.106,60591,5,NtLmSsp,,,,,,,,Microsoft-Windows-Security-Auditing,Security,SecurityEvent
2026-04-28T23:32:58Z,WS-FINANCE-01,4720,,CORP\sthompson,User,CORP,sthompson,newuser580,CORP,,,,,,,,,,,,Microsoft-Windows-Security-Auditing,Security,SecurityEvent
2026-04-28T23:33:01Z,WS-IT-02,4625,,CORP\lwoods,User,CORP,lwoods,lwoods,CORP,10.228.203.11,61677,3,Kerberos,Unknown user name or bad password.,,,,,,,Microsoft-Windows-Security-Auditing,Security,SecurityEvent
2026-04-28T23:33:04Z,SVR-WEB-01,4624,,CORP\sthompson,User,CORP,sthompson,sthompson,CORP,172.23.207.171,57324,3,Kerberos,,,,,,,,Microsoft-Windows-Security-Auditing,Security,SecurityEvent
2026-04-28T23:33:09Z,SVR-DC-01,4688,,CORP\bsato,User,CORP,bsato,bsato,CORP,,,,,,C:\Windows\System32\wininit.exe,C:\Windows\System32\wininit.exe,C:\Windows\System32\Teams.exe,"""C:\Windows\System32\wininit.exe""",,,Microsoft-Windows-Security-Auditing,Security,SecurityEvent
2026-04-28T23:33:16Z,SVR-DC-01,4672,,CORP\olopez,Admin,CORP,olopez,olopez,CORP,,,,,,,,,,,,Microsoft-Windows-Security-Auditing,Security,SecurityEvent
2026-04-28T23:33:16Z,WS-DEV-02,4634,,CORP\lwoods,User,CORP,lwoods,lwoods,CORP,,,7,Negotiate,,,,,,,,Microsoft-Windows-Security-Auditing,Security,SecurityEvent
2026-04-28T23:33:22Z,SVR-WEB-01,4688,,CORP\dkim,User,CORP,dkim,dkim,CORP,,,,,,C:\Windows\System32\smss.exe,C:\Windows\System32\smss.exe,C:\Windows\System32\OUTLOOK.EXE,"""C:\Windows\System32\smss.exe""",,,Microsoft-Windows-Security-Auditing,Security,SecurityEvent
2026-04-28T23:33:24Z,WS-MKT-02,4688,,CORP\kpatel,User,CORP,kpatel,kpatel,CORP,,,,,,C:\Windows\System32\services.exe,C:\Windows\System32\services.exe,C:\Windows\System32\chrome.exe,"""C:\Windows\System32\services.exe""",,,Microsoft-Windows-Security-Auditing,Security,SecurityEvent
2026-04-28T23:33:25Z,SVR-WEB-01,4625,,CORP\lwoods,User,CORP,lwoods,lwoods,CORP,172.23.65.194,49741,7,NtLmSsp,Unknown user name or bad password.,,,,,,,Microsoft-Windows-Security-Auditing,Security,SecurityEvent
2026-04-28T23:33:36Z,WS-HR-03,4624,,CORP\tnguyen,User,CORP,tnguyen,tnguyen,CORP,10.238.229.231,64758,3,Kerberos,,,,,,,,Microsoft-Windows-Security-Auditing,Security,SecurityEvent
2026-04-28T23:33:48Z,WS-FINANCE-01,4624,,CORP\lwoods,User,CORP,lwoods,lwoods,CORP,10.153.186.80,65103,7,User32,,,,,,,,Microsoft-Windows-Security-Auditing,Security,SecurityEvent
2026-04-28T23:33:48Z,SVR-WEB-01,4624,,CORP\tnguyen,User,CORP,tnguyen,tnguyen,CORP,10.5.199.185,50573,3,User32,,,,,,,,Microsoft-Windows-Security-Auditing,Security,SecurityEvent
2026-04-28T23:33:53Z,SVR-WEB-01,4688,,CORP\kpatel,User,CORP,kpatel,kpatel,CORP,,,,,,C:\Windows\System32\code.exe,C:\Windows\System32\code.exe,C:\Windows\System32\csrss.exe,"""C:\Windows\System32\code.exe""",,,Microsoft-Windows-Security-Auditing,Security,SecurityEvent
2026-04-28T23:34:05Z,WS-DEV-02,4624,,CORP\mwhite,User,CORP,mwhite,mwhite,CORP,172.20.60.150,59460,3,Kerberos,,,,,,,,Microsoft-Windows-Security-Auditing,Security,SecurityEvent
2026-04-28T23:34:07Z,LAP-SALES-03,4624,,CORP\olopez,User,CORP,olopez,olopez,CORP,10.196.240.201,61247,5,Kerberos,,,,,,,,Microsoft-Windows-Security-Auditing,Security,SecurityEvent
2026-04-28T23:34:09Z,WS-DEV-02,4688,,CORP\bryce,User,CORP,bryce,bryce,CORP,,,,,,,C:\Windows\System32\cmd.exe,C:\Windows\System32\explorer.exe,C:\Windows\System32\cmd.exe /c dir,,,Microsoft-Windows-Security-Auditing,Security,SecurityEvent
2026-04-28T23:34:17Z,WS-IT-01,4634,,CORP\agarcia,User,CORP,agarcia,agarcia,CORP,,,3,Kerberos,,,,,,,,Microsoft-Windows-Security-Auditing,Security,SecurityEvent
2026-04-28T23:34:19Z,WS-DEV-02,4624,,CORP\kpatel,User,CORP,kpatel,kpatel,CORP,172.30.253.144,61032,11,Kerberos,,,,,,,,Microsoft-Windows-Security-Auditing,Security,SecurityEvent
2026-04-28T23:34:27Z,SVR-DC-01,4624,,CORP\rmorales,User,CORP,rmorales,rmorales,CORP,192.168.33.45,58554,3,Kerberos,,,,,,,,Microsoft-Windows-Security-Auditing,Security,SecurityEvent
2026-04-28T23:34:29Z,WS-HR-03,4688,,CORP\jharris,User,CORP,jharris,jharris,CORP,,,,,,C:\Windows\System32\services.exe,C:\Windows\System32\services.exe,C:\Windows\System32\code.exe,"""C:\Windows\System32\services.exe""",,,Microsoft-Windows-Security-Auditing,Security,SecurityEvent
2026-04-28T23:34:46Z,WS-OPS-02,4634,,CORP\sthompson,User,CORP,sthompson,sthompson,CORP,,,3,Advapi,,,,,,,,Microsoft-Windows-Security-Auditing,Security,SecurityEvent
2026-04-28T23:34:49Z,WS-MKT-02,4688,,CORP\agarcia,User,CORP,agarcia,agarcia,CORP,,,,,,C:\Windows\System32\services.exe,C:\Windows\System32\services.exe,C:\Windows\System32\wininit.exe,"""C:\Windows\System32\services.exe""",,,Microsoft-Windows-Security-Auditing,Security,SecurityEvent
2026-04-28T23:35:02Z,WS-MKT-01,4634,,CORP\kpatel,User,CORP,kpatel,kpatel,CORP,,,5,Kerberos,,,,,,,,Microsoft-Windows-Security-Auditing,Security,SecurityEvent
2026-04-28T23:35:12Z,SVR-WEB-01,4634,,CORP\jharris,User,CORP,jharris,jharris,CORP,,,5,User32,,,,,,,,Microsoft-Windows-Security-Auditing,Security,SecurityEvent
2026-04-28T23:35:17Z,WS-OPS-02,4697,,CORP\sthompson,User,CORP,sthompson,sthompson,CORP,,,,,,,,,,svc-8804dcb4,C:\Program Files\svc-8804dcb4\svc-8804dcb4.exe,Microsoft-Windows-Security-Auditing,Security,SecurityEvent
2026-04-28T23:35:18Z,WS-IT-02,4625,,CORP\tnguyen,User,CORP,tnguyen,tnguyen,CORP,10.232.66.6,56889,2,Kerberos,Account locked out.,,,,,,,Microsoft-Windows-Security-Auditing,Security,SecurityEvent
2026-04-28T23:35:43Z,WS-IT-02,4672,,CORP\mwhite,Admin,CORP,mwhite,mwhite,CORP,,,,,,,,,,,,Microsoft-Windows-Security-Auditing,Security,SecurityEvent
2026-04-28T23:35:47Z,WS-FINANCE-01,4688,,CORP\jharris,User,CORP,jharris,jharris,CORP,,,,,,C:\Windows\System32\svchost.exe,C:\Windows\System32\svchost.exe,C:\Windows\System32\taskmgr.exe,"""C:\Windows\System32\svchost.exe""",,,Microsoft-Windows-Security-Auditing,Security,SecurityEvent
2026-04-28T23:35:53Z,WS-FINANCE-01,4624,,CORP\mwhite,User,CORP,mwhite,mwhite,CORP,172.31.170.53,52702,5,User32,,,,,,,,Microsoft-Windows-Security-Auditing,Security,SecurityEvent
2026-04-28T23:35:53Z,WS-HR-03,4688,,CORP\tnguyen,User,CORP,tnguyen,tnguyen,CORP,,,,,,C:\Windows\System32\svchost.exe,C:\Windows\System32\svchost.exe,C:\Windows\System32\winlogon.exe,"""C:\Windows\System32\svchost.exe""",,,Microsoft-Windows-Security-Auditing,Security,SecurityEvent
2026-04-28T23:35:55Z,WS-OPS-01,4688,,CORP\mwhite,User,CORP,mwhite,mwhite,CORP,,,,,,C:\Windows\System32\EXCEL.EXE,C:\Windows\System32\EXCEL.EXE,C:\Windows\System32\winlogon.exe,"""C:\Windows\System32\EXCEL.EXE""",,,Microsoft-Windows-Security-Auditing,Security,SecurityEvent
2026-04-28T23:36:06Z,WS-MKT-01,4688,,CORP\rmorales,User,CORP,rmorales,rmorales,CORP,,,,,,C:\Windows\System32\msedge.exe,C:\Windows\System32\msedge.exe,C:\Windows\System32\msedge.exe,"""C:\Windows\System32\msedge.exe""",,,Microsoft-Windows-Security-Auditing,Security,SecurityEvent
2026-04-28T23:36:09Z,WS-IT-01,4688,,CORP\lwoods,User,CORP,lwoods,lwoods,CORP,,,,,,C:\Windows\System32\msedge.exe,C:\Windows\System32\msedge.exe,C:\Windows\System32\EXCEL.EXE,"""C:\Windows\System32\msedge.exe""",,,Microsoft-Windows-Security-Auditing,Security,SecurityEvent
2026-04-28T23:36:17Z,SVR-WEB-01,4732,,CORP\dkim,User,CORP,dkim,newuser524,CORP,,,,,,,,,,,,Microsoft-Windows-Security-Auditing,Security,SecurityEvent
2026-04-28T23:36:18Z,SVR-WEB-01,4625,,CORP\agarcia,User,CORP,agarcia,agarcia,CORP,10.79.83.176,59813,4,User32,Account locked out.,,,,,,,Microsoft-Windows-Security-Auditing,Security,SecurityEvent
2026-04-28T23:36:22Z,WS-MKT-02,4625,,CORP\bsato,User,CORP,bsato,bsato,CORP,172.18.159.216,58123,3,NtLmSsp,The user has not been granted the requested logon type at this machine.,,,,,,,Microsoft-Windows-Security-Auditing,Security,SecurityEvent
2026-04-28T23:37:08Z,WS-MKT-01,4625,,CORP\olopez,User,CORP,olopez,olopez,CORP,10.88.60.52,54364,3,Kerberos,Unknown user name or bad password.,,,,,,,Microsoft-Windows-Security-Auditing,Security,SecurityEvent
2026-04-28T23:37:13Z,SVR-DC-01,4624,,CORP\jharris,User,CORP,jharris,jharris,CORP,10.225.16.82,53995,3,Negotiate,,,,,,,,Microsoft-Windows-Security-Auditing,Security,SecurityEvent
2026-04-28T23:37:18Z,LAP-SALES-03,4688,,CORP\ehernandez,User,CORP,ehernandez,ehernandez,CORP,,,,,,C:\Windows\System32\OneDrive.exe,C:\Windows\System32\OneDrive.exe,C:\Windows\System32\chrome.exe,"""C:\Windows\System32\OneDrive.exe""",,,Microsoft-Windows-Security-Auditing,Security,SecurityEvent
2026-04-28T23:37:25Z,WS-FINANCE-01,4688,,CORP\kpatel,User,CORP,kpatel,kpatel,CORP,,,,,,C:\Windows\System32\lsass.exe,C:\Windows\System32\lsass.exe,C:\Windows\System32\wininit.exe,"""C:\Windows\System32\lsass.exe""",,,Microsoft-Windows-Security-Auditing,Security,SecurityEvent
2026-04-28T23:37:28Z,WS-MKT-01,4624,,CORP\kpatel,User,CORP,kpatel,kpatel,CORP,10.182.190.23,53863,5,User32,,,,,,,,Microsoft-Windows-Security-Auditing,Security,SecurityEvent
2026-04-28T23:37:53Z,WS-IT-01,4732,,CORP\sthompson,User,CORP,sthompson,newuser543,CORP,,,,,,,,,,,,Microsoft-Windows-Security-Auditing,Security,SecurityEvent
2026-04-28T23:38:33Z,WS-MKT-01,4688,,CORP\kpatel,User,CORP,kpatel,kpatel,CORP,,,,,,C:\Windows\System32\chrome.exe,C:\Windows\System32\chrome.exe,C:\Windows\System32\Teams.exe,"""C:\Windows\System32\chrome.exe""",,,Microsoft-Windows-Security-Auditing,Security,SecurityEvent
2026-04-28T23:38:37Z,SVR-DC-01,4688,,CORP\agarcia,User,CORP,agarcia,agarcia,CORP,,,,,,C:\Windows\System32\chrome.exe,C:\Windows\System32\chrome.exe,C:\Windows\System32\wininit.exe,"""C:\Windows\System32\chrome.exe""",,,Microsoft-Windows-Security-Auditing,Security,SecurityEvent
2026-04-28T23:38:37Z,WS-MKT-01,4624,,CORP\kpatel,User,CORP,kpatel,kpatel,CORP,172.16.55.17,64702,3,Negotiate,,,,,,,,Microsoft-Windows-Security-Auditing,Security,SecurityEvent
2026-04-28T23:38:37Z,WS-MKT-01,4624,,CORP\kpatel,User,CORP,kpatel,kpatel,CORP,172.25.34.248,49696,3,Kerberos,,,,,,,,Microsoft-Windows-Security-Auditing,Security,SecurityEvent
2026-04-28T23:39:00Z,WS-HR-03,4624,,CORP\agarcia,User,CORP,agarcia,agarcia,CORP,172.22.126.51,60376,3,NtLmSsp,,,,,,,,Microsoft-Windows-Security-Auditing,Security,SecurityEvent
2026-04-28T23:39:35Z,WS-MKT-02,4720,,CORP\jharris,User,CORP,jharris,newuser919,CORP,,,,,,,,,,,,Microsoft-Windows-Security-Auditing,Security,SecurityEvent
2026-04-28T23:39:35Z,SVR-DC-01,4688,,CORP\ehernandez,User,CORP,ehernandez,ehernandez,CORP,,,,,,C:\Windows\System32\taskmgr.exe,C:\Windows\System32\taskmgr.exe,C:\Windows\System32\svchost.exe,"""C:\Windows\System32\taskmgr.exe""",,,Microsoft-Windows-Security-Auditing,Security,SecurityEvent
2026-04-28T23:39:40Z,SVR-DC-01,4624,,CORP\tnguyen,User,CORP,tnguyen,tnguyen,CORP,10.207.130.186,55149,3,NtLmSsp,,,,,,,,Microsoft-Windows-Security-Auditing,Security,SecurityEvent
2026-04-28T23:39:40Z,WS-OPS-02,4624,,CORP\kpatel,User,CORP,kpatel,kpatel,CORP,172.29.34.232,61637,5,NtLmSsp,,,,,,,,Microsoft-Windows-Security-Auditing,Security,SecurityEvent
2026-04-28T23:39:41Z,SVR-DC-01,4625,,CORP\sthompson,User,CORP,sthompson,sthompson,CORP,10.139.55.205,63805,3,Kerberos,Account locked out.,,,,,,,Microsoft-Windows-Security-Auditing,Security,SecurityEvent
2026-04-28T23:39:43Z,WS-DEV-02,4624,,CORP\jharris,User,CORP,jharris,jharris,CORP,10.208.5.217,60172,5,Negotiate,,,,,,,,Microsoft-Windows-Security-Auditing,Security,SecurityEvent
2026-04-28T23:39:46Z,WS-MKT-02,4688,,CORP\kpatel,User,CORP,kpatel,kpatel,CORP,,,,,,C:\Windows\System32\svchost.exe,C:\Windows\System32\svchost.exe,C:\Windows\System32\WINWORD.EXE,"""C:\Windows\System32\svchost.exe""",,,Microsoft-Windows-Security-Auditing,Security,SecurityEvent
2026-04-28T23:39:51Z,WS-DEV-02,4634,,CORP\agarcia,User,CORP,agarcia,agarcia,CORP,,,10,Negotiate,,,,,,,,Microsoft-Windows-Security-Auditing,Security,SecurityEvent
2026-04-28T23:40:03Z,LAP-EXEC-01,4624,,CORP\tnguyen,User,CORP,tnguyen,tnguyen,CORP,172.27.3.135,50743,3,Kerberos,,,,,,,,Microsoft-Windows-Security-Auditing,Security,SecurityEvent
2026-04-28T23:40:13Z,SVR-DC-01,4624,,CORP\bsato,User,CORP,bsato,bsato,CORP,172.17.254.190,55482,5,Kerberos,,,,,,,,Microsoft-Windows-Security-Auditing,Security,SecurityEvent
2026-04-28T23:40:48Z,WS-DEV-02,4624,,CORP\jharris,User,CORP,jharris,jharris,CORP,10.97.244.145,51375,3,Kerberos,,,,,,,,Microsoft-Windows-Security-Auditing,Security,SecurityEvent
2026-04-28T23:40:49Z,LAP-EXEC-01,4624,,CORP\mwhite,User,CORP,mwhite,mwhite,CORP,10.113.198.121,64991,3,Negotiate,,,,,,,,Microsoft-Windows-Security-Auditing,Security,SecurityEvent
2026-04-28T23:40:53Z,WS-OPS-01,4625,,CORP\sthompson,User,CORP,sthompson,sthompson,CORP,172.26.236.21,61737,2,NtLmSsp,Unknown user name or bad password.,,,,,,,Microsoft-Windows-Security-Auditing,Security,SecurityEvent
2026-04-28T23:40:53Z,WS-OPS-02,4624,,CORP\agarcia,User,CORP,agarcia,agarcia,CORP,172.25.237.140,55664,2,Kerberos,,,,,,,,Microsoft-Windows-Security-Auditing,Security,SecurityEvent
2026-04-28T23:41:07Z,WS-IT-01,4625,,CORP\rmorales,User,CORP,rmorales,rmorales,CORP,172.27.7.74,53958,11,Kerberos,Unknown user name or bad password.,,,,,,,Microsoft-Windows-Security-Auditing,Security,SecurityEvent
2026-04-28T23:41:16Z,WS-OPS-01,4688,,CORP\agarcia,User,CORP,agarcia,agarcia,CORP,,,,,,C:\Windows\System32\lsass.exe,C:\Windows\System32\lsass.exe,C:\Windows\System32\msedge.exe,"""C:\Windows\System32\lsass.exe""",,,Microsoft-Windows-Security-Auditing,Security,SecurityEvent
2026-04-28T23:41:19Z,WS-MKT-02,4624,,CORP\mwhite,User,CORP,mwhite,mwhite,CORP,10.125.94.24,50459,2,Negotiate,,,,,,,,Microsoft-Windows-Security-Auditing,Security,SecurityEvent
2026-04-28T23:41:22Z,SVR-WEB-01,4688,,CORP\tnguyen,User,CORP,tnguyen,tnguyen,CORP,,,,,,C:\Windows\System32\wininit.exe,C:\Windows\System32\wininit.exe,C:\Windows\System32\WINWORD.EXE,"""C:\Windows\System32\wininit.exe""",,,Microsoft-Windows-Security-Auditing,Security,SecurityEvent
2026-04-28T23:41:28Z,LAP-EXEC-01,4634,,CORP\agarcia,User,CORP,agarcia,agarcia,CORP,,,3,Kerberos,,,,,,,,Microsoft-Windows-Security-Auditing,Security,SecurityEvent
2026-04-28T23:41:31Z,WS-OPS-02,4624,,CORP\jharris,User,CORP,jharris,jharris,CORP,172.30.202.121,59109,3,User32,,,,,,,,Microsoft-Windows-Security-Auditing,Security,SecurityEvent
2026-04-28T23:41:39Z,WS-FINANCE-01,4624,,CORP\sthompson,User,CORP,sthompson,sthompson,CORP,172.26.195.171,61560,3,NtLmSsp,,,,,,,,Microsoft-Windows-Security-Auditing,Security,SecurityEvent
2026-04-28T23:41:40Z,WS-FINANCE-01,4697,,CORP\ehernandez,User,CORP,ehernandez,ehernandez,CORP,,,,,,,,,,svc-bdcd943f,C:\Program Files\svc-bdcd943f\svc-bdcd943f.exe,Microsoft-Windows-Security-Auditing,Security,SecurityEvent
2026-04-28T23:41:49Z,SVR-WEB-01,4624,,CORP\sthompson,User,CORP,sthompson,sthompson,CORP,10.114.152.54,58379,10,Negotiate,,,,,,,,Microsoft-Windows-Security-Auditing,Security,SecurityEvent
2026-04-28T23:41:57Z,WS-IT-02,4634,,CORP\sthompson,User,CORP,sthompson,sthompson,CORP,,,5,Kerberos,,,,,,,,Microsoft-Windows-Security-Auditing,Security,SecurityEvent
2026-04-28T23:42:05Z,WS-OPS-01,4634,,CORP\kpatel,User,CORP,kpatel,kpatel,CORP,,,2,User32,,,,,,,,Microsoft-Windows-Security-Auditing,Security,SecurityEvent
2026-04-28T23:42:10Z,LAP-SALES-03,4688,,CORP\lwoods,User,CORP,lwoods,lwoods,CORP,,,,,,C:\Windows\System32\Teams.exe,C:\Windows\System32\Teams.exe,C:\Windows\System32\csrss.exe,"""C:\Windows\System32\Teams.exe""",,,Microsoft-Windows-Security-Auditing,Security,SecurityEvent
2026-04-28T23:42:15Z,LAP-EXEC-01,4625,,CORP\kpatel,User,CORP,kpatel,kpatel,CORP,10.19.24.214,60186,3,User32,Unknown user name or bad password.,,,,,,,Microsoft-Windows-Security-Auditing,Security,SecurityEvent
2026-04-28T23:42:29Z,LAP-SALES-03,4688,,CORP\kpatel,User,CORP,kpatel,kpatel,CORP,,,,,,C:\Windows\System32\smss.exe,C:\Windows\System32\smss.exe,C:\Windows\System32\svchost.exe,"""C:\Windows\System32\smss.exe""",,,Microsoft-Windows-Security-Auditing,Security,SecurityEvent
2026-04-28T23:42:30Z,WS-OPS-02,4624,,CORP\sthompson,User,CORP,sthompson,sthompson,CORP,10.86.123.229,63687,5,User32,,,,,,,,Microsoft-Windows-Security-Auditing,Security,SecurityEvent
2026-04-28T23:42:38Z,WS-HR-03,4688,,CORP\kpatel,User,CORP,kpatel,kpatel,CORP,,,,,,C:\Windows\System32\smss.exe,C:\Windows\System32\smss.exe,C:\Windows\System32\wininit.exe,"""C:\Windows\System32\smss.exe""",,,Microsoft-Windows-Security-Auditing,Security,SecurityEvent
2026-04-28T23:42:42Z,WS-IT-02,4625,,CORP\lwoods,User,CORP,lwoods,lwoods,CORP,10.79.77.119,56360,10,NtLmSsp,Unknown user name or bad password.,,,,,,,Microsoft-Windows-Security-Auditing,Security,SecurityEvent
2026-04-28T23:42:51Z,WS-OPS-01,4624,,CORP\sthompson,User,CORP,sthompson,sthompson,CORP,192.168.93.220,56912,5,Negotiate,,,,,,,,Microsoft-Windows-Security-Auditing,Security,SecurityEvent
2026-04-28T23:42:56Z,WS-HR-03,4624,,CORP\rmorales,User,CORP,rmorales,rmorales,CORP,10.175.67.3,59603,5,Negotiate,,,,,,,,Microsoft-Windows-Security-Auditing,Security,SecurityEvent
2026-04-28T23:43:05Z,LAP-SALES-03,4624,,CORP\ehernandez,User,CORP,ehernandez,ehernandez,CORP,172.21.45.194,61449,5,Advapi,,,,,,,,Microsoft-Windows-Security-Auditing,Security,SecurityEvent
2026-04-28T23:43:11Z,WS-IT-02,4688,,CORP\kpatel,User,CORP,kpatel,kpatel,CORP,,,,,,C:\Windows\System32\services.exe,C:\Windows\System32\services.exe,C:\Windows\System32\explorer.exe,"""C:\Windows\System32\services.exe""",,,Microsoft-Windows-Security-Auditing,Security,SecurityEvent
2026-04-28T23:43:13Z,WS-IT-02,4625,,CORP\olopez,User,CORP,olopez,olopez,CORP,172.20.210.29,57950,5,Kerberos,Unknown user name or bad password.,,,,,,,Microsoft-Windows-Security-Auditing,Security,SecurityEvent
2026-04-28T23:43:19Z,WS-DEV-02,4624,,CORP\mwhite,User,CORP,mwhite,mwhite,CORP,10.76.170.81,57243,3,NtLmSsp,,,,,,,,Microsoft-Windows-Security-Auditing,Security,SecurityEvent
2026-04-28T23:43:25Z,WS-DEV-02,4688,,CORP\agarcia,User,CORP,agarcia,agarcia,CORP,,,,,,C:\Windows\System32\msiexec.exe,C:\Windows\System32\msiexec.exe,C:\Windows\System32\taskmgr.exe,"""C:\Windows\System32\msiexec.exe""",,,Microsoft-Windows-Security-Auditing,Security,SecurityEvent
2026-04-28T23:43:37Z,WS-MKT-01,4625,,CORP\kpatel,User,CORP,kpatel,kpatel,CORP,10.4.236.247,60956,11,NtLmSsp,Unknown user name or bad password.,,,,,,,Microsoft-Windows-Security-Auditing,Security,SecurityEvent
2026-04-28T23:43:37Z,LAP-EXEC-01,4625,,CORP\olopez,User,CORP,olopez,olopez,CORP,10.101.174.47,63605,3,Negotiate,Account locked out.,,,,,,,Microsoft-Windows-Security-Auditing,Security,SecurityEvent
2026-04-28T23:43:37Z,WS-DEV-02,4625,,CORP\rmorales,User,CORP,rmorales,rmorales,CORP,172.19.108.97,65092,3,NtLmSsp,The user has not been granted the requested logon type at this machine.,,,,,,,Microsoft-Windows-Security-Auditing,Security,SecurityEvent
2026-04-28T23:43:38Z,WS-OPS-02,4688,,CORP\mwhite,User,CORP,mwhite,mwhite,CORP,,,,,,C:\Windows\System32\services.exe,C:\Windows\System32\services.exe,C:\Windows\System32\Teams.exe,"""C:\Windows\System32\services.exe""",,,Microsoft-Windows-Security-Auditing,Security,SecurityEvent
2026-04-28T23:43:50Z,WS-IT-01,4688,,CORP\jharris,User,CORP,jharris,jharris,CORP,,,,,,C:\Windows\System32\services.exe,C:\Windows\System32\services.exe,C:\Windows\System32\csrss.exe,"""C:\Windows\System32\services.exe""",,,Microsoft-Windows-Security-Auditing,Security,SecurityEvent
2026-04-28T23:43:54Z,WS-OPS-02,4624,,CORP\rmorales,User,CORP,rmorales,rmorales,CORP,10.208.141.172,52278,3,Negotiate,,,,,,,,Microsoft-Windows-Security-Auditing,Security,SecurityEvent
2026-04-28T23:44:07Z,SVR-DC-01,4634,,CORP\bsato,User,CORP,bsato,bsato,CORP,,,11,Advapi,,,,,,,,Microsoft-Windows-Security-Auditing,Security,SecurityEvent
2026-04-28T23:44:08Z,SVR-DC-01,4688,,CORP\agarcia,User,CORP,agarcia,agarcia,CORP,,,,,,C:\Windows\System32\winlogon.exe,C:\Windows\System32\winlogon.exe,C:\Windows\System32\svchost.exe,"""C:\Windows\System32\winlogon.exe""",,,Microsoft-Windows-Security-Auditing,Security,SecurityEvent
2026-04-28T23:44:22Z,WS-IT-02,4688,,CORP\rmorales,User,CORP,rmorales,rmorales,CORP,,,,,,C:\Windows\System32\WINWORD.EXE,C:\Windows\System32\WINWORD.EXE,C:\Windows\System32\smss.exe,"""C:\Windows\System32\WINWORD.EXE""",,,Microsoft-Windows-Security-Auditing,Security,SecurityEvent
2026-04-28T23:44:24Z,LAP-SALES-03,4624,,CORP\agarcia,User,CORP,agarcia,agarcia,CORP,172.26.8.130,60738,3,Advapi,,,,,,,,Microsoft-Windows-Security-Auditing,Security,SecurityEvent
2026-04-28T23:44:29Z,WS-FINANCE-01,4624,,CORP\dkim,User,CORP,dkim,dkim,CORP,10.172.192.49,51416,11,Negotiate,,,,,,,,Microsoft-Windows-Security-Auditing,Security,SecurityEvent
2026-04-28T23:44:38Z,LAP-EXEC-01,4624,,CORP\sthompson,User,CORP,sthompson,sthompson,CORP,10.226.149.20,60138,3,NtLmSsp,,,,,,,,Microsoft-Windows-Security-Auditing,Security,SecurityEvent
2026-04-28T23:44:38Z,WS-IT-02,4688,,CORP\agarcia,User,CORP,agarcia,agarcia,CORP,,,,,,C:\Windows\System32\svchost.exe,C:\Windows\System32\svchost.exe,C:\Windows\System32\msiexec.exe,"""C:\Windows\System32\svchost.exe""",,,Microsoft-Windows-Security-Auditing,Security,SecurityEvent
2026-04-28T23:44:39Z,SVR-DC-01,4624,,CORP\sthompson,User,CORP,sthompson,sthompson,CORP,10.62.105.37,59980,2,Kerberos,,,,,,,,Microsoft-Windows-Security-Auditing,Security,SecurityEvent
2026-04-28T23:45:00Z,SVR-WEB-01,4688,,CORP\ehernandez,User,CORP,ehernandez,ehernandez,CORP,,,,,,C:\Windows\System32\firefox.exe,C:\Windows\System32\firefox.exe,C:\Windows\System32\OneDrive.exe,"""C:\Windows\System32\firefox.exe""",,,Microsoft-Windows-Security-Auditing,Security,SecurityEvent
2026-04-28T23:45:04Z,WS-OPS-01,4624,,CORP\kpatel,User,CORP,kpatel,kpatel,CORP,10.134.84.155,60920,2,Seclogo,,,,,,,,Microsoft-Windows-Security-Auditing,Security,SecurityEvent
2026-04-28T23:45:15Z,WS-DEV-02,4624,,CORP\bsato,User,CORP,bsato,bsato,CORP,172.22.214.79,59713,11,Kerberos,,,,,,,,Microsoft-Windows-Security-Auditing,Security,SecurityEvent
2026-04-28T23:45:38Z,WS-DEV-02,4634,,CORP\jharris,User,CORP,jharris,jharris,CORP,,,7,Seclogo,,,,,,,,Microsoft-Windows-Security-Auditing,Security,SecurityEvent
2026-04-28T23:45:43Z,WS-IT-01,4624,,CORP\mwhite,User,CORP,mwhite,mwhite,CORP,172.17.232.36,59687,5,Seclogo,,,,,,,,Microsoft-Windows-Security-Auditing,Security,SecurityEvent
2026-04-28T23:45:44Z,SVR-WEB-01,4625,,CORP\bsato,User,CORP,bsato,bsato,CORP,192.168.228.4,52932,3,Kerberos,Unknown user name or bad password.,,,,,,,Microsoft-Windows-Security-Auditing,Security,SecurityEvent
2026-04-28T23:45:56Z,SVR-DC-01,4624,,CORP\agarcia,User,CORP,agarcia,agarcia,CORP,10.150.120.8,50618,7,User32,,,,,,,,Microsoft-Windows-Security-Auditing,Security,SecurityEvent
2026-04-28T23:45:58Z,WS-OPS-01,4634,,CORP\mwhite,User,CORP,mwhite,mwhite,CORP,,,2,User32,,,,,,,,Microsoft-Windows-Security-Auditing,Security,SecurityEvent
2026-04-28T23:46:23Z,WS-HR-03,4625,,CORP\ehernandez,User,CORP,ehernandez,ehernandez,CORP,10.209.50.129,55420,5,User32,The specified account's password has expired.,,,,,,,Microsoft-Windows-Security-Auditing,Security,SecurityEvent
2026-04-28T23:46:25Z,WS-OPS-01,4688,,CORP\jharris,User,CORP,jharris,jharris,CORP,,,,,,C:\Windows\System32\svchost.exe,C:\Windows\System32\svchost.exe,C:\Windows\System32\Teams.exe,"""C:\Windows\System32\svchost.exe""",,,Microsoft-Windows-Security-Auditing,Security,SecurityEvent
2026-04-28T23:46:27Z,WS-FINANCE-01,4624,,CORP\lwoods,User,CORP,lwoods,lwoods,CORP,172.21.163.237,52593,7,Negotiate,,,,,,,,Microsoft-Windows-Security-Auditing,Security,SecurityEvent
2026-04-28T23:46:32Z,WS-OPS-02,4688,,CORP\jharris,User,CORP,jharris,jharris,CORP,,,,,,C:\Windows\System32\OUTLOOK.EXE,C:\Windows\System32\OUTLOOK.EXE,C:\Windows\System32\Teams.exe,"""C:\Windows\System32\OUTLOOK.EXE""",,,Microsoft-Windows-Security-Auditing,Security,SecurityEvent
2026-04-28T23:47:06Z,WS-HR-03,4624,,CORP\kpatel,User,CORP,kpatel,kpatel,CORP,10.66.24.76,63515,5,Kerberos,,,,,,,,Microsoft-Windows-Security-Auditing,Security,SecurityEvent
2026-04-28T23:47:07Z,SVR-WEB-01,4688,,CORP\sthompson,User,CORP,sthompson,sthompson,CORP,,,,,,C:\Windows\System32\msiexec.exe,C:\Windows\System32\msiexec.exe,C:\Windows\System32\chrome.exe,"""C:\Windows\System32\msiexec.exe""",,,Microsoft-Windows-Security-Auditing,Security,SecurityEvent
2026-04-28T23:47:26Z,SVR-WEB-01,4634,,CORP\bsato,User,CORP,bsato,bsato,CORP,,,3,NtLmSsp,,,,,,,,Microsoft-Windows-Security-Auditing,Security,SecurityEvent
2026-04-28T23:48:18Z,WS-IT-02,4625,,CORP\tnguyen,User,CORP,tnguyen,tnguyen,CORP,10.179.181.77,54165,3,Negotiate,Account currently disabled.,,,,,,,Microsoft-Windows-Security-Auditing,Security,SecurityEvent
2026-04-28T23:48:35Z,SVR-WEB-01,4625,,CORP\agarcia,User,CORP,agarcia,agarcia,CORP,10.186.187.4,64047,3,Kerberos,Unknown user name or bad password.,,,,,,,Microsoft-Windows-Security-Auditing,Security,SecurityEvent
2026-04-28T23:48:36Z,WS-FINANCE-01,4624,,CORP\rmorales,User,CORP,rmorales,rmorales,CORP,10.99.97.60,64234,5,Advapi,,,,,,,,Microsoft-Windows-Security-Auditing,Security,SecurityEvent
2026-04-28T23:48:38Z,WS-HR-03,4634,,CORP\kpatel,User,CORP,kpatel,kpatel,CORP,,,5,NtLmSsp,,,,,,,,Microsoft-Windows-Security-Auditing,Security,SecurityEvent
2026-04-28T23:48:48Z,WS-MKT-01,4624,,CORP\sthompson,User,CORP,sthompson,sthompson,CORP,10.254.146.177,64894,3,NtLmSsp,,,,,,,,Microsoft-Windows-Security-Auditing,Security,SecurityEvent
2026-04-28T23:48:52Z,SVR-DC-01,4634,,CORP\mwhite,User,CORP,mwhite,mwhite,CORP,,,3,Negotiate,,,,,,,,Microsoft-Windows-Security-Auditing,Security,SecurityEvent
2026-04-28T23:48:54Z,WS-IT-01,4624,,CORP\agarcia,User,CORP,agarcia,agarcia,CORP,172.27.72.237,49668,11,Kerberos,,,,,,,,Microsoft-Windows-Security-Auditing,Security,SecurityEvent
2026-04-28T23:48:55Z,SVR-DC-01,4624,,CORP\jharris,User,CORP,jharris,jharris,CORP,10.108.156.197,56219,3,User32,,,,,,,,Microsoft-Windows-Security-Auditing,Security,SecurityEvent
2026-04-28T23:48:57Z,WS-HR-03,4697,,CORP\tnguyen,User,CORP,tnguyen,tnguyen,CORP,,,,,,,,,,svc-300d360f,C:\Program Files\svc-300d360f\svc-300d360f.exe,Microsoft-Windows-Security-Auditing,Security,SecurityEvent
2026-04-28T23:49:11Z,WS-IT-02,4688,,CORP\rmorales,User,CORP,rmorales,rmorales,CORP,,,,,,C:\Windows\System32\taskmgr.exe,C:\Windows\System32\taskmgr.exe,C:\Windows\System32\msedge.exe,"""C:\Windows\System32\taskmgr.exe""",,,Microsoft-Windows-Security-Auditing,Security,SecurityEvent
2026-04-28T23:49:19Z,WS-FINANCE-01,4688,,CORP\ehernandez,User,CORP,ehernandez,ehernandez,CORP,,,,,,C:\Windows\System32\services.exe,C:\Windows\System32\services.exe,C:\Windows\System32\services.exe,"""C:\Windows\System32\services.exe""",,,Microsoft-Windows-Security-Auditing,Security,SecurityEvent
2026-04-28T23:49:49Z,WS-MKT-02,4688,,CORP\rmorales,User,CORP,rmorales,rmorales,CORP,,,,,,C:\Windows\System32\msedge.exe,C:\Windows\System32\msedge.exe,C:\Windows\System32\wininit.exe,"""C:\Windows\System32\msedge.exe""",,,Microsoft-Windows-Security-Auditing,Security,SecurityEvent
2026-04-28T23:49:49Z,WS-OPS-01,4688,,CORP\rmorales,User,CORP,rmorales,rmorales,CORP,,,,,,C:\Windows\System32\csrss.exe,C:\Windows\System32\csrss.exe,C:\Windows\System32\chrome.exe,"""C:\Windows\System32\csrss.exe""",,,Microsoft-Windows-Security-Auditing,Security,SecurityEvent
2026-04-28T23:50:04Z,WS-HR-03,4720,,CORP\jharris,User,CORP,jharris,newuser933,CORP,,,,,,,,,,,,Microsoft-Windows-Security-Auditing,Security,SecurityEvent
2026-04-28T23:50:14Z,WS-OPS-01,4624,,CORP\tnguyen,User,CORP,tnguyen,tnguyen,CORP,10.214.218.251,61188,5,Negotiate,,,,,,,,Microsoft-Windows-Security-Auditing,Security,SecurityEvent
2026-04-28T23:50:19Z,SVR-DC-01,4624,,CORP\tnguyen,User,CORP,tnguyen,tnguyen,CORP,10.216.49.53,52702,3,Kerberos,,,,,,,,Microsoft-Windows-Security-Auditing,Security,SecurityEvent
2026-04-28T23:50:23Z,WS-MKT-02,4688,,CORP\agarcia,User,CORP,agarcia,agarcia,CORP,,,,,,C:\Windows\System32\chrome.exe,C:\Windows\System32\chrome.exe,C:\Windows\System32\services.exe,"""C:\Windows\System32\chrome.exe""",,,Microsoft-Windows-Security-Auditing,Security,SecurityEvent
2026-04-28T23:50:34Z,WS-FINANCE-01,4624,,CORP\jharris,User,CORP,jharris,jharris,CORP,172.19.119.121,53871,5,Negotiate,,,,,,,,Microsoft-Windows-Security-Auditing,Security,SecurityEvent
2026-04-28T23:50:35Z,WS-OPS-02,4634,,CORP\lwoods,User,CORP,lwoods,lwoods,CORP,,,3,NtLmSsp,,,,,,,,Microsoft-Windows-Security-Auditing,Security,SecurityEvent
2026-04-28T23:50:38Z,WS-IT-02,4624,,CORP\tnguyen,User,CORP,tnguyen,tnguyen,CORP,192.168.187.133,54526,2,NtLmSsp,,,,,,,,Microsoft-Windows-Security-Auditing,Security,SecurityEvent
2026-04-28T23:50:49Z,WS-MKT-02,4688,,CORP\ehernandez,User,CORP,ehernandez,ehernandez,CORP,,,,,,C:\Windows\System32\svchost.exe,C:\Windows\System32\svchost.exe,C:\Windows\System32\WINWORD.EXE,"""C:\Windows\System32\svchost.exe""",,,Microsoft-Windows-Security-Auditing,Security,SecurityEvent
2026-04-28T23:50:57Z,WS-IT-01,4624,,CORP\mwhite,User,CORP,mwhite,mwhite,CORP,10.129.207.65,53972,3,Kerberos,,,,,,,,Microsoft-Windows-Security-Auditing,Security,SecurityEvent
2026-04-28T23:51:05Z,LAP-EXEC-01,4732,,CORP\dkim,User,CORP,dkim,newuser341,CORP,,,,,,,,,,,,Microsoft-Windows-Security-Auditing,Security,SecurityEvent
2026-04-28T23:51:05Z,WS-HR-03,4697,,CORP\ehernandez,User,CORP,ehernandez,ehernandez,CORP,,,,,,,,,,svc-7a713f58,C:\Program Files\svc-7a713f58\svc-7a713f58.exe,Microsoft-Windows-Security-Auditing,Security,SecurityEvent
2026-04-28T23:51:09Z,WS-FINANCE-01,4624,,CORP\agarcia,User,CORP,agarcia,agarcia,CORP,192.168.223.9,52138,7,Kerberos,,,,,,,,Microsoft-Windows-Security-Auditing,Security,SecurityEvent
2026-04-28T23:51:21Z,WS-IT-01,4688,,CORP\lwoods,User,CORP,lwoods,lwoods,CORP,,,,,,C:\Windows\System32\OneDrive.exe,C:\Windows\System32\OneDrive.exe,C:\Windows\System32\SearchHost.exe,"""C:\Windows\System32\OneDrive.exe""",,,Microsoft-Windows-Security-Auditing,Security,SecurityEvent
2026-04-28T23:51:27Z,WS-DEV-02,4720,,CORP\lwoods,User,CORP,lwoods,newuser267,CORP,,,,,,,,,,,,Microsoft-Windows-Security-Auditing,Security,SecurityEvent
2026-04-28T23:51:31Z,WS-MKT-01,4625,,CORP\lwoods,User,CORP,lwoods,lwoods,CORP,10.81.104.172,59396,3,NtLmSsp,Unknown user name or bad password.,,,,,,,Microsoft-Windows-Security-Auditing,Security,SecurityEvent
2026-04-28T23:51:39Z,WS-IT-01,4624,,CORP\agarcia,User,CORP,agarcia,agarcia,CORP,10.192.108.228,52757,3,Negotiate,,,,,,,,Microsoft-Windows-Security-Auditing,Security,SecurityEvent
2026-04-28T23:51:39Z,SVR-WEB-01,4688,,CORP\kpatel,User,CORP,kpatel,kpatel,CORP,,,,,,C:\Windows\System32\services.exe,C:\Windows\System32\services.exe,C:\Windows\System32\services.exe,"""C:\Windows\System32\services.exe""",,,Microsoft-Windows-Security-Auditing,Security,SecurityEvent
2026-04-28T23:51:57Z,WS-DEV-02,4624,,CORP\rmorales,User,CORP,rmorales,rmorales,CORP,172.19.21.40,58523,3,Kerberos,,,,,,,,Microsoft-Windows-Security-Auditing,Security,SecurityEvent
2026-04-28T23:51:57Z,WS-OPS-02,4624,,CORP\rmorales,User,CORP,rmorales,rmorales,CORP,172.25.50.104,50818,5,NtLmSsp,,,,,,,,Microsoft-Windows-Security-Auditing,Security,SecurityEvent
2026-04-28T23:52:09Z,LAP-EXEC-01,4672,,CORP\agarcia,Admin,CORP,agarcia,agarcia,CORP,,,,,,,,,,,,Microsoft-Windows-Security-Auditing,Security,SecurityEvent
2026-04-28T23:52:13Z,WS-IT-01,4624,,CORP\mwhite,User,CORP,mwhite,mwhite,CORP,192.168.77.65,57195,2,Negotiate,,,,,,,,Microsoft-Windows-Security-Auditing,Security,SecurityEvent
2026-04-28T23:52:34Z,WS-IT-01,4624,,CORP\jharris,User,CORP,jharris,jharris,CORP,10.171.225.214,55380,3,Seclogo,,,,,,,,Microsoft-Windows-Security-Auditing,Security,SecurityEvent
2026-04-28T23:52:44Z,WS-IT-02,4688,,CORP\agarcia,User,CORP,agarcia,agarcia,CORP,,,,,,C:\Windows\System32\code.exe,C:\Windows\System32\code.exe,C:\Windows\System32\csrss.exe,"""C:\Windows\System32\code.exe""",,,Microsoft-Windows-Security-Auditing,Security,SecurityEvent
2026-04-28T23:52:56Z,SVR-WEB-01,4634,,CORP\sthompson,User,CORP,sthompson,sthompson,CORP,,,7,Kerberos,,,,,,,,Microsoft-Windows-Security-Auditing,Security,SecurityEvent
2026-04-28T23:52:56Z,WS-FINANCE-01,4625,,CORP\kpatel,User,CORP,kpatel,kpatel,CORP,172.28.1.130,51075,3,NtLmSsp,Unknown user name or bad password.,,,,,,,Microsoft-Windows-Security-Auditing,Security,SecurityEvent
2026-04-28T23:52:59Z,SVR-DC-01,4634,,CORP\tnguyen,User,CORP,tnguyen,tnguyen,CORP,,,5,User32,,,,,,,,Microsoft-Windows-Security-Auditing,Security,SecurityEvent
2026-04-28T23:53:01Z,WS-DEV-02,4688,,CORP\tnguyen,User,CORP,tnguyen,tnguyen,CORP,,,,,,C:\Windows\System32\taskmgr.exe,C:\Windows\System32\taskmgr.exe,C:\Windows\System32\chrome.exe,"""C:\Windows\System32\taskmgr.exe""",,,Microsoft-Windows-Security-Auditing,Security,SecurityEvent
2026-04-28T23:53:15Z,WS-HR-03,4688,,CORP\agarcia,User,CORP,agarcia,agarcia,CORP,,,,,,C:\Windows\System32\msiexec.exe,C:\Windows\System32\msiexec.exe,C:\Windows\System32\svchost.exe,"""C:\Windows\System32\msiexec.exe""",,,Microsoft-Windows-Security-Auditing,Security,SecurityEvent
2026-04-28T23:53:25Z,WS-OPS-01,4688,,CORP\dkim,User,CORP,dkim,dkim,CORP,,,,,,C:\Windows\System32\EXCEL.EXE,C:\Windows\System32\EXCEL.EXE,C:\Windows\System32\smss.exe,"""C:\Windows\System32\EXCEL.EXE""",,,Microsoft-Windows-Security-Auditing,Security,SecurityEvent
2026-04-28T23:53:28Z,SVR-WEB-01,4688,,CORP\jharris,User,CORP,jharris,jharris,CORP,,,,,,C:\Windows\System32\code.exe,C:\Windows\System32\code.exe,C:\Windows\System32\wininit.exe,"""C:\Windows\System32\code.exe""",,,Microsoft-Windows-Security-Auditing,Security,SecurityEvent
2026-04-28T23:53:38Z,LAP-SALES-03,4624,,CORP\ehernandez,User,CORP,ehernandez,ehernandez,CORP,172.30.84.67,58260,11,Kerberos,,,,,,,,Microsoft-Windows-Security-Auditing,Security,SecurityEvent
2026-04-28T23:53:43Z,WS-OPS-02,4624,,CORP\kpatel,User,CORP,kpatel,kpatel,CORP,10.184.109.164,52765,5,NtLmSsp,,,,,,,,Microsoft-Windows-Security-Auditing,Security,SecurityEvent
2026-04-28T23:54:03Z,WS-MKT-01,4625,,CORP\agarcia,User,CORP,agarcia,agarcia,CORP,172.18.50.159,56732,5,NtLmSsp,Unknown user name or bad password.,,,,,,,Microsoft-Windows-Security-Auditing,Security,SecurityEvent
2026-04-28T23:54:08Z,LAP-SALES-03,4624,,CORP\rmorales,User,CORP,rmorales,rmorales,CORP,10.239.57.164,59788,5,NtLmSsp,,,,,,,,Microsoft-Windows-Security-Auditing,Security,SecurityEvent
2026-04-28T23:54:16Z,SVR-DC-01,4672,,CORP\bsato,Admin,CORP,bsato,bsato,CORP,,,,,,,,,,,,Microsoft-Windows-Security-Auditing,Security,SecurityEvent
2026-04-28T23:54:38Z,WS-MKT-01,4625,,CORP\lwoods,User,CORP,lwoods,lwoods,CORP,172.31.111.133,57339,5,NtLmSsp,Unknown user name or bad password.,,,,,,,Microsoft-Windows-Security-Auditing,Security,SecurityEvent
2026-04-28T23:54:48Z,SVR-WEB-01,4688,,CORP\mwhite,User,CORP,mwhite,mwhite,CORP,,,,,,C:\Windows\System32\services.exe,C:\Windows\System32\services.exe,C:\Windows\System32\lsass.exe,"""C:\Windows\System32\services.exe""",,,Microsoft-Windows-Security-Auditing,Security,SecurityEvent
2026-04-28T23:54:49Z,WS-MKT-02,4720,,CORP\kpatel,User,CORP,kpatel,newuser675,CORP,,,,,,,,,,,,Microsoft-Windows-Security-Auditing,Security,SecurityEvent
2026-04-28T23:54:51Z,WS-FINANCE-01,4624,,CORP\dkim,User,CORP,dkim,dkim,CORP,172.31.201.52,49178,2,User32,,,,,,,,Microsoft-Windows-Security-Auditing,Security,SecurityEvent
2026-04-28T23:54:58Z,WS-OPS-02,4688,,CORP\rmorales,User,CORP,rmorales,rmorales,CORP,,,,,,C:\Windows\System32\msedge.exe,C:\Windows\System32\msedge.exe,C:\Windows\System32\code.exe,"""C:\Windows\System32\msedge.exe""",,,Microsoft-Windows-Security-Auditing,Security,SecurityEvent
2026-04-28T23:55:13Z,SVR-WEB-01,4732,,CORP\sthompson,User,CORP,sthompson,newuser774,CORP,,,,,,,,,,,,Microsoft-Windows-Security-Auditing,Security,SecurityEvent
2026-04-28T23:55:13Z,WS-OPS-02,4624,,CORP\sthompson,User,CORP,sthompson,sthompson,CORP,172.30.26.2,61806,2,NtLmSsp,,,,,,,,Microsoft-Windows-Security-Auditing,Security,SecurityEvent
2026-04-28T23:55:13Z,WS-MKT-02,4624,,CORP\bsato,User,CORP,bsato,bsato,CORP,172.28.194.217,57823,11,Negotiate,,,,,,,,Microsoft-Windows-Security-Auditing,Security,SecurityEvent
2026-04-28T23:55:18Z,WS-FINANCE-01,4688,,CORP\olopez,User,CORP,olopez,olopez,CORP,,,,,,C:\Windows\System32\OUTLOOK.EXE,C:\Windows\System32\OUTLOOK.EXE,C:\Windows\System32\explorer.exe,"""C:\Windows\System32\OUTLOOK.EXE""",,,Microsoft-Windows-Security-Auditing,Security,SecurityEvent
2026-04-28T23:55:27Z,WS-MKT-02,4697,,CORP\rmorales,User,CORP,rmorales,rmorales,CORP,,,,,,,,,,svc-df726c2e,C:\Program Files\svc-df726c2e\svc-df726c2e.exe,Microsoft-Windows-Security-Auditing,Security,SecurityEvent
2026-04-28T23:55:28Z,WS-IT-02,4625,,CORP\kpatel,User,CORP,kpatel,kpatel,CORP,172.28.152.53,56507,2,NtLmSsp,Account locked out.,,,,,,,Microsoft-Windows-Security-Auditing,Security,SecurityEvent
2026-04-28T23:55:28Z,LAP-SALES-03,4720,,CORP\ehernandez,User,CORP,ehernandez,newuser989,CORP,,,,,,,,,,,,Microsoft-Windows-Security-Auditing,Security,SecurityEvent
2026-04-28T23:55:29Z,WS-DEV-02,4624,,CORP\rmorales,User,CORP,rmorales,rmorales,CORP,10.197.248.58,58365,5,Kerberos,,,,,,,,Microsoft-Windows-Security-Auditing,Security,SecurityEvent
2026-04-28T23:55:32Z,SVR-DC-01,4720,,CORP\kpatel,User,CORP,kpatel,newuser876,CORP,,,,,,,,,,,,Microsoft-Windows-Security-Auditing,Security,SecurityEvent
2026-04-28T23:55:36Z,SVR-WEB-01,4625,,CORP\sthompson,User,CORP,sthompson,sthompson,CORP,10.152.63.53,65011,3,NtLmSsp,Unknown user name or bad password.,,,,,,,Microsoft-Windows-Security-Auditing,Security,SecurityEvent
2026-04-28T23:55:41Z,WS-OPS-02,4634,,CORP\mwhite,User,CORP,mwhite,mwhite,CORP,,,5,Kerberos,,,,,,,,Microsoft-Windows-Security-Auditing,Security,SecurityEvent
2026-04-28T23:56:01Z,WS-IT-02,4634,,CORP\lwoods,User,CORP,lwoods,lwoods,CORP,,,3,Seclogo,,,,,,,,Microsoft-Windows-Security-Auditing,Security,SecurityEvent
2026-04-28T23:56:02Z,WS-DEV-02,4688,,CORP\rmorales,User,CORP,rmorales,rmorales,CORP,,,,,,C:\Windows\System32\firefox.exe,C:\Windows\System32\firefox.exe,C:\Windows\System32\code.exe,"""C:\Windows\System32\firefox.exe""",,,Microsoft-Windows-Security-Auditing,Security,SecurityEvent
2026-04-28T23:56:04Z,WS-IT-02,4732,,CORP\bsato,User,CORP,bsato,newuser296,CORP,,,,,,,,,,,,Microsoft-Windows-Security-Auditing,Security,SecurityEvent
2026-04-28T23:56:07Z,WS-MKT-02,4688,,CORP\ehernandez,User,CORP,ehernandez,ehernandez,CORP,,,,,,C:\Windows\System32\Teams.exe,C:\Windows\System32\Teams.exe,C:\Windows\System32\EXCEL.EXE,"""C:\Windows\System32\Teams.exe""",,,Microsoft-Windows-Security-Auditing,Security,SecurityEvent
