2026-04-28T19:05:20Z,WS-MKT-01,4624,,CORP\kpatel,User,CORP,kpatel,kpatel,CORP,10.28.165.248,63819,3,NtLmSsp,,,,,,,,Microsoft-Windows-Security-Auditing,Security,SecurityEvent
2026-04-28T19:05:26Z,WS-HR-03,4672,,CORP\agarcia,Admin,CORP,agarcia,agarcia,CORP,,,,,,,,,,,,Microsoft-Windows-Security-Auditing,Security,SecurityEvent
2026-04-28T19:05:42Z,SVR-WEB-01,4624,,CORP\lwoods,User,CORP,lwoods,lwoods,CORP,10.126.153.100,64838,3,Negotiate,,,,,,,,Microsoft-Windows-Security-Auditing,Security,SecurityEvent
2026-04-28T19:05:46Z,WS-DEV-02,4624,,CORP\dkim,User,CORP,dkim,dkim,CORP,172.20.72.142,52506,7,Negotiate,,,,,,,,Microsoft-Windows-Security-Auditing,Security,SecurityEvent
2026-04-28T19:06:24Z,WS-IT-01,4672,,CORP\tnguyen,Admin,CORP,tnguyen,tnguyen,CORP,,,,,,,,,,,,Microsoft-Windows-Security-Auditing,Security,SecurityEvent
2026-04-28T19:07:01Z,WS-DEV-02,4688,,CORP\rmorales,User,CORP,rmorales,rmorales,CORP,,,,,,C:\Windows\System32\services.exe,C:\Windows\System32\services.exe,C:\Windows\System32\msedge.exe,"""C:\Windows\System32\services.exe""",,,Microsoft-Windows-Security-Auditing,Security,SecurityEvent
2026-04-28T19:07:03Z,SVR-DC-01,4625,,CORP\tnguyen,User,CORP,tnguyen,tnguyen,CORP,10.104.14.151,61782,7,NtLmSsp,Unknown user name or bad password.,,,,,,,Microsoft-Windows-Security-Auditing,Security,SecurityEvent
2026-04-28T19:07:17Z,WS-FINANCE-01,4625,,CORP\kpatel,User,CORP,kpatel,kpatel,CORP,172.24.165.69,62011,2,NtLmSsp,Account currently disabled.,,,,,,,Microsoft-Windows-Security-Auditing,Security,SecurityEvent
2026-04-28T19:07:27Z,WS-MKT-01,4688,,CORP\rmorales,User,CORP,rmorales,rmorales,CORP,,,,,,C:\Windows\System32\svchost.exe,C:\Windows\System32\svchost.exe,C:\Windows\System32\firefox.exe,"""C:\Windows\System32\svchost.exe""",,,Microsoft-Windows-Security-Auditing,Security,SecurityEvent
2026-04-28T19:07:33Z,WS-MKT-02,4625,,CORP\jharris,User,CORP,jharris,jharris,CORP,172.29.25.65,54570,3,NtLmSsp,Unknown user name or bad password.,,,,,,,Microsoft-Windows-Security-Auditing,Security,SecurityEvent
2026-04-28T19:07:42Z,WS-HR-03,4688,,CORP\agarcia,User,CORP,agarcia,agarcia,CORP,,,,,,C:\Windows\System32\explorer.exe,C:\Windows\System32\explorer.exe,C:\Windows\System32\WINWORD.EXE,"""C:\Windows\System32\explorer.exe""",,,Microsoft-Windows-Security-Auditing,Security,SecurityEvent
2026-04-28T19:08:03Z,WS-IT-01,4688,,CORP\ehernandez,User,CORP,ehernandez,ehernandez,CORP,,,,,,C:\Windows\System32\lsass.exe,C:\Windows\System32\lsass.exe,C:\Windows\System32\WINWORD.EXE,"""C:\Windows\System32\lsass.exe""",,,Microsoft-Windows-Security-Auditing,Security,SecurityEvent
2026-04-28T19:08:07Z,WS-FINANCE-01,4688,,CORP\ehernandez,User,CORP,ehernandez,ehernandez,CORP,,,,,,C:\Windows\System32\wininit.exe,C:\Windows\System32\wininit.exe,C:\Windows\System32\WINWORD.EXE,"""C:\Windows\System32\wininit.exe""",,,Microsoft-Windows-Security-Auditing,Security,SecurityEvent
2026-04-28T19:08:07Z,SVR-DC-01,4688,,CORP\olopez,User,CORP,olopez,olopez,CORP,,,,,,C:\Windows\System32\msedge.exe,C:\Windows\System32\msedge.exe,C:\Windows\System32\svchost.exe,"""C:\Windows\System32\msedge.exe""",,,Microsoft-Windows-Security-Auditing,Security,SecurityEvent
2026-04-28T19:08:08Z,WS-IT-02,4688,,CORP\olopez,User,CORP,olopez,olopez,CORP,,,,,,C:\Windows\System32\firefox.exe,C:\Windows\System32\firefox.exe,C:\Windows\System32\code.exe,"""C:\Windows\System32\firefox.exe""",,,Microsoft-Windows-Security-Auditing,Security,SecurityEvent
2026-04-28T19:08:19Z,SVR-WEB-01,4624,,CORP\rmorales,User,CORP,rmorales,rmorales,CORP,10.175.97.136,53559,5,Kerberos,,,,,,,,Microsoft-Windows-Security-Auditing,Security,SecurityEvent
2026-04-28T19:08:21Z,WS-DEV-02,4624,,CORP\ehernandez,User,CORP,ehernandez,ehernandez,CORP,10.151.223.218,49505,10,Seclogo,,,,,,,,Microsoft-Windows-Security-Auditing,Security,SecurityEvent
2026-04-28T19:08:42Z,WS-DEV-02,4688,,CORP\bsato,User,CORP,bsato,bsato,CORP,,,,,,C:\Windows\System32\chrome.exe,C:\Windows\System32\chrome.exe,C:\Windows\System32\code.exe,"""C:\Windows\System32\chrome.exe""",,,Microsoft-Windows-Security-Auditing,Security,SecurityEvent
2026-04-28T19:09:10Z,WS-OPS-02,4688,,CORP\sthompson,User,CORP,sthompson,sthompson,CORP,,,,,,C:\Windows\System32\services.exe,C:\Windows\System32\services.exe,C:\Windows\System32\WINWORD.EXE,"""C:\Windows\System32\services.exe""",,,Microsoft-Windows-Security-Auditing,Security,SecurityEvent
2026-04-28T19:09:12Z,WS-HR-03,4624,,CORP\dkim,User,CORP,dkim,dkim,CORP,10.40.62.5,57905,2,Negotiate,,,,,,,,Microsoft-Windows-Security-Auditing,Security,SecurityEvent
2026-04-28T19:09:17Z,WS-MKT-02,4624,,CORP\mwhite,User,CORP,mwhite,mwhite,CORP,10.129.255.160,65474,4,NtLmSsp,,,,,,,,Microsoft-Windows-Security-Auditing,Security,SecurityEvent
2026-04-28T19:09:18Z,WS-MKT-02,4672,,CORP\kpatel,Admin,CORP,kpatel,kpatel,CORP,,,,,,,,,,,,Microsoft-Windows-Security-Auditing,Security,SecurityEvent
2026-04-28T19:09:51Z,WS-DEV-02,4688,,CORP\dkim,User,CORP,dkim,dkim,CORP,,,,,,C:\Windows\System32\explorer.exe,C:\Windows\System32\explorer.exe,C:\Windows\System32\OUTLOOK.EXE,"""C:\Windows\System32\explorer.exe""",,,Microsoft-Windows-Security-Auditing,Security,SecurityEvent
2026-04-28T19:09:57Z,WS-MKT-01,4634,,CORP\sthompson,User,CORP,sthompson,sthompson,CORP,,,3,Kerberos,,,,,,,,Microsoft-Windows-Security-Auditing,Security,SecurityEvent
2026-04-28T19:10:10Z,WS-HR-03,4625,,CORP\kpatel,User,CORP,kpatel,kpatel,CORP,10.239.89.218,54415,3,Kerberos,Unknown user name or bad password.,,,,,,,Microsoft-Windows-Security-Auditing,Security,SecurityEvent
2026-04-28T19:10:15Z,LAP-EXEC-01,4624,,CORP\dkim,User,CORP,dkim,dkim,CORP,10.6.219.220,51855,10,Kerberos,,,,,,,,Microsoft-Windows-Security-Auditing,Security,SecurityEvent
2026-04-28T19:10:31Z,SVR-WEB-01,4634,,CORP\kpatel,User,CORP,kpatel,kpatel,CORP,,,3,NtLmSsp,,,,,,,,Microsoft-Windows-Security-Auditing,Security,SecurityEvent
2026-04-28T19:10:41Z,WS-OPS-02,4634,,CORP\rmorales,User,CORP,rmorales,rmorales,CORP,,,5,Kerberos,,,,,,,,Microsoft-Windows-Security-Auditing,Security,SecurityEvent
2026-04-28T19:10:51Z,WS-OPS-02,4624,,CORP\sthompson,User,CORP,sthompson,sthompson,CORP,10.27.90.197,64861,5,Negotiate,,,,,,,,Microsoft-Windows-Security-Auditing,Security,SecurityEvent
2026-04-28T19:11:05Z,WS-MKT-01,4624,,CORP\ehernandez,User,CORP,ehernandez,ehernandez,CORP,10.254.124.174,56501,2,NtLmSsp,,,,,,,,Microsoft-Windows-Security-Auditing,Security,SecurityEvent
2026-04-28T19:11:08Z,WS-IT-02,4688,,CORP\rmorales,User,CORP,rmorales,rmorales,CORP,,,,,,C:\Windows\System32\svchost.exe,C:\Windows\System32\svchost.exe,C:\Windows\System32\EXCEL.EXE,"""C:\Windows\System32\svchost.exe""",,,Microsoft-Windows-Security-Auditing,Security,SecurityEvent
2026-04-28T19:11:13Z,LAP-SALES-03,4634,,CORP\jharris,User,CORP,jharris,jharris,CORP,,,5,Kerberos,,,,,,,,Microsoft-Windows-Security-Auditing,Security,SecurityEvent
2026-04-28T19:11:14Z,WS-IT-02,4625,,CORP\bsato,User,CORP,bsato,bsato,CORP,10.83.49.181,53485,5,Kerberos,Unknown user name or bad password.,,,,,,,Microsoft-Windows-Security-Auditing,Security,SecurityEvent
2026-04-28T19:11:21Z,WS-FINANCE-01,4688,,CORP\dkim,User,CORP,dkim,dkim,CORP,,,,,,C:\Windows\System32\services.exe,C:\Windows\System32\services.exe,C:\Windows\System32\wininit.exe,"""C:\Windows\System32\services.exe""",,,Microsoft-Windows-Security-Auditing,Security,SecurityEvent
2026-04-28T19:11:26Z,SVR-DC-01,4688,,CORP\agarcia,User,CORP,agarcia,agarcia,CORP,,,,,,C:\Windows\System32\smss.exe,C:\Windows\System32\smss.exe,C:\Windows\System32\Teams.exe,"""C:\Windows\System32\smss.exe""",,,Microsoft-Windows-Security-Auditing,Security,SecurityEvent
2026-04-28T19:11:46Z,WS-MKT-02,4624,,CORP\olopez,User,CORP,olopez,olopez,CORP,10.106.175.225,55440,11,NtLmSsp,,,,,,,,Microsoft-Windows-Security-Auditing,Security,SecurityEvent
2026-04-28T19:12:04Z,WS-OPS-01,4624,,CORP\sthompson,User,CORP,sthompson,sthompson,CORP,10.92.150.116,62341,3,NtLmSsp,,,,,,,,Microsoft-Windows-Security-Auditing,Security,SecurityEvent
2026-04-28T19:12:08Z,SVR-DC-01,4688,,CORP\olopez,User,CORP,olopez,olopez,CORP,,,,,,C:\Windows\System32\lsass.exe,C:\Windows\System32\lsass.exe,C:\Windows\System32\Teams.exe,"""C:\Windows\System32\lsass.exe""",,,Microsoft-Windows-Security-Auditing,Security,SecurityEvent
2026-04-28T19:12:12Z,SVR-WEB-01,4688,,CORP\bsato,User,CORP,bsato,bsato,CORP,,,,,,C:\Windows\System32\msedge.exe,C:\Windows\System32\msedge.exe,C:\Windows\System32\smss.exe,"""C:\Windows\System32\msedge.exe""",,,Microsoft-Windows-Security-Auditing,Security,SecurityEvent
2026-04-28T19:12:20Z,WS-IT-01,4688,,CORP\rmorales,User,CORP,rmorales,rmorales,CORP,,,,,,C:\Windows\System32\taskmgr.exe,C:\Windows\System32\taskmgr.exe,C:\Windows\System32\winlogon.exe,"""C:\Windows\System32\taskmgr.exe""",,,Microsoft-Windows-Security-Auditing,Security,SecurityEvent
2026-04-28T19:12:42Z,LAP-SALES-03,4634,,CORP\lwoods,User,CORP,lwoods,lwoods,CORP,,,2,Negotiate,,,,,,,,Microsoft-Windows-Security-Auditing,Security,SecurityEvent
2026-04-28T19:12:42Z,WS-MKT-01,4624,,CORP\mwhite,User,CORP,mwhite,mwhite,CORP,172.26.189.153,59064,3,Kerberos,,,,,,,,Microsoft-Windows-Security-Auditing,Security,SecurityEvent
2026-04-28T19:12:59Z,WS-MKT-02,4624,,CORP\kpatel,User,CORP,kpatel,kpatel,CORP,10.186.202.223,50121,5,Kerberos,,,,,,,,Microsoft-Windows-Security-Auditing,Security,SecurityEvent
2026-04-28T19:13:12Z,WS-IT-01,4624,,CORP\jharris,User,CORP,jharris,jharris,CORP,10.106.243.194,59877,5,Negotiate,,,,,,,,Microsoft-Windows-Security-Auditing,Security,SecurityEvent
2026-04-28T19:13:14Z,WS-MKT-02,4625,,CORP\bsato,User,CORP,bsato,bsato,CORP,192.168.164.252,65426,2,Negotiate,Unknown user name or bad password.,,,,,,,Microsoft-Windows-Security-Auditing,Security,SecurityEvent
2026-04-28T19:13:19Z,WS-MKT-02,4625,,CORP\rmorales,User,CORP,rmorales,rmorales,CORP,10.214.65.79,51197,4,Kerberos,The specified account's password has expired.,,,,,,,Microsoft-Windows-Security-Auditing,Security,SecurityEvent
2026-04-28T19:13:48Z,WS-OPS-01,4624,,CORP\agarcia,User,CORP,agarcia,agarcia,CORP,10.195.158.148,57599,5,NtLmSsp,,,,,,,,Microsoft-Windows-Security-Auditing,Security,SecurityEvent
2026-04-28T19:14:00Z,LAP-SALES-03,4625,,CORP\bsato,User,CORP,bsato,bsato,CORP,10.180.47.30,50520,11,NtLmSsp,The user has not been granted the requested logon type at this machine.,,,,,,,Microsoft-Windows-Security-Auditing,Security,SecurityEvent
2026-04-28T19:14:04Z,LAP-EXEC-01,4625,,CORP\mwhite,User,CORP,mwhite,mwhite,CORP,10.195.70.148,60534,3,Kerberos,Unknown user name or bad password.,,,,,,,Microsoft-Windows-Security-Auditing,Security,SecurityEvent
2026-04-28T19:14:51Z,WS-IT-02,4688,,CORP\agarcia,User,CORP,agarcia,agarcia,CORP,,,,,,C:\Windows\System32\Teams.exe,C:\Windows\System32\Teams.exe,C:\Windows\System32\smss.exe,"""C:\Windows\System32\Teams.exe""",,,Microsoft-Windows-Security-Auditing,Security,SecurityEvent
2026-04-28T19:15:03Z,WS-HR-03,4624,,CORP\sthompson,User,CORP,sthompson,sthompson,CORP,10.122.27.178,55794,3,Kerberos,,,,,,,,Microsoft-Windows-Security-Auditing,Security,SecurityEvent
2026-04-28T19:15:19Z,WS-MKT-02,4624,,CORP\kpatel,User,CORP,kpatel,kpatel,CORP,10.48.10.92,63783,10,Kerberos,,,,,,,,Microsoft-Windows-Security-Auditing,Security,SecurityEvent
2026-04-28T19:15:25Z,WS-HR-03,4624,,CORP\sthompson,User,CORP,sthompson,sthompson,CORP,172.20.239.5,57774,5,Kerberos,,,,,,,,Microsoft-Windows-Security-Auditing,Security,SecurityEvent
2026-04-28T19:15:31Z,SVR-DC-01,4688,,CORP\agarcia,User,CORP,agarcia,agarcia,CORP,,,,,,C:\Windows\System32\msiexec.exe,C:\Windows\System32\msiexec.exe,C:\Windows\System32\lsass.exe,"""C:\Windows\System32\msiexec.exe""",,,Microsoft-Windows-Security-Auditing,Security,SecurityEvent
2026-04-28T19:15:37Z,WS-MKT-02,4688,,CORP\dkim,User,CORP,dkim,dkim,CORP,,,,,,C:\Windows\System32\svchost.exe,C:\Windows\System32\svchost.exe,C:\Windows\System32\winlogon.exe,"""C:\Windows\System32\svchost.exe""",,,Microsoft-Windows-Security-Auditing,Security,SecurityEvent
2026-04-28T19:15:40Z,WS-DEV-02,4688,,CORP\lwoods,User,CORP,lwoods,lwoods,CORP,,,,,,C:\Windows\System32\code.exe,C:\Windows\System32\code.exe,C:\Windows\System32\SearchHost.exe,"""C:\Windows\System32\code.exe""",,,Microsoft-Windows-Security-Auditing,Security,SecurityEvent
2026-04-28T19:15:59Z,WS-MKT-01,4688,,CORP\mwhite,User,CORP,mwhite,mwhite,CORP,,,,,,C:\Windows\System32\explorer.exe,C:\Windows\System32\explorer.exe,C:\Windows\System32\msedge.exe,"""C:\Windows\System32\explorer.exe""",,,Microsoft-Windows-Security-Auditing,Security,SecurityEvent
2026-04-28T19:16:02Z,WS-IT-01,4624,,CORP\kpatel,User,CORP,kpatel,kpatel,CORP,172.28.255.214,51891,3,Advapi,,,,,,,,Microsoft-Windows-Security-Auditing,Security,SecurityEvent
2026-04-28T19:16:02Z,WS-IT-02,4624,,CORP\jharris,User,CORP,jharris,jharris,CORP,172.18.159.195,59849,3,Seclogo,,,,,,,,Microsoft-Windows-Security-Auditing,Security,SecurityEvent
2026-04-28T19:16:03Z,SVR-DC-01,4624,,CORP\olopez,User,CORP,olopez,olopez,CORP,10.131.185.126,60257,10,NtLmSsp,,,,,,,,Microsoft-Windows-Security-Auditing,Security,SecurityEvent
2026-04-28T19:16:19Z,WS-FINANCE-01,4624,,CORP\sthompson,User,CORP,sthompson,sthompson,CORP,172.18.128.146,53644,3,Kerberos,,,,,,,,Microsoft-Windows-Security-Auditing,Security,SecurityEvent
2026-04-28T19:16:40Z,WS-MKT-02,4688,,CORP\jharris,User,CORP,jharris,jharris,CORP,,,,,,C:\Windows\System32\Teams.exe,C:\Windows\System32\Teams.exe,C:\Windows\System32\wininit.exe,"""C:\Windows\System32\Teams.exe""",,,Microsoft-Windows-Security-Auditing,Security,SecurityEvent
2026-04-28T19:16:49Z,WS-FINANCE-01,4634,,CORP\agarcia,User,CORP,agarcia,agarcia,CORP,,,2,Kerberos,,,,,,,,Microsoft-Windows-Security-Auditing,Security,SecurityEvent
2026-04-28T19:17:09Z,WS-FINANCE-01,4688,,CORP\agarcia,User,CORP,agarcia,agarcia,CORP,,,,,,C:\Windows\System32\WINWORD.EXE,C:\Windows\System32\WINWORD.EXE,C:\Windows\System32\wininit.exe,"""C:\Windows\System32\WINWORD.EXE""",,,Microsoft-Windows-Security-Auditing,Security,SecurityEvent
2026-04-28T19:17:51Z,WS-IT-01,4720,,CORP\mwhite,User,CORP,mwhite,newuser594,CORP,,,,,,,,,,,,Microsoft-Windows-Security-Auditing,Security,SecurityEvent
2026-04-28T19:17:54Z,SVR-WEB-01,4688,,CORP\jharris,User,CORP,jharris,jharris,CORP,,,,,,C:\Windows\System32\msiexec.exe,C:\Windows\System32\msiexec.exe,C:\Windows\System32\services.exe,"""C:\Windows\System32\msiexec.exe""",,,Microsoft-Windows-Security-Auditing,Security,SecurityEvent
2026-04-28T19:18:05Z,WS-DEV-02,4672,,CORP\jharris,Admin,CORP,jharris,jharris,CORP,,,,,,,,,,,,Microsoft-Windows-Security-Auditing,Security,SecurityEvent
2026-04-28T19:18:15Z,LAP-EXEC-01,4688,,CORP\jharris,User,CORP,jharris,jharris,CORP,,,,,,C:\Windows\System32\msedge.exe,C:\Windows\System32\msedge.exe,C:\Windows\System32\msedge.exe,"""C:\Windows\System32\msedge.exe""",,,Microsoft-Windows-Security-Auditing,Security,SecurityEvent
2026-04-28T19:18:20Z,WS-IT-01,4624,,CORP\olopez,User,CORP,olopez,olopez,CORP,10.174.158.50,65313,5,Kerberos,,,,,,,,Microsoft-Windows-Security-Auditing,Security,SecurityEvent
2026-04-28T19:18:22Z,SVR-DC-01,4624,,CORP\kpatel,User,CORP,kpatel,kpatel,CORP,10.33.74.107,64125,3,NtLmSsp,,,,,,,,Microsoft-Windows-Security-Auditing,Security,SecurityEvent
2026-04-28T19:18:24Z,WS-OPS-02,4697,,CORP\ehernandez,User,CORP,ehernandez,ehernandez,CORP,,,,,,,,,,svc-56f246a2,C:\Program Files\svc-56f246a2\svc-56f246a2.exe,Microsoft-Windows-Security-Auditing,Security,SecurityEvent
2026-04-28T19:18:30Z,WS-HR-03,4688,,CORP\dkim,User,CORP,dkim,dkim,CORP,,,,,,C:\Windows\System32\OneDrive.exe,C:\Windows\System32\OneDrive.exe,C:\Windows\System32\lsass.exe,"""C:\Windows\System32\OneDrive.exe""",,,Microsoft-Windows-Security-Auditing,Security,SecurityEvent
2026-04-28T19:18:31Z,SVR-DC-01,4625,,CORP\agarcia,User,CORP,agarcia,agarcia,CORP,192.168.10.211,59351,2,NtLmSsp,Account currently disabled.,,,,,,,Microsoft-Windows-Security-Auditing,Security,SecurityEvent
2026-04-28T19:18:49Z,SVR-WEB-01,4625,,CORP\agarcia,User,CORP,agarcia,agarcia,CORP,10.54.8.187,59339,7,NtLmSsp,Unknown user name or bad password.,,,,,,,Microsoft-Windows-Security-Auditing,Security,SecurityEvent
2026-04-28T19:18:51Z,WS-IT-02,4624,,CORP\agarcia,User,CORP,agarcia,agarcia,CORP,10.45.163.88,56201,5,Negotiate,,,,,,,,Microsoft-Windows-Security-Auditing,Security,SecurityEvent
2026-04-28T19:19:02Z,WS-DEV-02,4624,,CORP\sthompson,User,CORP,sthompson,sthompson,CORP,10.88.184.59,53246,11,Negotiate,,,,,,,,Microsoft-Windows-Security-Auditing,Security,SecurityEvent
2026-04-28T19:19:23Z,WS-OPS-02,4688,,CORP\sthompson,User,CORP,sthompson,sthompson,CORP,,,,,,C:\Windows\System32\chrome.exe,C:\Windows\System32\chrome.exe,C:\Windows\System32\svchost.exe,"""C:\Windows\System32\chrome.exe""",,,Microsoft-Windows-Security-Auditing,Security,SecurityEvent
2026-04-28T19:19:23Z,WS-FINANCE-01,4624,,CORP\rmorales,User,CORP,rmorales,rmorales,CORP,10.220.54.145,56570,5,NtLmSsp,,,,,,,,Microsoft-Windows-Security-Auditing,Security,SecurityEvent
2026-04-28T19:19:26Z,LAP-SALES-03,4625,,CORP\jharris,User,CORP,jharris,jharris,CORP,10.124.49.102,53684,11,Kerberos,The user has not been granted the requested logon type at this machine.,,,,,,,Microsoft-Windows-Security-Auditing,Security,SecurityEvent
2026-04-28T19:19:34Z,WS-DEV-02,4624,,CORP\lwoods,User,CORP,lwoods,lwoods,CORP,10.204.123.48,57293,3,Negotiate,,,,,,,,Microsoft-Windows-Security-Auditing,Security,SecurityEvent
2026-04-28T19:19:40Z,WS-FINANCE-01,4624,,CORP\lwoods,User,CORP,lwoods,lwoods,CORP,172.19.200.110,57000,3,Negotiate,,,,,,,,Microsoft-Windows-Security-Auditing,Security,SecurityEvent
2026-04-28T19:19:45Z,LAP-EXEC-01,4672,,CORP\rmorales,Admin,CORP,rmorales,rmorales,CORP,,,,,,,,,,,,Microsoft-Windows-Security-Auditing,Security,SecurityEvent
2026-04-28T19:20:25Z,SVR-WEB-01,4624,,CORP\rmorales,User,CORP,rmorales,rmorales,CORP,10.8.96.80,51594,11,Kerberos,,,,,,,,Microsoft-Windows-Security-Auditing,Security,SecurityEvent
2026-04-28T19:21:07Z,SVR-DC-01,4625,,CORP\dkim,User,CORP,dkim,dkim,CORP,10.15.187.97,64812,2,Kerberos,Account currently disabled.,,,,,,,Microsoft-Windows-Security-Auditing,Security,SecurityEvent
2026-04-28T19:21:16Z,LAP-EXEC-01,4625,,CORP\rmorales,User,CORP,rmorales,rmorales,CORP,10.180.195.235,54882,5,NtLmSsp,Account locked out.,,,,,,,Microsoft-Windows-Security-Auditing,Security,SecurityEvent
2026-04-28T19:21:28Z,WS-OPS-01,4624,,CORP\agarcia,User,CORP,agarcia,agarcia,CORP,10.198.4.40,51146,2,Kerberos,,,,,,,,Microsoft-Windows-Security-Auditing,Security,SecurityEvent
2026-04-28T19:22:07Z,LAP-EXEC-01,4625,,CORP\bsato,User,CORP,bsato,bsato,CORP,172.31.235.107,52366,3,Negotiate,Unknown user name or bad password.,,,,,,,Microsoft-Windows-Security-Auditing,Security,SecurityEvent
2026-04-28T19:22:26Z,SVR-WEB-01,4688,,CORP\rmorales,User,CORP,rmorales,rmorales,CORP,,,,,,C:\Windows\System32\explorer.exe,C:\Windows\System32\explorer.exe,C:\Windows\System32\SearchHost.exe,"""C:\Windows\System32\explorer.exe""",,,Microsoft-Windows-Security-Auditing,Security,SecurityEvent
2026-04-28T19:23:03Z,WS-IT-01,4624,,CORP\sthompson,User,CORP,sthompson,sthompson,CORP,10.58.95.48,51384,11,Negotiate,,,,,,,,Microsoft-Windows-Security-Auditing,Security,SecurityEvent
2026-04-28T19:23:28Z,WS-MKT-01,4624,,CORP\sthompson,User,CORP,sthompson,sthompson,CORP,172.19.213.249,49308,11,Kerberos,,,,,,,,Microsoft-Windows-Security-Auditing,Security,SecurityEvent
2026-04-28T19:23:28Z,WS-IT-01,4688,,CORP\tnguyen,User,CORP,tnguyen,tnguyen,CORP,,,,,,C:\Windows\System32\Teams.exe,C:\Windows\System32\Teams.exe,C:\Windows\System32\smss.exe,"""C:\Windows\System32\Teams.exe""",,,Microsoft-Windows-Security-Auditing,Security,SecurityEvent
2026-04-28T19:23:33Z,WS-OPS-02,4625,,CORP\sthompson,User,CORP,sthompson,sthompson,CORP,10.66.103.68,53795,3,NtLmSsp,Unknown user name or bad password.,,,,,,,Microsoft-Windows-Security-Auditing,Security,SecurityEvent
2026-04-28T19:23:36Z,SVR-DC-01,4688,,CORP\sthompson,User,CORP,sthompson,sthompson,CORP,,,,,,C:\Windows\System32\lsass.exe,C:\Windows\System32\lsass.exe,C:\Windows\System32\code.exe,"""C:\Windows\System32\lsass.exe""",,,Microsoft-Windows-Security-Auditing,Security,SecurityEvent
2026-04-28T19:23:38Z,WS-OPS-02,4688,,CORP\lwoods,User,CORP,lwoods,lwoods,CORP,,,,,,C:\Windows\System32\SearchHost.exe,C:\Windows\System32\SearchHost.exe,C:\Windows\System32\lsass.exe,"""C:\Windows\System32\SearchHost.exe""",,,Microsoft-Windows-Security-Auditing,Security,SecurityEvent
2026-04-28T19:24:04Z,WS-FINANCE-01,4688,,CORP\kpatel,User,CORP,kpatel,kpatel,CORP,,,,,,C:\Windows\System32\taskmgr.exe,C:\Windows\System32\taskmgr.exe,C:\Windows\System32\smss.exe,"""C:\Windows\System32\taskmgr.exe""",,,Microsoft-Windows-Security-Auditing,Security,SecurityEvent
2026-04-28T19:24:09Z,SVR-WEB-01,4688,,CORP\sthompson,User,CORP,sthompson,sthompson,CORP,,,,,,C:\Windows\System32\chrome.exe,C:\Windows\System32\chrome.exe,C:\Windows\System32\Teams.exe,"""C:\Windows\System32\chrome.exe""",,,Microsoft-Windows-Security-Auditing,Security,SecurityEvent
2026-04-28T19:24:12Z,WS-MKT-01,4625,,CORP\agarcia,User,CORP,agarcia,agarcia,CORP,10.151.196.217,55565,7,Negotiate,The user has not been granted the requested logon type at this machine.,,,,,,,Microsoft-Windows-Security-Auditing,Security,SecurityEvent
2026-04-28T19:24:31Z,WS-MKT-01,4624,,CORP\jharris,User,CORP,jharris,jharris,CORP,10.201.81.228,59412,3,User32,,,,,,,,Microsoft-Windows-Security-Auditing,Security,SecurityEvent
2026-04-28T19:25:38Z,LAP-EXEC-01,4624,,CORP\jharris,User,CORP,jharris,jharris,CORP,10.171.71.204,63892,3,Negotiate,,,,,,,,Microsoft-Windows-Security-Auditing,Security,SecurityEvent
2026-04-28T19:26:11Z,WS-OPS-02,4634,,CORP\rmorales,User,CORP,rmorales,rmorales,CORP,,,5,User32,,,,,,,,Microsoft-Windows-Security-Auditing,Security,SecurityEvent
2026-04-28T19:26:11Z,WS-IT-02,4625,,CORP\sthompson,User,CORP,sthompson,sthompson,CORP,172.18.210.105,56096,10,Kerberos,Unknown user name or bad password.,,,,,,,Microsoft-Windows-Security-Auditing,Security,SecurityEvent
2026-04-28T19:26:23Z,SVR-DC-01,4624,,CORP\rmorales,User,CORP,rmorales,rmorales,CORP,10.163.67.149,60914,3,NtLmSsp,,,,,,,,Microsoft-Windows-Security-Auditing,Security,SecurityEvent
2026-04-28T19:26:26Z,WS-MKT-01,4688,,CORP\bsato,User,CORP,bsato,bsato,CORP,,,,,,C:\Windows\System32\csrss.exe,C:\Windows\System32\csrss.exe,C:\Windows\System32\chrome.exe,"""C:\Windows\System32\csrss.exe""",,,Microsoft-Windows-Security-Auditing,Security,SecurityEvent
2026-04-28T19:26:28Z,LAP-SALES-03,4624,,CORP\bsato,User,CORP,bsato,bsato,CORP,10.112.68.41,62867,5,Kerberos,,,,,,,,Microsoft-Windows-Security-Auditing,Security,SecurityEvent
2026-04-28T19:26:30Z,SVR-DC-01,4624,,CORP\agarcia,User,CORP,agarcia,agarcia,CORP,172.20.225.96,53028,3,Kerberos,,,,,,,,Microsoft-Windows-Security-Auditing,Security,SecurityEvent
2026-04-28T19:26:54Z,LAP-EXEC-01,4624,,CORP\agarcia,User,CORP,agarcia,agarcia,CORP,10.29.250.51,54485,3,Negotiate,,,,,,,,Microsoft-Windows-Security-Auditing,Security,SecurityEvent
2026-04-28T19:27:53Z,WS-IT-02,4672,,CORP\agarcia,Admin,CORP,agarcia,agarcia,CORP,,,,,,,,,,,,Microsoft-Windows-Security-Auditing,Security,SecurityEvent
2026-04-28T19:28:06Z,LAP-EXEC-01,4625,,CORP\dkim,User,CORP,dkim,dkim,CORP,10.176.7.58,54801,3,Kerberos,Unknown user name or bad password.,,,,,,,Microsoft-Windows-Security-Auditing,Security,SecurityEvent
2026-04-28T19:29:07Z,WS-OPS-01,4624,,CORP\jharris,User,CORP,jharris,jharris,CORP,192.168.41.186,57899,11,Kerberos,,,,,,,,Microsoft-Windows-Security-Auditing,Security,SecurityEvent
2026-04-28T19:29:11Z,WS-HR-03,4624,,CORP\sthompson,User,CORP,sthompson,sthompson,CORP,172.31.32.118,50289,3,NtLmSsp,,,,,,,,Microsoft-Windows-Security-Auditing,Security,SecurityEvent
2026-04-28T19:29:26Z,LAP-EXEC-01,4634,,CORP\tnguyen,User,CORP,tnguyen,tnguyen,CORP,,,2,Negotiate,,,,,,,,Microsoft-Windows-Security-Auditing,Security,SecurityEvent
2026-04-28T19:29:28Z,SVR-WEB-01,4688,,CORP\agarcia,User,CORP,agarcia,agarcia,CORP,,,,,,C:\Windows\System32\svchost.exe,C:\Windows\System32\svchost.exe,C:\Windows\System32\firefox.exe,"""C:\Windows\System32\svchost.exe""",,,Microsoft-Windows-Security-Auditing,Security,SecurityEvent
2026-04-28T19:29:35Z,WS-IT-02,4624,,CORP\rmorales,User,CORP,rmorales,rmorales,CORP,10.245.42.57,60122,2,Kerberos,,,,,,,,Microsoft-Windows-Security-Auditing,Security,SecurityEvent
2026-04-28T19:29:36Z,WS-DEV-02,4624,,CORP\kpatel,User,CORP,kpatel,kpatel,CORP,10.132.140.140,56188,3,NtLmSsp,,,,,,,,Microsoft-Windows-Security-Auditing,Security,SecurityEvent
2026-04-28T19:29:55Z,WS-FINANCE-01,4624,,CORP\mwhite,User,CORP,mwhite,mwhite,CORP,10.137.6.70,56652,10,Kerberos,,,,,,,,Microsoft-Windows-Security-Auditing,Security,SecurityEvent
2026-04-28T19:30:22Z,SVR-WEB-01,4672,,CORP\kpatel,Admin,CORP,kpatel,kpatel,CORP,,,,,,,,,,,,Microsoft-Windows-Security-Auditing,Security,SecurityEvent
2026-04-28T19:30:30Z,SVR-DC-01,4624,,CORP\agarcia,User,CORP,agarcia,agarcia,CORP,10.146.224.202,63942,11,Negotiate,,,,,,,,Microsoft-Windows-Security-Auditing,Security,SecurityEvent
2026-04-28T19:30:39Z,WS-OPS-02,4625,,CORP\lwoods,User,CORP,lwoods,lwoods,CORP,10.233.213.10,58671,2,Negotiate,Unknown user name or bad password.,,,,,,,Microsoft-Windows-Security-Auditing,Security,SecurityEvent
2026-04-28T19:31:05Z,WS-DEV-02,4688,,CORP\rmorales,User,CORP,rmorales,rmorales,CORP,,,,,,C:\Windows\System32\csrss.exe,C:\Windows\System32\csrss.exe,C:\Windows\System32\wininit.exe,"""C:\Windows\System32\csrss.exe""",,,Microsoft-Windows-Security-Auditing,Security,SecurityEvent
2026-04-28T19:31:37Z,WS-IT-02,4634,,CORP\bsato,User,CORP,bsato,bsato,CORP,,,11,Negotiate,,,,,,,,Microsoft-Windows-Security-Auditing,Security,SecurityEvent
2026-04-28T19:32:17Z,WS-OPS-02,4625,,CORP\jharris,User,CORP,jharris,jharris,CORP,172.28.121.249,58212,3,Negotiate,The specified account's password has expired.,,,,,,,Microsoft-Windows-Security-Auditing,Security,SecurityEvent
2026-04-28T19:32:27Z,WS-DEV-02,4688,,CORP\sthompson,User,CORP,sthompson,sthompson,CORP,,,,,,C:\Windows\System32\services.exe,C:\Windows\System32\services.exe,C:\Windows\System32\code.exe,"""C:\Windows\System32\services.exe""",,,Microsoft-Windows-Security-Auditing,Security,SecurityEvent
2026-04-28T19:32:37Z,WS-OPS-02,4625,,CORP\tnguyen,User,CORP,tnguyen,tnguyen,CORP,10.146.167.53,53359,3,NtLmSsp,Unknown user name or bad password.,,,,,,,Microsoft-Windows-Security-Auditing,Security,SecurityEvent
2026-04-28T19:32:59Z,WS-IT-01,4688,,CORP\mwhite,User,CORP,mwhite,mwhite,CORP,,,,,,C:\Windows\System32\svchost.exe,C:\Windows\System32\svchost.exe,C:\Windows\System32\OneDrive.exe,"""C:\Windows\System32\svchost.exe""",,,Microsoft-Windows-Security-Auditing,Security,SecurityEvent
2026-04-28T19:33:08Z,WS-DEV-02,4634,,CORP\jharris,User,CORP,jharris,jharris,CORP,,,10,Negotiate,,,,,,,,Microsoft-Windows-Security-Auditing,Security,SecurityEvent
2026-04-28T19:33:12Z,LAP-SALES-03,4688,,CORP\rmorales,User,CORP,rmorales,rmorales,CORP,,,,,,C:\Windows\System32\explorer.exe,C:\Windows\System32\explorer.exe,C:\Windows\System32\services.exe,"""C:\Windows\System32\explorer.exe""",,,Microsoft-Windows-Security-Auditing,Security,SecurityEvent
2026-04-28T19:33:53Z,WS-FINANCE-01,4624,,CORP\jharris,User,CORP,jharris,jharris,CORP,172.19.140.25,60189,7,Seclogo,,,,,,,,Microsoft-Windows-Security-Auditing,Security,SecurityEvent
2026-04-28T19:34:10Z,WS-OPS-02,4624,,CORP\mwhite,User,CORP,mwhite,mwhite,CORP,10.123.125.168,54030,2,NtLmSsp,,,,,,,,Microsoft-Windows-Security-Auditing,Security,SecurityEvent
2026-04-28T19:34:23Z,WS-HR-03,4624,,CORP\bsato,User,CORP,bsato,bsato,CORP,10.98.46.16,51986,5,NtLmSsp,,,,,,,,Microsoft-Windows-Security-Auditing,Security,SecurityEvent
2026-04-28T19:34:31Z,WS-IT-01,4634,,CORP\lwoods,User,CORP,lwoods,lwoods,CORP,,,3,Negotiate,,,,,,,,Microsoft-Windows-Security-Auditing,Security,SecurityEvent
2026-04-28T19:35:17Z,WS-IT-02,4624,,CORP\tnguyen,User,CORP,tnguyen,tnguyen,CORP,10.240.36.97,61970,3,Kerberos,,,,,,,,Microsoft-Windows-Security-Auditing,Security,SecurityEvent
2026-04-28T19:35:23Z,LAP-EXEC-01,4624,,CORP\rmorales,User,CORP,rmorales,rmorales,CORP,10.129.172.38,63519,5,Kerberos,,,,,,,,Microsoft-Windows-Security-Auditing,Security,SecurityEvent
2026-04-28T19:35:26Z,WS-DEV-02,4624,,CORP\sthompson,User,CORP,sthompson,sthompson,CORP,10.15.124.235,62690,3,Advapi,,,,,,,,Microsoft-Windows-Security-Auditing,Security,SecurityEvent
2026-04-28T19:35:27Z,WS-HR-03,4625,,CORP\ehernandez,User,CORP,ehernandez,ehernandez,CORP,172.20.73.22,54605,7,Kerberos,Account currently disabled.,,,,,,,Microsoft-Windows-Security-Auditing,Security,SecurityEvent
2026-04-28T19:35:35Z,WS-IT-02,4624,,CORP\ehernandez,User,CORP,ehernandez,ehernandez,CORP,192.168.197.212,50610,5,Kerberos,,,,,,,,Microsoft-Windows-Security-Auditing,Security,SecurityEvent
2026-04-28T19:35:44Z,WS-OPS-01,4624,,CORP\sthompson,User,CORP,sthompson,sthompson,CORP,10.32.83.66,63452,5,NtLmSsp,,,,,,,,Microsoft-Windows-Security-Auditing,Security,SecurityEvent
2026-04-28T19:35:52Z,WS-IT-01,4624,,CORP\mwhite,User,CORP,mwhite,mwhite,CORP,172.17.121.36,54579,5,Kerberos,,,,,,,,Microsoft-Windows-Security-Auditing,Security,SecurityEvent
2026-04-28T19:36:25Z,WS-HR-03,4624,,CORP\rmorales,User,CORP,rmorales,rmorales,CORP,10.151.150.229,63290,3,NtLmSsp,,,,,,,,Microsoft-Windows-Security-Auditing,Security,SecurityEvent
2026-04-28T19:36:33Z,SVR-DC-01,4688,,CORP\lwoods,User,CORP,lwoods,lwoods,CORP,,,,,,C:\Windows\System32\WINWORD.EXE,C:\Windows\System32\WINWORD.EXE,C:\Windows\System32\taskmgr.exe,"""C:\Windows\System32\WINWORD.EXE""",,,Microsoft-Windows-Security-Auditing,Security,SecurityEvent
2026-04-28T19:36:46Z,WS-MKT-02,4672,,CORP\mwhite,Admin,CORP,mwhite,mwhite,CORP,,,,,,,,,,,,Microsoft-Windows-Security-Auditing,Security,SecurityEvent
2026-04-28T19:37:06Z,WS-DEV-02,4624,,CORP\tnguyen,User,CORP,tnguyen,tnguyen,CORP,10.238.225.224,65381,5,Kerberos,,,,,,,,Microsoft-Windows-Security-Auditing,Security,SecurityEvent
2026-04-28T19:37:07Z,WS-MKT-01,4625,,CORP\jharris,User,CORP,jharris,jharris,CORP,172.17.97.107,65098,5,NtLmSsp,Unknown user name or bad password.,,,,,,,Microsoft-Windows-Security-Auditing,Security,SecurityEvent
2026-04-28T19:37:30Z,WS-IT-02,4688,,CORP\agarcia,User,CORP,agarcia,agarcia,CORP,,,,,,C:\Windows\System32\explorer.exe,C:\Windows\System32\explorer.exe,C:\Windows\System32\winlogon.exe,"""C:\Windows\System32\explorer.exe""",,,Microsoft-Windows-Security-Auditing,Security,SecurityEvent
2026-04-28T19:37:35Z,WS-OPS-02,4624,,CORP\ehernandez,User,CORP,ehernandez,ehernandez,CORP,10.43.199.42,49270,3,Kerberos,,,,,,,,Microsoft-Windows-Security-Auditing,Security,SecurityEvent
2026-04-28T19:37:37Z,WS-OPS-02,4688,,CORP\mwhite,User,CORP,mwhite,mwhite,CORP,,,,,,C:\Windows\System32\SearchHost.exe,C:\Windows\System32\SearchHost.exe,C:\Windows\System32\services.exe,"""C:\Windows\System32\SearchHost.exe""",,,Microsoft-Windows-Security-Auditing,Security,SecurityEvent
2026-04-28T19:37:40Z,WS-DEV-02,4688,,CORP\agarcia,User,CORP,agarcia,agarcia,CORP,,,,,,C:\Windows\System32\WINWORD.EXE,C:\Windows\System32\WINWORD.EXE,C:\Windows\System32\smss.exe,"""C:\Windows\System32\WINWORD.EXE""",,,Microsoft-Windows-Security-Auditing,Security,SecurityEvent
2026-04-28T19:37:45Z,WS-FINANCE-01,4634,,CORP\lwoods,User,CORP,lwoods,lwoods,CORP,,,3,Kerberos,,,,,,,,Microsoft-Windows-Security-Auditing,Security,SecurityEvent
2026-04-28T19:37:57Z,WS-IT-02,4624,,CORP\mwhite,User,CORP,mwhite,mwhite,CORP,10.57.5.156,50015,3,Negotiate,,,,,,,,Microsoft-Windows-Security-Auditing,Security,SecurityEvent
2026-04-28T19:37:58Z,WS-FINANCE-01,4624,,CORP\sthompson,User,CORP,sthompson,sthompson,CORP,10.59.89.159,64520,7,NtLmSsp,,,,,,,,Microsoft-Windows-Security-Auditing,Security,SecurityEvent
2026-04-28T19:38:00Z,WS-OPS-02,4634,,CORP\rmorales,User,CORP,rmorales,rmorales,CORP,,,3,Kerberos,,,,,,,,Microsoft-Windows-Security-Auditing,Security,SecurityEvent
2026-04-28T19:38:12Z,LAP-EXEC-01,4688,,CORP\tnguyen,User,CORP,tnguyen,tnguyen,CORP,,,,,,C:\Windows\System32\services.exe,C:\Windows\System32\services.exe,C:\Windows\System32\chrome.exe,"""C:\Windows\System32\services.exe""",,,Microsoft-Windows-Security-Auditing,Security,SecurityEvent
2026-04-28T19:38:13Z,WS-HR-03,4624,,CORP\lwoods,User,CORP,lwoods,lwoods,CORP,10.225.114.110,55970,3,Negotiate,,,,,,,,Microsoft-Windows-Security-Auditing,Security,SecurityEvent
2026-04-28T19:38:14Z,WS-OPS-02,4624,,CORP\agarcia,User,CORP,agarcia,agarcia,CORP,10.166.174.47,63362,7,Kerberos,,,,,,,,Microsoft-Windows-Security-Auditing,Security,SecurityEvent
2026-04-28T19:38:34Z,WS-MKT-01,4688,,CORP\jharris,User,CORP,jharris,jharris,CORP,,,,,,C:\Windows\System32\lsass.exe,C:\Windows\System32\lsass.exe,C:\Windows\System32\services.exe,"""C:\Windows\System32\lsass.exe""",,,Microsoft-Windows-Security-Auditing,Security,SecurityEvent
2026-04-28T19:38:36Z,WS-DEV-02,4688,,CORP\jharris,User,CORP,jharris,jharris,CORP,,,,,,C:\Windows\System32\svchost.exe,C:\Windows\System32\svchost.exe,C:\Windows\System32\smss.exe,"""C:\Windows\System32\svchost.exe""",,,Microsoft-Windows-Security-Auditing,Security,SecurityEvent
2026-04-28T19:38:37Z,WS-IT-01,4688,,CORP\dkim,User,CORP,dkim,dkim,CORP,,,,,,C:\Windows\System32\svchost.exe,C:\Windows\System32\svchost.exe,C:\Windows\System32\code.exe,"""C:\Windows\System32\svchost.exe""",,,Microsoft-Windows-Security-Auditing,Security,SecurityEvent
2026-04-28T19:38:53Z,SVR-WEB-01,4634,,CORP\kpatel,User,CORP,kpatel,kpatel,CORP,,,3,Kerberos,,,,,,,,Microsoft-Windows-Security-Auditing,Security,SecurityEvent
2026-04-28T19:39:03Z,WS-OPS-01,4688,,CORP\bsato,User,CORP,bsato,bsato,CORP,,,,,,C:\Windows\System32\lsass.exe,C:\Windows\System32\lsass.exe,C:\Windows\System32\msedge.exe,"""C:\Windows\System32\lsass.exe""",,,Microsoft-Windows-Security-Auditing,Security,SecurityEvent
2026-04-28T19:39:19Z,WS-HR-03,4624,,CORP\sthompson,User,CORP,sthompson,sthompson,CORP,172.20.136.67,64284,3,Negotiate,,,,,,,,Microsoft-Windows-Security-Auditing,Security,SecurityEvent
2026-04-28T19:39:52Z,WS-DEV-02,4625,,CORP\sthompson,User,CORP,sthompson,sthompson,CORP,172.22.35.195,62752,3,Kerberos,Unknown user name or bad password.,,,,,,,Microsoft-Windows-Security-Auditing,Security,SecurityEvent
2026-04-28T19:39:56Z,WS-IT-02,4697,,CORP\mwhite,User,CORP,mwhite,mwhite,CORP,,,,,,,,,,svc-2d99a0b9,C:\Program Files\svc-2d99a0b9\svc-2d99a0b9.exe,Microsoft-Windows-Security-Auditing,Security,SecurityEvent
2026-04-28T19:39:59Z,WS-DEV-02,4624,,CORP\sthompson,User,CORP,sthompson,sthompson,CORP,10.213.187.211,59204,5,Kerberos,,,,,,,,Microsoft-Windows-Security-Auditing,Security,SecurityEvent
2026-04-28T19:40:01Z,WS-HR-03,4624,,CORP\lwoods,User,CORP,lwoods,lwoods,CORP,10.99.249.161,51532,2,Kerberos,,,,,,,,Microsoft-Windows-Security-Auditing,Security,SecurityEvent
2026-04-28T19:40:02Z,WS-MKT-02,4732,,CORP\olopez,User,CORP,olopez,newuser992,CORP,,,,,,,,,,,,Microsoft-Windows-Security-Auditing,Security,SecurityEvent
2026-04-28T19:40:04Z,WS-MKT-02,4624,,CORP\lwoods,User,CORP,lwoods,lwoods,CORP,10.196.28.183,53270,3,Negotiate,,,,,,,,Microsoft-Windows-Security-Auditing,Security,SecurityEvent
2026-04-28T19:40:10Z,WS-IT-02,4624,,CORP\mwhite,User,CORP,mwhite,mwhite,CORP,172.17.249.86,62652,11,NtLmSsp,,,,,,,,Microsoft-Windows-Security-Auditing,Security,SecurityEvent
2026-04-28T19:40:15Z,LAP-SALES-03,4624,,CORP\tnguyen,User,CORP,tnguyen,tnguyen,CORP,10.96.218.83,55700,3,Kerberos,,,,,,,,Microsoft-Windows-Security-Auditing,Security,SecurityEvent
2026-04-28T19:40:19Z,WS-IT-01,4624,,CORP\kpatel,User,CORP,kpatel,kpatel,CORP,10.165.120.242,55516,5,NtLmSsp,,,,,,,,Microsoft-Windows-Security-Auditing,Security,SecurityEvent
2026-04-28T19:40:21Z,LAP-SALES-03,4634,,CORP\sthompson,User,CORP,sthompson,sthompson,CORP,,,5,Negotiate,,,,,,,,Microsoft-Windows-Security-Auditing,Security,SecurityEvent
2026-04-28T19:40:36Z,WS-HR-03,4625,,CORP\agarcia,User,CORP,agarcia,agarcia,CORP,10.93.43.228,50655,5,Negotiate,Unknown user name or bad password.,,,,,,,Microsoft-Windows-Security-Auditing,Security,SecurityEvent
2026-04-28T19:40:46Z,WS-IT-02,4732,,CORP\mwhite,User,CORP,mwhite,newuser237,CORP,,,,,,,,,,,,Microsoft-Windows-Security-Auditing,Security,SecurityEvent
2026-04-28T19:41:09Z,LAP-EXEC-01,4624,,CORP\ehernandez,User,CORP,ehernandez,ehernandez,CORP,10.104.208.104,49891,3,Kerberos,,,,,,,,Microsoft-Windows-Security-Auditing,Security,SecurityEvent
2026-04-28T19:41:15Z,WS-MKT-01,4624,,CORP\jharris,User,CORP,jharris,jharris,CORP,10.110.71.95,55479,7,Seclogo,,,,,,,,Microsoft-Windows-Security-Auditing,Security,SecurityEvent
2026-04-28T19:41:37Z,WS-OPS-01,4688,,CORP\rmorales,User,CORP,rmorales,rmorales,CORP,,,,,,C:\Windows\System32\msedge.exe,C:\Windows\System32\msedge.exe,C:\Windows\System32\csrss.exe,"""C:\Windows\System32\msedge.exe""",,,Microsoft-Windows-Security-Auditing,Security,SecurityEvent
2026-04-28T19:42:22Z,WS-DEV-02,4624,,CORP\olopez,User,CORP,olopez,olopez,CORP,10.20.56.204,54475,5,Kerberos,,,,,,,,Microsoft-Windows-Security-Auditing,Security,SecurityEvent
2026-04-28T19:42:29Z,WS-HR-03,4672,,CORP\kpatel,Admin,CORP,kpatel,kpatel,CORP,,,,,,,,,,,,Microsoft-Windows-Security-Auditing,Security,SecurityEvent
2026-04-28T19:42:36Z,WS-HR-03,4688,,CORP\rmorales,User,CORP,rmorales,rmorales,CORP,,,,,,C:\Windows\System32\winlogon.exe,C:\Windows\System32\winlogon.exe,C:\Windows\System32\lsass.exe,"""C:\Windows\System32\winlogon.exe""",,,Microsoft-Windows-Security-Auditing,Security,SecurityEvent
2026-04-28T19:42:43Z,SVR-WEB-01,4688,,CORP\sthompson,User,CORP,sthompson,sthompson,CORP,,,,,,C:\Windows\System32\SearchHost.exe,C:\Windows\System32\SearchHost.exe,C:\Windows\System32\winlogon.exe,"""C:\Windows\System32\SearchHost.exe""",,,Microsoft-Windows-Security-Auditing,Security,SecurityEvent
2026-04-28T19:42:54Z,WS-OPS-01,4624,,CORP\lwoods,User,CORP,lwoods,lwoods,CORP,172.27.67.151,51608,2,Kerberos,,,,,,,,Microsoft-Windows-Security-Auditing,Security,SecurityEvent
2026-04-28T19:42:54Z,WS-OPS-01,4720,,CORP\sthompson,User,CORP,sthompson,newuser474,CORP,,,,,,,,,,,,Microsoft-Windows-Security-Auditing,Security,SecurityEvent
2026-04-28T19:42:57Z,WS-DEV-02,4624,,CORP\lwoods,User,CORP,lwoods,lwoods,CORP,10.159.12.239,52960,3,Kerberos,,,,,,,,Microsoft-Windows-Security-Auditing,Security,SecurityEvent
2026-04-28T19:43:03Z,WS-HR-03,4634,,CORP\jharris,User,CORP,jharris,jharris,CORP,,,3,NtLmSsp,,,,,,,,Microsoft-Windows-Security-Auditing,Security,SecurityEvent
2026-04-28T19:43:05Z,WS-HR-03,4634,,CORP\dkim,User,CORP,dkim,dkim,CORP,,,3,Negotiate,,,,,,,,Microsoft-Windows-Security-Auditing,Security,SecurityEvent
2026-04-28T19:43:12Z,WS-OPS-02,4625,,CORP\lwoods,User,CORP,lwoods,lwoods,CORP,10.15.86.9,52804,2,User32,Unknown user name or bad password.,,,,,,,Microsoft-Windows-Security-Auditing,Security,SecurityEvent
2026-04-28T19:43:15Z,WS-OPS-01,4688,,CORP\dkim,User,CORP,dkim,dkim,CORP,,,,,,C:\Windows\System32\lsass.exe,C:\Windows\System32\lsass.exe,C:\Windows\System32\svchost.exe,"""C:\Windows\System32\lsass.exe""",,,Microsoft-Windows-Security-Auditing,Security,SecurityEvent
2026-04-28T19:43:17Z,WS-DEV-02,4634,,CORP\jharris,User,CORP,jharris,jharris,CORP,,,2,Negotiate,,,,,,,,Microsoft-Windows-Security-Auditing,Security,SecurityEvent
2026-04-28T19:43:29Z,WS-OPS-02,4624,,CORP\sthompson,User,CORP,sthompson,sthompson,CORP,172.27.162.194,63900,11,Kerberos,,,,,,,,Microsoft-Windows-Security-Auditing,Security,SecurityEvent
2026-04-28T19:43:49Z,WS-IT-02,4624,,CORP\tnguyen,User,CORP,tnguyen,tnguyen,CORP,10.239.85.10,51657,5,NtLmSsp,,,,,,,,Microsoft-Windows-Security-Auditing,Security,SecurityEvent
2026-04-28T19:43:52Z,WS-MKT-02,4688,,CORP\dkim,User,CORP,dkim,dkim,CORP,,,,,,C:\Windows\System32\svchost.exe,C:\Windows\System32\svchost.exe,C:\Windows\System32\lsass.exe,"""C:\Windows\System32\svchost.exe""",,,Microsoft-Windows-Security-Auditing,Security,SecurityEvent
2026-04-28T19:43:53Z,WS-DEV-02,4688,,CORP\dkim,User,CORP,dkim,dkim,CORP,,,,,,C:\Windows\System32\chrome.exe,C:\Windows\System32\chrome.exe,C:\Windows\System32\SearchHost.exe,"""C:\Windows\System32\chrome.exe""",,,Microsoft-Windows-Security-Auditing,Security,SecurityEvent
2026-04-28T19:44:15Z,WS-OPS-02,4624,,CORP\sthompson,User,CORP,sthompson,sthompson,CORP,192.168.58.217,63589,7,Negotiate,,,,,,,,Microsoft-Windows-Security-Auditing,Security,SecurityEvent
2026-04-28T19:45:06Z,SVR-WEB-01,4688,,CORP\sthompson,User,CORP,sthompson,sthompson,CORP,,,,,,C:\Windows\System32\chrome.exe,C:\Windows\System32\chrome.exe,C:\Windows\System32\services.exe,"""C:\Windows\System32\chrome.exe""",,,Microsoft-Windows-Security-Auditing,Security,SecurityEvent
2026-04-28T19:45:12Z,WS-DEV-02,4624,,CORP\jharris,User,CORP,jharris,jharris,CORP,10.234.213.2,59225,3,Negotiate,,,,,,,,Microsoft-Windows-Security-Auditing,Security,SecurityEvent
2026-04-28T19:45:19Z,SVR-WEB-01,4624,,CORP\bsato,User,CORP,bsato,bsato,CORP,10.163.212.22,61975,5,NtLmSsp,,,,,,,,Microsoft-Windows-Security-Auditing,Security,SecurityEvent
2026-04-28T19:45:20Z,WS-HR-03,4625,,CORP\jharris,User,CORP,jharris,jharris,CORP,10.21.115.121,61948,11,Advapi,Unknown user name or bad password.,,,,,,,Microsoft-Windows-Security-Auditing,Security,SecurityEvent
2026-04-28T19:45:28Z,WS-DEV-02,4624,,CORP\tnguyen,User,CORP,tnguyen,tnguyen,CORP,10.222.27.231,50154,11,Kerberos,,,,,,,,Microsoft-Windows-Security-Auditing,Security,SecurityEvent
2026-04-28T19:45:33Z,WS-OPS-02,4624,,CORP\dkim,User,CORP,dkim,dkim,CORP,10.207.55.77,64255,2,Kerberos,,,,,,,,Microsoft-Windows-Security-Auditing,Security,SecurityEvent
2026-04-28T19:45:50Z,SVR-DC-01,4688,,CORP\ehernandez,User,CORP,ehernandez,ehernandez,CORP,,,,,,C:\Windows\System32\smss.exe,C:\Windows\System32\smss.exe,C:\Windows\System32\Teams.exe,"""C:\Windows\System32\smss.exe""",,,Microsoft-Windows-Security-Auditing,Security,SecurityEvent
2026-04-28T19:46:03Z,WS-HR-03,4624,,CORP\rmorales,User,CORP,rmorales,rmorales,CORP,172.22.135.212,50801,3,NtLmSsp,,,,,,,,Microsoft-Windows-Security-Auditing,Security,SecurityEvent
2026-04-28T19:46:09Z,WS-DEV-02,4624,,CORP\agarcia,User,CORP,agarcia,agarcia,CORP,172.27.44.184,58529,5,Kerberos,,,,,,,,Microsoft-Windows-Security-Auditing,Security,SecurityEvent
2026-04-28T19:46:22Z,WS-HR-03,4624,,CORP\kpatel,User,CORP,kpatel,kpatel,CORP,10.222.38.141,53046,2,Kerberos,,,,,,,,Microsoft-Windows-Security-Auditing,Security,SecurityEvent
2026-04-28T19:46:24Z,SVR-DC-01,4625,,CORP\sthompson,User,CORP,sthompson,sthompson,CORP,10.195.122.58,63269,7,Kerberos,Unknown user name or bad password.,,,,,,,Microsoft-Windows-Security-Auditing,Security,SecurityEvent
2026-04-28T19:47:13Z,WS-FINANCE-01,4624,,CORP\agarcia,User,CORP,agarcia,agarcia,CORP,10.172.27.39,62648,7,User32,,,,,,,,Microsoft-Windows-Security-Auditing,Security,SecurityEvent
2026-04-28T19:47:21Z,WS-FINANCE-01,4624,,CORP\tnguyen,User,CORP,tnguyen,tnguyen,CORP,10.155.253.8,65007,5,User32,,,,,,,,Microsoft-Windows-Security-Auditing,Security,SecurityEvent
2026-04-28T19:47:30Z,LAP-SALES-03,4624,,CORP\agarcia,User,CORP,agarcia,agarcia,CORP,172.26.127.9,53126,3,Advapi,,,,,,,,Microsoft-Windows-Security-Auditing,Security,SecurityEvent
2026-04-28T19:47:32Z,WS-MKT-02,4697,,CORP\sthompson,User,CORP,sthompson,sthompson,CORP,,,,,,,,,,svc-7b0e6ce4,C:\Program Files\svc-7b0e6ce4\svc-7b0e6ce4.exe,Microsoft-Windows-Security-Auditing,Security,SecurityEvent
2026-04-28T19:47:58Z,WS-FINANCE-01,4625,,CORP\kpatel,User,CORP,kpatel,kpatel,CORP,10.49.10.103,55932,5,Negotiate,Unknown user name or bad password.,,,,,,,Microsoft-Windows-Security-Auditing,Security,SecurityEvent
2026-04-28T19:48:09Z,WS-HR-03,4688,,CORP\tnguyen,User,CORP,tnguyen,tnguyen,CORP,,,,,,C:\Windows\System32\csrss.exe,C:\Windows\System32\csrss.exe,C:\Windows\System32\lsass.exe,"""C:\Windows\System32\csrss.exe""",,,Microsoft-Windows-Security-Auditing,Security,SecurityEvent
2026-04-28T19:48:34Z,LAP-EXEC-01,4624,,CORP\tnguyen,User,CORP,tnguyen,tnguyen,CORP,10.89.110.67,64753,5,Kerberos,,,,,,,,Microsoft-Windows-Security-Auditing,Security,SecurityEvent
2026-04-28T19:49:08Z,WS-MKT-01,4624,,CORP\kpatel,User,CORP,kpatel,kpatel,CORP,172.23.147.9,57939,3,User32,,,,,,,,Microsoft-Windows-Security-Auditing,Security,SecurityEvent
2026-04-28T19:49:19Z,WS-IT-02,4688,,CORP\ehernandez,User,CORP,ehernandez,ehernandez,CORP,,,,,,C:\Windows\System32\chrome.exe,C:\Windows\System32\chrome.exe,C:\Windows\System32\Teams.exe,"""C:\Windows\System32\chrome.exe""",,,Microsoft-Windows-Security-Auditing,Security,SecurityEvent
2026-04-28T19:49:40Z,WS-HR-03,4625,,CORP\agarcia,User,CORP,agarcia,agarcia,CORP,192.168.70.80,64986,3,Negotiate,The user has not been granted the requested logon type at this machine.,,,,,,,Microsoft-Windows-Security-Auditing,Security,SecurityEvent
2026-04-28T19:50:04Z,WS-HR-03,4624,,CORP\mwhite,User,CORP,mwhite,mwhite,CORP,10.190.77.218,53151,3,Kerberos,,,,,,,,Microsoft-Windows-Security-Auditing,Security,SecurityEvent
2026-04-28T19:50:10Z,WS-FINANCE-01,4688,,CORP\olopez,User,CORP,olopez,olopez,CORP,,,,,,C:\Windows\System32\msiexec.exe,C:\Windows\System32\msiexec.exe,C:\Windows\System32\chrome.exe,"""C:\Windows\System32\msiexec.exe""",,,Microsoft-Windows-Security-Auditing,Security,SecurityEvent
2026-04-28T19:50:25Z,WS-MKT-02,4624,,CORP\lwoods,User,CORP,lwoods,lwoods,CORP,10.30.60.143,57061,11,NtLmSsp,,,,,,,,Microsoft-Windows-Security-Auditing,Security,SecurityEvent
2026-04-28T19:50:35Z,WS-OPS-01,4688,,CORP\mwhite,User,CORP,mwhite,mwhite,CORP,,,,,,C:\Windows\System32\chrome.exe,C:\Windows\System32\chrome.exe,C:\Windows\System32\wininit.exe,"""C:\Windows\System32\chrome.exe""",,,Microsoft-Windows-Security-Auditing,Security,SecurityEvent
2026-04-28T19:50:51Z,SVR-DC-01,4624,,CORP\dkim,User,CORP,dkim,dkim,CORP,10.56.87.242,63061,3,NtLmSsp,,,,,,,,Microsoft-Windows-Security-Auditing,Security,SecurityEvent
2026-04-28T19:50:53Z,WS-HR-03,4672,,CORP\bsato,Admin,CORP,bsato,bsato,CORP,,,,,,,,,,,,Microsoft-Windows-Security-Auditing,Security,SecurityEvent
2026-04-28T19:51:12Z,SVR-WEB-01,4624,,CORP\tnguyen,User,CORP,tnguyen,tnguyen,CORP,10.138.5.79,56672,3,Kerberos,,,,,,,,Microsoft-Windows-Security-Auditing,Security,SecurityEvent
2026-04-28T19:51:17Z,SVR-WEB-01,4625,,CORP\kpatel,User,CORP,kpatel,kpatel,CORP,10.232.126.186,59130,7,Negotiate,The user has not been granted the requested logon type at this machine.,,,,,,,Microsoft-Windows-Security-Auditing,Security,SecurityEvent
2026-04-28T19:52:03Z,WS-HR-03,4624,,CORP\kpatel,User,CORP,kpatel,kpatel,CORP,172.30.88.186,65014,11,User32,,,,,,,,Microsoft-Windows-Security-Auditing,Security,SecurityEvent
2026-04-28T19:52:06Z,SVR-DC-01,4688,,CORP\kpatel,User,CORP,kpatel,kpatel,CORP,,,,,,C:\Windows\System32\OneDrive.exe,C:\Windows\System32\OneDrive.exe,C:\Windows\System32\lsass.exe,"""C:\Windows\System32\OneDrive.exe""",,,Microsoft-Windows-Security-Auditing,Security,SecurityEvent
2026-04-28T19:52:23Z,WS-HR-03,4625,,CORP\tnguyen,User,CORP,tnguyen,tnguyen,CORP,172.30.13.174,55410,5,Kerberos,Unknown user name or bad password.,,,,,,,Microsoft-Windows-Security-Auditing,Security,SecurityEvent
2026-04-28T19:52:29Z,WS-IT-02,4625,,CORP\agarcia,User,CORP,agarcia,agarcia,CORP,10.86.68.47,59112,3,Advapi,Unknown user name or bad password.,,,,,,,Microsoft-Windows-Security-Auditing,Security,SecurityEvent
2026-04-28T19:52:43Z,WS-DEV-02,4624,,CORP\ehernandez,User,CORP,ehernandez,ehernandez,CORP,10.125.65.26,49629,5,Negotiate,,,,,,,,Microsoft-Windows-Security-Auditing,Security,SecurityEvent
2026-04-28T19:52:46Z,WS-IT-01,4624,,CORP\jharris,User,CORP,jharris,jharris,CORP,172.27.98.31,53890,5,Kerberos,,,,,,,,Microsoft-Windows-Security-Auditing,Security,SecurityEvent
2026-04-28T19:52:48Z,WS-HR-03,4624,,CORP\agarcia,User,CORP,agarcia,agarcia,CORP,172.22.7.29,62713,3,Kerberos,,,,,,,,Microsoft-Windows-Security-Auditing,Security,SecurityEvent
2026-04-28T19:52:52Z,WS-MKT-02,4634,,CORP\jharris,User,CORP,jharris,jharris,CORP,,,3,Negotiate,,,,,,,,Microsoft-Windows-Security-Auditing,Security,SecurityEvent
2026-04-28T19:53:09Z,WS-OPS-02,4688,,CORP\rmorales,User,CORP,rmorales,rmorales,CORP,,,,,,C:\Windows\System32\chrome.exe,C:\Windows\System32\chrome.exe,C:\Windows\System32\smss.exe,"""C:\Windows\System32\chrome.exe""",,,Microsoft-Windows-Security-Auditing,Security,SecurityEvent
2026-04-28T19:53:14Z,WS-OPS-01,4624,,CORP\agarcia,User,CORP,agarcia,agarcia,CORP,10.141.218.188,58353,3,Negotiate,,,,,,,,Microsoft-Windows-Security-Auditing,Security,SecurityEvent
2026-04-28T19:53:40Z,LAP-SALES-03,4625,,CORP\kpatel,User,CORP,kpatel,kpatel,CORP,10.175.57.233,51574,11,NtLmSsp,Unknown user name or bad password.,,,,,,,Microsoft-Windows-Security-Auditing,Security,SecurityEvent
2026-04-28T19:53:42Z,WS-DEV-02,4688,,CORP\mwhite,User,CORP,mwhite,mwhite,CORP,,,,,,C:\Windows\System32\lsass.exe,C:\Windows\System32\lsass.exe,C:\Windows\System32\smss.exe,"""C:\Windows\System32\lsass.exe""",,,Microsoft-Windows-Security-Auditing,Security,SecurityEvent
2026-04-28T19:53:48Z,LAP-EXEC-01,4688,,CORP\agarcia,User,CORP,agarcia,agarcia,CORP,,,,,,C:\Windows\System32\firefox.exe,C:\Windows\System32\firefox.exe,C:\Windows\System32\svchost.exe,"""C:\Windows\System32\firefox.exe""",,,Microsoft-Windows-Security-Auditing,Security,SecurityEvent
2026-04-28T19:53:58Z,WS-OPS-02,4624,,CORP\ehernandez,User,CORP,ehernandez,ehernandez,CORP,10.45.88.88,52504,11,Kerberos,,,,,,,,Microsoft-Windows-Security-Auditing,Security,SecurityEvent
2026-04-28T19:54:05Z,SVR-DC-01,4688,,CORP\agarcia,User,CORP,agarcia,agarcia,CORP,,,,,,C:\Windows\System32\svchost.exe,C:\Windows\System32\svchost.exe,C:\Windows\System32\Teams.exe,"""C:\Windows\System32\svchost.exe""",,,Microsoft-Windows-Security-Auditing,Security,SecurityEvent
2026-04-28T19:54:06Z,WS-DEV-02,4688,,CORP\agarcia,User,CORP,agarcia,agarcia,CORP,,,,,,C:\Windows\System32\firefox.exe,C:\Windows\System32\firefox.exe,C:\Windows\System32\Teams.exe,"""C:\Windows\System32\firefox.exe""",,,Microsoft-Windows-Security-Auditing,Security,SecurityEvent
2026-04-28T19:54:23Z,WS-HR-03,4624,,CORP\lwoods,User,CORP,lwoods,lwoods,CORP,10.78.41.110,58617,3,Advapi,,,,,,,,Microsoft-Windows-Security-Auditing,Security,SecurityEvent
2026-04-28T19:54:30Z,WS-HR-03,4688,,CORP\jharris,User,CORP,jharris,jharris,CORP,,,,,,C:\Windows\System32\msiexec.exe,C:\Windows\System32\msiexec.exe,C:\Windows\System32\msiexec.exe,"""C:\Windows\System32\msiexec.exe""",,,Microsoft-Windows-Security-Auditing,Security,SecurityEvent
