2026-04-29T05:00:52Z,SVR-WEB-01,4634,,CORP\kpatel,User,CORP,kpatel,kpatel,CORP,,,2,NtLmSsp,,,,,,,,Microsoft-Windows-Security-Auditing,Security,SecurityEvent
2026-04-29T05:01:04Z,SVR-WEB-01,4688,,CORP\mwhite,User,CORP,mwhite,mwhite,CORP,,,,,,C:\Windows\System32\wininit.exe,C:\Windows\System32\wininit.exe,C:\Windows\System32\wininit.exe,"""C:\Windows\System32\wininit.exe""",,,Microsoft-Windows-Security-Auditing,Security,SecurityEvent
2026-04-29T05:01:49Z,LAP-EXEC-01,4688,,CORP\olopez,User,CORP,olopez,olopez,CORP,,,,,,C:\Windows\System32\OneDrive.exe,C:\Windows\System32\OneDrive.exe,C:\Windows\System32\EXCEL.EXE,"""C:\Windows\System32\OneDrive.exe""",,,Microsoft-Windows-Security-Auditing,Security,SecurityEvent
2026-04-29T05:01:59Z,WS-IT-01,4688,,CORP\rmorales,User,CORP,rmorales,rmorales,CORP,,,,,,C:\Windows\System32\svchost.exe,C:\Windows\System32\svchost.exe,C:\Windows\System32\wininit.exe,"""C:\Windows\System32\svchost.exe""",,,Microsoft-Windows-Security-Auditing,Security,SecurityEvent
2026-04-29T05:01:59Z,WS-FINANCE-01,4688,,CORP\agarcia,User,CORP,agarcia,agarcia,CORP,,,,,,C:\Windows\System32\WINWORD.EXE,C:\Windows\System32\WINWORD.EXE,C:\Windows\System32\wininit.exe,"""C:\Windows\System32\WINWORD.EXE""",,,Microsoft-Windows-Security-Auditing,Security,SecurityEvent
2026-04-29T05:02:04Z,WS-IT-01,4688,,CORP\dkim,User,CORP,dkim,dkim,CORP,,,,,,C:\Windows\System32\chrome.exe,C:\Windows\System32\chrome.exe,C:\Windows\System32\csrss.exe,"""C:\Windows\System32\chrome.exe""",,,Microsoft-Windows-Security-Auditing,Security,SecurityEvent
2026-04-29T05:02:07Z,LAP-EXEC-01,4624,,CORP\lwoods,User,CORP,lwoods,lwoods,CORP,10.126.173.166,62262,3,Kerberos,,,,,,,,Microsoft-Windows-Security-Auditing,Security,SecurityEvent
2026-04-29T05:02:07Z,WS-OPS-01,4624,,CORP\tnguyen,User,CORP,tnguyen,tnguyen,CORP,10.39.124.247,55327,11,Kerberos,,,,,,,,Microsoft-Windows-Security-Auditing,Security,SecurityEvent
2026-04-29T05:02:14Z,WS-IT-02,4624,,CORP\kpatel,User,CORP,kpatel,kpatel,CORP,172.29.80.125,64139,5,Kerberos,,,,,,,,Microsoft-Windows-Security-Auditing,Security,SecurityEvent
2026-04-29T05:02:20Z,WS-IT-01,4624,,CORP\tnguyen,User,CORP,tnguyen,tnguyen,CORP,10.59.165.154,54605,7,Kerberos,,,,,,,,Microsoft-Windows-Security-Auditing,Security,SecurityEvent
2026-04-29T05:02:26Z,WS-OPS-01,4624,,CORP\tnguyen,User,CORP,tnguyen,tnguyen,CORP,172.21.192.173,58880,3,Kerberos,,,,,,,,Microsoft-Windows-Security-Auditing,Security,SecurityEvent
2026-04-29T05:02:32Z,LAP-SALES-03,4624,,CORP\bsato,User,CORP,bsato,bsato,CORP,10.176.18.58,57354,3,Kerberos,,,,,,,,Microsoft-Windows-Security-Auditing,Security,SecurityEvent
2026-04-29T05:02:39Z,WS-HR-03,4688,,CORP\kpatel,User,CORP,kpatel,kpatel,CORP,,,,,,C:\Windows\System32\code.exe,C:\Windows\System32\code.exe,C:\Windows\System32\OUTLOOK.EXE,"""C:\Windows\System32\code.exe""",,,Microsoft-Windows-Security-Auditing,Security,SecurityEvent
2026-04-29T05:02:44Z,WS-DEV-02,4688,,CORP\tnguyen,User,CORP,tnguyen,tnguyen,CORP,,,,,,C:\Windows\System32\OUTLOOK.EXE,C:\Windows\System32\OUTLOOK.EXE,C:\Windows\System32\explorer.exe,"""C:\Windows\System32\OUTLOOK.EXE""",,,Microsoft-Windows-Security-Auditing,Security,SecurityEvent
2026-04-29T05:02:44Z,WS-IT-01,4688,,CORP\dkim,User,CORP,dkim,dkim,CORP,,,,,,C:\Windows\System32\msedge.exe,C:\Windows\System32\msedge.exe,C:\Windows\System32\smss.exe,"""C:\Windows\System32\msedge.exe""",,,Microsoft-Windows-Security-Auditing,Security,SecurityEvent
2026-04-29T05:02:45Z,WS-OPS-01,4624,,CORP\bsato,User,CORP,bsato,bsato,CORP,10.17.162.228,57670,3,Kerberos,,,,,,,,Microsoft-Windows-Security-Auditing,Security,SecurityEvent
2026-04-29T05:02:55Z,WS-MKT-01,4624,,CORP\agarcia,User,CORP,agarcia,agarcia,CORP,10.41.107.27,59690,2,Kerberos,,,,,,,,Microsoft-Windows-Security-Auditing,Security,SecurityEvent
2026-04-29T05:03:04Z,WS-IT-02,4634,,CORP\jharris,User,CORP,jharris,jharris,CORP,,,5,Negotiate,,,,,,,,Microsoft-Windows-Security-Auditing,Security,SecurityEvent
2026-04-29T05:03:06Z,WS-IT-02,4625,,CORP\olopez,User,CORP,olopez,olopez,CORP,10.71.220.240,64446,3,Kerberos,Account currently disabled.,,,,,,,Microsoft-Windows-Security-Auditing,Security,SecurityEvent
2026-04-29T05:03:21Z,WS-MKT-02,4625,,CORP\jharris,User,CORP,jharris,jharris,CORP,10.55.187.237,58372,10,NtLmSsp,Unknown user name or bad password.,,,,,,,Microsoft-Windows-Security-Auditing,Security,SecurityEvent
2026-04-29T05:03:26Z,WS-IT-01,4624,,CORP\sthompson,User,CORP,sthompson,sthompson,CORP,172.31.104.188,61368,3,Kerberos,,,,,,,,Microsoft-Windows-Security-Auditing,Security,SecurityEvent
2026-04-29T05:03:27Z,WS-MKT-01,4688,,CORP\sthompson,User,CORP,sthompson,sthompson,CORP,,,,,,C:\Windows\System32\OneDrive.exe,C:\Windows\System32\OneDrive.exe,C:\Windows\System32\svchost.exe,"""C:\Windows\System32\OneDrive.exe""",,,Microsoft-Windows-Security-Auditing,Security,SecurityEvent
2026-04-29T05:03:30Z,WS-OPS-01,4688,,CORP\lwoods,User,CORP,lwoods,lwoods,CORP,,,,,,C:\Windows\System32\SearchHost.exe,C:\Windows\System32\SearchHost.exe,C:\Windows\System32\smss.exe,"""C:\Windows\System32\SearchHost.exe""",,,Microsoft-Windows-Security-Auditing,Security,SecurityEvent
2026-04-29T05:03:38Z,WS-MKT-02,4688,,CORP\rmorales,User,CORP,rmorales,rmorales,CORP,,,,,,C:\Windows\System32\wininit.exe,C:\Windows\System32\wininit.exe,C:\Windows\System32\explorer.exe,"""C:\Windows\System32\wininit.exe""",,,Microsoft-Windows-Security-Auditing,Security,SecurityEvent
2026-04-29T05:03:40Z,WS-DEV-02,4688,,CORP\jharris,User,CORP,jharris,jharris,CORP,,,,,,C:\Windows\System32\csrss.exe,C:\Windows\System32\csrss.exe,C:\Windows\System32\smss.exe,"""C:\Windows\System32\csrss.exe""",,,Microsoft-Windows-Security-Auditing,Security,SecurityEvent
2026-04-29T05:03:44Z,WS-MKT-02,4625,,CORP\ehernandez,User,CORP,ehernandez,ehernandez,CORP,172.29.204.77,53840,3,NtLmSsp,Unknown user name or bad password.,,,,,,,Microsoft-Windows-Security-Auditing,Security,SecurityEvent
2026-04-29T05:03:59Z,WS-HR-03,4688,,CORP\kpatel,User,CORP,kpatel,kpatel,CORP,,,,,,C:\Windows\System32\wininit.exe,C:\Windows\System32\wininit.exe,C:\Windows\System32\svchost.exe,"""C:\Windows\System32\wininit.exe""",,,Microsoft-Windows-Security-Auditing,Security,SecurityEvent
2026-04-29T05:04:13Z,WS-FINANCE-01,4688,,CORP\agarcia,User,CORP,agarcia,agarcia,CORP,,,,,,C:\Windows\System32\services.exe,C:\Windows\System32\services.exe,C:\Windows\System32\chrome.exe,"""C:\Windows\System32\services.exe""",,,Microsoft-Windows-Security-Auditing,Security,SecurityEvent
2026-04-29T05:04:30Z,WS-OPS-01,4688,,CORP\agarcia,User,CORP,agarcia,agarcia,CORP,,,,,,C:\Windows\System32\Teams.exe,C:\Windows\System32\Teams.exe,C:\Windows\System32\csrss.exe,"""C:\Windows\System32\Teams.exe""",,,Microsoft-Windows-Security-Auditing,Security,SecurityEvent
2026-04-29T05:04:33Z,WS-HR-03,4624,,CORP\ehernandez,User,CORP,ehernandez,ehernandez,CORP,192.168.14.114,64595,2,NtLmSsp,,,,,,,,Microsoft-Windows-Security-Auditing,Security,SecurityEvent
2026-04-29T05:04:45Z,WS-OPS-02,4625,,CORP\kpatel,User,CORP,kpatel,kpatel,CORP,172.29.171.6,52752,5,NtLmSsp,Unknown user name or bad password.,,,,,,,Microsoft-Windows-Security-Auditing,Security,SecurityEvent
2026-04-29T05:04:46Z,WS-HR-03,4688,,CORP\jharris,User,CORP,jharris,jharris,CORP,,,,,,C:\Windows\System32\winlogon.exe,C:\Windows\System32\winlogon.exe,C:\Windows\System32\WINWORD.EXE,"""C:\Windows\System32\winlogon.exe""",,,Microsoft-Windows-Security-Auditing,Security,SecurityEvent
2026-04-29T05:05:15Z,WS-IT-01,4624,,CORP\kpatel,User,CORP,kpatel,kpatel,CORP,192.168.46.86,50661,2,Kerberos,,,,,,,,Microsoft-Windows-Security-Auditing,Security,SecurityEvent
2026-04-29T05:05:37Z,WS-MKT-01,4688,,CORP\jharris,User,CORP,jharris,jharris,CORP,,,,,,C:\Windows\System32\services.exe,C:\Windows\System32\services.exe,C:\Windows\System32\firefox.exe,"""C:\Windows\System32\services.exe""",,,Microsoft-Windows-Security-Auditing,Security,SecurityEvent
2026-04-29T05:05:39Z,SVR-WEB-01,4624,,CORP\tnguyen,User,CORP,tnguyen,tnguyen,CORP,10.101.126.249,57664,3,NtLmSsp,,,,,,,,Microsoft-Windows-Security-Auditing,Security,SecurityEvent
2026-04-29T05:05:42Z,WS-OPS-01,4688,,CORP\jharris,User,CORP,jharris,jharris,CORP,,,,,,C:\Windows\System32\msedge.exe,C:\Windows\System32\msedge.exe,C:\Windows\System32\firefox.exe,"""C:\Windows\System32\msedge.exe""",,,Microsoft-Windows-Security-Auditing,Security,SecurityEvent
2026-04-29T05:05:58Z,WS-OPS-02,4634,,CORP\kpatel,User,CORP,kpatel,kpatel,CORP,,,5,User32,,,,,,,,Microsoft-Windows-Security-Auditing,Security,SecurityEvent
2026-04-29T05:06:15Z,WS-IT-01,4688,,CORP\ehernandez,User,CORP,ehernandez,ehernandez,CORP,,,,,,C:\Windows\System32\code.exe,C:\Windows\System32\code.exe,C:\Windows\System32\code.exe,"""C:\Windows\System32\code.exe""",,,Microsoft-Windows-Security-Auditing,Security,SecurityEvent
2026-04-29T05:06:17Z,WS-MKT-01,4625,,CORP\dkim,User,CORP,dkim,dkim,CORP,172.27.2.181,62633,5,Kerberos,Unknown user name or bad password.,,,,,,,Microsoft-Windows-Security-Auditing,Security,SecurityEvent
2026-04-29T05:07:06Z,LAP-SALES-03,4625,,CORP\agarcia,User,CORP,agarcia,agarcia,CORP,10.176.30.121,63487,3,NtLmSsp,Unknown user name or bad password.,,,,,,,Microsoft-Windows-Security-Auditing,Security,SecurityEvent
2026-04-29T05:07:07Z,WS-MKT-02,4688,,CORP\mwhite,User,CORP,mwhite,mwhite,CORP,,,,,,C:\Windows\System32\msedge.exe,C:\Windows\System32\msedge.exe,C:\Windows\System32\explorer.exe,"""C:\Windows\System32\msedge.exe""",,,Microsoft-Windows-Security-Auditing,Security,SecurityEvent
2026-04-29T05:07:16Z,WS-HR-03,4688,,CORP\kpatel,User,CORP,kpatel,kpatel,CORP,,,,,,C:\Windows\System32\WINWORD.EXE,C:\Windows\System32\WINWORD.EXE,C:\Windows\System32\chrome.exe,"""C:\Windows\System32\WINWORD.EXE""",,,Microsoft-Windows-Security-Auditing,Security,SecurityEvent
2026-04-29T05:07:17Z,WS-IT-02,4624,,CORP\lwoods,User,CORP,lwoods,lwoods,CORP,10.232.126.192,49659,5,NtLmSsp,,,,,,,,Microsoft-Windows-Security-Auditing,Security,SecurityEvent
2026-04-29T05:07:25Z,LAP-EXEC-01,4624,,CORP\ehernandez,User,CORP,ehernandez,ehernandez,CORP,10.76.114.221,65160,3,User32,,,,,,,,Microsoft-Windows-Security-Auditing,Security,SecurityEvent
2026-04-29T05:07:27Z,WS-IT-02,4624,,CORP\mwhite,User,CORP,mwhite,mwhite,CORP,10.43.106.150,54222,7,Kerberos,,,,,,,,Microsoft-Windows-Security-Auditing,Security,SecurityEvent
2026-04-29T05:07:40Z,WS-OPS-02,4688,,CORP\dkim,User,CORP,dkim,dkim,CORP,,,,,,C:\Windows\System32\wininit.exe,C:\Windows\System32\wininit.exe,C:\Windows\System32\code.exe,"""C:\Windows\System32\wininit.exe""",,,Microsoft-Windows-Security-Auditing,Security,SecurityEvent
2026-04-29T05:07:46Z,LAP-EXEC-01,4688,,CORP\agarcia,User,CORP,agarcia,agarcia,CORP,,,,,,C:\Windows\System32\Teams.exe,C:\Windows\System32\Teams.exe,C:\Windows\System32\chrome.exe,"""C:\Windows\System32\Teams.exe""",,,Microsoft-Windows-Security-Auditing,Security,SecurityEvent
2026-04-29T05:07:48Z,WS-HR-03,4688,,CORP\rmorales,User,CORP,rmorales,rmorales,CORP,,,,,,C:\Windows\System32\explorer.exe,C:\Windows\System32\explorer.exe,C:\Windows\System32\WINWORD.EXE,"""C:\Windows\System32\explorer.exe""",,,Microsoft-Windows-Security-Auditing,Security,SecurityEvent
2026-04-29T05:07:52Z,WS-OPS-02,4688,,CORP\kpatel,User,CORP,kpatel,kpatel,CORP,,,,,,C:\Windows\System32\OUTLOOK.EXE,C:\Windows\System32\OUTLOOK.EXE,C:\Windows\System32\EXCEL.EXE,"""C:\Windows\System32\OUTLOOK.EXE""",,,Microsoft-Windows-Security-Auditing,Security,SecurityEvent
2026-04-29T05:08:01Z,WS-OPS-01,4624,,CORP\mwhite,User,CORP,mwhite,mwhite,CORP,10.70.178.131,54908,11,Kerberos,,,,,,,,Microsoft-Windows-Security-Auditing,Security,SecurityEvent
2026-04-29T05:08:14Z,WS-IT-01,4634,,CORP\dkim,User,CORP,dkim,dkim,CORP,,,5,NtLmSsp,,,,,,,,Microsoft-Windows-Security-Auditing,Security,SecurityEvent
2026-04-29T05:08:16Z,WS-FINANCE-01,4624,,CORP\agarcia,User,CORP,agarcia,agarcia,CORP,10.188.145.79,55328,3,NtLmSsp,,,,,,,,Microsoft-Windows-Security-Auditing,Security,SecurityEvent
2026-04-29T05:08:20Z,WS-HR-03,4697,,CORP\ehernandez,User,CORP,ehernandez,ehernandez,CORP,,,,,,,,,,svc-60d9d37e,C:\Program Files\svc-60d9d37e\svc-60d9d37e.exe,Microsoft-Windows-Security-Auditing,Security,SecurityEvent
2026-04-29T05:08:30Z,SVR-WEB-01,4624,,CORP\rmorales,User,CORP,rmorales,rmorales,CORP,172.16.167.147,49688,3,NtLmSsp,,,,,,,,Microsoft-Windows-Security-Auditing,Security,SecurityEvent
2026-04-29T05:08:30Z,WS-HR-03,4634,,CORP\kpatel,User,CORP,kpatel,kpatel,CORP,,,3,Kerberos,,,,,,,,Microsoft-Windows-Security-Auditing,Security,SecurityEvent
2026-04-29T05:08:34Z,WS-MKT-01,4688,,CORP\kpatel,User,CORP,kpatel,kpatel,CORP,,,,,,C:\Windows\System32\smss.exe,C:\Windows\System32\smss.exe,C:\Windows\System32\Teams.exe,"""C:\Windows\System32\smss.exe""",,,Microsoft-Windows-Security-Auditing,Security,SecurityEvent
2026-04-29T05:08:35Z,WS-IT-02,4634,,CORP\lwoods,User,CORP,lwoods,lwoods,CORP,,,3,Negotiate,,,,,,,,Microsoft-Windows-Security-Auditing,Security,SecurityEvent
2026-04-29T05:08:42Z,WS-HR-03,4624,,CORP\agarcia,User,CORP,agarcia,agarcia,CORP,10.106.72.121,58217,3,Seclogo,,,,,,,,Microsoft-Windows-Security-Auditing,Security,SecurityEvent
2026-04-29T05:08:54Z,LAP-SALES-03,4624,,CORP\dkim,User,CORP,dkim,dkim,CORP,10.234.163.248,60251,11,Kerberos,,,,,,,,Microsoft-Windows-Security-Auditing,Security,SecurityEvent
2026-04-29T05:09:10Z,SVR-DC-01,4624,,CORP\sthompson,User,CORP,sthompson,sthompson,CORP,10.69.172.74,64364,2,Kerberos,,,,,,,,Microsoft-Windows-Security-Auditing,Security,SecurityEvent
2026-04-29T05:09:13Z,WS-MKT-02,4688,,CORP\kpatel,User,CORP,kpatel,kpatel,CORP,,,,,,C:\Windows\System32\wininit.exe,C:\Windows\System32\wininit.exe,C:\Windows\System32\wininit.exe,"""C:\Windows\System32\wininit.exe""",,,Microsoft-Windows-Security-Auditing,Security,SecurityEvent
2026-04-29T05:09:20Z,WS-IT-01,4688,,CORP\rmorales,User,CORP,rmorales,rmorales,CORP,,,,,,C:\Windows\System32\msedge.exe,C:\Windows\System32\msedge.exe,C:\Windows\System32\chrome.exe,"""C:\Windows\System32\msedge.exe""",,,Microsoft-Windows-Security-Auditing,Security,SecurityEvent
2026-04-29T05:09:34Z,LAP-EXEC-01,4688,,CORP\lwoods,User,CORP,lwoods,lwoods,CORP,,,,,,C:\Windows\System32\firefox.exe,C:\Windows\System32\firefox.exe,C:\Windows\System32\Teams.exe,"""C:\Windows\System32\firefox.exe""",,,Microsoft-Windows-Security-Auditing,Security,SecurityEvent
2026-04-29T05:09:40Z,WS-OPS-01,4688,,CORP\mwhite,User,CORP,mwhite,mwhite,CORP,,,,,,C:\Windows\System32\services.exe,C:\Windows\System32\services.exe,C:\Windows\System32\msiexec.exe,"""C:\Windows\System32\services.exe""",,,Microsoft-Windows-Security-Auditing,Security,SecurityEvent
2026-04-29T05:09:45Z,LAP-SALES-03,4697,,CORP\tnguyen,User,CORP,tnguyen,tnguyen,CORP,,,,,,,,,,svc-60dad84d,C:\Program Files\svc-60dad84d\svc-60dad84d.exe,Microsoft-Windows-Security-Auditing,Security,SecurityEvent
2026-04-29T05:09:55Z,WS-IT-02,4688,,CORP\jharris,User,CORP,jharris,jharris,CORP,,,,,,C:\Windows\System32\OUTLOOK.EXE,C:\Windows\System32\OUTLOOK.EXE,C:\Windows\System32\EXCEL.EXE,"""C:\Windows\System32\OUTLOOK.EXE""",,,Microsoft-Windows-Security-Auditing,Security,SecurityEvent
2026-04-29T05:10:11Z,SVR-DC-01,4624,,CORP\kpatel,User,CORP,kpatel,kpatel,CORP,10.254.113.224,59794,2,Seclogo,,,,,,,,Microsoft-Windows-Security-Auditing,Security,SecurityEvent
2026-04-29T05:10:16Z,WS-MKT-01,4688,,CORP\dkim,User,CORP,dkim,dkim,CORP,,,,,,C:\Windows\System32\msiexec.exe,C:\Windows\System32\msiexec.exe,C:\Windows\System32\svchost.exe,"""C:\Windows\System32\msiexec.exe""",,,Microsoft-Windows-Security-Auditing,Security,SecurityEvent
2026-04-29T05:10:22Z,WS-HR-03,4688,,CORP\mwhite,User,CORP,mwhite,mwhite,CORP,,,,,,C:\Windows\System32\chrome.exe,C:\Windows\System32\chrome.exe,C:\Windows\System32\code.exe,"""C:\Windows\System32\chrome.exe""",,,Microsoft-Windows-Security-Auditing,Security,SecurityEvent
2026-04-29T05:10:27Z,WS-IT-01,4625,,CORP\dkim,User,CORP,dkim,dkim,CORP,192.168.157.249,57855,3,NtLmSsp,The user has not been granted the requested logon type at this machine.,,,,,,,Microsoft-Windows-Security-Auditing,Security,SecurityEvent
2026-04-29T05:10:45Z,WS-HR-03,4688,,CORP\tnguyen,User,CORP,tnguyen,tnguyen,CORP,,,,,,C:\Windows\System32\firefox.exe,C:\Windows\System32\firefox.exe,C:\Windows\System32\lsass.exe,"""C:\Windows\System32\firefox.exe""",,,Microsoft-Windows-Security-Auditing,Security,SecurityEvent
2026-04-29T05:11:01Z,SVR-WEB-01,4624,,CORP\tnguyen,User,CORP,tnguyen,tnguyen,CORP,10.120.169.28,60143,7,Kerberos,,,,,,,,Microsoft-Windows-Security-Auditing,Security,SecurityEvent
2026-04-29T05:11:15Z,WS-MKT-01,4688,,CORP\sthompson,User,CORP,sthompson,sthompson,CORP,,,,,,C:\Windows\System32\Teams.exe,C:\Windows\System32\Teams.exe,C:\Windows\System32\smss.exe,"""C:\Windows\System32\Teams.exe""",,,Microsoft-Windows-Security-Auditing,Security,SecurityEvent
2026-04-29T05:11:17Z,SVR-DC-01,4624,,CORP\sthompson,User,CORP,sthompson,sthompson,CORP,172.22.46.49,52769,3,Kerberos,,,,,,,,Microsoft-Windows-Security-Auditing,Security,SecurityEvent
2026-04-29T05:11:23Z,SVR-WEB-01,4688,,CORP\sthompson,User,CORP,sthompson,sthompson,CORP,,,,,,C:\Windows\System32\csrss.exe,C:\Windows\System32\csrss.exe,C:\Windows\System32\SearchHost.exe,"""C:\Windows\System32\csrss.exe""",,,Microsoft-Windows-Security-Auditing,Security,SecurityEvent
2026-04-29T05:11:42Z,LAP-EXEC-01,4624,,CORP\mwhite,User,CORP,mwhite,mwhite,CORP,10.121.86.110,49870,3,Negotiate,,,,,,,,Microsoft-Windows-Security-Auditing,Security,SecurityEvent
2026-04-29T05:11:43Z,WS-OPS-02,4624,,CORP\ehernandez,User,CORP,ehernandez,ehernandez,CORP,10.130.181.172,51732,3,Kerberos,,,,,,,,Microsoft-Windows-Security-Auditing,Security,SecurityEvent
2026-04-29T05:11:59Z,WS-MKT-02,4624,,CORP\lwoods,User,CORP,lwoods,lwoods,CORP,172.18.137.180,58442,5,NtLmSsp,,,,,,,,Microsoft-Windows-Security-Auditing,Security,SecurityEvent
2026-04-29T05:12:12Z,WS-FINANCE-01,4624,,CORP\rmorales,User,CORP,rmorales,rmorales,CORP,10.92.43.37,53160,3,Kerberos,,,,,,,,Microsoft-Windows-Security-Auditing,Security,SecurityEvent
2026-04-29T05:12:17Z,LAP-SALES-03,4634,,CORP\jharris,User,CORP,jharris,jharris,CORP,,,3,Negotiate,,,,,,,,Microsoft-Windows-Security-Auditing,Security,SecurityEvent
2026-04-29T05:12:18Z,WS-MKT-01,4634,,CORP\ehernandez,User,CORP,ehernandez,ehernandez,CORP,,,3,Kerberos,,,,,,,,Microsoft-Windows-Security-Auditing,Security,SecurityEvent
2026-04-29T05:12:20Z,WS-MKT-02,4624,,CORP\ehernandez,User,CORP,ehernandez,ehernandez,CORP,172.18.169.198,63992,3,NtLmSsp,,,,,,,,Microsoft-Windows-Security-Auditing,Security,SecurityEvent
2026-04-29T05:12:34Z,LAP-EXEC-01,4634,,CORP\lwoods,User,CORP,lwoods,lwoods,CORP,,,11,Negotiate,,,,,,,,Microsoft-Windows-Security-Auditing,Security,SecurityEvent
2026-04-29T05:12:38Z,WS-IT-02,4624,,CORP\lwoods,User,CORP,lwoods,lwoods,CORP,172.21.145.110,53356,3,NtLmSsp,,,,,,,,Microsoft-Windows-Security-Auditing,Security,SecurityEvent
2026-04-29T05:12:50Z,WS-MKT-01,4624,,CORP\lwoods,User,CORP,lwoods,lwoods,CORP,10.87.103.165,57326,11,NtLmSsp,,,,,,,,Microsoft-Windows-Security-Auditing,Security,SecurityEvent
2026-04-29T05:13:10Z,WS-HR-03,4688,,CORP\kpatel,User,CORP,kpatel,kpatel,CORP,,,,,,C:\Windows\System32\taskmgr.exe,C:\Windows\System32\taskmgr.exe,C:\Windows\System32\chrome.exe,"""C:\Windows\System32\taskmgr.exe""",,,Microsoft-Windows-Security-Auditing,Security,SecurityEvent
2026-04-29T05:13:18Z,WS-MKT-02,4688,,CORP\rmorales,User,CORP,rmorales,rmorales,CORP,,,,,,C:\Windows\System32\wininit.exe,C:\Windows\System32\wininit.exe,C:\Windows\System32\csrss.exe,"""C:\Windows\System32\wininit.exe""",,,Microsoft-Windows-Security-Auditing,Security,SecurityEvent
2026-04-29T05:13:21Z,SVR-DC-01,4697,,CORP\mwhite,User,CORP,mwhite,mwhite,CORP,,,,,,,,,,svc-8e65c9fb,C:\Program Files\svc-8e65c9fb\svc-8e65c9fb.exe,Microsoft-Windows-Security-Auditing,Security,SecurityEvent
2026-04-29T05:13:32Z,WS-IT-01,4624,,CORP\rmorales,User,CORP,rmorales,rmorales,CORP,10.65.187.26,55065,10,Negotiate,,,,,,,,Microsoft-Windows-Security-Auditing,Security,SecurityEvent
2026-04-29T05:13:34Z,WS-HR-03,4672,,CORP\jharris,Admin,CORP,jharris,jharris,CORP,,,,,,,,,,,,Microsoft-Windows-Security-Auditing,Security,SecurityEvent
2026-04-29T05:13:36Z,WS-OPS-02,4688,,CORP\kpatel,User,CORP,kpatel,kpatel,CORP,,,,,,C:\Windows\System32\firefox.exe,C:\Windows\System32\firefox.exe,C:\Windows\System32\chrome.exe,"""C:\Windows\System32\firefox.exe""",,,Microsoft-Windows-Security-Auditing,Security,SecurityEvent
2026-04-29T05:13:37Z,LAP-SALES-03,4688,,CORP\rmorales,User,CORP,rmorales,rmorales,CORP,,,,,,C:\Windows\System32\services.exe,C:\Windows\System32\services.exe,C:\Windows\System32\svchost.exe,"""C:\Windows\System32\services.exe""",,,Microsoft-Windows-Security-Auditing,Security,SecurityEvent
2026-04-29T05:13:40Z,WS-HR-03,4688,,CORP\sthompson,User,CORP,sthompson,sthompson,CORP,,,,,,C:\Windows\System32\svchost.exe,C:\Windows\System32\svchost.exe,C:\Windows\System32\services.exe,"""C:\Windows\System32\svchost.exe""",,,Microsoft-Windows-Security-Auditing,Security,SecurityEvent
2026-04-29T05:13:49Z,SVR-DC-01,4672,,CORP\jharris,Admin,CORP,jharris,jharris,CORP,,,,,,,,,,,,Microsoft-Windows-Security-Auditing,Security,SecurityEvent
2026-04-29T05:13:59Z,WS-FINANCE-01,4624,,CORP\rmorales,User,CORP,rmorales,rmorales,CORP,10.67.147.185,55596,5,Kerberos,,,,,,,,Microsoft-Windows-Security-Auditing,Security,SecurityEvent
2026-04-29T05:14:04Z,WS-IT-02,4625,,CORP\ehernandez,User,CORP,ehernandez,ehernandez,CORP,172.29.65.142,62668,3,Kerberos,Unknown user name or bad password.,,,,,,,Microsoft-Windows-Security-Auditing,Security,SecurityEvent
2026-04-29T05:14:10Z,SVR-WEB-01,4688,,CORP\ehernandez,User,CORP,ehernandez,ehernandez,CORP,,,,,,C:\Windows\System32\lsass.exe,C:\Windows\System32\lsass.exe,C:\Windows\System32\csrss.exe,"""C:\Windows\System32\lsass.exe""",,,Microsoft-Windows-Security-Auditing,Security,SecurityEvent
2026-04-29T05:14:23Z,WS-OPS-01,4672,,CORP\mwhite,Admin,CORP,mwhite,mwhite,CORP,,,,,,,,,,,,Microsoft-Windows-Security-Auditing,Security,SecurityEvent
2026-04-29T05:14:25Z,WS-DEV-02,4688,,CORP\ehernandez,User,CORP,ehernandez,ehernandez,CORP,,,,,,C:\Windows\System32\OUTLOOK.EXE,C:\Windows\System32\OUTLOOK.EXE,C:\Windows\System32\smss.exe,"""C:\Windows\System32\OUTLOOK.EXE""",,,Microsoft-Windows-Security-Auditing,Security,SecurityEvent
2026-04-29T05:14:25Z,WS-HR-03,4688,,CORP\tnguyen,User,CORP,tnguyen,tnguyen,CORP,,,,,,C:\Windows\System32\svchost.exe,C:\Windows\System32\svchost.exe,C:\Windows\System32\taskmgr.exe,"""C:\Windows\System32\svchost.exe""",,,Microsoft-Windows-Security-Auditing,Security,SecurityEvent
2026-04-29T05:14:29Z,SVR-WEB-01,4634,,CORP\olopez,User,CORP,olopez,olopez,CORP,,,11,NtLmSsp,,,,,,,,Microsoft-Windows-Security-Auditing,Security,SecurityEvent
2026-04-29T05:14:29Z,WS-IT-02,4688,,CORP\mwhite,User,CORP,mwhite,mwhite,CORP,,,,,,C:\Windows\System32\lsass.exe,C:\Windows\System32\lsass.exe,C:\Windows\System32\OneDrive.exe,"""C:\Windows\System32\lsass.exe""",,,Microsoft-Windows-Security-Auditing,Security,SecurityEvent
2026-04-29T05:14:32Z,WS-DEV-02,4624,,CORP\mwhite,User,CORP,mwhite,mwhite,CORP,10.218.170.136,53032,2,Negotiate,,,,,,,,Microsoft-Windows-Security-Auditing,Security,SecurityEvent
2026-04-29T05:14:37Z,SVR-WEB-01,4732,,CORP\sthompson,User,CORP,sthompson,newuser358,CORP,,,,,,,,,,,,Microsoft-Windows-Security-Auditing,Security,SecurityEvent
2026-04-29T05:15:04Z,WS-HR-03,4624,,CORP\olopez,User,CORP,olopez,olopez,CORP,10.252.194.216,55204,2,NtLmSsp,,,,,,,,Microsoft-Windows-Security-Auditing,Security,SecurityEvent
2026-04-29T05:15:19Z,WS-DEV-02,4688,,CORP\dkim,User,CORP,dkim,dkim,CORP,,,,,,C:\Windows\System32\msedge.exe,C:\Windows\System32\msedge.exe,C:\Windows\System32\OUTLOOK.EXE,"""C:\Windows\System32\msedge.exe""",,,Microsoft-Windows-Security-Auditing,Security,SecurityEvent
2026-04-29T05:15:25Z,WS-MKT-01,4624,,CORP\kpatel,User,CORP,kpatel,kpatel,CORP,10.140.232.25,65423,2,Negotiate,,,,,,,,Microsoft-Windows-Security-Auditing,Security,SecurityEvent
2026-04-29T05:15:27Z,WS-OPS-01,4624,,CORP\agarcia,User,CORP,agarcia,agarcia,CORP,10.122.237.172,61017,3,Negotiate,,,,,,,,Microsoft-Windows-Security-Auditing,Security,SecurityEvent
2026-04-29T05:15:31Z,WS-MKT-01,4624,,CORP\ehernandez,User,CORP,ehernandez,ehernandez,CORP,192.168.61.65,63505,2,Negotiate,,,,,,,,Microsoft-Windows-Security-Auditing,Security,SecurityEvent
2026-04-29T05:15:57Z,WS-MKT-01,4624,,CORP\rmorales,User,CORP,rmorales,rmorales,CORP,10.156.218.160,60168,3,User32,,,,,,,,Microsoft-Windows-Security-Auditing,Security,SecurityEvent
2026-04-29T05:15:58Z,WS-IT-02,4624,,CORP\rmorales,User,CORP,rmorales,rmorales,CORP,10.193.106.146,49283,11,Negotiate,,,,,,,,Microsoft-Windows-Security-Auditing,Security,SecurityEvent
2026-04-29T05:16:04Z,LAP-EXEC-01,4634,,CORP\mwhite,User,CORP,mwhite,mwhite,CORP,,,3,User32,,,,,,,,Microsoft-Windows-Security-Auditing,Security,SecurityEvent
2026-04-29T05:16:23Z,WS-MKT-01,4688,,CORP\ehernandez,User,CORP,ehernandez,ehernandez,CORP,,,,,,C:\Windows\System32\explorer.exe,C:\Windows\System32\explorer.exe,C:\Windows\System32\svchost.exe,"""C:\Windows\System32\explorer.exe""",,,Microsoft-Windows-Security-Auditing,Security,SecurityEvent
2026-04-29T05:16:24Z,WS-FINANCE-01,4634,,CORP\mwhite,User,CORP,mwhite,mwhite,CORP,,,3,Negotiate,,,,,,,,Microsoft-Windows-Security-Auditing,Security,SecurityEvent
2026-04-29T05:16:27Z,WS-MKT-02,4624,,CORP\agarcia,User,CORP,agarcia,agarcia,CORP,10.166.217.66,60200,2,User32,,,,,,,,Microsoft-Windows-Security-Auditing,Security,SecurityEvent
2026-04-29T05:16:37Z,WS-FINANCE-01,4624,,CORP\tnguyen,User,CORP,tnguyen,tnguyen,CORP,172.24.170.63,49321,3,Kerberos,,,,,,,,Microsoft-Windows-Security-Auditing,Security,SecurityEvent
2026-04-29T05:16:47Z,SVR-WEB-01,4624,,CORP\kpatel,User,CORP,kpatel,kpatel,CORP,10.196.104.144,62839,3,NtLmSsp,,,,,,,,Microsoft-Windows-Security-Auditing,Security,SecurityEvent
2026-04-29T05:16:47Z,WS-HR-03,4697,,CORP\mwhite,User,CORP,mwhite,mwhite,CORP,,,,,,,,,,svc-be285b15,C:\Program Files\svc-be285b15\svc-be285b15.exe,Microsoft-Windows-Security-Auditing,Security,SecurityEvent
2026-04-29T05:16:48Z,SVR-WEB-01,4624,,CORP\ehernandez,User,CORP,ehernandez,ehernandez,CORP,10.199.55.24,64779,3,Negotiate,,,,,,,,Microsoft-Windows-Security-Auditing,Security,SecurityEvent
2026-04-29T05:16:52Z,WS-MKT-02,4688,,CORP\rmorales,User,CORP,rmorales,rmorales,CORP,,,,,,C:\Windows\System32\Teams.exe,C:\Windows\System32\Teams.exe,C:\Windows\System32\WINWORD.EXE,"""C:\Windows\System32\Teams.exe""",,,Microsoft-Windows-Security-Auditing,Security,SecurityEvent
2026-04-29T05:16:55Z,WS-DEV-02,4624,,CORP\mwhite,User,CORP,mwhite,mwhite,CORP,10.126.238.122,53540,3,Kerberos,,,,,,,,Microsoft-Windows-Security-Auditing,Security,SecurityEvent
2026-04-29T05:16:58Z,SVR-DC-01,4624,,CORP\sthompson,User,CORP,sthompson,sthompson,CORP,10.184.245.183,60015,3,Kerberos,,,,,,,,Microsoft-Windows-Security-Auditing,Security,SecurityEvent
2026-04-29T05:17:17Z,SVR-DC-01,4688,,CORP\tnguyen,User,CORP,tnguyen,tnguyen,CORP,,,,,,C:\Windows\System32\WINWORD.EXE,C:\Windows\System32\WINWORD.EXE,C:\Windows\System32\svchost.exe,"""C:\Windows\System32\WINWORD.EXE""",,,Microsoft-Windows-Security-Auditing,Security,SecurityEvent
2026-04-29T05:17:38Z,WS-OPS-01,4688,,CORP\mwhite,User,CORP,mwhite,mwhite,CORP,,,,,,C:\Windows\System32\taskmgr.exe,C:\Windows\System32\taskmgr.exe,C:\Windows\System32\firefox.exe,"""C:\Windows\System32\taskmgr.exe""",,,Microsoft-Windows-Security-Auditing,Security,SecurityEvent
2026-04-29T05:17:40Z,WS-FINANCE-01,4688,,CORP\tnguyen,User,CORP,tnguyen,tnguyen,CORP,,,,,,C:\Windows\System32\Teams.exe,C:\Windows\System32\Teams.exe,C:\Windows\System32\services.exe,"""C:\Windows\System32\Teams.exe""",,,Microsoft-Windows-Security-Auditing,Security,SecurityEvent
2026-04-29T05:17:43Z,WS-IT-02,4688,,CORP\agarcia,User,CORP,agarcia,agarcia,CORP,,,,,,C:\Windows\System32\lsass.exe,C:\Windows\System32\lsass.exe,C:\Windows\System32\wininit.exe,"""C:\Windows\System32\lsass.exe""",,,Microsoft-Windows-Security-Auditing,Security,SecurityEvent
2026-04-29T05:17:51Z,WS-IT-01,4688,,CORP\rmorales,User,CORP,rmorales,rmorales,CORP,,,,,,C:\Windows\System32\Teams.exe,C:\Windows\System32\Teams.exe,C:\Windows\System32\chrome.exe,"""C:\Windows\System32\Teams.exe""",,,Microsoft-Windows-Security-Auditing,Security,SecurityEvent
2026-04-29T05:17:51Z,SVR-DC-01,4624,,CORP\olopez,User,CORP,olopez,olopez,CORP,172.28.175.64,53282,11,NtLmSsp,,,,,,,,Microsoft-Windows-Security-Auditing,Security,SecurityEvent
2026-04-29T05:17:52Z,SVR-WEB-01,4672,,CORP\sthompson,Admin,CORP,sthompson,sthompson,CORP,,,,,,,,,,,,Microsoft-Windows-Security-Auditing,Security,SecurityEvent
2026-04-29T05:17:52Z,WS-IT-02,4624,,CORP\mwhite,User,CORP,mwhite,mwhite,CORP,172.26.28.140,57812,3,NtLmSsp,,,,,,,,Microsoft-Windows-Security-Auditing,Security,SecurityEvent
2026-04-29T05:17:56Z,WS-OPS-02,4624,,CORP\dkim,User,CORP,dkim,dkim,CORP,10.23.24.251,62490,3,Negotiate,,,,,,,,Microsoft-Windows-Security-Auditing,Security,SecurityEvent
2026-04-29T05:17:57Z,WS-MKT-01,4624,,CORP\kpatel,User,CORP,kpatel,kpatel,CORP,172.30.211.101,56908,11,NtLmSsp,,,,,,,,Microsoft-Windows-Security-Auditing,Security,SecurityEvent
2026-04-29T05:17:57Z,WS-HR-03,4688,,CORP\olopez,User,CORP,olopez,olopez,CORP,,,,,,C:\Windows\System32\services.exe,C:\Windows\System32\services.exe,C:\Windows\System32\lsass.exe,"""C:\Windows\System32\services.exe""",,,Microsoft-Windows-Security-Auditing,Security,SecurityEvent
2026-04-29T05:18:00Z,WS-FINANCE-01,4688,,CORP\rmorales,User,CORP,rmorales,rmorales,CORP,,,,,,C:\Windows\System32\svchost.exe,C:\Windows\System32\svchost.exe,C:\Windows\System32\chrome.exe,"""C:\Windows\System32\svchost.exe""",,,Microsoft-Windows-Security-Auditing,Security,SecurityEvent
2026-04-29T05:18:04Z,WS-IT-01,4624,,CORP\ehernandez,User,CORP,ehernandez,ehernandez,CORP,172.26.163.251,53206,2,User32,,,,,,,,Microsoft-Windows-Security-Auditing,Security,SecurityEvent
2026-04-29T05:18:06Z,WS-DEV-02,4624,,CORP\bsato,User,CORP,bsato,bsato,CORP,172.22.103.208,57692,5,Kerberos,,,,,,,,Microsoft-Windows-Security-Auditing,Security,SecurityEvent
2026-04-29T05:18:20Z,WS-OPS-02,4634,,CORP\tnguyen,User,CORP,tnguyen,tnguyen,CORP,,,3,Negotiate,,,,,,,,Microsoft-Windows-Security-Auditing,Security,SecurityEvent
2026-04-29T05:18:23Z,LAP-EXEC-01,4634,,CORP\tnguyen,User,CORP,tnguyen,tnguyen,CORP,,,10,Kerberos,,,,,,,,Microsoft-Windows-Security-Auditing,Security,SecurityEvent
2026-04-29T05:18:26Z,WS-OPS-01,4624,,CORP\jharris,User,CORP,jharris,jharris,CORP,172.28.92.242,57373,5,NtLmSsp,,,,,,,,Microsoft-Windows-Security-Auditing,Security,SecurityEvent
2026-04-29T05:18:35Z,WS-HR-03,4624,,CORP\ehernandez,User,CORP,ehernandez,ehernandez,CORP,10.72.96.231,56110,3,Kerberos,,,,,,,,Microsoft-Windows-Security-Auditing,Security,SecurityEvent
2026-04-29T05:18:37Z,WS-MKT-01,4624,,CORP\sthompson,User,CORP,sthompson,sthompson,CORP,10.187.196.239,65379,5,NtLmSsp,,,,,,,,Microsoft-Windows-Security-Auditing,Security,SecurityEvent
2026-04-29T05:18:56Z,LAP-EXEC-01,4624,,CORP\lwoods,User,CORP,lwoods,lwoods,CORP,10.22.131.8,55321,11,User32,,,,,,,,Microsoft-Windows-Security-Auditing,Security,SecurityEvent
2026-04-29T05:19:04Z,WS-FINANCE-01,4624,,CORP\sthompson,User,CORP,sthompson,sthompson,CORP,10.2.144.193,54468,3,Kerberos,,,,,,,,Microsoft-Windows-Security-Auditing,Security,SecurityEvent
2026-04-29T05:19:09Z,WS-IT-01,4688,,CORP\ehernandez,User,CORP,ehernandez,ehernandez,CORP,,,,,,C:\Windows\System32\chrome.exe,C:\Windows\System32\chrome.exe,C:\Windows\System32\SearchHost.exe,"""C:\Windows\System32\chrome.exe""",,,Microsoft-Windows-Security-Auditing,Security,SecurityEvent
2026-04-29T05:19:10Z,SVR-DC-01,4625,,CORP\agarcia,User,CORP,agarcia,agarcia,CORP,10.107.245.116,54898,2,Kerberos,Unknown user name or bad password.,,,,,,,Microsoft-Windows-Security-Auditing,Security,SecurityEvent
2026-04-29T05:19:28Z,WS-FINANCE-01,4688,,CORP\mwhite,User,CORP,mwhite,mwhite,CORP,,,,,,C:\Windows\System32\Teams.exe,C:\Windows\System32\Teams.exe,C:\Windows\System32\explorer.exe,"""C:\Windows\System32\Teams.exe""",,,Microsoft-Windows-Security-Auditing,Security,SecurityEvent
2026-04-29T05:19:29Z,SVR-DC-01,4625,,CORP\agarcia,User,CORP,agarcia,agarcia,CORP,10.64.253.95,51879,5,Kerberos,Unknown user name or bad password.,,,,,,,Microsoft-Windows-Security-Auditing,Security,SecurityEvent
2026-04-29T05:19:38Z,WS-MKT-01,4624,,CORP\rmorales,User,CORP,rmorales,rmorales,CORP,10.209.34.29,57828,5,Kerberos,,,,,,,,Microsoft-Windows-Security-Auditing,Security,SecurityEvent
2026-04-29T05:19:47Z,WS-OPS-02,4625,,CORP\mwhite,User,CORP,mwhite,mwhite,CORP,172.30.22.252,53763,4,Negotiate,Unknown user name or bad password.,,,,,,,Microsoft-Windows-Security-Auditing,Security,SecurityEvent
2026-04-29T05:19:50Z,LAP-EXEC-01,4634,,CORP\ehernandez,User,CORP,ehernandez,ehernandez,CORP,,,3,Kerberos,,,,,,,,Microsoft-Windows-Security-Auditing,Security,SecurityEvent
2026-04-29T05:20:16Z,LAP-EXEC-01,4624,,CORP\agarcia,User,CORP,agarcia,agarcia,CORP,172.29.235.254,62360,3,Kerberos,,,,,,,,Microsoft-Windows-Security-Auditing,Security,SecurityEvent
2026-04-29T05:20:18Z,LAP-EXEC-01,4688,,CORP\mwhite,User,CORP,mwhite,mwhite,CORP,,,,,,C:\Windows\System32\explorer.exe,C:\Windows\System32\explorer.exe,C:\Windows\System32\lsass.exe,"""C:\Windows\System32\explorer.exe""",,,Microsoft-Windows-Security-Auditing,Security,SecurityEvent
2026-04-29T05:20:21Z,WS-OPS-02,4624,,CORP\dkim,User,CORP,dkim,dkim,CORP,10.112.114.180,54466,3,NtLmSsp,,,,,,,,Microsoft-Windows-Security-Auditing,Security,SecurityEvent
2026-04-29T05:20:38Z,LAP-EXEC-01,4624,,CORP\rmorales,User,CORP,rmorales,rmorales,CORP,172.24.94.192,49671,11,Kerberos,,,,,,,,Microsoft-Windows-Security-Auditing,Security,SecurityEvent
2026-04-29T05:20:55Z,WS-MKT-01,4634,,CORP\jharris,User,CORP,jharris,jharris,CORP,,,3,Advapi,,,,,,,,Microsoft-Windows-Security-Auditing,Security,SecurityEvent
2026-04-29T05:21:13Z,SVR-WEB-01,4624,,CORP\olopez,User,CORP,olopez,olopez,CORP,172.25.166.201,51332,11,User32,,,,,,,,Microsoft-Windows-Security-Auditing,Security,SecurityEvent
2026-04-29T05:21:24Z,LAP-SALES-03,4624,,CORP\ehernandez,User,CORP,ehernandez,ehernandez,CORP,10.116.211.195,64852,2,Kerberos,,,,,,,,Microsoft-Windows-Security-Auditing,Security,SecurityEvent
2026-04-29T05:21:37Z,WS-IT-01,4634,,CORP\jharris,User,CORP,jharris,jharris,CORP,,,11,Kerberos,,,,,,,,Microsoft-Windows-Security-Auditing,Security,SecurityEvent
2026-04-29T05:21:42Z,WS-IT-02,4624,,CORP\agarcia,User,CORP,agarcia,agarcia,CORP,10.204.174.21,57444,5,Kerberos,,,,,,,,Microsoft-Windows-Security-Auditing,Security,SecurityEvent
2026-04-29T05:21:51Z,WS-IT-01,4634,,CORP\agarcia,User,CORP,agarcia,agarcia,CORP,,,2,Kerberos,,,,,,,,Microsoft-Windows-Security-Auditing,Security,SecurityEvent
2026-04-29T05:21:53Z,WS-HR-03,4625,,CORP\agarcia,User,CORP,agarcia,agarcia,CORP,172.27.174.93,56731,2,Kerberos,The user has not been granted the requested logon type at this machine.,,,,,,,Microsoft-Windows-Security-Auditing,Security,SecurityEvent
2026-04-29T05:22:06Z,WS-HR-03,4625,,CORP\mwhite,User,CORP,mwhite,mwhite,CORP,10.195.234.100,50695,3,NtLmSsp,Unknown user name or bad password.,,,,,,,Microsoft-Windows-Security-Auditing,Security,SecurityEvent
2026-04-29T05:22:07Z,WS-IT-01,4624,,CORP\agarcia,User,CORP,agarcia,agarcia,CORP,172.18.50.58,63101,3,Kerberos,,,,,,,,Microsoft-Windows-Security-Auditing,Security,SecurityEvent
2026-04-29T05:22:11Z,SVR-WEB-01,4624,,CORP\mwhite,User,CORP,mwhite,mwhite,CORP,10.165.87.63,62791,5,User32,,,,,,,,Microsoft-Windows-Security-Auditing,Security,SecurityEvent
2026-04-29T05:22:18Z,WS-FINANCE-01,4634,,CORP\ehernandez,User,CORP,ehernandez,ehernandez,CORP,,,2,NtLmSsp,,,,,,,,Microsoft-Windows-Security-Auditing,Security,SecurityEvent
2026-04-29T05:22:23Z,WS-FINANCE-01,4688,,CORP\bsato,User,CORP,bsato,bsato,CORP,,,,,,C:\Windows\System32\chrome.exe,C:\Windows\System32\chrome.exe,C:\Windows\System32\wininit.exe,"""C:\Windows\System32\chrome.exe""",,,Microsoft-Windows-Security-Auditing,Security,SecurityEvent
2026-04-29T05:22:30Z,WS-OPS-02,4634,,CORP\olopez,User,CORP,olopez,olopez,CORP,,,5,Kerberos,,,,,,,,Microsoft-Windows-Security-Auditing,Security,SecurityEvent
2026-04-29T05:22:39Z,WS-DEV-02,4624,,CORP\olopez,User,CORP,olopez,olopez,CORP,10.124.35.156,61122,5,Kerberos,,,,,,,,Microsoft-Windows-Security-Auditing,Security,SecurityEvent
2026-04-29T05:22:48Z,WS-FINANCE-01,4634,,CORP\sthompson,User,CORP,sthompson,sthompson,CORP,,,2,Kerberos,,,,,,,,Microsoft-Windows-Security-Auditing,Security,SecurityEvent
2026-04-29T05:22:48Z,SVR-WEB-01,4688,,CORP\lwoods,User,CORP,lwoods,lwoods,CORP,,,,,,C:\Windows\System32\chrome.exe,C:\Windows\System32\chrome.exe,C:\Windows\System32\wininit.exe,"""C:\Windows\System32\chrome.exe""",,,Microsoft-Windows-Security-Auditing,Security,SecurityEvent
2026-04-29T05:23:03Z,WS-MKT-02,4624,,CORP\ehernandez,User,CORP,ehernandez,ehernandez,CORP,172.19.168.243,49341,2,User32,,,,,,,,Microsoft-Windows-Security-Auditing,Security,SecurityEvent
2026-04-29T05:23:14Z,SVR-WEB-01,4624,,CORP\agarcia,User,CORP,agarcia,agarcia,CORP,10.174.230.51,53453,5,Negotiate,,,,,,,,Microsoft-Windows-Security-Auditing,Security,SecurityEvent
2026-04-29T05:23:21Z,LAP-EXEC-01,4624,,CORP\mwhite,User,CORP,mwhite,mwhite,CORP,10.147.62.124,61283,3,Negotiate,,,,,,,,Microsoft-Windows-Security-Auditing,Security,SecurityEvent
2026-04-29T05:23:24Z,WS-HR-03,4688,,CORP\sthompson,User,CORP,sthompson,sthompson,CORP,,,,,,C:\Windows\System32\csrss.exe,C:\Windows\System32\csrss.exe,C:\Windows\System32\OUTLOOK.EXE,"""C:\Windows\System32\csrss.exe""",,,Microsoft-Windows-Security-Auditing,Security,SecurityEvent
2026-04-29T05:23:30Z,SVR-DC-01,4688,,CORP\mwhite,User,CORP,mwhite,mwhite,CORP,,,,,,C:\Windows\System32\chrome.exe,C:\Windows\System32\chrome.exe,C:\Windows\System32\csrss.exe,"""C:\Windows\System32\chrome.exe""",,,Microsoft-Windows-Security-Auditing,Security,SecurityEvent
2026-04-29T05:23:56Z,WS-HR-03,4624,,CORP\jadams,User,CORP,jadams,jadams,CORP,10.0.10.12,57923,3,Kerberos,,,,,,,,Microsoft-Windows-Security-Auditing,Security,SecurityEvent
2026-04-29T05:24:12Z,WS-OPS-02,4624,,CORP\kpatel,User,CORP,kpatel,kpatel,CORP,10.111.206.239,64437,5,NtLmSsp,,,,,,,,Microsoft-Windows-Security-Auditing,Security,SecurityEvent
2026-04-29T05:24:14Z,WS-IT-02,4634,,CORP\sthompson,User,CORP,sthompson,sthompson,CORP,,,3,User32,,,,,,,,Microsoft-Windows-Security-Auditing,Security,SecurityEvent
2026-04-29T05:24:46Z,WS-IT-01,4624,,CORP\tnguyen,User,CORP,tnguyen,tnguyen,CORP,10.245.44.55,58896,4,NtLmSsp,,,,,,,,Microsoft-Windows-Security-Auditing,Security,SecurityEvent
2026-04-29T05:24:57Z,LAP-SALES-03,4720,,CORP\mwhite,User,CORP,mwhite,newuser851,CORP,,,,,,,,,,,,Microsoft-Windows-Security-Auditing,Security,SecurityEvent
2026-04-29T05:25:22Z,WS-OPS-01,4624,,CORP\rmorales,User,CORP,rmorales,rmorales,CORP,172.24.184.156,57126,3,User32,,,,,,,,Microsoft-Windows-Security-Auditing,Security,SecurityEvent
2026-04-29T05:25:22Z,LAP-SALES-03,4624,,CORP\tnguyen,User,CORP,tnguyen,tnguyen,CORP,172.30.185.36,57223,3,NtLmSsp,,,,,,,,Microsoft-Windows-Security-Auditing,Security,SecurityEvent
2026-04-29T05:25:29Z,LAP-EXEC-01,4688,,CORP\agarcia,User,CORP,agarcia,agarcia,CORP,,,,,,C:\Windows\System32\smss.exe,C:\Windows\System32\smss.exe,C:\Windows\System32\svchost.exe,"""C:\Windows\System32\smss.exe""",,,Microsoft-Windows-Security-Auditing,Security,SecurityEvent
2026-04-29T05:25:29Z,SVR-WEB-01,4624,,CORP\lwoods,User,CORP,lwoods,lwoods,CORP,10.137.55.247,58687,10,Kerberos,,,,,,,,Microsoft-Windows-Security-Auditing,Security,SecurityEvent
2026-04-29T05:25:31Z,WS-IT-01,4624,,CORP\kpatel,User,CORP,kpatel,kpatel,CORP,10.150.219.74,62618,5,NtLmSsp,,,,,,,,Microsoft-Windows-Security-Auditing,Security,SecurityEvent
2026-04-29T05:25:37Z,SVR-WEB-01,4688,,CORP\lwoods,User,CORP,lwoods,lwoods,CORP,,,,,,C:\Windows\System32\msedge.exe,C:\Windows\System32\msedge.exe,C:\Windows\System32\smss.exe,"""C:\Windows\System32\msedge.exe""",,,Microsoft-Windows-Security-Auditing,Security,SecurityEvent
2026-04-29T05:25:39Z,WS-HR-03,4688,,CORP\ehernandez,User,CORP,ehernandez,ehernandez,CORP,,,,,,C:\Windows\System32\code.exe,C:\Windows\System32\code.exe,C:\Windows\System32\csrss.exe,"""C:\Windows\System32\code.exe""",,,Microsoft-Windows-Security-Auditing,Security,SecurityEvent
2026-04-29T05:25:41Z,WS-HR-03,4688,,CORP\jharris,User,CORP,jharris,jharris,CORP,,,,,,C:\Windows\System32\smss.exe,C:\Windows\System32\smss.exe,C:\Windows\System32\msedge.exe,"""C:\Windows\System32\smss.exe""",,,Microsoft-Windows-Security-Auditing,Security,SecurityEvent
2026-04-29T05:25:44Z,WS-OPS-02,4688,,CORP\tnguyen,User,CORP,tnguyen,tnguyen,CORP,,,,,,C:\Windows\System32\msedge.exe,C:\Windows\System32\msedge.exe,C:\Windows\System32\Teams.exe,"""C:\Windows\System32\msedge.exe""",,,Microsoft-Windows-Security-Auditing,Security,SecurityEvent
2026-04-29T05:25:45Z,WS-MKT-02,4688,,CORP\ehernandez,User,CORP,ehernandez,ehernandez,CORP,,,,,,C:\Windows\System32\code.exe,C:\Windows\System32\code.exe,C:\Windows\System32\winlogon.exe,"""C:\Windows\System32\code.exe""",,,Microsoft-Windows-Security-Auditing,Security,SecurityEvent
2026-04-29T05:26:03Z,WS-MKT-02,4688,,CORP\kpatel,User,CORP,kpatel,kpatel,CORP,,,,,,C:\Windows\System32\code.exe,C:\Windows\System32\code.exe,C:\Windows\System32\services.exe,"""C:\Windows\System32\code.exe""",,,Microsoft-Windows-Security-Auditing,Security,SecurityEvent
2026-04-29T05:26:11Z,WS-FINANCE-01,4634,,CORP\mwhite,User,CORP,mwhite,mwhite,CORP,,,5,NtLmSsp,,,,,,,,Microsoft-Windows-Security-Auditing,Security,SecurityEvent
2026-04-29T05:26:12Z,WS-OPS-01,4634,,CORP\jharris,User,CORP,jharris,jharris,CORP,,,5,Kerberos,,,,,,,,Microsoft-Windows-Security-Auditing,Security,SecurityEvent
2026-04-29T05:26:35Z,WS-MKT-02,4624,,CORP\sthompson,User,CORP,sthompson,sthompson,CORP,192.168.96.225,65357,5,Kerberos,,,,,,,,Microsoft-Windows-Security-Auditing,Security,SecurityEvent
2026-04-29T05:26:43Z,WS-IT-01,4672,,CORP\ehernandez,Admin,CORP,ehernandez,ehernandez,CORP,,,,,,,,,,,,Microsoft-Windows-Security-Auditing,Security,SecurityEvent
2026-04-29T05:27:01Z,SVR-WEB-01,4624,,CORP\kpatel,User,CORP,kpatel,kpatel,CORP,172.19.227.249,51603,11,NtLmSsp,,,,,,,,Microsoft-Windows-Security-Auditing,Security,SecurityEvent
2026-04-29T05:27:24Z,WS-IT-02,4624,,CORP\sthompson,User,CORP,sthompson,sthompson,CORP,10.200.196.184,63028,3,User32,,,,,,,,Microsoft-Windows-Security-Auditing,Security,SecurityEvent
2026-04-29T05:27:41Z,SVR-DC-01,4624,,CORP\agarcia,User,CORP,agarcia,agarcia,CORP,10.142.108.14,62909,7,Kerberos,,,,,,,,Microsoft-Windows-Security-Auditing,Security,SecurityEvent
2026-04-29T05:27:43Z,WS-OPS-02,4624,,CORP\lwoods,User,CORP,lwoods,lwoods,CORP,172.20.178.78,62657,3,Negotiate,,,,,,,,Microsoft-Windows-Security-Auditing,Security,SecurityEvent
2026-04-29T05:27:55Z,WS-OPS-01,4625,,CORP\rmorales,User,CORP,rmorales,rmorales,CORP,10.210.13.197,50783,3,NtLmSsp,The specified account's password has expired.,,,,,,,Microsoft-Windows-Security-Auditing,Security,SecurityEvent
2026-04-29T05:28:00Z,WS-HR-03,4624,,CORP\lwoods,User,CORP,lwoods,lwoods,CORP,172.20.146.97,55300,2,Advapi,,,,,,,,Microsoft-Windows-Security-Auditing,Security,SecurityEvent
2026-04-29T05:28:07Z,WS-OPS-02,4625,,CORP\kpatel,User,CORP,kpatel,kpatel,CORP,10.131.1.79,50540,3,Kerberos,The specified account's password has expired.,,,,,,,Microsoft-Windows-Security-Auditing,Security,SecurityEvent
2026-04-29T05:28:10Z,LAP-EXEC-01,4688,,CORP\jharris,User,CORP,jharris,jharris,CORP,,,,,,C:\Windows\System32\csrss.exe,C:\Windows\System32\csrss.exe,C:\Windows\System32\SearchHost.exe,"""C:\Windows\System32\csrss.exe""",,,Microsoft-Windows-Security-Auditing,Security,SecurityEvent
2026-04-29T05:28:22Z,SVR-DC-01,4688,,CORP\rmorales,User,CORP,rmorales,rmorales,CORP,,,,,,C:\Windows\System32\svchost.exe,C:\Windows\System32\svchost.exe,C:\Windows\System32\code.exe,"""C:\Windows\System32\svchost.exe""",,,Microsoft-Windows-Security-Auditing,Security,SecurityEvent
2026-04-29T05:28:26Z,SVR-DC-01,4624,,CORP\tnguyen,User,CORP,tnguyen,tnguyen,CORP,10.82.224.32,49646,11,NtLmSsp,,,,,,,,Microsoft-Windows-Security-Auditing,Security,SecurityEvent
2026-04-29T05:28:43Z,LAP-EXEC-01,4624,,CORP\sthompson,User,CORP,sthompson,sthompson,CORP,10.34.98.250,61777,3,User32,,,,,,,,Microsoft-Windows-Security-Auditing,Security,SecurityEvent
2026-04-29T05:29:24Z,WS-FINANCE-01,4624,,CORP\sthompson,User,CORP,sthompson,sthompson,CORP,10.150.100.249,55008,3,Negotiate,,,,,,,,Microsoft-Windows-Security-Auditing,Security,SecurityEvent
2026-04-29T05:29:31Z,WS-HR-03,4624,,CORP\rmorales,User,CORP,rmorales,rmorales,CORP,10.101.36.165,63745,5,NtLmSsp,,,,,,,,Microsoft-Windows-Security-Auditing,Security,SecurityEvent
2026-04-29T05:29:39Z,WS-MKT-01,4624,,CORP\dkim,User,CORP,dkim,dkim,CORP,10.115.9.105,61992,3,Advapi,,,,,,,,Microsoft-Windows-Security-Auditing,Security,SecurityEvent
2026-04-29T05:29:40Z,LAP-EXEC-01,4624,,CORP\rmorales,User,CORP,rmorales,rmorales,CORP,10.209.185.34,54271,3,NtLmSsp,,,,,,,,Microsoft-Windows-Security-Auditing,Security,SecurityEvent
2026-04-29T05:29:40Z,LAP-EXEC-01,4688,,CORP\dkim,User,CORP,dkim,dkim,CORP,,,,,,C:\Windows\System32\OUTLOOK.EXE,C:\Windows\System32\OUTLOOK.EXE,C:\Windows\System32\svchost.exe,"""C:\Windows\System32\OUTLOOK.EXE""",,,Microsoft-Windows-Security-Auditing,Security,SecurityEvent
2026-04-29T05:29:40Z,WS-IT-02,4634,,CORP\ehernandez,User,CORP,ehernandez,ehernandez,CORP,,,5,Kerberos,,,,,,,,Microsoft-Windows-Security-Auditing,Security,SecurityEvent
2026-04-29T05:29:42Z,LAP-SALES-03,4625,,CORP\tnguyen,User,CORP,tnguyen,tnguyen,CORP,10.46.14.59,63112,3,Negotiate,Unknown user name or bad password.,,,,,,,Microsoft-Windows-Security-Auditing,Security,SecurityEvent
2026-04-29T05:29:45Z,LAP-SALES-03,4688,,CORP\kpatel,User,CORP,kpatel,kpatel,CORP,,,,,,C:\Windows\System32\svchost.exe,C:\Windows\System32\svchost.exe,C:\Windows\System32\services.exe,"""C:\Windows\System32\svchost.exe""",,,Microsoft-Windows-Security-Auditing,Security,SecurityEvent
2026-04-29T05:29:49Z,WS-DEV-02,4634,,CORP\mwhite,User,CORP,mwhite,mwhite,CORP,,,3,Negotiate,,,,,,,,Microsoft-Windows-Security-Auditing,Security,SecurityEvent
2026-04-29T05:29:57Z,WS-FINANCE-01,4688,,CORP\rmorales,User,CORP,rmorales,rmorales,CORP,,,,,,C:\Windows\System32\explorer.exe,C:\Windows\System32\explorer.exe,C:\Windows\System32\services.exe,"""C:\Windows\System32\explorer.exe""",,,Microsoft-Windows-Security-Auditing,Security,SecurityEvent
2026-04-29T05:30:15Z,WS-DEV-02,4625,,CORP\mwhite,User,CORP,mwhite,mwhite,CORP,10.8.253.75,51593,3,Seclogo,Unknown user name or bad password.,,,,,,,Microsoft-Windows-Security-Auditing,Security,SecurityEvent
2026-04-29T05:30:17Z,WS-IT-02,4624,,CORP\tnguyen,User,CORP,tnguyen,tnguyen,CORP,10.230.117.229,64693,3,NtLmSsp,,,,,,,,Microsoft-Windows-Security-Auditing,Security,SecurityEvent
2026-04-29T05:30:24Z,WS-MKT-02,4625,,CORP\bsato,User,CORP,bsato,bsato,CORP,10.166.30.251,55686,3,NtLmSsp,Unknown user name or bad password.,,,,,,,Microsoft-Windows-Security-Auditing,Security,SecurityEvent
2026-04-29T05:30:25Z,WS-HR-03,4624,,CORP\dchen,User,CORP,dchen,dchen,CORP,10.0.10.12,52355,3,Kerberos,,,,,,,,Microsoft-Windows-Security-Auditing,Security,SecurityEvent
2026-04-29T05:30:29Z,WS-IT-02,4688,,CORP\bsato,User,CORP,bsato,bsato,CORP,,,,,,C:\Windows\System32\svchost.exe,C:\Windows\System32\svchost.exe,C:\Windows\System32\OneDrive.exe,"""C:\Windows\System32\svchost.exe""",,,Microsoft-Windows-Security-Auditing,Security,SecurityEvent
2026-04-29T05:30:33Z,WS-HR-03,4732,,CORP\mwhite,User,CORP,mwhite,newuser171,CORP,,,,,,,,,,,,Microsoft-Windows-Security-Auditing,Security,SecurityEvent
2026-04-29T05:30:52Z,WS-HR-03,4672,,CORP\tnguyen,Admin,CORP,tnguyen,tnguyen,CORP,,,,,,,,,,,,Microsoft-Windows-Security-Auditing,Security,SecurityEvent
2026-04-29T05:30:54Z,WS-MKT-01,4697,,CORP\agarcia,User,CORP,agarcia,agarcia,CORP,,,,,,,,,,svc-fe1d05f8,C:\Program Files\svc-fe1d05f8\svc-fe1d05f8.exe,Microsoft-Windows-Security-Auditing,Security,SecurityEvent
2026-04-29T05:31:16Z,LAP-SALES-03,4688,,CORP\jharris,User,CORP,jharris,jharris,CORP,,,,,,C:\Windows\System32\svchost.exe,C:\Windows\System32\svchost.exe,C:\Windows\System32\services.exe,"""C:\Windows\System32\svchost.exe""",,,Microsoft-Windows-Security-Auditing,Security,SecurityEvent
2026-04-29T05:31:31Z,WS-IT-02,4634,,CORP\kpatel,User,CORP,kpatel,kpatel,CORP,,,3,NtLmSsp,,,,,,,,Microsoft-Windows-Security-Auditing,Security,SecurityEvent
2026-04-29T05:31:33Z,WS-FINANCE-01,4624,,CORP\agarcia,User,CORP,agarcia,agarcia,CORP,10.223.79.191,59186,3,Kerberos,,,,,,,,Microsoft-Windows-Security-Auditing,Security,SecurityEvent
2026-04-29T05:31:33Z,WS-OPS-01,4732,,CORP\jharris,User,CORP,jharris,newuser730,CORP,,,,,,,,,,,,Microsoft-Windows-Security-Auditing,Security,SecurityEvent
2026-04-29T05:31:38Z,WS-MKT-01,4688,,CORP\mwhite,User,CORP,mwhite,mwhite,CORP,,,,,,C:\Windows\System32\WINWORD.EXE,C:\Windows\System32\WINWORD.EXE,C:\Windows\System32\svchost.exe,"""C:\Windows\System32\WINWORD.EXE""",,,Microsoft-Windows-Security-Auditing,Security,SecurityEvent
2026-04-29T05:31:42Z,LAP-EXEC-01,4688,,CORP\bsato,User,CORP,bsato,bsato,CORP,,,,,,C:\Windows\System32\csrss.exe,C:\Windows\System32\csrss.exe,C:\Windows\System32\EXCEL.EXE,"""C:\Windows\System32\csrss.exe""",,,Microsoft-Windows-Security-Auditing,Security,SecurityEvent
