2026-04-17T00:28:30Z,WS-OPS-01,4624,,CORP\olopez,User,CORP,olopez,olopez,CORP,172.27.144.156,49696,5,Negotiate,,,,,,,,Microsoft-Windows-Security-Auditing,Security,SecurityEvent
2026-04-17T00:29:39Z,SVR-WEB-01,4688,,CORP\rmorales,User,CORP,rmorales,rmorales,CORP,,,,,,C:\Windows\System32\code.exe,C:\Windows\System32\code.exe,C:\Windows\System32\EXCEL.EXE,"""C:\Windows\System32\code.exe""",,,Microsoft-Windows-Security-Auditing,Security,SecurityEvent
2026-04-17T00:30:34Z,WS-IT-01,4688,,CORP\kpatel,User,CORP,kpatel,kpatel,CORP,,,,,,C:\Windows\System32\msedge.exe,C:\Windows\System32\msedge.exe,C:\Windows\System32\winlogon.exe,"""C:\Windows\System32\msedge.exe""",,,Microsoft-Windows-Security-Auditing,Security,SecurityEvent
2026-04-17T00:33:15Z,SVR-WEB-01,4688,,CORP\lwoods,User,CORP,lwoods,lwoods,CORP,,,,,,C:\Windows\System32\services.exe,C:\Windows\System32\services.exe,C:\Windows\System32\msedge.exe,"""C:\Windows\System32\services.exe""",,,Microsoft-Windows-Security-Auditing,Security,SecurityEvent
2026-04-17T00:33:19Z,WS-HR-03,4624,,CORP\sthompson,User,CORP,sthompson,sthompson,CORP,10.0.143.196,64674,3,Advapi,,,,,,,,Microsoft-Windows-Security-Auditing,Security,SecurityEvent
2026-04-17T00:35:00Z,WS-OPS-01,4624,,CORP\agarcia,User,CORP,agarcia,agarcia,CORP,10.67.149.16,52993,5,NtLmSsp,,,,,,,,Microsoft-Windows-Security-Auditing,Security,SecurityEvent
2026-04-17T00:36:22Z,WS-IT-01,4624,,CORP\rmorales,User,CORP,rmorales,rmorales,CORP,10.98.6.202,59310,7,User32,,,,,,,,Microsoft-Windows-Security-Auditing,Security,SecurityEvent
2026-04-17T00:39:16Z,WS-FINANCE-01,4688,,CORP\dkim,User,CORP,dkim,dkim,CORP,,,,,,C:\Windows\System32\svchost.exe,C:\Windows\System32\svchost.exe,C:\Windows\System32\firefox.exe,"""C:\Windows\System32\svchost.exe""",,,Microsoft-Windows-Security-Auditing,Security,SecurityEvent
2026-04-17T00:43:27Z,WS-HR-03,4688,,CORP\rmorales,User,CORP,rmorales,rmorales,CORP,,,,,,C:\Windows\System32\firefox.exe,C:\Windows\System32\firefox.exe,C:\Windows\System32\chrome.exe,"""C:\Windows\System32\firefox.exe""",,,Microsoft-Windows-Security-Auditing,Security,SecurityEvent
2026-04-17T00:44:51Z,WS-OPS-02,4688,,CORP\agarcia,User,CORP,agarcia,agarcia,CORP,,,,,,C:\Windows\System32\code.exe,C:\Windows\System32\code.exe,C:\Windows\System32\OUTLOOK.EXE,"""C:\Windows\System32\code.exe""",,,Microsoft-Windows-Security-Auditing,Security,SecurityEvent
2026-04-17T00:46:53Z,LAP-EXEC-01,4634,,CORP\lwoods,User,CORP,lwoods,lwoods,CORP,,,3,Kerberos,,,,,,,,Microsoft-Windows-Security-Auditing,Security,SecurityEvent
2026-04-17T00:49:58Z,WS-OPS-02,4624,,CORP\agarcia,User,CORP,agarcia,agarcia,CORP,10.207.143.76,57483,11,Kerberos,,,,,,,,Microsoft-Windows-Security-Auditing,Security,SecurityEvent
2026-04-17T00:50:13Z,LAP-SALES-03,4624,,CORP\tnguyen,User,CORP,tnguyen,tnguyen,CORP,10.218.140.200,50415,3,Kerberos,,,,,,,,Microsoft-Windows-Security-Auditing,Security,SecurityEvent
2026-04-17T00:53:49Z,LAP-EXEC-01,4634,,CORP\bsato,User,CORP,bsato,bsato,CORP,,,5,Negotiate,,,,,,,,Microsoft-Windows-Security-Auditing,Security,SecurityEvent
2026-04-17T00:54:10Z,WS-OPS-02,4688,,CORP\lwoods,User,CORP,lwoods,lwoods,CORP,,,,,,C:\Windows\System32\services.exe,C:\Windows\System32\services.exe,C:\Windows\System32\OneDrive.exe,"""C:\Windows\System32\services.exe""",,,Microsoft-Windows-Security-Auditing,Security,SecurityEvent
2026-04-17T00:54:29Z,WS-MKT-02,4688,,CORP\jharris,User,CORP,jharris,jharris,CORP,,,,,,C:\Windows\System32\taskmgr.exe,C:\Windows\System32\taskmgr.exe,C:\Windows\System32\wininit.exe,"""C:\Windows\System32\taskmgr.exe""",,,Microsoft-Windows-Security-Auditing,Security,SecurityEvent
2026-04-17T00:55:02Z,WS-IT-01,4634,,CORP\jharris,User,CORP,jharris,jharris,CORP,,,2,Kerberos,,,,,,,,Microsoft-Windows-Security-Auditing,Security,SecurityEvent
2026-04-17T00:55:33Z,WS-MKT-02,4625,,CORP\jharris,User,CORP,jharris,jharris,CORP,10.118.116.197,50213,3,NtLmSsp,Unknown user name or bad password.,,,,,,,Microsoft-Windows-Security-Auditing,Security,SecurityEvent
2026-04-17T00:56:30Z,WS-OPS-02,4624,,CORP\bsato,User,CORP,bsato,bsato,CORP,172.17.43.237,61975,5,NtLmSsp,,,,,,,,Microsoft-Windows-Security-Auditing,Security,SecurityEvent
2026-04-17T00:59:17Z,SVR-WEB-01,4624,,CORP\rmorales,User,CORP,rmorales,rmorales,CORP,172.20.228.114,58023,10,Kerberos,,,,,,,,Microsoft-Windows-Security-Auditing,Security,SecurityEvent
2026-04-17T01:01:21Z,LAP-EXEC-01,4634,,CORP\tnguyen,User,CORP,tnguyen,tnguyen,CORP,,,3,Kerberos,,,,,,,,Microsoft-Windows-Security-Auditing,Security,SecurityEvent
2026-04-17T01:02:00Z,WS-OPS-01,4625,,CORP\olopez,User,CORP,olopez,olopez,CORP,10.95.231.51,63240,3,Kerberos,Unknown user name or bad password.,,,,,,,Microsoft-Windows-Security-Auditing,Security,SecurityEvent
2026-04-17T01:02:20Z,WS-FINANCE-01,4624,,CORP\ehernandez,User,CORP,ehernandez,ehernandez,CORP,172.27.67.143,53570,7,Kerberos,,,,,,,,Microsoft-Windows-Security-Auditing,Security,SecurityEvent
2026-04-17T01:04:58Z,WS-HR-03,4625,,CORP\kpatel,User,CORP,kpatel,kpatel,CORP,10.59.59.114,51275,5,Negotiate,Unknown user name or bad password.,,,,,,,Microsoft-Windows-Security-Auditing,Security,SecurityEvent
2026-04-17T01:09:00Z,SVR-DC-01,4688,,CORP\lwoods,User,CORP,lwoods,lwoods,CORP,,,,,,C:\Windows\System32\services.exe,C:\Windows\System32\services.exe,C:\Windows\System32\services.exe,"""C:\Windows\System32\services.exe""",,,Microsoft-Windows-Security-Auditing,Security,SecurityEvent
2026-04-17T01:09:06Z,WS-IT-02,4624,,CORP\rmorales,User,CORP,rmorales,rmorales,CORP,10.196.124.216,53752,7,Kerberos,,,,,,,,Microsoft-Windows-Security-Auditing,Security,SecurityEvent
2026-04-17T01:10:11Z,WS-IT-01,4624,,CORP\kpatel,User,CORP,kpatel,kpatel,CORP,10.206.229.15,58207,4,Kerberos,,,,,,,,Microsoft-Windows-Security-Auditing,Security,SecurityEvent
2026-04-17T01:14:43Z,WS-IT-01,4634,,CORP\agarcia,User,CORP,agarcia,agarcia,CORP,,,11,Kerberos,,,,,,,,Microsoft-Windows-Security-Auditing,Security,SecurityEvent
2026-04-17T01:14:49Z,WS-MKT-02,4624,,CORP\tnguyen,User,CORP,tnguyen,tnguyen,CORP,172.17.199.59,62429,2,NtLmSsp,,,,,,,,Microsoft-Windows-Security-Auditing,Security,SecurityEvent
2026-04-17T01:19:46Z,WS-OPS-02,4624,,CORP\agarcia,User,CORP,agarcia,agarcia,CORP,10.169.196.122,56613,3,Kerberos,,,,,,,,Microsoft-Windows-Security-Auditing,Security,SecurityEvent
2026-04-17T01:20:12Z,WS-FINANCE-01,4688,,CORP\mwhite,User,CORP,mwhite,mwhite,CORP,,,,,,C:\Windows\System32\wininit.exe,C:\Windows\System32\wininit.exe,C:\Windows\System32\msedge.exe,"""C:\Windows\System32\wininit.exe""",,,Microsoft-Windows-Security-Auditing,Security,SecurityEvent
2026-04-17T01:20:49Z,SVR-WEB-01,4625,,CORP\agarcia,User,CORP,agarcia,agarcia,CORP,172.24.193.228,61550,5,Kerberos,Unknown user name or bad password.,,,,,,,Microsoft-Windows-Security-Auditing,Security,SecurityEvent
2026-04-17T01:22:13Z,WS-OPS-01,4624,,CORP\mwhite,User,CORP,mwhite,mwhite,CORP,172.31.43.252,59012,5,Kerberos,,,,,,,,Microsoft-Windows-Security-Auditing,Security,SecurityEvent
2026-04-17T01:24:06Z,WS-MKT-02,4624,,CORP\tnguyen,User,CORP,tnguyen,tnguyen,CORP,172.18.95.177,50778,3,Kerberos,,,,,,,,Microsoft-Windows-Security-Auditing,Security,SecurityEvent
2026-04-17T01:29:40Z,WS-IT-01,4688,,CORP\jharris,User,CORP,jharris,jharris,CORP,,,,,,C:\Windows\System32\OUTLOOK.EXE,C:\Windows\System32\OUTLOOK.EXE,C:\Windows\System32\smss.exe,"""C:\Windows\System32\OUTLOOK.EXE""",,,Microsoft-Windows-Security-Auditing,Security,SecurityEvent
2026-04-17T01:29:52Z,WS-DEV-02,4688,,CORP\bsato,User,CORP,bsato,bsato,CORP,,,,,,C:\Windows\System32\wininit.exe,C:\Windows\System32\wininit.exe,C:\Windows\System32\wininit.exe,"""C:\Windows\System32\wininit.exe""",,,Microsoft-Windows-Security-Auditing,Security,SecurityEvent
2026-04-17T01:31:30Z,WS-OPS-02,4624,,CORP\rmorales,User,CORP,rmorales,rmorales,CORP,172.23.231.115,61664,5,NtLmSsp,,,,,,,,Microsoft-Windows-Security-Auditing,Security,SecurityEvent
2026-04-17T01:31:33Z,WS-FINANCE-01,4624,,CORP\mwhite,User,CORP,mwhite,mwhite,CORP,172.30.122.23,61968,3,NtLmSsp,,,,,,,,Microsoft-Windows-Security-Auditing,Security,SecurityEvent
2026-04-17T01:32:06Z,WS-HR-03,4625,,CORP\jharris,User,CORP,jharris,jharris,CORP,10.132.71.131,58286,2,Kerberos,Unknown user name or bad password.,,,,,,,Microsoft-Windows-Security-Auditing,Security,SecurityEvent
2026-04-17T01:35:11Z,LAP-EXEC-01,4624,,CORP\tnguyen,User,CORP,tnguyen,tnguyen,CORP,10.42.183.72,53830,3,Kerberos,,,,,,,,Microsoft-Windows-Security-Auditing,Security,SecurityEvent
2026-04-17T01:35:50Z,LAP-EXEC-01,4624,,CORP\bsato,User,CORP,bsato,bsato,CORP,10.7.58.142,59137,3,Kerberos,,,,,,,,Microsoft-Windows-Security-Auditing,Security,SecurityEvent
2026-04-17T01:39:30Z,WS-OPS-02,4688,,CORP\sthompson,User,CORP,sthompson,sthompson,CORP,,,,,,C:\Windows\System32\taskmgr.exe,C:\Windows\System32\taskmgr.exe,C:\Windows\System32\services.exe,"""C:\Windows\System32\taskmgr.exe""",,,Microsoft-Windows-Security-Auditing,Security,SecurityEvent
2026-04-17T01:41:31Z,WS-IT-02,4625,,CORP\mwhite,User,CORP,mwhite,mwhite,CORP,10.240.52.22,52291,11,Kerberos,The specified account's password has expired.,,,,,,,Microsoft-Windows-Security-Auditing,Security,SecurityEvent
2026-04-17T01:44:31Z,WS-OPS-01,4688,,CORP\mwhite,User,CORP,mwhite,mwhite,CORP,,,,,,C:\Windows\System32\winlogon.exe,C:\Windows\System32\winlogon.exe,C:\Windows\System32\code.exe,"""C:\Windows\System32\winlogon.exe""",,,Microsoft-Windows-Security-Auditing,Security,SecurityEvent
2026-04-17T01:45:29Z,WS-OPS-02,4625,,CORP\sthompson,User,CORP,sthompson,sthompson,CORP,172.31.93.166,53912,5,Kerberos,Unknown user name or bad password.,,,,,,,Microsoft-Windows-Security-Auditing,Security,SecurityEvent
2026-04-17T01:46:13Z,LAP-EXEC-01,4625,,CORP\dkim,User,CORP,dkim,dkim,CORP,10.137.202.239,63166,3,Kerberos,Unknown user name or bad password.,,,,,,,Microsoft-Windows-Security-Auditing,Security,SecurityEvent
2026-04-17T01:46:55Z,SVR-DC-01,4624,,CORP\agarcia,User,CORP,agarcia,agarcia,CORP,172.18.161.68,49222,4,Negotiate,,,,,,,,Microsoft-Windows-Security-Auditing,Security,SecurityEvent
2026-04-17T01:48:51Z,LAP-EXEC-01,4624,,CORP\bsato,User,CORP,bsato,bsato,CORP,172.29.172.192,52954,3,Kerberos,,,,,,,,Microsoft-Windows-Security-Auditing,Security,SecurityEvent
2026-04-17T01:49:05Z,WS-IT-02,4688,,CORP\lwoods,User,CORP,lwoods,lwoods,CORP,,,,,,C:\Windows\System32\Teams.exe,C:\Windows\System32\Teams.exe,C:\Windows\System32\svchost.exe,"""C:\Windows\System32\Teams.exe""",,,Microsoft-Windows-Security-Auditing,Security,SecurityEvent
2026-04-17T01:52:02Z,LAP-SALES-03,4624,,CORP\ehernandez,User,CORP,ehernandez,ehernandez,CORP,10.158.199.230,61520,3,NtLmSsp,,,,,,,,Microsoft-Windows-Security-Auditing,Security,SecurityEvent
2026-04-17T01:54:02Z,LAP-EXEC-01,4624,,CORP\mwhite,User,CORP,mwhite,mwhite,CORP,172.27.99.73,58591,3,User32,,,,,,,,Microsoft-Windows-Security-Auditing,Security,SecurityEvent
2026-04-17T01:56:08Z,LAP-EXEC-01,4624,,CORP\jharris,User,CORP,jharris,jharris,CORP,10.220.9.180,54997,3,Kerberos,,,,,,,,Microsoft-Windows-Security-Auditing,Security,SecurityEvent
2026-04-17T02:06:47Z,WS-MKT-02,4688,,CORP\tnguyen,User,CORP,tnguyen,tnguyen,CORP,,,,,,C:\Windows\System32\OneDrive.exe,C:\Windows\System32\OneDrive.exe,C:\Windows\System32\csrss.exe,"""C:\Windows\System32\OneDrive.exe""",,,Microsoft-Windows-Security-Auditing,Security,SecurityEvent
2026-04-17T02:08:00Z,SVR-DC-01,4732,,CORP\rmorales,User,CORP,rmorales,newuser694,CORP,,,,,,,,,,,,Microsoft-Windows-Security-Auditing,Security,SecurityEvent
2026-04-17T02:08:11Z,WS-IT-02,4624,,CORP\kpatel,User,CORP,kpatel,kpatel,CORP,172.31.145.71,63951,3,Kerberos,,,,,,,,Microsoft-Windows-Security-Auditing,Security,SecurityEvent
2026-04-17T02:10:40Z,WS-OPS-01,4624,,CORP\kpatel,User,CORP,kpatel,kpatel,CORP,10.108.221.107,64528,3,Kerberos,,,,,,,,Microsoft-Windows-Security-Auditing,Security,SecurityEvent
2026-04-17T02:17:12Z,WS-OPS-02,4624,,CORP\agarcia,User,CORP,agarcia,agarcia,CORP,10.117.56.88,49441,3,NtLmSsp,,,,,,,,Microsoft-Windows-Security-Auditing,Security,SecurityEvent
2026-04-17T02:20:06Z,WS-IT-01,4634,,CORP\rmorales,User,CORP,rmorales,rmorales,CORP,,,2,Advapi,,,,,,,,Microsoft-Windows-Security-Auditing,Security,SecurityEvent
2026-04-17T02:23:29Z,LAP-EXEC-01,4624,,CORP\dkim,User,CORP,dkim,dkim,CORP,10.187.149.35,54435,2,NtLmSsp,,,,,,,,Microsoft-Windows-Security-Auditing,Security,SecurityEvent
2026-04-17T02:32:42Z,SVR-DC-01,4688,,CORP\rmorales,User,CORP,rmorales,rmorales,CORP,,,,,,C:\Windows\System32\csrss.exe,C:\Windows\System32\csrss.exe,C:\Windows\System32\Teams.exe,"""C:\Windows\System32\csrss.exe""",,,Microsoft-Windows-Security-Auditing,Security,SecurityEvent
2026-04-17T02:33:54Z,WS-DEV-02,4697,,CORP\bsato,User,CORP,bsato,bsato,CORP,,,,,,,,,,svc-49af676f,C:\Program Files\svc-49af676f\svc-49af676f.exe,Microsoft-Windows-Security-Auditing,Security,SecurityEvent
2026-04-17T02:36:38Z,SVR-WEB-01,4688,,CORP\sthompson,User,CORP,sthompson,sthompson,CORP,,,,,,C:\Windows\System32\OneDrive.exe,C:\Windows\System32\OneDrive.exe,C:\Windows\System32\svchost.exe,"""C:\Windows\System32\OneDrive.exe""",,,Microsoft-Windows-Security-Auditing,Security,SecurityEvent
2026-04-17T02:36:57Z,WS-FINANCE-01,4688,,CORP\rmorales,User,CORP,rmorales,rmorales,CORP,,,,,,C:\Windows\System32\OUTLOOK.EXE,C:\Windows\System32\OUTLOOK.EXE,C:\Windows\System32\lsass.exe,"""C:\Windows\System32\OUTLOOK.EXE""",,,Microsoft-Windows-Security-Auditing,Security,SecurityEvent
2026-04-17T02:38:04Z,WS-FINANCE-01,4624,,CORP\dkim,User,CORP,dkim,dkim,CORP,10.71.34.137,50483,3,NtLmSsp,,,,,,,,Microsoft-Windows-Security-Auditing,Security,SecurityEvent
2026-04-17T02:38:06Z,WS-MKT-01,4634,,CORP\agarcia,User,CORP,agarcia,agarcia,CORP,,,3,NtLmSsp,,,,,,,,Microsoft-Windows-Security-Auditing,Security,SecurityEvent
2026-04-17T02:40:50Z,LAP-SALES-03,4625,,CORP\olopez,User,CORP,olopez,olopez,CORP,10.190.148.247,55113,3,Negotiate,Unknown user name or bad password.,,,,,,,Microsoft-Windows-Security-Auditing,Security,SecurityEvent
2026-04-17T02:42:19Z,WS-DEV-02,4688,,CORP\ehernandez,User,CORP,ehernandez,ehernandez,CORP,,,,,,C:\Windows\System32\winlogon.exe,C:\Windows\System32\winlogon.exe,C:\Windows\System32\OUTLOOK.EXE,"""C:\Windows\System32\winlogon.exe""",,,Microsoft-Windows-Security-Auditing,Security,SecurityEvent
2026-04-17T02:42:41Z,WS-IT-02,4624,,CORP\sthompson,User,CORP,sthompson,sthompson,CORP,10.52.213.238,50838,3,Kerberos,,,,,,,,Microsoft-Windows-Security-Auditing,Security,SecurityEvent
2026-04-17T02:42:55Z,SVR-WEB-01,4625,,CORP\jharris,User,CORP,jharris,jharris,CORP,10.127.75.135,49917,3,Negotiate,The user has not been granted the requested logon type at this machine.,,,,,,,Microsoft-Windows-Security-Auditing,Security,SecurityEvent
2026-04-17T02:46:22Z,LAP-EXEC-01,4624,,CORP\ehernandez,User,CORP,ehernandez,ehernandez,CORP,10.106.24.233,51992,3,Kerberos,,,,,,,,Microsoft-Windows-Security-Auditing,Security,SecurityEvent
2026-04-17T02:46:41Z,WS-DEV-02,4624,,CORP\rmorales,User,CORP,rmorales,rmorales,CORP,10.233.89.78,61505,2,Kerberos,,,,,,,,Microsoft-Windows-Security-Auditing,Security,SecurityEvent
2026-04-17T02:53:32Z,WS-HR-03,4624,,CORP\tnguyen,User,CORP,tnguyen,tnguyen,CORP,172.24.38.144,52896,5,NtLmSsp,,,,,,,,Microsoft-Windows-Security-Auditing,Security,SecurityEvent
2026-04-17T02:53:58Z,WS-IT-02,4688,,CORP\dkim,User,CORP,dkim,dkim,CORP,,,,,,C:\Windows\System32\code.exe,C:\Windows\System32\code.exe,C:\Windows\System32\EXCEL.EXE,"""C:\Windows\System32\code.exe""",,,Microsoft-Windows-Security-Auditing,Security,SecurityEvent
2026-04-17T02:54:33Z,WS-MKT-02,4688,,CORP\kpatel,User,CORP,kpatel,kpatel,CORP,,,,,,C:\Windows\System32\WINWORD.EXE,C:\Windows\System32\WINWORD.EXE,C:\Windows\System32\services.exe,"""C:\Windows\System32\WINWORD.EXE""",,,Microsoft-Windows-Security-Auditing,Security,SecurityEvent
2026-04-17T02:58:05Z,WS-OPS-01,4625,,CORP\jharris,User,CORP,jharris,jharris,CORP,172.20.204.189,54684,7,NtLmSsp,Unknown user name or bad password.,,,,,,,Microsoft-Windows-Security-Auditing,Security,SecurityEvent
2026-04-17T02:59:16Z,LAP-SALES-03,4624,,CORP\tnguyen,User,CORP,tnguyen,tnguyen,CORP,10.40.141.150,61640,7,Kerberos,,,,,,,,Microsoft-Windows-Security-Auditing,Security,SecurityEvent
2026-04-17T02:59:30Z,WS-IT-02,4624,,CORP\lwoods,User,CORP,lwoods,lwoods,CORP,10.157.224.99,54908,5,Negotiate,,,,,,,,Microsoft-Windows-Security-Auditing,Security,SecurityEvent
2026-04-17T03:01:23Z,WS-IT-02,4625,,CORP\kpatel,User,CORP,kpatel,kpatel,CORP,172.18.91.252,53241,10,NtLmSsp,Unknown user name or bad password.,,,,,,,Microsoft-Windows-Security-Auditing,Security,SecurityEvent
2026-04-17T03:03:42Z,WS-OPS-02,4624,,CORP\dkim,User,CORP,dkim,dkim,CORP,10.206.203.111,58156,5,NtLmSsp,,,,,,,,Microsoft-Windows-Security-Auditing,Security,SecurityEvent
2026-04-17T03:08:57Z,WS-HR-03,4688,,CORP\rmorales,User,CORP,rmorales,rmorales,CORP,,,,,,C:\Windows\System32\msiexec.exe,C:\Windows\System32\msiexec.exe,C:\Windows\System32\lsass.exe,"""C:\Windows\System32\msiexec.exe""",,,Microsoft-Windows-Security-Auditing,Security,SecurityEvent
2026-04-17T03:10:21Z,SVR-WEB-01,4624,,CORP\tnguyen,User,CORP,tnguyen,tnguyen,CORP,10.105.99.142,58993,3,Kerberos,,,,,,,,Microsoft-Windows-Security-Auditing,Security,SecurityEvent
2026-04-17T03:11:01Z,WS-OPS-01,4634,,CORP\sthompson,User,CORP,sthompson,sthompson,CORP,,,7,Kerberos,,,,,,,,Microsoft-Windows-Security-Auditing,Security,SecurityEvent
2026-04-17T03:12:29Z,WS-HR-03,4624,,CORP\agarcia,User,CORP,agarcia,agarcia,CORP,172.28.26.44,51737,5,User32,,,,,,,,Microsoft-Windows-Security-Auditing,Security,SecurityEvent
2026-04-17T03:13:05Z,WS-FINANCE-01,4625,,CORP\bsato,User,CORP,bsato,bsato,CORP,172.23.50.213,56405,11,Kerberos,Unknown user name or bad password.,,,,,,,Microsoft-Windows-Security-Auditing,Security,SecurityEvent
2026-04-17T03:19:12Z,SVR-DC-01,4624,,CORP\dkim,User,CORP,dkim,dkim,CORP,10.85.220.188,53961,11,Advapi,,,,,,,,Microsoft-Windows-Security-Auditing,Security,SecurityEvent
2026-04-17T03:23:00Z,LAP-EXEC-01,4624,,CORP\jharris,User,CORP,jharris,jharris,CORP,10.221.154.128,57975,5,Kerberos,,,,,,,,Microsoft-Windows-Security-Auditing,Security,SecurityEvent
2026-04-17T03:24:36Z,WS-MKT-01,4624,,CORP\dkim,User,CORP,dkim,dkim,CORP,10.150.89.69,49719,3,Kerberos,,,,,,,,Microsoft-Windows-Security-Auditing,Security,SecurityEvent
2026-04-17T03:28:02Z,SVR-DC-01,4624,,CORP\jharris,User,CORP,jharris,jharris,CORP,172.27.173.249,53551,10,NtLmSsp,,,,,,,,Microsoft-Windows-Security-Auditing,Security,SecurityEvent
2026-04-17T03:29:25Z,WS-HR-03,4688,,CORP\sthompson,User,CORP,sthompson,sthompson,CORP,,,,,,C:\Windows\System32\EXCEL.EXE,C:\Windows\System32\EXCEL.EXE,C:\Windows\System32\msiexec.exe,"""C:\Windows\System32\EXCEL.EXE""",,,Microsoft-Windows-Security-Auditing,Security,SecurityEvent
2026-04-17T03:30:21Z,LAP-EXEC-01,4624,,CORP\mwhite,User,CORP,mwhite,mwhite,CORP,172.29.177.76,52161,11,Negotiate,,,,,,,,Microsoft-Windows-Security-Auditing,Security,SecurityEvent
2026-04-17T03:31:07Z,WS-IT-01,4625,,CORP\agarcia,User,CORP,agarcia,agarcia,CORP,192.168.150.180,64409,5,NtLmSsp,Account currently disabled.,,,,,,,Microsoft-Windows-Security-Auditing,Security,SecurityEvent
2026-04-17T03:32:22Z,WS-OPS-02,4624,,CORP\jharris,User,CORP,jharris,jharris,CORP,172.19.160.60,50436,7,NtLmSsp,,,,,,,,Microsoft-Windows-Security-Auditing,Security,SecurityEvent
2026-04-17T03:33:18Z,WS-DEV-02,4624,,CORP\jharris,User,CORP,jharris,jharris,CORP,10.84.133.142,50977,2,Kerberos,,,,,,,,Microsoft-Windows-Security-Auditing,Security,SecurityEvent
2026-04-17T03:33:27Z,WS-MKT-01,4688,,CORP\tnguyen,User,CORP,tnguyen,tnguyen,CORP,,,,,,C:\Windows\System32\OUTLOOK.EXE,C:\Windows\System32\OUTLOOK.EXE,C:\Windows\System32\WINWORD.EXE,"""C:\Windows\System32\OUTLOOK.EXE""",,,Microsoft-Windows-Security-Auditing,Security,SecurityEvent
2026-04-17T03:37:06Z,WS-DEV-02,4688,,CORP\kpatel,User,CORP,kpatel,kpatel,CORP,,,,,,C:\Windows\System32\msiexec.exe,C:\Windows\System32\msiexec.exe,C:\Windows\System32\winlogon.exe,"""C:\Windows\System32\msiexec.exe""",,,Microsoft-Windows-Security-Auditing,Security,SecurityEvent
2026-04-17T03:38:03Z,WS-MKT-01,4688,,CORP\tnguyen,User,CORP,tnguyen,tnguyen,CORP,,,,,,C:\Windows\System32\Teams.exe,C:\Windows\System32\Teams.exe,C:\Windows\System32\taskmgr.exe,"""C:\Windows\System32\Teams.exe""",,,Microsoft-Windows-Security-Auditing,Security,SecurityEvent
2026-04-17T03:39:03Z,WS-OPS-02,4624,,CORP\rmorales,User,CORP,rmorales,rmorales,CORP,172.19.117.56,51925,3,Negotiate,,,,,,,,Microsoft-Windows-Security-Auditing,Security,SecurityEvent
2026-04-17T03:39:32Z,WS-IT-01,4688,,CORP\ehernandez,User,CORP,ehernandez,ehernandez,CORP,,,,,,C:\Windows\System32\csrss.exe,C:\Windows\System32\csrss.exe,C:\Windows\System32\OneDrive.exe,"""C:\Windows\System32\csrss.exe""",,,Microsoft-Windows-Security-Auditing,Security,SecurityEvent
2026-04-17T03:41:51Z,WS-IT-01,4688,,CORP\jharris,User,CORP,jharris,jharris,CORP,,,,,,C:\Windows\System32\chrome.exe,C:\Windows\System32\chrome.exe,C:\Windows\System32\winlogon.exe,"""C:\Windows\System32\chrome.exe""",,,Microsoft-Windows-Security-Auditing,Security,SecurityEvent
2026-04-17T03:42:26Z,WS-FINANCE-01,4688,,CORP\rmorales,User,CORP,rmorales,rmorales,CORP,,,,,,C:\Windows\System32\services.exe,C:\Windows\System32\services.exe,C:\Windows\System32\services.exe,"""C:\Windows\System32\services.exe""",,,Microsoft-Windows-Security-Auditing,Security,SecurityEvent
2026-04-17T03:43:22Z,WS-FINANCE-01,4625,,CORP\kpatel,User,CORP,kpatel,kpatel,CORP,10.18.78.198,60890,11,NtLmSsp,Unknown user name or bad password.,,,,,,,Microsoft-Windows-Security-Auditing,Security,SecurityEvent
2026-04-17T03:46:31Z,WS-HR-03,4624,,CORP\tnguyen,User,CORP,tnguyen,tnguyen,CORP,10.141.153.45,64802,3,Kerberos,,,,,,,,Microsoft-Windows-Security-Auditing,Security,SecurityEvent
2026-04-17T03:48:22Z,WS-OPS-02,4624,,CORP\agarcia,User,CORP,agarcia,agarcia,CORP,10.33.134.20,54328,11,Kerberos,,,,,,,,Microsoft-Windows-Security-Auditing,Security,SecurityEvent
2026-04-17T03:50:13Z,WS-HR-03,4688,,CORP\mwhite,User,CORP,mwhite,mwhite,CORP,,,,,,C:\Windows\System32\svchost.exe,C:\Windows\System32\svchost.exe,C:\Windows\System32\code.exe,"""C:\Windows\System32\svchost.exe""",,,Microsoft-Windows-Security-Auditing,Security,SecurityEvent
2026-04-17T03:51:33Z,WS-MKT-01,4624,,CORP\agarcia,User,CORP,agarcia,agarcia,CORP,10.126.148.56,57773,11,Kerberos,,,,,,,,Microsoft-Windows-Security-Auditing,Security,SecurityEvent
2026-04-17T03:54:09Z,SVR-DC-01,4624,,CORP\mwhite,User,CORP,mwhite,mwhite,CORP,10.184.239.37,56973,3,Kerberos,,,,,,,,Microsoft-Windows-Security-Auditing,Security,SecurityEvent
2026-04-17T03:54:19Z,WS-IT-02,4624,,CORP\bsato,User,CORP,bsato,bsato,CORP,10.140.58.118,52574,5,Negotiate,,,,,,,,Microsoft-Windows-Security-Auditing,Security,SecurityEvent
2026-04-17T03:55:34Z,LAP-SALES-03,4625,,CORP\tnguyen,User,CORP,tnguyen,tnguyen,CORP,172.28.246.146,62521,2,Kerberos,Unknown user name or bad password.,,,,,,,Microsoft-Windows-Security-Auditing,Security,SecurityEvent
2026-04-17T03:56:15Z,SVR-DC-01,4624,,CORP\rmorales,User,CORP,rmorales,rmorales,CORP,172.22.209.208,62036,2,Kerberos,,,,,,,,Microsoft-Windows-Security-Auditing,Security,SecurityEvent
2026-04-17T03:57:46Z,WS-FINANCE-01,4624,,CORP\agarcia,User,CORP,agarcia,agarcia,CORP,172.16.18.233,62813,5,NtLmSsp,,,,,,,,Microsoft-Windows-Security-Auditing,Security,SecurityEvent
2026-04-17T03:58:23Z,WS-DEV-02,4624,,CORP\jharris,User,CORP,jharris,jharris,CORP,10.143.223.193,58350,2,Kerberos,,,,,,,,Microsoft-Windows-Security-Auditing,Security,SecurityEvent
2026-04-17T03:58:36Z,LAP-SALES-03,4672,,CORP\agarcia,Admin,CORP,agarcia,agarcia,CORP,,,,,,,,,,,,Microsoft-Windows-Security-Auditing,Security,SecurityEvent
2026-04-17T03:59:45Z,LAP-SALES-03,4688,,CORP\mwhite,User,CORP,mwhite,mwhite,CORP,,,,,,C:\Windows\System32\chrome.exe,C:\Windows\System32\chrome.exe,C:\Windows\System32\EXCEL.EXE,"""C:\Windows\System32\chrome.exe""",,,Microsoft-Windows-Security-Auditing,Security,SecurityEvent
2026-04-17T04:00:07Z,SVR-WEB-01,4688,,CORP\kpatel,User,CORP,kpatel,kpatel,CORP,,,,,,C:\Windows\System32\winlogon.exe,C:\Windows\System32\winlogon.exe,C:\Windows\System32\msedge.exe,"""C:\Windows\System32\winlogon.exe""",,,Microsoft-Windows-Security-Auditing,Security,SecurityEvent
2026-04-17T04:03:44Z,WS-IT-01,4688,,CORP\dkim,User,CORP,dkim,dkim,CORP,,,,,,C:\Windows\System32\lsass.exe,C:\Windows\System32\lsass.exe,C:\Windows\System32\services.exe,"""C:\Windows\System32\lsass.exe""",,,Microsoft-Windows-Security-Auditing,Security,SecurityEvent
2026-04-17T04:05:27Z,WS-OPS-01,4625,,CORP\bsato,User,CORP,bsato,bsato,CORP,10.28.84.157,56569,2,Kerberos,The user has not been granted the requested logon type at this machine.,,,,,,,Microsoft-Windows-Security-Auditing,Security,SecurityEvent
2026-04-17T04:08:13Z,SVR-WEB-01,4625,,CORP\agarcia,User,CORP,agarcia,agarcia,CORP,10.130.226.141,53907,3,Kerberos,Account currently disabled.,,,,,,,Microsoft-Windows-Security-Auditing,Security,SecurityEvent
2026-04-17T04:10:06Z,WS-DEV-02,4624,,CORP\lwoods,User,CORP,lwoods,lwoods,CORP,172.23.150.72,55534,5,Negotiate,,,,,,,,Microsoft-Windows-Security-Auditing,Security,SecurityEvent
2026-04-17T04:10:56Z,SVR-WEB-01,4624,,CORP\kpatel,User,CORP,kpatel,kpatel,CORP,10.236.212.28,63166,4,NtLmSsp,,,,,,,,Microsoft-Windows-Security-Auditing,Security,SecurityEvent
2026-04-17T04:11:07Z,LAP-EXEC-01,4634,,CORP\rmorales,User,CORP,rmorales,rmorales,CORP,,,5,Kerberos,,,,,,,,Microsoft-Windows-Security-Auditing,Security,SecurityEvent
2026-04-17T04:11:49Z,SVR-WEB-01,4688,,CORP\rmorales,User,CORP,rmorales,rmorales,CORP,,,,,,C:\Windows\System32\chrome.exe,C:\Windows\System32\chrome.exe,C:\Windows\System32\services.exe,"""C:\Windows\System32\chrome.exe""",,,Microsoft-Windows-Security-Auditing,Security,SecurityEvent
2026-04-17T04:13:19Z,SVR-DC-01,4624,,CORP\agarcia,User,CORP,agarcia,agarcia,CORP,172.16.132.8,60622,5,NtLmSsp,,,,,,,,Microsoft-Windows-Security-Auditing,Security,SecurityEvent
2026-04-17T04:15:54Z,WS-OPS-01,4688,,CORP\rmorales,User,CORP,rmorales,rmorales,CORP,,,,,,C:\Windows\System32\svchost.exe,C:\Windows\System32\svchost.exe,C:\Windows\System32\csrss.exe,"""C:\Windows\System32\svchost.exe""",,,Microsoft-Windows-Security-Auditing,Security,SecurityEvent
2026-04-17T04:16:16Z,SVR-WEB-01,4672,,CORP\jharris,Admin,CORP,jharris,jharris,CORP,,,,,,,,,,,,Microsoft-Windows-Security-Auditing,Security,SecurityEvent
2026-04-17T04:17:30Z,WS-MKT-01,4688,,CORP\rmorales,User,CORP,rmorales,rmorales,CORP,,,,,,C:\Windows\System32\firefox.exe,C:\Windows\System32\firefox.exe,C:\Windows\System32\OUTLOOK.EXE,"""C:\Windows\System32\firefox.exe""",,,Microsoft-Windows-Security-Auditing,Security,SecurityEvent
2026-04-17T04:19:47Z,SVR-WEB-01,4688,,CORP\mwhite,User,CORP,mwhite,mwhite,CORP,,,,,,C:\Windows\System32\OUTLOOK.EXE,C:\Windows\System32\OUTLOOK.EXE,C:\Windows\System32\svchost.exe,"""C:\Windows\System32\OUTLOOK.EXE""",,,Microsoft-Windows-Security-Auditing,Security,SecurityEvent
2026-04-17T04:20:43Z,WS-DEV-02,4688,,CORP\sthompson,User,CORP,sthompson,sthompson,CORP,,,,,,C:\Windows\System32\svchost.exe,C:\Windows\System32\svchost.exe,C:\Windows\System32\svchost.exe,"""C:\Windows\System32\svchost.exe""",,,Microsoft-Windows-Security-Auditing,Security,SecurityEvent
2026-04-17T04:21:00Z,LAP-SALES-03,4624,,CORP\jharris,User,CORP,jharris,jharris,CORP,10.225.42.104,62280,11,Negotiate,,,,,,,,Microsoft-Windows-Security-Auditing,Security,SecurityEvent
2026-04-17T04:22:50Z,WS-HR-03,4688,,CORP\kpatel,User,CORP,kpatel,kpatel,CORP,,,,,,C:\Windows\System32\chrome.exe,C:\Windows\System32\chrome.exe,C:\Windows\System32\csrss.exe,"""C:\Windows\System32\chrome.exe""",,,Microsoft-Windows-Security-Auditing,Security,SecurityEvent
2026-04-17T04:23:37Z,WS-DEV-02,4624,,CORP\kpatel,User,CORP,kpatel,kpatel,CORP,172.28.182.132,63701,3,Negotiate,,,,,,,,Microsoft-Windows-Security-Auditing,Security,SecurityEvent
2026-04-17T04:25:10Z,SVR-DC-01,4624,,CORP\jharris,User,CORP,jharris,jharris,CORP,172.19.139.184,52592,3,Kerberos,,,,,,,,Microsoft-Windows-Security-Auditing,Security,SecurityEvent
2026-04-17T04:28:30Z,SVR-DC-01,4624,,CORP\jharris,User,CORP,jharris,jharris,CORP,172.23.252.223,55119,5,Negotiate,,,,,,,,Microsoft-Windows-Security-Auditing,Security,SecurityEvent
2026-04-17T04:29:37Z,WS-HR-03,4688,,CORP\lwoods,User,CORP,lwoods,lwoods,CORP,,,,,,C:\Windows\System32\winlogon.exe,C:\Windows\System32\winlogon.exe,C:\Windows\System32\OUTLOOK.EXE,"""C:\Windows\System32\winlogon.exe""",,,Microsoft-Windows-Security-Auditing,Security,SecurityEvent
2026-04-17T04:30:15Z,LAP-SALES-03,4688,,CORP\mwhite,User,CORP,mwhite,mwhite,CORP,,,,,,C:\Windows\System32\smss.exe,C:\Windows\System32\smss.exe,C:\Windows\System32\svchost.exe,"""C:\Windows\System32\smss.exe""",,,Microsoft-Windows-Security-Auditing,Security,SecurityEvent
2026-04-17T04:31:12Z,SVR-DC-01,4624,,CORP\agarcia,User,CORP,agarcia,agarcia,CORP,10.225.35.101,64015,7,Negotiate,,,,,,,,Microsoft-Windows-Security-Auditing,Security,SecurityEvent
2026-04-17T04:37:11Z,WS-MKT-02,4624,,CORP\sthompson,User,CORP,sthompson,sthompson,CORP,192.168.255.139,58742,3,Kerberos,,,,,,,,Microsoft-Windows-Security-Auditing,Security,SecurityEvent
2026-04-17T04:38:27Z,WS-IT-01,4624,,CORP\tnguyen,User,CORP,tnguyen,tnguyen,CORP,10.199.174.149,53579,11,Kerberos,,,,,,,,Microsoft-Windows-Security-Auditing,Security,SecurityEvent
2026-04-17T04:39:25Z,LAP-SALES-03,4688,,CORP\olopez,User,CORP,olopez,olopez,CORP,,,,,,C:\Windows\System32\lsass.exe,C:\Windows\System32\lsass.exe,C:\Windows\System32\msedge.exe,"""C:\Windows\System32\lsass.exe""",,,Microsoft-Windows-Security-Auditing,Security,SecurityEvent
2026-04-17T04:41:57Z,WS-OPS-01,4634,,CORP\lwoods,User,CORP,lwoods,lwoods,CORP,,,3,User32,,,,,,,,Microsoft-Windows-Security-Auditing,Security,SecurityEvent
2026-04-17T04:43:07Z,WS-OPS-02,4688,,CORP\rmorales,User,CORP,rmorales,rmorales,CORP,,,,,,C:\Windows\System32\chrome.exe,C:\Windows\System32\chrome.exe,C:\Windows\System32\OneDrive.exe,"""C:\Windows\System32\chrome.exe""",,,Microsoft-Windows-Security-Auditing,Security,SecurityEvent
2026-04-17T04:44:31Z,WS-OPS-01,4624,,CORP\ehernandez,User,CORP,ehernandez,ehernandez,CORP,172.22.103.162,53603,3,Kerberos,,,,,,,,Microsoft-Windows-Security-Auditing,Security,SecurityEvent
2026-04-17T04:45:54Z,WS-IT-02,4688,,CORP\sthompson,User,CORP,sthompson,sthompson,CORP,,,,,,C:\Windows\System32\explorer.exe,C:\Windows\System32\explorer.exe,C:\Windows\System32\chrome.exe,"""C:\Windows\System32\explorer.exe""",,,Microsoft-Windows-Security-Auditing,Security,SecurityEvent
2026-04-17T04:50:32Z,SVR-WEB-01,4672,,CORP\mwhite,Admin,CORP,mwhite,mwhite,CORP,,,,,,,,,,,,Microsoft-Windows-Security-Auditing,Security,SecurityEvent
2026-04-17T04:50:58Z,WS-OPS-01,4634,,CORP\olopez,User,CORP,olopez,olopez,CORP,,,3,NtLmSsp,,,,,,,,Microsoft-Windows-Security-Auditing,Security,SecurityEvent
2026-04-17T04:51:38Z,WS-IT-02,4625,,CORP\sthompson,User,CORP,sthompson,sthompson,CORP,172.19.31.48,63350,3,User32,Unknown user name or bad password.,,,,,,,Microsoft-Windows-Security-Auditing,Security,SecurityEvent
2026-04-17T04:51:39Z,WS-MKT-01,4624,,CORP\bsato,User,CORP,bsato,bsato,CORP,10.49.138.89,64897,5,NtLmSsp,,,,,,,,Microsoft-Windows-Security-Auditing,Security,SecurityEvent
2026-04-17T04:58:26Z,SVR-DC-01,4624,,CORP\rmorales,User,CORP,rmorales,rmorales,CORP,192.168.70.141,56815,3,NtLmSsp,,,,,,,,Microsoft-Windows-Security-Auditing,Security,SecurityEvent
2026-04-17T04:58:31Z,WS-FINANCE-01,4625,,CORP\bsato,User,CORP,bsato,bsato,CORP,10.119.142.200,60510,3,Kerberos,The user has not been granted the requested logon type at this machine.,,,,,,,Microsoft-Windows-Security-Auditing,Security,SecurityEvent
2026-04-17T05:00:36Z,WS-IT-01,4624,,CORP\rmorales,User,CORP,rmorales,rmorales,CORP,172.31.245.218,55078,5,NtLmSsp,,,,,,,,Microsoft-Windows-Security-Auditing,Security,SecurityEvent
2026-04-17T05:03:04Z,SVR-WEB-01,4688,,CORP\dkim,User,CORP,dkim,dkim,CORP,,,,,,C:\Windows\System32\taskmgr.exe,C:\Windows\System32\taskmgr.exe,C:\Windows\System32\OUTLOOK.EXE,"""C:\Windows\System32\taskmgr.exe""",,,Microsoft-Windows-Security-Auditing,Security,SecurityEvent
2026-04-17T05:03:16Z,WS-DEV-02,4624,,CORP\jharris,User,CORP,jharris,jharris,CORP,10.163.167.99,63224,3,NtLmSsp,,,,,,,,Microsoft-Windows-Security-Auditing,Security,SecurityEvent
2026-04-17T05:04:36Z,WS-HR-03,4624,,CORP\bsato,User,CORP,bsato,bsato,CORP,10.163.193.167,63576,2,Negotiate,,,,,,,,Microsoft-Windows-Security-Auditing,Security,SecurityEvent
2026-04-17T05:04:49Z,WS-OPS-02,4688,,CORP\tnguyen,User,CORP,tnguyen,tnguyen,CORP,,,,,,C:\Windows\System32\EXCEL.EXE,C:\Windows\System32\EXCEL.EXE,C:\Windows\System32\firefox.exe,"""C:\Windows\System32\EXCEL.EXE""",,,Microsoft-Windows-Security-Auditing,Security,SecurityEvent
2026-04-17T05:04:55Z,SVR-DC-01,4624,,CORP\lwoods,User,CORP,lwoods,lwoods,CORP,10.14.225.60,56873,3,Kerberos,,,,,,,,Microsoft-Windows-Security-Auditing,Security,SecurityEvent
2026-04-17T05:05:40Z,WS-IT-01,4688,,CORP\mwhite,User,CORP,mwhite,mwhite,CORP,,,,,,C:\Windows\System32\services.exe,C:\Windows\System32\services.exe,C:\Windows\System32\svchost.exe,"""C:\Windows\System32\services.exe""",,,Microsoft-Windows-Security-Auditing,Security,SecurityEvent
2026-04-17T05:09:26Z,WS-OPS-02,4688,,CORP\jharris,User,CORP,jharris,jharris,CORP,,,,,,C:\Windows\System32\code.exe,C:\Windows\System32\code.exe,C:\Windows\System32\csrss.exe,"""C:\Windows\System32\code.exe""",,,Microsoft-Windows-Security-Auditing,Security,SecurityEvent
2026-04-17T05:09:39Z,WS-FINANCE-01,4688,,CORP\mwhite,User,CORP,mwhite,mwhite,CORP,,,,,,C:\Windows\System32\svchost.exe,C:\Windows\System32\svchost.exe,C:\Windows\System32\smss.exe,"""C:\Windows\System32\svchost.exe""",,,Microsoft-Windows-Security-Auditing,Security,SecurityEvent
2026-04-17T05:15:17Z,WS-MKT-02,4697,,CORP\mwhite,User,CORP,mwhite,mwhite,CORP,,,,,,,,,,svc-00b77c1a,C:\Program Files\svc-00b77c1a\svc-00b77c1a.exe,Microsoft-Windows-Security-Auditing,Security,SecurityEvent
2026-04-17T05:15:36Z,SVR-DC-01,4688,,CORP\rmorales,User,CORP,rmorales,rmorales,CORP,,,,,,C:\Windows\System32\explorer.exe,C:\Windows\System32\explorer.exe,C:\Windows\System32\lsass.exe,"""C:\Windows\System32\explorer.exe""",,,Microsoft-Windows-Security-Auditing,Security,SecurityEvent
2026-04-17T05:17:33Z,WS-MKT-01,4688,,CORP\rmorales,User,CORP,rmorales,rmorales,CORP,,,,,,C:\Windows\System32\OneDrive.exe,C:\Windows\System32\OneDrive.exe,C:\Windows\System32\chrome.exe,"""C:\Windows\System32\OneDrive.exe""",,,Microsoft-Windows-Security-Auditing,Security,SecurityEvent
2026-04-17T05:19:03Z,SVR-DC-01,4624,,CORP\jharris,User,CORP,jharris,jharris,CORP,10.85.152.83,59142,3,Negotiate,,,,,,,,Microsoft-Windows-Security-Auditing,Security,SecurityEvent
2026-04-17T05:20:13Z,SVR-WEB-01,4688,,CORP\lwoods,User,CORP,lwoods,lwoods,CORP,,,,,,C:\Windows\System32\EXCEL.EXE,C:\Windows\System32\EXCEL.EXE,C:\Windows\System32\svchost.exe,"""C:\Windows\System32\EXCEL.EXE""",,,Microsoft-Windows-Security-Auditing,Security,SecurityEvent
2026-04-17T05:21:13Z,LAP-SALES-03,4688,,CORP\bsato,User,CORP,bsato,bsato,CORP,,,,,,C:\Windows\System32\svchost.exe,C:\Windows\System32\svchost.exe,C:\Windows\System32\msedge.exe,"""C:\Windows\System32\svchost.exe""",,,Microsoft-Windows-Security-Auditing,Security,SecurityEvent
2026-04-17T05:21:59Z,WS-HR-03,4625,,CORP\bsato,User,CORP,bsato,bsato,CORP,10.8.65.190,57520,11,Kerberos,The specified account's password has expired.,,,,,,,Microsoft-Windows-Security-Auditing,Security,SecurityEvent
2026-04-17T05:22:42Z,WS-IT-01,4688,,CORP\mwhite,User,CORP,mwhite,mwhite,CORP,,,,,,C:\Windows\System32\WINWORD.EXE,C:\Windows\System32\WINWORD.EXE,C:\Windows\System32\explorer.exe,"""C:\Windows\System32\WINWORD.EXE""",,,Microsoft-Windows-Security-Auditing,Security,SecurityEvent
2026-04-17T05:25:57Z,SVR-DC-01,4624,,CORP\rmorales,User,CORP,rmorales,rmorales,CORP,172.26.13.152,51805,3,Negotiate,,,,,,,,Microsoft-Windows-Security-Auditing,Security,SecurityEvent
2026-04-17T05:28:56Z,WS-IT-02,4688,,CORP\sthompson,User,CORP,sthompson,sthompson,CORP,,,,,,C:\Windows\System32\code.exe,C:\Windows\System32\code.exe,C:\Windows\System32\chrome.exe,"""C:\Windows\System32\code.exe""",,,Microsoft-Windows-Security-Auditing,Security,SecurityEvent
2026-04-17T05:32:26Z,SVR-DC-01,4688,,CORP\mwhite,User,CORP,mwhite,mwhite,CORP,,,,,,C:\Windows\System32\OUTLOOK.EXE,C:\Windows\System32\OUTLOOK.EXE,C:\Windows\System32\OneDrive.exe,"""C:\Windows\System32\OUTLOOK.EXE""",,,Microsoft-Windows-Security-Auditing,Security,SecurityEvent
2026-04-17T05:35:46Z,WS-DEV-02,4624,,CORP\jharris,User,CORP,jharris,jharris,CORP,10.86.148.26,64647,2,Kerberos,,,,,,,,Microsoft-Windows-Security-Auditing,Security,SecurityEvent
2026-04-17T05:37:43Z,SVR-DC-01,4672,,CORP\jharris,Admin,CORP,jharris,jharris,CORP,,,,,,,,,,,,Microsoft-Windows-Security-Auditing,Security,SecurityEvent
2026-04-17T05:40:48Z,WS-DEV-02,4688,,CORP\lwoods,User,CORP,lwoods,lwoods,CORP,,,,,,C:\Windows\System32\msedge.exe,C:\Windows\System32\msedge.exe,C:\Windows\System32\Teams.exe,"""C:\Windows\System32\msedge.exe""",,,Microsoft-Windows-Security-Auditing,Security,SecurityEvent
2026-04-17T05:42:10Z,WS-FINANCE-01,4672,,CORP\agarcia,Admin,CORP,agarcia,agarcia,CORP,,,,,,,,,,,,Microsoft-Windows-Security-Auditing,Security,SecurityEvent
2026-04-17T05:42:35Z,WS-HR-03,4634,,CORP\kpatel,User,CORP,kpatel,kpatel,CORP,,,3,NtLmSsp,,,,,,,,Microsoft-Windows-Security-Auditing,Security,SecurityEvent
2026-04-17T05:42:50Z,WS-IT-02,4688,,CORP\kpatel,User,CORP,kpatel,kpatel,CORP,,,,,,C:\Windows\System32\WINWORD.EXE,C:\Windows\System32\WINWORD.EXE,C:\Windows\System32\csrss.exe,"""C:\Windows\System32\WINWORD.EXE""",,,Microsoft-Windows-Security-Auditing,Security,SecurityEvent
2026-04-17T05:44:41Z,WS-IT-02,4624,,CORP\dkim,User,CORP,dkim,dkim,CORP,10.149.250.107,55511,3,Kerberos,,,,,,,,Microsoft-Windows-Security-Auditing,Security,SecurityEvent
2026-04-17T05:45:11Z,LAP-SALES-03,4624,,CORP\lwoods,User,CORP,lwoods,lwoods,CORP,10.219.152.226,50318,3,Kerberos,,,,,,,,Microsoft-Windows-Security-Auditing,Security,SecurityEvent
2026-04-17T05:45:41Z,SVR-WEB-01,4624,,CORP\tnguyen,User,CORP,tnguyen,tnguyen,CORP,172.31.123.144,60395,3,NtLmSsp,,,,,,,,Microsoft-Windows-Security-Auditing,Security,SecurityEvent
2026-04-17T05:47:17Z,SVR-WEB-01,4625,,CORP\mwhite,User,CORP,mwhite,mwhite,CORP,10.116.236.114,49542,5,Negotiate,The user has not been granted the requested logon type at this machine.,,,,,,,Microsoft-Windows-Security-Auditing,Security,SecurityEvent
2026-04-17T05:47:17Z,WS-IT-01,4697,,CORP\lwoods,User,CORP,lwoods,lwoods,CORP,,,,,,,,,,svc-dcb48904,C:\Program Files\svc-dcb48904\svc-dcb48904.exe,Microsoft-Windows-Security-Auditing,Security,SecurityEvent
2026-04-17T05:49:07Z,LAP-EXEC-01,4688,,CORP\agarcia,User,CORP,agarcia,agarcia,CORP,,,,,,C:\Windows\System32\Teams.exe,C:\Windows\System32\Teams.exe,C:\Windows\System32\OneDrive.exe,"""C:\Windows\System32\Teams.exe""",,,Microsoft-Windows-Security-Auditing,Security,SecurityEvent
2026-04-17T05:49:28Z,WS-OPS-01,4624,,CORP\bsato,User,CORP,bsato,bsato,CORP,192.168.213.212,58005,3,Negotiate,,,,,,,,Microsoft-Windows-Security-Auditing,Security,SecurityEvent
2026-04-17T05:50:50Z,WS-HR-03,4688,,CORP\mwhite,User,CORP,mwhite,mwhite,CORP,,,,,,C:\Windows\System32\services.exe,C:\Windows\System32\services.exe,C:\Windows\System32\winlogon.exe,"""C:\Windows\System32\services.exe""",,,Microsoft-Windows-Security-Auditing,Security,SecurityEvent
2026-04-17T05:56:06Z,WS-MKT-01,4625,,CORP\lwoods,User,CORP,lwoods,lwoods,CORP,10.74.102.170,56362,2,Kerberos,Unknown user name or bad password.,,,,,,,Microsoft-Windows-Security-Auditing,Security,SecurityEvent
2026-04-17T05:58:15Z,WS-IT-01,4624,,CORP\dkim,User,CORP,dkim,dkim,CORP,10.88.17.137,57057,3,Negotiate,,,,,,,,Microsoft-Windows-Security-Auditing,Security,SecurityEvent
2026-04-17T05:58:23Z,WS-OPS-02,4672,,CORP\kpatel,Admin,CORP,kpatel,kpatel,CORP,,,,,,,,,,,,Microsoft-Windows-Security-Auditing,Security,SecurityEvent
2026-04-17T06:00:07Z,WS-MKT-01,4688,,CORP\dkim,User,CORP,dkim,dkim,CORP,,,,,,C:\Windows\System32\OneDrive.exe,C:\Windows\System32\OneDrive.exe,C:\Windows\System32\msedge.exe,"""C:\Windows\System32\OneDrive.exe""",,,Microsoft-Windows-Security-Auditing,Security,SecurityEvent
2026-04-17T06:03:39Z,WS-MKT-02,4634,,CORP\kpatel,User,CORP,kpatel,kpatel,CORP,,,7,NtLmSsp,,,,,,,,Microsoft-Windows-Security-Auditing,Security,SecurityEvent
2026-04-17T06:06:08Z,WS-FINANCE-01,4625,,CORP\bsato,User,CORP,bsato,bsato,CORP,10.202.90.73,63058,3,NtLmSsp,Unknown user name or bad password.,,,,,,,Microsoft-Windows-Security-Auditing,Security,SecurityEvent
2026-04-17T06:08:19Z,WS-IT-02,4625,,CORP\bsato,User,CORP,bsato,bsato,CORP,172.19.144.236,62335,2,Negotiate,Unknown user name or bad password.,,,,,,,Microsoft-Windows-Security-Auditing,Security,SecurityEvent
2026-04-17T06:08:53Z,WS-IT-02,4625,,CORP\kpatel,User,CORP,kpatel,kpatel,CORP,10.146.0.67,51205,5,NtLmSsp,Unknown user name or bad password.,,,,,,,Microsoft-Windows-Security-Auditing,Security,SecurityEvent
2026-04-17T06:09:07Z,WS-DEV-02,4634,,CORP\olopez,User,CORP,olopez,olopez,CORP,,,11,Kerberos,,,,,,,,Microsoft-Windows-Security-Auditing,Security,SecurityEvent
2026-04-17T06:10:42Z,WS-MKT-02,4625,,CORP\kpatel,User,CORP,kpatel,kpatel,CORP,10.204.27.238,51910,2,NtLmSsp,Unknown user name or bad password.,,,,,,,Microsoft-Windows-Security-Auditing,Security,SecurityEvent
2026-04-17T06:11:54Z,WS-OPS-01,4634,,CORP\tnguyen,User,CORP,tnguyen,tnguyen,CORP,,,10,Kerberos,,,,,,,,Microsoft-Windows-Security-Auditing,Security,SecurityEvent
2026-04-17T06:13:26Z,LAP-SALES-03,4688,,CORP\mwhite,User,CORP,mwhite,mwhite,CORP,,,,,,C:\Windows\System32\winlogon.exe,C:\Windows\System32\winlogon.exe,C:\Windows\System32\svchost.exe,"""C:\Windows\System32\winlogon.exe""",,,Microsoft-Windows-Security-Auditing,Security,SecurityEvent
2026-04-17T06:14:27Z,WS-OPS-01,4624,,CORP\ehernandez,User,CORP,ehernandez,ehernandez,CORP,10.149.150.158,63199,3,Negotiate,,,,,,,,Microsoft-Windows-Security-Auditing,Security,SecurityEvent
2026-04-17T06:14:56Z,LAP-EXEC-01,4625,,CORP\tnguyen,User,CORP,tnguyen,tnguyen,CORP,10.59.52.67,55381,3,NtLmSsp,Unknown user name or bad password.,,,,,,,Microsoft-Windows-Security-Auditing,Security,SecurityEvent
2026-04-17T06:16:35Z,WS-MKT-02,4624,,CORP\sthompson,User,CORP,sthompson,sthompson,CORP,10.73.196.74,51442,2,Negotiate,,,,,,,,Microsoft-Windows-Security-Auditing,Security,SecurityEvent
2026-04-17T06:18:21Z,WS-IT-01,4688,,CORP\mwhite,User,CORP,mwhite,mwhite,CORP,,,,,,C:\Windows\System32\code.exe,C:\Windows\System32\code.exe,C:\Windows\System32\Teams.exe,"""C:\Windows\System32\code.exe""",,,Microsoft-Windows-Security-Auditing,Security,SecurityEvent
2026-04-17T06:20:53Z,WS-IT-02,4624,,CORP\ehernandez,User,CORP,ehernandez,ehernandez,CORP,10.124.19.91,64832,3,Negotiate,,,,,,,,Microsoft-Windows-Security-Auditing,Security,SecurityEvent
2026-04-17T06:21:20Z,WS-MKT-02,4624,,CORP\sthompson,User,CORP,sthompson,sthompson,CORP,172.17.31.171,61640,7,Kerberos,,,,,,,,Microsoft-Windows-Security-Auditing,Security,SecurityEvent
2026-04-17T06:22:28Z,SVR-WEB-01,4624,,CORP\rmorales,User,CORP,rmorales,rmorales,CORP,10.209.85.183,51617,10,Kerberos,,,,,,,,Microsoft-Windows-Security-Auditing,Security,SecurityEvent
2026-04-17T06:23:23Z,SVR-WEB-01,4688,,CORP\rmorales,User,CORP,rmorales,rmorales,CORP,,,,,,C:\Windows\System32\msedge.exe,C:\Windows\System32\msedge.exe,C:\Windows\System32\services.exe,"""C:\Windows\System32\msedge.exe""",,,Microsoft-Windows-Security-Auditing,Security,SecurityEvent
2026-04-17T06:27:36Z,SVR-WEB-01,4688,,CORP\bsato,User,CORP,bsato,bsato,CORP,,,,,,C:\Windows\System32\chrome.exe,C:\Windows\System32\chrome.exe,C:\Windows\System32\lsass.exe,"""C:\Windows\System32\chrome.exe""",,,Microsoft-Windows-Security-Auditing,Security,SecurityEvent
2026-04-17T06:28:32Z,WS-MKT-01,4634,,CORP\jharris,User,CORP,jharris,jharris,CORP,,,11,Negotiate,,,,,,,,Microsoft-Windows-Security-Auditing,Security,SecurityEvent
2026-04-17T06:29:04Z,WS-OPS-02,4688,,CORP\ehernandez,User,CORP,ehernandez,ehernandez,CORP,,,,,,C:\Windows\System32\Teams.exe,C:\Windows\System32\Teams.exe,C:\Windows\System32\winlogon.exe,"""C:\Windows\System32\Teams.exe""",,,Microsoft-Windows-Security-Auditing,Security,SecurityEvent
2026-04-17T06:30:24Z,SVR-DC-01,4688,,CORP\agarcia,User,CORP,agarcia,agarcia,CORP,,,,,,C:\Windows\System32\OneDrive.exe,C:\Windows\System32\OneDrive.exe,C:\Windows\System32\OUTLOOK.EXE,"""C:\Windows\System32\OneDrive.exe""",,,Microsoft-Windows-Security-Auditing,Security,SecurityEvent
2026-04-17T06:31:55Z,WS-HR-03,4672,,CORP\ehernandez,Admin,CORP,ehernandez,ehernandez,CORP,,,,,,,,,,,,Microsoft-Windows-Security-Auditing,Security,SecurityEvent
2026-04-17T06:36:43Z,SVR-WEB-01,4624,,CORP\rmorales,User,CORP,rmorales,rmorales,CORP,10.131.152.77,62620,3,Kerberos,,,,,,,,Microsoft-Windows-Security-Auditing,Security,SecurityEvent
2026-04-17T06:38:00Z,WS-MKT-02,4634,,CORP\mwhite,User,CORP,mwhite,mwhite,CORP,,,3,NtLmSsp,,,,,,,,Microsoft-Windows-Security-Auditing,Security,SecurityEvent
2026-04-17T06:38:17Z,LAP-EXEC-01,4688,,CORP\sthompson,User,CORP,sthompson,sthompson,CORP,,,,,,C:\Windows\System32\smss.exe,C:\Windows\System32\smss.exe,C:\Windows\System32\chrome.exe,"""C:\Windows\System32\smss.exe""",,,Microsoft-Windows-Security-Auditing,Security,SecurityEvent
2026-04-17T06:38:36Z,WS-IT-01,4624,,CORP\sthompson,User,CORP,sthompson,sthompson,CORP,10.152.24.210,55655,10,NtLmSsp,,,,,,,,Microsoft-Windows-Security-Auditing,Security,SecurityEvent
2026-04-17T06:39:49Z,WS-DEV-02,4634,,CORP\sthompson,User,CORP,sthompson,sthompson,CORP,,,5,Negotiate,,,,,,,,Microsoft-Windows-Security-Auditing,Security,SecurityEvent
2026-04-17T06:42:08Z,WS-OPS-01,4624,,CORP\lwoods,User,CORP,lwoods,lwoods,CORP,10.44.71.4,49389,3,User32,,,,,,,,Microsoft-Windows-Security-Auditing,Security,SecurityEvent
2026-04-17T06:46:59Z,WS-DEV-02,4624,,CORP\rmorales,User,CORP,rmorales,rmorales,CORP,10.68.155.167,59249,11,Kerberos,,,,,,,,Microsoft-Windows-Security-Auditing,Security,SecurityEvent
2026-04-17T06:51:08Z,LAP-EXEC-01,4625,,CORP\rmorales,User,CORP,rmorales,rmorales,CORP,10.197.231.248,59862,2,Kerberos,Unknown user name or bad password.,,,,,,,Microsoft-Windows-Security-Auditing,Security,SecurityEvent
2026-04-17T06:51:21Z,WS-MKT-02,4624,,CORP\sthompson,User,CORP,sthompson,sthompson,CORP,10.70.118.58,49641,3,Negotiate,,,,,,,,Microsoft-Windows-Security-Auditing,Security,SecurityEvent
2026-04-17T06:58:15Z,WS-IT-01,4624,,CORP\olopez,User,CORP,olopez,olopez,CORP,10.74.181.89,58706,3,Kerberos,,,,,,,,Microsoft-Windows-Security-Auditing,Security,SecurityEvent
2026-04-17T07:00:05Z,WS-OPS-02,4688,,CORP\jharris,User,CORP,jharris,jharris,CORP,,,,,,C:\Windows\System32\Teams.exe,C:\Windows\System32\Teams.exe,C:\Windows\System32\wininit.exe,"""C:\Windows\System32\Teams.exe""",,,Microsoft-Windows-Security-Auditing,Security,SecurityEvent
2026-04-17T07:01:07Z,LAP-SALES-03,4624,,CORP\kpatel,User,CORP,kpatel,kpatel,CORP,10.96.10.92,49723,3,User32,,,,,,,,Microsoft-Windows-Security-Auditing,Security,SecurityEvent
2026-04-17T07:03:22Z,LAP-EXEC-01,4688,,CORP\sthompson,User,CORP,sthompson,sthompson,CORP,,,,,,C:\Windows\System32\winlogon.exe,C:\Windows\System32\winlogon.exe,C:\Windows\System32\WINWORD.EXE,"""C:\Windows\System32\winlogon.exe""",,,Microsoft-Windows-Security-Auditing,Security,SecurityEvent
2026-04-17T07:10:42Z,WS-DEV-02,4624,,CORP\sthompson,User,CORP,sthompson,sthompson,CORP,10.114.137.216,55607,5,NtLmSsp,,,,,,,,Microsoft-Windows-Security-Auditing,Security,SecurityEvent
2026-04-17T07:11:02Z,WS-FINANCE-01,4624,,CORP\agarcia,User,CORP,agarcia,agarcia,CORP,10.171.141.19,54995,3,Kerberos,,,,,,,,Microsoft-Windows-Security-Auditing,Security,SecurityEvent
2026-04-17T07:15:12Z,WS-FINANCE-01,4624,,CORP\mwhite,User,CORP,mwhite,mwhite,CORP,172.22.154.41,61601,3,NtLmSsp,,,,,,,,Microsoft-Windows-Security-Auditing,Security,SecurityEvent
2026-04-17T07:22:15Z,WS-OPS-02,4624,,CORP\rmorales,User,CORP,rmorales,rmorales,CORP,10.104.106.83,62233,5,NtLmSsp,,,,,,,,Microsoft-Windows-Security-Auditing,Security,SecurityEvent
2026-04-17T07:27:33Z,SVR-WEB-01,4634,,CORP\rmorales,User,CORP,rmorales,rmorales,CORP,,,11,Negotiate,,,,,,,,Microsoft-Windows-Security-Auditing,Security,SecurityEvent
2026-04-17T07:30:39Z,WS-OPS-02,4624,,CORP\lwoods,User,CORP,lwoods,lwoods,CORP,172.21.98.10,58217,3,Negotiate,,,,,,,,Microsoft-Windows-Security-Auditing,Security,SecurityEvent
2026-04-17T07:31:24Z,LAP-EXEC-01,4634,,CORP\jharris,User,CORP,jharris,jharris,CORP,,,10,Negotiate,,,,,,,,Microsoft-Windows-Security-Auditing,Security,SecurityEvent
2026-04-17T07:32:59Z,WS-OPS-02,4624,,CORP\rmorales,User,CORP,rmorales,rmorales,CORP,10.189.6.203,60182,3,Kerberos,,,,,,,,Microsoft-Windows-Security-Auditing,Security,SecurityEvent
2026-04-17T07:34:26Z,WS-HR-03,4672,,CORP\mwhite,Admin,CORP,mwhite,mwhite,CORP,,,,,,,,,,,,Microsoft-Windows-Security-Auditing,Security,SecurityEvent
2026-04-17T07:36:16Z,SVR-WEB-01,4624,,CORP\ehernandez,User,CORP,ehernandez,ehernandez,CORP,10.73.251.192,54644,2,Kerberos,,,,,,,,Microsoft-Windows-Security-Auditing,Security,SecurityEvent
2026-04-17T07:38:00Z,LAP-SALES-03,4688,,CORP\bsato,User,CORP,bsato,bsato,CORP,,,,,,C:\Windows\System32\explorer.exe,C:\Windows\System32\explorer.exe,C:\Windows\System32\wininit.exe,"""C:\Windows\System32\explorer.exe""",,,Microsoft-Windows-Security-Auditing,Security,SecurityEvent
2026-04-17T07:39:48Z,WS-MKT-02,4720,,CORP\sthompson,User,CORP,sthompson,newuser380,CORP,,,,,,,,,,,,Microsoft-Windows-Security-Auditing,Security,SecurityEvent
2026-04-17T07:42:48Z,WS-IT-02,4688,,CORP\tnguyen,User,CORP,tnguyen,tnguyen,CORP,,,,,,C:\Windows\System32\svchost.exe,C:\Windows\System32\svchost.exe,C:\Windows\System32\svchost.exe,"""C:\Windows\System32\svchost.exe""",,,Microsoft-Windows-Security-Auditing,Security,SecurityEvent
2026-04-17T07:44:52Z,WS-OPS-01,4624,,CORP\sthompson,User,CORP,sthompson,sthompson,CORP,172.25.189.130,51167,5,Negotiate,,,,,,,,Microsoft-Windows-Security-Auditing,Security,SecurityEvent
2026-04-17T07:46:20Z,WS-MKT-01,4624,,CORP\tnguyen,User,CORP,tnguyen,tnguyen,CORP,10.171.208.80,57456,3,NtLmSsp,,,,,,,,Microsoft-Windows-Security-Auditing,Security,SecurityEvent
2026-04-17T07:52:21Z,WS-DEV-02,4634,,CORP\kpatel,User,CORP,kpatel,kpatel,CORP,,,11,NtLmSsp,,,,,,,,Microsoft-Windows-Security-Auditing,Security,SecurityEvent
