2026-04-28T22:55:41Z,WS-IT-02,4624,,CORP\tnguyen,User,CORP,tnguyen,tnguyen,CORP,172.16.40.88,52305,2,NtLmSsp,,,,,,,,Microsoft-Windows-Security-Auditing,Security,SecurityEvent
2026-04-28T22:55:59Z,WS-HR-03,4688,,CORP\agarcia,User,CORP,agarcia,agarcia,CORP,,,,,,C:\Windows\System32\chrome.exe,C:\Windows\System32\chrome.exe,C:\Windows\System32\msedge.exe,"""C:\Windows\System32\chrome.exe""",,,Microsoft-Windows-Security-Auditing,Security,SecurityEvent
2026-04-28T22:56:02Z,SVR-WEB-01,4688,,CORP\bsato,User,CORP,bsato,bsato,CORP,,,,,,C:\Windows\System32\WINWORD.EXE,C:\Windows\System32\WINWORD.EXE,C:\Windows\System32\taskmgr.exe,"""C:\Windows\System32\WINWORD.EXE""",,,Microsoft-Windows-Security-Auditing,Security,SecurityEvent
2026-04-28T22:56:22Z,WS-FINANCE-01,4688,,CORP\sthompson,User,CORP,sthompson,sthompson,CORP,,,,,,C:\Windows\System32\firefox.exe,C:\Windows\System32\firefox.exe,C:\Windows\System32\msedge.exe,"""C:\Windows\System32\firefox.exe""",,,Microsoft-Windows-Security-Auditing,Security,SecurityEvent
2026-04-28T22:56:24Z,SVR-WEB-01,4624,,CORP\mwhite,User,CORP,mwhite,mwhite,CORP,10.91.67.17,57497,5,Negotiate,,,,,,,,Microsoft-Windows-Security-Auditing,Security,SecurityEvent
2026-04-28T22:56:26Z,WS-MKT-01,4624,,CORP\dkim,User,CORP,dkim,dkim,CORP,10.186.177.165,59723,3,Seclogo,,,,,,,,Microsoft-Windows-Security-Auditing,Security,SecurityEvent
2026-04-28T22:56:26Z,WS-IT-01,4688,,CORP\mwhite,User,CORP,mwhite,mwhite,CORP,,,,,,C:\Windows\System32\msedge.exe,C:\Windows\System32\msedge.exe,C:\Windows\System32\smss.exe,"""C:\Windows\System32\msedge.exe""",,,Microsoft-Windows-Security-Auditing,Security,SecurityEvent
2026-04-28T22:57:10Z,WS-MKT-02,4688,,CORP\tnguyen,User,CORP,tnguyen,tnguyen,CORP,,,,,,C:\Windows\System32\chrome.exe,C:\Windows\System32\chrome.exe,C:\Windows\System32\services.exe,"""C:\Windows\System32\chrome.exe""",,,Microsoft-Windows-Security-Auditing,Security,SecurityEvent
2026-04-28T22:57:14Z,WS-DEV-02,4624,,CORP\jharris,User,CORP,jharris,jharris,CORP,10.192.134.153,60042,3,Kerberos,,,,,,,,Microsoft-Windows-Security-Auditing,Security,SecurityEvent
2026-04-28T22:57:18Z,LAP-SALES-03,4624,,CORP\sthompson,User,CORP,sthompson,sthompson,CORP,172.24.195.207,51386,3,Kerberos,,,,,,,,Microsoft-Windows-Security-Auditing,Security,SecurityEvent
2026-04-28T22:57:22Z,SVR-DC-01,4625,,CORP\ehernandez,User,CORP,ehernandez,ehernandez,CORP,10.172.82.68,62664,3,Advapi,Account currently disabled.,,,,,,,Microsoft-Windows-Security-Auditing,Security,SecurityEvent
2026-04-28T22:57:25Z,WS-MKT-02,4688,,CORP\bsato,User,CORP,bsato,bsato,CORP,,,,,,C:\Windows\System32\wininit.exe,C:\Windows\System32\wininit.exe,C:\Windows\System32\services.exe,"""C:\Windows\System32\wininit.exe""",,,Microsoft-Windows-Security-Auditing,Security,SecurityEvent
2026-04-28T22:57:25Z,WS-OPS-01,4688,,CORP\jharris,User,CORP,jharris,jharris,CORP,,,,,,C:\Windows\System32\msedge.exe,C:\Windows\System32\msedge.exe,C:\Windows\System32\msedge.exe,"""C:\Windows\System32\msedge.exe""",,,Microsoft-Windows-Security-Auditing,Security,SecurityEvent
2026-04-28T22:57:34Z,WS-DEV-02,4624,,CORP\olopez,User,CORP,olopez,olopez,CORP,10.45.71.104,64900,5,Negotiate,,,,,,,,Microsoft-Windows-Security-Auditing,Security,SecurityEvent
2026-04-28T22:57:34Z,LAP-EXEC-01,4672,,CORP\rmorales,Admin,CORP,rmorales,rmorales,CORP,,,,,,,,,,,,Microsoft-Windows-Security-Auditing,Security,SecurityEvent
2026-04-28T22:57:39Z,LAP-EXEC-01,4688,,CORP\rmorales,User,CORP,rmorales,rmorales,CORP,,,,,,C:\Windows\System32\svchost.exe,C:\Windows\System32\svchost.exe,C:\Windows\System32\lsass.exe,"""C:\Windows\System32\svchost.exe""",,,Microsoft-Windows-Security-Auditing,Security,SecurityEvent
2026-04-28T22:57:42Z,WS-HR-03,4624,,CORP\jharris,User,CORP,jharris,jharris,CORP,172.24.62.136,62221,3,Kerberos,,,,,,,,Microsoft-Windows-Security-Auditing,Security,SecurityEvent
2026-04-28T22:57:47Z,SVR-WEB-01,4624,,CORP\tnguyen,User,CORP,tnguyen,tnguyen,CORP,10.130.62.203,58395,2,Kerberos,,,,,,,,Microsoft-Windows-Security-Auditing,Security,SecurityEvent
2026-04-28T22:57:48Z,WS-OPS-02,4624,,CORP\jharris,User,CORP,jharris,jharris,CORP,10.226.186.83,57298,3,User32,,,,,,,,Microsoft-Windows-Security-Auditing,Security,SecurityEvent
2026-04-28T22:58:07Z,WS-OPS-01,4624,,CORP\agarcia,User,CORP,agarcia,agarcia,CORP,10.134.255.193,51482,5,Negotiate,,,,,,,,Microsoft-Windows-Security-Auditing,Security,SecurityEvent
2026-04-28T22:58:16Z,WS-IT-01,4672,,CORP\sthompson,Admin,CORP,sthompson,sthompson,CORP,,,,,,,,,,,,Microsoft-Windows-Security-Auditing,Security,SecurityEvent
2026-04-28T22:58:25Z,WS-FINANCE-01,4624,,CORP\jharris,User,CORP,jharris,jharris,CORP,10.221.234.175,58622,3,Kerberos,,,,,,,,Microsoft-Windows-Security-Auditing,Security,SecurityEvent
2026-04-28T22:58:42Z,LAP-EXEC-01,4688,,CORP\sthompson,User,CORP,sthompson,sthompson,CORP,,,,,,C:\Windows\System32\lsass.exe,C:\Windows\System32\lsass.exe,C:\Windows\System32\firefox.exe,"""C:\Windows\System32\lsass.exe""",,,Microsoft-Windows-Security-Auditing,Security,SecurityEvent
2026-04-28T22:58:51Z,WS-FINANCE-01,4624,,CORP\bsato,User,CORP,bsato,bsato,CORP,10.126.112.212,52197,11,User32,,,,,,,,Microsoft-Windows-Security-Auditing,Security,SecurityEvent
2026-04-28T22:58:56Z,WS-OPS-02,4634,,CORP\jharris,User,CORP,jharris,jharris,CORP,,,5,NtLmSsp,,,,,,,,Microsoft-Windows-Security-Auditing,Security,SecurityEvent
2026-04-28T22:59:02Z,WS-MKT-01,4688,,CORP\tnguyen,User,CORP,tnguyen,tnguyen,CORP,,,,,,C:\Windows\System32\smss.exe,C:\Windows\System32\smss.exe,C:\Windows\System32\msedge.exe,"""C:\Windows\System32\smss.exe""",,,Microsoft-Windows-Security-Auditing,Security,SecurityEvent
2026-04-28T22:59:04Z,WS-OPS-02,4624,,CORP\kpatel,User,CORP,kpatel,kpatel,CORP,10.148.157.48,50202,2,Kerberos,,,,,,,,Microsoft-Windows-Security-Auditing,Security,SecurityEvent
2026-04-28T22:59:07Z,SVR-DC-01,4688,,CORP\kpatel,User,CORP,kpatel,kpatel,CORP,,,,,,C:\Windows\System32\EXCEL.EXE,C:\Windows\System32\EXCEL.EXE,C:\Windows\System32\code.exe,"""C:\Windows\System32\EXCEL.EXE""",,,Microsoft-Windows-Security-Auditing,Security,SecurityEvent
2026-04-28T22:59:14Z,WS-HR-03,4625,,CORP\kpatel,User,CORP,kpatel,kpatel,CORP,10.56.1.82,63388,5,NtLmSsp,Account currently disabled.,,,,,,,Microsoft-Windows-Security-Auditing,Security,SecurityEvent
2026-04-28T22:59:22Z,SVR-WEB-01,4634,,CORP\kpatel,User,CORP,kpatel,kpatel,CORP,,,7,Negotiate,,,,,,,,Microsoft-Windows-Security-Auditing,Security,SecurityEvent
2026-04-28T22:59:35Z,WS-DEV-02,4624,,CORP\agarcia,User,CORP,agarcia,agarcia,CORP,172.20.200.117,56621,3,NtLmSsp,,,,,,,,Microsoft-Windows-Security-Auditing,Security,SecurityEvent
2026-04-28T22:59:37Z,WS-HR-03,4634,,CORP\tnguyen,User,CORP,tnguyen,tnguyen,CORP,,,5,NtLmSsp,,,,,,,,Microsoft-Windows-Security-Auditing,Security,SecurityEvent
2026-04-28T22:59:50Z,WS-DEV-02,4688,,CORP\ehernandez,User,CORP,ehernandez,ehernandez,CORP,,,,,,C:\Windows\System32\OUTLOOK.EXE,C:\Windows\System32\OUTLOOK.EXE,C:\Windows\System32\taskmgr.exe,"""C:\Windows\System32\OUTLOOK.EXE""",,,Microsoft-Windows-Security-Auditing,Security,SecurityEvent
2026-04-28T22:59:57Z,WS-HR-03,4688,,CORP\ehernandez,User,CORP,ehernandez,ehernandez,CORP,,,,,,C:\Windows\System32\code.exe,C:\Windows\System32\code.exe,C:\Windows\System32\code.exe,"""C:\Windows\System32\code.exe""",,,Microsoft-Windows-Security-Auditing,Security,SecurityEvent
2026-04-28T23:00:16Z,WS-DEV-02,4688,,CORP\rmorales,User,CORP,rmorales,rmorales,CORP,,,,,,C:\Windows\System32\services.exe,C:\Windows\System32\services.exe,C:\Windows\System32\msedge.exe,"""C:\Windows\System32\services.exe""",,,Microsoft-Windows-Security-Auditing,Security,SecurityEvent
2026-04-28T23:00:16Z,SVR-WEB-01,4624,,CORP\mwhite,User,CORP,mwhite,mwhite,CORP,10.149.127.70,62330,3,NtLmSsp,,,,,,,,Microsoft-Windows-Security-Auditing,Security,SecurityEvent
2026-04-28T23:00:18Z,SVR-DC-01,4634,,CORP\jharris,User,CORP,jharris,jharris,CORP,,,3,Kerberos,,,,,,,,Microsoft-Windows-Security-Auditing,Security,SecurityEvent
2026-04-28T23:00:30Z,WS-IT-01,4624,,CORP\sthompson,User,CORP,sthompson,sthompson,CORP,10.154.112.116,53707,2,Kerberos,,,,,,,,Microsoft-Windows-Security-Auditing,Security,SecurityEvent
2026-04-28T23:00:47Z,SVR-DC-01,4624,,CORP\dkim,User,CORP,dkim,dkim,CORP,172.31.158.218,53779,2,Negotiate,,,,,,,,Microsoft-Windows-Security-Auditing,Security,SecurityEvent
2026-04-28T23:00:50Z,LAP-SALES-03,4688,,CORP\agarcia,User,CORP,agarcia,agarcia,CORP,,,,,,C:\Windows\System32\svchost.exe,C:\Windows\System32\svchost.exe,C:\Windows\System32\csrss.exe,"""C:\Windows\System32\svchost.exe""",,,Microsoft-Windows-Security-Auditing,Security,SecurityEvent
2026-04-28T23:00:56Z,WS-MKT-02,4624,,CORP\agarcia,User,CORP,agarcia,agarcia,CORP,10.23.218.183,54236,10,NtLmSsp,,,,,,,,Microsoft-Windows-Security-Auditing,Security,SecurityEvent
2026-04-28T23:01:10Z,WS-MKT-01,4624,,CORP\agarcia,User,CORP,agarcia,agarcia,CORP,10.249.206.247,56741,7,User32,,,,,,,,Microsoft-Windows-Security-Auditing,Security,SecurityEvent
2026-04-28T23:01:11Z,WS-MKT-02,4634,,CORP\ehernandez,User,CORP,ehernandez,ehernandez,CORP,,,5,Seclogo,,,,,,,,Microsoft-Windows-Security-Auditing,Security,SecurityEvent
2026-04-28T23:01:12Z,WS-MKT-02,4634,,CORP\mwhite,User,CORP,mwhite,mwhite,CORP,,,2,NtLmSsp,,,,,,,,Microsoft-Windows-Security-Auditing,Security,SecurityEvent
2026-04-28T23:01:16Z,LAP-EXEC-01,4624,,CORP\rmorales,User,CORP,rmorales,rmorales,CORP,10.19.123.222,50155,3,Kerberos,,,,,,,,Microsoft-Windows-Security-Auditing,Security,SecurityEvent
2026-04-28T23:01:34Z,SVR-WEB-01,4634,,CORP\kpatel,User,CORP,kpatel,kpatel,CORP,,,3,NtLmSsp,,,,,,,,Microsoft-Windows-Security-Auditing,Security,SecurityEvent
2026-04-28T23:01:45Z,SVR-WEB-01,4624,,CORP\lwoods,User,CORP,lwoods,lwoods,CORP,10.46.140.156,56897,7,Negotiate,,,,,,,,Microsoft-Windows-Security-Auditing,Security,SecurityEvent
2026-04-28T23:01:49Z,WS-OPS-02,4624,,CORP\jharris,User,CORP,jharris,jharris,CORP,10.217.34.43,64209,10,Negotiate,,,,,,,,Microsoft-Windows-Security-Auditing,Security,SecurityEvent
2026-04-28T23:02:09Z,WS-HR-03,4624,,CORP\mwhite,User,CORP,mwhite,mwhite,CORP,10.125.239.231,58277,2,User32,,,,,,,,Microsoft-Windows-Security-Auditing,Security,SecurityEvent
2026-04-28T23:02:11Z,WS-IT-02,4688,,CORP\sthompson,User,CORP,sthompson,sthompson,CORP,,,,,,C:\Windows\System32\EXCEL.EXE,C:\Windows\System32\EXCEL.EXE,C:\Windows\System32\WINWORD.EXE,"""C:\Windows\System32\EXCEL.EXE""",,,Microsoft-Windows-Security-Auditing,Security,SecurityEvent
2026-04-28T23:02:13Z,WS-FINANCE-01,4688,,CORP\mwhite,User,CORP,mwhite,mwhite,CORP,,,,,,C:\Windows\System32\svchost.exe,C:\Windows\System32\svchost.exe,C:\Windows\System32\svchost.exe,"""C:\Windows\System32\svchost.exe""",,,Microsoft-Windows-Security-Auditing,Security,SecurityEvent
2026-04-28T23:02:29Z,SVR-WEB-01,4624,,CORP\tnguyen,User,CORP,tnguyen,tnguyen,CORP,10.6.132.52,58082,11,Negotiate,,,,,,,,Microsoft-Windows-Security-Auditing,Security,SecurityEvent
2026-04-28T23:02:33Z,SVR-DC-01,4624,,CORP\olopez,User,CORP,olopez,olopez,CORP,172.18.227.17,52722,5,Kerberos,,,,,,,,Microsoft-Windows-Security-Auditing,Security,SecurityEvent
2026-04-28T23:02:45Z,WS-HR-03,4624,,CORP\lwoods,User,CORP,lwoods,lwoods,CORP,172.21.46.38,51588,3,Seclogo,,,,,,,,Microsoft-Windows-Security-Auditing,Security,SecurityEvent
2026-04-28T23:02:54Z,WS-IT-02,4688,,CORP\kpatel,User,CORP,kpatel,kpatel,CORP,,,,,,C:\Windows\System32\services.exe,C:\Windows\System32\services.exe,C:\Windows\System32\code.exe,"""C:\Windows\System32\services.exe""",,,Microsoft-Windows-Security-Auditing,Security,SecurityEvent
2026-04-28T23:03:05Z,WS-IT-01,4634,,CORP\rmorales,User,CORP,rmorales,rmorales,CORP,,,10,Negotiate,,,,,,,,Microsoft-Windows-Security-Auditing,Security,SecurityEvent
2026-04-28T23:03:06Z,LAP-SALES-03,4688,,CORP\tnguyen,User,CORP,tnguyen,tnguyen,CORP,,,,,,C:\Windows\System32\csrss.exe,C:\Windows\System32\csrss.exe,C:\Windows\System32\msiexec.exe,"""C:\Windows\System32\csrss.exe""",,,Microsoft-Windows-Security-Auditing,Security,SecurityEvent
2026-04-28T23:03:13Z,WS-MKT-01,4624,,CORP\jharris,User,CORP,jharris,jharris,CORP,10.34.59.201,50199,5,User32,,,,,,,,Microsoft-Windows-Security-Auditing,Security,SecurityEvent
2026-04-28T23:03:22Z,WS-OPS-01,4697,,CORP\tnguyen,User,CORP,tnguyen,tnguyen,CORP,,,,,,,,,,svc-a37f60eb,C:\Program Files\svc-a37f60eb\svc-a37f60eb.exe,Microsoft-Windows-Security-Auditing,Security,SecurityEvent
2026-04-28T23:03:22Z,WS-FINANCE-01,4634,,CORP\dkim,User,CORP,dkim,dkim,CORP,,,11,Kerberos,,,,,,,,Microsoft-Windows-Security-Auditing,Security,SecurityEvent
2026-04-28T23:03:44Z,WS-FINANCE-01,4624,,CORP\sthompson,User,CORP,sthompson,sthompson,CORP,172.23.115.212,64273,3,User32,,,,,,,,Microsoft-Windows-Security-Auditing,Security,SecurityEvent
2026-04-28T23:04:00Z,WS-OPS-01,4624,,CORP\jharris,User,CORP,jharris,jharris,CORP,10.207.35.75,59992,5,Kerberos,,,,,,,,Microsoft-Windows-Security-Auditing,Security,SecurityEvent
2026-04-28T23:04:03Z,WS-OPS-01,4624,,CORP\rmorales,User,CORP,rmorales,rmorales,CORP,10.190.35.192,56302,3,Kerberos,,,,,,,,Microsoft-Windows-Security-Auditing,Security,SecurityEvent
2026-04-28T23:04:19Z,WS-FINANCE-01,4624,,CORP\WS-DEV-02$,Machine,CORP,WS-DEV-02$,WS-DEV-02$,CORP,127.0.0.1,65361,5,,,,,,,,,Microsoft-Windows-Security-Auditing,Security,SecurityEvent
2026-04-28T23:04:34Z,WS-OPS-02,4634,,CORP\lwoods,User,CORP,lwoods,lwoods,CORP,,,5,Negotiate,,,,,,,,Microsoft-Windows-Security-Auditing,Security,SecurityEvent
2026-04-28T23:04:42Z,LAP-SALES-03,4624,,CORP\jharris,User,CORP,jharris,jharris,CORP,10.113.134.54,63039,2,Kerberos,,,,,,,,Microsoft-Windows-Security-Auditing,Security,SecurityEvent
2026-04-28T23:04:47Z,WS-FINANCE-01,4624,,CORP\sthompson,User,CORP,sthompson,sthompson,CORP,10.237.144.46,50989,5,Kerberos,,,,,,,,Microsoft-Windows-Security-Auditing,Security,SecurityEvent
2026-04-28T23:04:52Z,WS-MKT-02,4624,,CORP\kpatel,User,CORP,kpatel,kpatel,CORP,192.168.86.178,55645,11,Negotiate,,,,,,,,Microsoft-Windows-Security-Auditing,Security,SecurityEvent
2026-04-28T23:04:54Z,WS-IT-02,4624,,CORP\kpatel,User,CORP,kpatel,kpatel,CORP,192.168.144.202,55562,5,Negotiate,,,,,,,,Microsoft-Windows-Security-Auditing,Security,SecurityEvent
2026-04-28T23:05:03Z,WS-MKT-01,4697,,CORP\ehernandez,User,CORP,ehernandez,ehernandez,CORP,,,,,,,,,,svc-aa38d1ac,C:\Program Files\svc-aa38d1ac\svc-aa38d1ac.exe,Microsoft-Windows-Security-Auditing,Security,SecurityEvent
2026-04-28T23:05:11Z,WS-DEV-02,4624,,CORP\sthompson,User,CORP,sthompson,sthompson,CORP,10.173.151.89,65069,3,Kerberos,,,,,,,,Microsoft-Windows-Security-Auditing,Security,SecurityEvent
2026-04-28T23:05:19Z,WS-IT-01,4624,,CORP\sthompson,User,CORP,sthompson,sthompson,CORP,172.19.237.90,60762,5,NtLmSsp,,,,,,,,Microsoft-Windows-Security-Auditing,Security,SecurityEvent
2026-04-28T23:05:21Z,WS-DEV-02,4625,,CORP\kpatel,User,CORP,kpatel,kpatel,CORP,10.126.152.75,57945,3,User32,Unknown user name or bad password.,,,,,,,Microsoft-Windows-Security-Auditing,Security,SecurityEvent
2026-04-28T23:05:26Z,WS-IT-02,4688,,CORP\mwhite,User,CORP,mwhite,mwhite,CORP,,,,,,C:\Windows\System32\SearchHost.exe,C:\Windows\System32\SearchHost.exe,C:\Windows\System32\chrome.exe,"""C:\Windows\System32\SearchHost.exe""",,,Microsoft-Windows-Security-Auditing,Security,SecurityEvent
2026-04-28T23:05:30Z,WS-IT-02,4625,,CORP\ehernandez,User,CORP,ehernandez,ehernandez,CORP,10.13.78.171,64296,2,Negotiate,Unknown user name or bad password.,,,,,,,Microsoft-Windows-Security-Auditing,Security,SecurityEvent
2026-04-28T23:05:38Z,SVR-DC-01,4688,,CORP\tnguyen,User,CORP,tnguyen,tnguyen,CORP,,,,,,C:\Windows\System32\msedge.exe,C:\Windows\System32\msedge.exe,C:\Windows\System32\taskmgr.exe,"""C:\Windows\System32\msedge.exe""",,,Microsoft-Windows-Security-Auditing,Security,SecurityEvent
2026-04-28T23:06:15Z,LAP-EXEC-01,4688,,CORP\jharris,User,CORP,jharris,jharris,CORP,,,,,,C:\Windows\System32\services.exe,C:\Windows\System32\services.exe,C:\Windows\System32\OneDrive.exe,"""C:\Windows\System32\services.exe""",,,Microsoft-Windows-Security-Auditing,Security,SecurityEvent
2026-04-28T23:06:25Z,SVR-WEB-01,4624,,CORP\rmorales,User,CORP,rmorales,rmorales,CORP,192.168.14.111,59847,2,Kerberos,,,,,,,,Microsoft-Windows-Security-Auditing,Security,SecurityEvent
2026-04-28T23:06:50Z,WS-HR-03,4634,,CORP\sthompson,User,CORP,sthompson,sthompson,CORP,,,3,Kerberos,,,,,,,,Microsoft-Windows-Security-Auditing,Security,SecurityEvent
2026-04-28T23:06:55Z,WS-DEV-02,4688,,CORP\lwoods,User,CORP,lwoods,lwoods,CORP,,,,,,C:\Windows\System32\svchost.exe,C:\Windows\System32\svchost.exe,C:\Windows\System32\msedge.exe,"""C:\Windows\System32\svchost.exe""",,,Microsoft-Windows-Security-Auditing,Security,SecurityEvent
2026-04-28T23:06:58Z,WS-DEV-02,4624,,CORP\olopez,User,CORP,olopez,olopez,CORP,10.36.214.176,50323,3,Negotiate,,,,,,,,Microsoft-Windows-Security-Auditing,Security,SecurityEvent
2026-04-28T23:07:03Z,WS-MKT-01,4624,,CORP\mwhite,User,CORP,mwhite,mwhite,CORP,10.40.111.5,56921,11,NtLmSsp,,,,,,,,Microsoft-Windows-Security-Auditing,Security,SecurityEvent
2026-04-28T23:07:11Z,LAP-SALES-03,4624,,CORP\agarcia,User,CORP,agarcia,agarcia,CORP,172.31.72.172,64564,2,Negotiate,,,,,,,,Microsoft-Windows-Security-Auditing,Security,SecurityEvent
2026-04-28T23:07:13Z,LAP-SALES-03,4624,,CORP\dkim,User,CORP,dkim,dkim,CORP,172.19.30.174,56539,5,Kerberos,,,,,,,,Microsoft-Windows-Security-Auditing,Security,SecurityEvent
2026-04-28T23:07:13Z,WS-DEV-02,4624,,CORP\rmorales,User,CORP,rmorales,rmorales,CORP,10.246.145.123,58225,3,Negotiate,,,,,,,,Microsoft-Windows-Security-Auditing,Security,SecurityEvent
2026-04-28T23:07:14Z,WS-MKT-02,4688,,CORP\lwoods,User,CORP,lwoods,lwoods,CORP,,,,,,C:\Windows\System32\chrome.exe,C:\Windows\System32\chrome.exe,C:\Windows\System32\chrome.exe,"""C:\Windows\System32\chrome.exe""",,,Microsoft-Windows-Security-Auditing,Security,SecurityEvent
2026-04-28T23:07:17Z,WS-IT-02,4624,,CORP\rmorales,User,CORP,rmorales,rmorales,CORP,10.220.41.191,60843,5,Advapi,,,,,,,,Microsoft-Windows-Security-Auditing,Security,SecurityEvent
2026-04-28T23:07:21Z,WS-OPS-01,4624,,CORP\ehernandez,User,CORP,ehernandez,ehernandez,CORP,10.10.192.145,56251,11,Negotiate,,,,,,,,Microsoft-Windows-Security-Auditing,Security,SecurityEvent
2026-04-28T23:07:31Z,WS-MKT-01,4697,,CORP\mwhite,User,CORP,mwhite,mwhite,CORP,,,,,,,,,,svc-55a294a1,C:\Program Files\svc-55a294a1\svc-55a294a1.exe,Microsoft-Windows-Security-Auditing,Security,SecurityEvent
2026-04-28T23:07:39Z,WS-IT-02,4624,,CORP\tnguyen,User,CORP,tnguyen,tnguyen,CORP,10.111.176.76,53766,5,Negotiate,,,,,,,,Microsoft-Windows-Security-Auditing,Security,SecurityEvent
2026-04-28T23:07:44Z,LAP-SALES-03,4634,,CORP\mwhite,User,CORP,mwhite,mwhite,CORP,,,11,NtLmSsp,,,,,,,,Microsoft-Windows-Security-Auditing,Security,SecurityEvent
2026-04-28T23:08:04Z,WS-HR-03,4625,,CORP\kpatel,User,CORP,kpatel,kpatel,CORP,10.110.40.195,60910,4,NtLmSsp,Unknown user name or bad password.,,,,,,,Microsoft-Windows-Security-Auditing,Security,SecurityEvent
2026-04-28T23:08:04Z,WS-IT-01,4624,,CORP\bsato,User,CORP,bsato,bsato,CORP,10.119.67.84,64099,3,Kerberos,,,,,,,,Microsoft-Windows-Security-Auditing,Security,SecurityEvent
2026-04-28T23:08:17Z,WS-OPS-02,4624,,CORP\jharris,User,CORP,jharris,jharris,CORP,10.192.132.231,62885,3,Kerberos,,,,,,,,Microsoft-Windows-Security-Auditing,Security,SecurityEvent
2026-04-28T23:08:35Z,SVR-WEB-01,4688,,CORP\rmorales,User,CORP,rmorales,rmorales,CORP,,,,,,C:\Windows\System32\svchost.exe,C:\Windows\System32\svchost.exe,C:\Windows\System32\csrss.exe,"""C:\Windows\System32\svchost.exe""",,,Microsoft-Windows-Security-Auditing,Security,SecurityEvent
2026-04-28T23:08:40Z,LAP-SALES-03,4624,,CORP\jharris,User,CORP,jharris,jharris,CORP,10.155.164.22,63739,5,Kerberos,,,,,,,,Microsoft-Windows-Security-Auditing,Security,SecurityEvent
2026-04-28T23:09:02Z,WS-OPS-01,4720,,CORP\mwhite,User,CORP,mwhite,newuser224,CORP,,,,,,,,,,,,Microsoft-Windows-Security-Auditing,Security,SecurityEvent
2026-04-28T23:09:10Z,WS-IT-01,4624,,CORP\jharris,User,CORP,jharris,jharris,CORP,10.99.30.243,54030,5,Negotiate,,,,,,,,Microsoft-Windows-Security-Auditing,Security,SecurityEvent
2026-04-28T23:09:19Z,WS-OPS-02,4688,,CORP\bsato,User,CORP,bsato,bsato,CORP,,,,,,C:\Windows\System32\wininit.exe,C:\Windows\System32\wininit.exe,C:\Windows\System32\Teams.exe,"""C:\Windows\System32\wininit.exe""",,,Microsoft-Windows-Security-Auditing,Security,SecurityEvent
2026-04-28T23:09:30Z,WS-OPS-01,4624,,CORP\jharris,User,CORP,jharris,jharris,CORP,172.25.115.169,64635,11,Negotiate,,,,,,,,Microsoft-Windows-Security-Auditing,Security,SecurityEvent
2026-04-28T23:09:31Z,WS-MKT-01,4625,,CORP\kpatel,User,CORP,kpatel,kpatel,CORP,10.136.96.150,54737,10,Kerberos,Unknown user name or bad password.,,,,,,,Microsoft-Windows-Security-Auditing,Security,SecurityEvent
2026-04-28T23:09:47Z,WS-OPS-02,4688,,CORP\lwoods,User,CORP,lwoods,lwoods,CORP,,,,,,C:\Windows\System32\msiexec.exe,C:\Windows\System32\msiexec.exe,C:\Windows\System32\OneDrive.exe,"""C:\Windows\System32\msiexec.exe""",,,Microsoft-Windows-Security-Auditing,Security,SecurityEvent
2026-04-28T23:09:53Z,WS-FINANCE-01,4624,,CORP\tnguyen,User,CORP,tnguyen,tnguyen,CORP,10.90.182.210,50764,10,NtLmSsp,,,,,,,,Microsoft-Windows-Security-Auditing,Security,SecurityEvent
2026-04-28T23:09:57Z,LAP-EXEC-01,4634,,CORP\sthompson,User,CORP,sthompson,sthompson,CORP,,,3,Negotiate,,,,,,,,Microsoft-Windows-Security-Auditing,Security,SecurityEvent
2026-04-28T23:09:58Z,SVR-WEB-01,4624,,CORP\agarcia,User,CORP,agarcia,agarcia,CORP,10.36.205.243,55220,7,User32,,,,,,,,Microsoft-Windows-Security-Auditing,Security,SecurityEvent
2026-04-28T23:09:59Z,WS-IT-02,4624,,CORP\lwoods,User,CORP,lwoods,lwoods,CORP,172.22.91.195,61505,5,Negotiate,,,,,,,,Microsoft-Windows-Security-Auditing,Security,SecurityEvent
2026-04-28T23:10:16Z,WS-OPS-01,4688,,CORP\lwoods,User,CORP,lwoods,lwoods,CORP,,,,,,C:\Windows\System32\winlogon.exe,C:\Windows\System32\winlogon.exe,C:\Windows\System32\chrome.exe,"""C:\Windows\System32\winlogon.exe""",,,Microsoft-Windows-Security-Auditing,Security,SecurityEvent
2026-04-28T23:10:23Z,WS-IT-01,4624,,CORP\kpatel,User,CORP,kpatel,kpatel,CORP,10.11.32.226,54005,3,NtLmSsp,,,,,,,,Microsoft-Windows-Security-Auditing,Security,SecurityEvent
2026-04-28T23:10:27Z,SVR-DC-01,4624,,CORP\tnguyen,User,CORP,tnguyen,tnguyen,CORP,192.168.51.194,59133,5,Negotiate,,,,,,,,Microsoft-Windows-Security-Auditing,Security,SecurityEvent
2026-04-28T23:10:38Z,WS-MKT-02,4624,,CORP\lwoods,User,CORP,lwoods,lwoods,CORP,10.122.137.184,57272,3,Seclogo,,,,,,,,Microsoft-Windows-Security-Auditing,Security,SecurityEvent
2026-04-28T23:10:50Z,SVR-DC-01,4624,,CORP\lwoods,User,CORP,lwoods,lwoods,CORP,10.190.252.191,57454,3,Kerberos,,,,,,,,Microsoft-Windows-Security-Auditing,Security,SecurityEvent
2026-04-28T23:10:52Z,SVR-DC-01,4624,,CORP\rmorales,User,CORP,rmorales,rmorales,CORP,172.26.182.191,49393,2,Kerberos,,,,,,,,Microsoft-Windows-Security-Auditing,Security,SecurityEvent
2026-04-28T23:10:53Z,SVR-WEB-01,4625,,CORP\olopez,User,CORP,olopez,olopez,CORP,10.86.43.220,65013,3,Kerberos,Account currently disabled.,,,,,,,Microsoft-Windows-Security-Auditing,Security,SecurityEvent
2026-04-28T23:10:55Z,SVR-DC-01,4634,,CORP\lwoods,User,CORP,lwoods,lwoods,CORP,,,11,Seclogo,,,,,,,,Microsoft-Windows-Security-Auditing,Security,SecurityEvent
2026-04-28T23:10:57Z,WS-FINANCE-01,4624,,CORP\rmorales,User,CORP,rmorales,rmorales,CORP,10.115.65.153,64254,7,Kerberos,,,,,,,,Microsoft-Windows-Security-Auditing,Security,SecurityEvent
2026-04-28T23:11:07Z,LAP-EXEC-01,4624,,CORP\ehernandez,User,CORP,ehernandez,ehernandez,CORP,172.28.181.187,59982,3,NtLmSsp,,,,,,,,Microsoft-Windows-Security-Auditing,Security,SecurityEvent
2026-04-28T23:11:23Z,WS-MKT-01,4624,,CORP\olopez,User,CORP,olopez,olopez,CORP,10.208.226.137,52210,5,Kerberos,,,,,,,,Microsoft-Windows-Security-Auditing,Security,SecurityEvent
2026-04-28T23:11:29Z,WS-OPS-01,4697,,CORP\olopez,User,CORP,olopez,olopez,CORP,,,,,,,,,,svc-48bd4fe0,C:\Program Files\svc-48bd4fe0\svc-48bd4fe0.exe,Microsoft-Windows-Security-Auditing,Security,SecurityEvent
2026-04-28T23:11:29Z,WS-IT-01,4624,,CORP\agarcia,User,CORP,agarcia,agarcia,CORP,10.192.248.184,56903,3,Negotiate,,,,,,,,Microsoft-Windows-Security-Auditing,Security,SecurityEvent
2026-04-28T23:11:45Z,WS-MKT-01,4624,,CORP\lwoods,User,CORP,lwoods,lwoods,CORP,10.51.9.157,63831,5,Seclogo,,,,,,,,Microsoft-Windows-Security-Auditing,Security,SecurityEvent
2026-04-28T23:11:54Z,WS-MKT-01,4624,,CORP\tnguyen,User,CORP,tnguyen,tnguyen,CORP,172.25.49.144,60887,3,User32,,,,,,,,Microsoft-Windows-Security-Auditing,Security,SecurityEvent
2026-04-28T23:12:00Z,LAP-SALES-03,4688,,CORP\sthompson,User,CORP,sthompson,sthompson,CORP,,,,,,C:\Windows\System32\OneDrive.exe,C:\Windows\System32\OneDrive.exe,C:\Windows\System32\chrome.exe,"""C:\Windows\System32\OneDrive.exe""",,,Microsoft-Windows-Security-Auditing,Security,SecurityEvent
2026-04-28T23:12:11Z,LAP-SALES-03,4625,,CORP\rmorales,User,CORP,rmorales,rmorales,CORP,10.156.38.171,62932,10,Negotiate,Account locked out.,,,,,,,Microsoft-Windows-Security-Auditing,Security,SecurityEvent
2026-04-28T23:12:15Z,LAP-EXEC-01,4688,,CORP\ehernandez,User,CORP,ehernandez,ehernandez,CORP,,,,,,C:\Windows\System32\chrome.exe,C:\Windows\System32\chrome.exe,C:\Windows\System32\smss.exe,"""C:\Windows\System32\chrome.exe""",,,Microsoft-Windows-Security-Auditing,Security,SecurityEvent
2026-04-28T23:12:19Z,SVR-DC-01,4624,,CORP\dkim,User,CORP,dkim,dkim,CORP,172.23.135.7,55820,11,NtLmSsp,,,,,,,,Microsoft-Windows-Security-Auditing,Security,SecurityEvent
2026-04-28T23:12:38Z,SVR-WEB-01,4688,,CORP\jharris,User,CORP,jharris,jharris,CORP,,,,,,C:\Windows\System32\svchost.exe,C:\Windows\System32\svchost.exe,C:\Windows\System32\smss.exe,"""C:\Windows\System32\svchost.exe""",,,Microsoft-Windows-Security-Auditing,Security,SecurityEvent
2026-04-28T23:12:41Z,WS-MKT-02,4624,,CORP\olopez,User,CORP,olopez,olopez,CORP,172.17.234.232,56625,3,Kerberos,,,,,,,,Microsoft-Windows-Security-Auditing,Security,SecurityEvent
2026-04-28T23:12:42Z,WS-IT-02,4624,,CORP\sthompson,User,CORP,sthompson,sthompson,CORP,172.21.254.97,53469,3,Kerberos,,,,,,,,Microsoft-Windows-Security-Auditing,Security,SecurityEvent
2026-04-28T23:12:48Z,WS-MKT-01,4688,,CORP\kpatel,User,CORP,kpatel,kpatel,CORP,,,,,,C:\Windows\System32\Teams.exe,C:\Windows\System32\Teams.exe,C:\Windows\System32\SearchHost.exe,"""C:\Windows\System32\Teams.exe""",,,Microsoft-Windows-Security-Auditing,Security,SecurityEvent
2026-04-28T23:12:57Z,WS-OPS-02,4688,,CORP\bsato,User,CORP,bsato,bsato,CORP,,,,,,C:\Windows\System32\smss.exe,C:\Windows\System32\smss.exe,C:\Windows\System32\explorer.exe,"""C:\Windows\System32\smss.exe""",,,Microsoft-Windows-Security-Auditing,Security,SecurityEvent
2026-04-28T23:12:58Z,WS-MKT-01,4624,,CORP\jharris,User,CORP,jharris,jharris,CORP,172.30.146.62,57686,3,Negotiate,,,,,,,,Microsoft-Windows-Security-Auditing,Security,SecurityEvent
2026-04-28T23:13:01Z,SVR-WEB-01,4624,,CORP\olopez,User,CORP,olopez,olopez,CORP,10.3.131.180,60729,3,NtLmSsp,,,,,,,,Microsoft-Windows-Security-Auditing,Security,SecurityEvent
2026-04-28T23:13:12Z,SVR-WEB-01,4624,,CORP\lwoods,User,CORP,lwoods,lwoods,CORP,10.147.22.67,62117,2,Negotiate,,,,,,,,Microsoft-Windows-Security-Auditing,Security,SecurityEvent
2026-04-28T23:13:17Z,WS-DEV-02,4697,,CORP\agarcia,User,CORP,agarcia,agarcia,CORP,,,,,,,,,,svc-ccf3bf5e,C:\Program Files\svc-ccf3bf5e\svc-ccf3bf5e.exe,Microsoft-Windows-Security-Auditing,Security,SecurityEvent
2026-04-28T23:13:32Z,WS-DEV-02,4688,,CORP\sthompson,User,CORP,sthompson,sthompson,CORP,,,,,,C:\Windows\System32\taskmgr.exe,C:\Windows\System32\taskmgr.exe,C:\Windows\System32\services.exe,"""C:\Windows\System32\taskmgr.exe""",,,Microsoft-Windows-Security-Auditing,Security,SecurityEvent
2026-04-28T23:13:38Z,WS-IT-02,4624,,CORP\tnguyen,User,CORP,tnguyen,tnguyen,CORP,172.19.52.162,61583,2,Negotiate,,,,,,,,Microsoft-Windows-Security-Auditing,Security,SecurityEvent
2026-04-28T23:13:40Z,WS-OPS-02,4624,,CORP\agarcia,User,CORP,agarcia,agarcia,CORP,10.58.223.250,53954,3,Kerberos,,,,,,,,Microsoft-Windows-Security-Auditing,Security,SecurityEvent
2026-04-28T23:13:48Z,WS-DEV-02,4688,,CORP\mwhite,User,CORP,mwhite,mwhite,CORP,,,,,,C:\Windows\System32\WINWORD.EXE,C:\Windows\System32\WINWORD.EXE,C:\Windows\System32\smss.exe,"""C:\Windows\System32\WINWORD.EXE""",,,Microsoft-Windows-Security-Auditing,Security,SecurityEvent
2026-04-28T23:13:54Z,WS-IT-02,4688,,CORP\bsato,User,CORP,bsato,bsato,CORP,,,,,,C:\Windows\System32\WINWORD.EXE,C:\Windows\System32\WINWORD.EXE,C:\Windows\System32\taskmgr.exe,"""C:\Windows\System32\WINWORD.EXE""",,,Microsoft-Windows-Security-Auditing,Security,SecurityEvent
2026-04-28T23:14:01Z,WS-DEV-02,4624,,CORP\lwoods,User,CORP,lwoods,lwoods,CORP,10.238.103.168,61721,7,Kerberos,,,,,,,,Microsoft-Windows-Security-Auditing,Security,SecurityEvent
2026-04-28T23:14:06Z,WS-IT-01,4688,,CORP\bsato,User,CORP,bsato,bsato,CORP,,,,,,C:\Windows\System32\WINWORD.EXE,C:\Windows\System32\WINWORD.EXE,C:\Windows\System32\WINWORD.EXE,"""C:\Windows\System32\WINWORD.EXE""",,,Microsoft-Windows-Security-Auditing,Security,SecurityEvent
2026-04-28T23:14:12Z,SVR-DC-01,4688,,CORP\agarcia,User,CORP,agarcia,agarcia,CORP,,,,,,C:\Windows\System32\Teams.exe,C:\Windows\System32\Teams.exe,C:\Windows\System32\svchost.exe,"""C:\Windows\System32\Teams.exe""",,,Microsoft-Windows-Security-Auditing,Security,SecurityEvent
2026-04-28T23:14:14Z,SVR-DC-01,4624,,CORP\sthompson,User,CORP,sthompson,sthompson,CORP,10.82.239.123,54118,3,NtLmSsp,,,,,,,,Microsoft-Windows-Security-Auditing,Security,SecurityEvent
2026-04-28T23:14:15Z,WS-HR-03,4624,,CORP\rmorales,User,CORP,rmorales,rmorales,CORP,10.38.156.38,49970,3,NtLmSsp,,,,,,,,Microsoft-Windows-Security-Auditing,Security,SecurityEvent
2026-04-28T23:14:17Z,WS-OPS-02,4688,,CORP\mwhite,User,CORP,mwhite,mwhite,CORP,,,,,,C:\Windows\System32\lsass.exe,C:\Windows\System32\lsass.exe,C:\Windows\System32\firefox.exe,"""C:\Windows\System32\lsass.exe""",,,Microsoft-Windows-Security-Auditing,Security,SecurityEvent
2026-04-28T23:14:20Z,WS-HR-03,4624,,CORP\rmorales,User,CORP,rmorales,rmorales,CORP,10.242.2.194,52807,3,User32,,,,,,,,Microsoft-Windows-Security-Auditing,Security,SecurityEvent
2026-04-28T23:14:25Z,WS-MKT-02,4634,,CORP\sthompson,User,CORP,sthompson,sthompson,CORP,,,5,Kerberos,,,,,,,,Microsoft-Windows-Security-Auditing,Security,SecurityEvent
2026-04-28T23:14:52Z,LAP-SALES-03,4634,,CORP\bsato,User,CORP,bsato,bsato,CORP,,,3,NtLmSsp,,,,,,,,Microsoft-Windows-Security-Auditing,Security,SecurityEvent
2026-04-28T23:14:57Z,WS-DEV-02,4624,,CORP\tnguyen,User,CORP,tnguyen,tnguyen,CORP,10.168.119.221,55442,3,Negotiate,,,,,,,,Microsoft-Windows-Security-Auditing,Security,SecurityEvent
2026-04-28T23:15:01Z,WS-FINANCE-01,4688,,CORP\mwhite,User,CORP,mwhite,mwhite,CORP,,,,,,C:\Windows\System32\msiexec.exe,C:\Windows\System32\msiexec.exe,C:\Windows\System32\smss.exe,"""C:\Windows\System32\msiexec.exe""",,,Microsoft-Windows-Security-Auditing,Security,SecurityEvent
2026-04-28T23:15:03Z,LAP-EXEC-01,4672,,CORP\dkim,Admin,CORP,dkim,dkim,CORP,,,,,,,,,,,,Microsoft-Windows-Security-Auditing,Security,SecurityEvent
2026-04-28T23:15:19Z,WS-DEV-02,4688,,CORP\rmorales,User,CORP,rmorales,rmorales,CORP,,,,,,C:\Windows\System32\wininit.exe,C:\Windows\System32\wininit.exe,C:\Windows\System32\msedge.exe,"""C:\Windows\System32\wininit.exe""",,,Microsoft-Windows-Security-Auditing,Security,SecurityEvent
2026-04-28T23:15:23Z,WS-MKT-02,4672,,CORP\sthompson,Admin,CORP,sthompson,sthompson,CORP,,,,,,,,,,,,Microsoft-Windows-Security-Auditing,Security,SecurityEvent
2026-04-28T23:15:30Z,SVR-DC-01,4624,,CORP\jadams,User,CORP,jadams,jadams,CORP,10.0.20.5,53756,10,Kerberos,,,,,,,,Microsoft-Windows-Security-Auditing,Security,SecurityEvent
2026-04-28T23:15:43Z,WS-DEV-02,4688,,CORP\kpatel,User,CORP,kpatel,kpatel,CORP,,,,,,C:\Windows\System32\lsass.exe,C:\Windows\System32\lsass.exe,C:\Windows\System32\firefox.exe,"""C:\Windows\System32\lsass.exe""",,,Microsoft-Windows-Security-Auditing,Security,SecurityEvent
2026-04-28T23:15:46Z,WS-OPS-02,4634,,CORP\tnguyen,User,CORP,tnguyen,tnguyen,CORP,,,3,Kerberos,,,,,,,,Microsoft-Windows-Security-Auditing,Security,SecurityEvent
2026-04-28T23:15:47Z,WS-DEV-02,4688,,CORP\rmorales,User,CORP,rmorales,rmorales,CORP,,,,,,C:\Windows\System32\msedge.exe,C:\Windows\System32\msedge.exe,C:\Windows\System32\msiexec.exe,"""C:\Windows\System32\msedge.exe""",,,Microsoft-Windows-Security-Auditing,Security,SecurityEvent
2026-04-28T23:15:59Z,WS-DEV-02,4688,,CORP\rmorales,User,CORP,rmorales,rmorales,CORP,,,,,,C:\Windows\System32\OUTLOOK.EXE,C:\Windows\System32\OUTLOOK.EXE,C:\Windows\System32\WINWORD.EXE,"""C:\Windows\System32\OUTLOOK.EXE""",,,Microsoft-Windows-Security-Auditing,Security,SecurityEvent
2026-04-28T23:16:03Z,LAP-SALES-03,4688,,CORP\kpatel,User,CORP,kpatel,kpatel,CORP,,,,,,C:\Windows\System32\svchost.exe,C:\Windows\System32\svchost.exe,C:\Windows\System32\Teams.exe,"""C:\Windows\System32\svchost.exe""",,,Microsoft-Windows-Security-Auditing,Security,SecurityEvent
2026-04-28T23:16:15Z,SVR-DC-01,4624,,CORP\mwhite,User,CORP,mwhite,mwhite,CORP,10.212.148.67,59362,3,Kerberos,,,,,,,,Microsoft-Windows-Security-Auditing,Security,SecurityEvent
2026-04-28T23:16:16Z,SVR-DC-01,4688,,CORP\lwoods,User,CORP,lwoods,lwoods,CORP,,,,,,C:\Windows\System32\code.exe,C:\Windows\System32\code.exe,C:\Windows\System32\msiexec.exe,"""C:\Windows\System32\code.exe""",,,Microsoft-Windows-Security-Auditing,Security,SecurityEvent
2026-04-28T23:16:18Z,WS-IT-01,4624,,CORP\kpatel,User,CORP,kpatel,kpatel,CORP,172.24.0.152,63420,3,NtLmSsp,,,,,,,,Microsoft-Windows-Security-Auditing,Security,SecurityEvent
2026-04-28T23:16:22Z,WS-HR-03,4624,,CORP\kpatel,User,CORP,kpatel,kpatel,CORP,10.8.9.68,58316,11,Advapi,,,,,,,,Microsoft-Windows-Security-Auditing,Security,SecurityEvent
2026-04-28T23:16:27Z,WS-MKT-01,4688,,CORP\agarcia,User,CORP,agarcia,agarcia,CORP,,,,,,C:\Windows\System32\wininit.exe,C:\Windows\System32\wininit.exe,C:\Windows\System32\chrome.exe,"""C:\Windows\System32\wininit.exe""",,,Microsoft-Windows-Security-Auditing,Security,SecurityEvent
2026-04-28T23:16:31Z,WS-IT-02,4688,,CORP\jharris,User,CORP,jharris,jharris,CORP,,,,,,C:\Windows\System32\SearchHost.exe,C:\Windows\System32\SearchHost.exe,C:\Windows\System32\svchost.exe,"""C:\Windows\System32\SearchHost.exe""",,,Microsoft-Windows-Security-Auditing,Security,SecurityEvent
2026-04-28T23:16:34Z,WS-IT-01,4624,,CORP\lwoods,User,CORP,lwoods,lwoods,CORP,192.168.216.213,59549,3,NtLmSsp,,,,,,,,Microsoft-Windows-Security-Auditing,Security,SecurityEvent
2026-04-28T23:16:49Z,WS-IT-02,4624,,CORP\rmorales,User,CORP,rmorales,rmorales,CORP,192.168.49.176,61040,5,Kerberos,,,,,,,,Microsoft-Windows-Security-Auditing,Security,SecurityEvent
2026-04-28T23:16:52Z,LAP-SALES-03,4624,,CORP\sthompson,User,CORP,sthompson,sthompson,CORP,10.238.154.223,63766,3,NtLmSsp,,,,,,,,Microsoft-Windows-Security-Auditing,Security,SecurityEvent
2026-04-28T23:16:52Z,WS-OPS-01,4625,,CORP\mwhite,User,CORP,mwhite,mwhite,CORP,172.26.156.222,53534,5,Kerberos,Unknown user name or bad password.,,,,,,,Microsoft-Windows-Security-Auditing,Security,SecurityEvent
2026-04-28T23:16:54Z,WS-OPS-02,4624,,CORP\kpatel,User,CORP,kpatel,kpatel,CORP,10.71.251.95,53727,5,Kerberos,,,,,,,,Microsoft-Windows-Security-Auditing,Security,SecurityEvent
2026-04-28T23:16:56Z,LAP-SALES-03,4624,,CORP\ehernandez,User,CORP,ehernandez,ehernandez,CORP,10.214.16.123,54633,2,Kerberos,,,,,,,,Microsoft-Windows-Security-Auditing,Security,SecurityEvent
2026-04-28T23:17:03Z,WS-FINANCE-01,4732,,CORP\bsato,User,CORP,bsato,newuser221,CORP,,,,,,,,,,,,Microsoft-Windows-Security-Auditing,Security,SecurityEvent
2026-04-28T23:17:08Z,LAP-EXEC-01,4634,,CORP\jharris,User,CORP,jharris,jharris,CORP,,,3,Kerberos,,,,,,,,Microsoft-Windows-Security-Auditing,Security,SecurityEvent
2026-04-28T23:17:09Z,SVR-DC-01,4688,,CORP\agarcia,User,CORP,agarcia,agarcia,CORP,,,,,,C:\Windows\System32\WINWORD.EXE,C:\Windows\System32\WINWORD.EXE,C:\Windows\System32\explorer.exe,"""C:\Windows\System32\WINWORD.EXE""",,,Microsoft-Windows-Security-Auditing,Security,SecurityEvent
2026-04-28T23:17:18Z,WS-DEV-02,4624,,CORP\mwhite,User,CORP,mwhite,mwhite,CORP,10.166.158.129,59190,11,Kerberos,,,,,,,,Microsoft-Windows-Security-Auditing,Security,SecurityEvent
2026-04-28T23:17:18Z,WS-OPS-02,4624,,CORP\rmorales,User,CORP,rmorales,rmorales,CORP,10.229.146.33,57965,2,Kerberos,,,,,,,,Microsoft-Windows-Security-Auditing,Security,SecurityEvent
2026-04-28T23:17:28Z,LAP-EXEC-01,4624,,CORP\dkim,User,CORP,dkim,dkim,CORP,10.237.253.232,63132,3,NtLmSsp,,,,,,,,Microsoft-Windows-Security-Auditing,Security,SecurityEvent
2026-04-28T23:17:29Z,WS-OPS-01,4672,,CORP\kpatel,Admin,CORP,kpatel,kpatel,CORP,,,,,,,,,,,,Microsoft-Windows-Security-Auditing,Security,SecurityEvent
2026-04-28T23:17:34Z,WS-IT-01,4624,,CORP\dkim,User,CORP,dkim,dkim,CORP,172.21.174.94,58606,3,Advapi,,,,,,,,Microsoft-Windows-Security-Auditing,Security,SecurityEvent
2026-04-28T23:17:50Z,WS-OPS-02,4624,,CORP\olopez,User,CORP,olopez,olopez,CORP,10.16.159.196,56646,5,NtLmSsp,,,,,,,,Microsoft-Windows-Security-Auditing,Security,SecurityEvent
2026-04-28T23:18:03Z,WS-HR-03,4624,,CORP\rmorales,User,CORP,rmorales,rmorales,CORP,10.27.58.168,60724,3,Kerberos,,,,,,,,Microsoft-Windows-Security-Auditing,Security,SecurityEvent
2026-04-28T23:18:03Z,WS-MKT-02,4688,,CORP\sthompson,User,CORP,sthompson,sthompson,CORP,,,,,,C:\Windows\System32\code.exe,C:\Windows\System32\code.exe,C:\Windows\System32\svchost.exe,"""C:\Windows\System32\code.exe""",,,Microsoft-Windows-Security-Auditing,Security,SecurityEvent
2026-04-28T23:18:04Z,WS-DEV-02,4624,,CORP\tnguyen,User,CORP,tnguyen,tnguyen,CORP,172.29.233.85,57710,10,Negotiate,,,,,,,,Microsoft-Windows-Security-Auditing,Security,SecurityEvent
2026-04-28T23:18:21Z,WS-IT-02,4624,,CORP\lwoods,User,CORP,lwoods,lwoods,CORP,172.19.42.88,63343,5,Negotiate,,,,,,,,Microsoft-Windows-Security-Auditing,Security,SecurityEvent
2026-04-28T23:18:26Z,WS-FINANCE-01,4624,,CORP\agarcia,User,CORP,agarcia,agarcia,CORP,10.24.5.169,64283,3,NtLmSsp,,,,,,,,Microsoft-Windows-Security-Auditing,Security,SecurityEvent
2026-04-28T23:18:30Z,SVR-DC-01,4688,,CORP\mwhite,User,CORP,mwhite,mwhite,CORP,,,,,,C:\Windows\System32\chrome.exe,C:\Windows\System32\chrome.exe,C:\Windows\System32\lsass.exe,"""C:\Windows\System32\chrome.exe""",,,Microsoft-Windows-Security-Auditing,Security,SecurityEvent
2026-04-28T23:18:32Z,SVR-WEB-01,4624,,CORP\lwoods,User,CORP,lwoods,lwoods,CORP,10.67.16.195,64996,10,Negotiate,,,,,,,,Microsoft-Windows-Security-Auditing,Security,SecurityEvent
2026-04-28T23:18:37Z,WS-IT-01,4625,,CORP\tnguyen,User,CORP,tnguyen,tnguyen,CORP,10.41.211.204,51152,10,User32,Unknown user name or bad password.,,,,,,,Microsoft-Windows-Security-Auditing,Security,SecurityEvent
2026-04-28T23:18:39Z,WS-MKT-01,4688,,CORP\rmorales,User,CORP,rmorales,rmorales,CORP,,,,,,C:\Windows\System32\services.exe,C:\Windows\System32\services.exe,C:\Windows\System32\code.exe,"""C:\Windows\System32\services.exe""",,,Microsoft-Windows-Security-Auditing,Security,SecurityEvent
2026-04-28T23:18:52Z,WS-HR-03,4634,,CORP\rmorales,User,CORP,rmorales,rmorales,CORP,,,11,User32,,,,,,,,Microsoft-Windows-Security-Auditing,Security,SecurityEvent
2026-04-28T23:18:59Z,WS-DEV-02,4624,,CORP\mwhite,User,CORP,mwhite,mwhite,CORP,10.51.177.113,64488,5,NtLmSsp,,,,,,,,Microsoft-Windows-Security-Auditing,Security,SecurityEvent
2026-04-28T23:19:19Z,WS-OPS-02,4624,,CORP\kpatel,User,CORP,kpatel,kpatel,CORP,10.18.205.128,51625,11,Kerberos,,,,,,,,Microsoft-Windows-Security-Auditing,Security,SecurityEvent
2026-04-28T23:19:20Z,WS-IT-01,4624,,CORP\tnguyen,User,CORP,tnguyen,tnguyen,CORP,172.21.209.241,58850,3,NtLmSsp,,,,,,,,Microsoft-Windows-Security-Auditing,Security,SecurityEvent
2026-04-28T23:19:37Z,WS-MKT-01,4624,,CORP\dkim,User,CORP,dkim,dkim,CORP,10.105.97.95,63138,3,NtLmSsp,,,,,,,,Microsoft-Windows-Security-Auditing,Security,SecurityEvent
2026-04-28T23:19:43Z,WS-IT-01,4624,,CORP\rmorales,User,CORP,rmorales,rmorales,CORP,172.23.124.244,54494,11,Kerberos,,,,,,,,Microsoft-Windows-Security-Auditing,Security,SecurityEvent
2026-04-28T23:19:46Z,WS-IT-01,4625,,CORP\dkim,User,CORP,dkim,dkim,CORP,10.54.255.192,53245,2,Negotiate,The user has not been granted the requested logon type at this machine.,,,,,,,Microsoft-Windows-Security-Auditing,Security,SecurityEvent
2026-04-28T23:19:50Z,WS-OPS-01,4624,,CORP\ehernandez,User,CORP,ehernandez,ehernandez,CORP,172.17.97.205,65048,7,Kerberos,,,,,,,,Microsoft-Windows-Security-Auditing,Security,SecurityEvent
2026-04-28T23:19:56Z,SVR-WEB-01,4688,,CORP\lwoods,User,CORP,lwoods,lwoods,CORP,,,,,,C:\Windows\System32\WINWORD.EXE,C:\Windows\System32\WINWORD.EXE,C:\Windows\System32\firefox.exe,"""C:\Windows\System32\WINWORD.EXE""",,,Microsoft-Windows-Security-Auditing,Security,SecurityEvent
2026-04-28T23:19:59Z,WS-OPS-02,4624,,CORP\olopez,User,CORP,olopez,olopez,CORP,172.29.158.211,58443,11,Kerberos,,,,,,,,Microsoft-Windows-Security-Auditing,Security,SecurityEvent
2026-04-28T23:20:07Z,WS-HR-03,4625,,CORP\mwhite,User,CORP,mwhite,mwhite,CORP,10.158.154.237,61051,2,Kerberos,Unknown user name or bad password.,,,,,,,Microsoft-Windows-Security-Auditing,Security,SecurityEvent
2026-04-28T23:20:34Z,LAP-SALES-03,4688,,CORP\tnguyen,User,CORP,tnguyen,tnguyen,CORP,,,,,,C:\Windows\System32\EXCEL.EXE,C:\Windows\System32\EXCEL.EXE,C:\Windows\System32\winlogon.exe,"""C:\Windows\System32\EXCEL.EXE""",,,Microsoft-Windows-Security-Auditing,Security,SecurityEvent
2026-04-28T23:20:45Z,WS-DEV-02,4624,,CORP\rmorales,User,CORP,rmorales,rmorales,CORP,10.222.23.180,56815,3,Kerberos,,,,,,,,Microsoft-Windows-Security-Auditing,Security,SecurityEvent
2026-04-28T23:20:46Z,WS-HR-03,4624,,CORP\sthompson,User,CORP,sthompson,sthompson,CORP,10.4.90.158,60831,5,NtLmSsp,,,,,,,,Microsoft-Windows-Security-Auditing,Security,SecurityEvent
2026-04-28T23:21:00Z,WS-MKT-02,4625,,CORP\tnguyen,User,CORP,tnguyen,tnguyen,CORP,10.233.244.141,64463,2,Kerberos,The user has not been granted the requested logon type at this machine.,,,,,,,Microsoft-Windows-Security-Auditing,Security,SecurityEvent
2026-04-28T23:21:01Z,LAP-SALES-03,4624,,CORP\ehernandez,User,CORP,ehernandez,ehernandez,CORP,10.194.141.123,54509,2,Negotiate,,,,,,,,Microsoft-Windows-Security-Auditing,Security,SecurityEvent
2026-04-28T23:21:12Z,LAP-SALES-03,4624,,CORP\agarcia,User,CORP,agarcia,agarcia,CORP,10.47.104.154,57604,10,Kerberos,,,,,,,,Microsoft-Windows-Security-Auditing,Security,SecurityEvent
2026-04-28T23:21:12Z,WS-DEV-02,4688,,CORP\kpatel,User,CORP,kpatel,kpatel,CORP,,,,,,C:\Windows\System32\msedge.exe,C:\Windows\System32\msedge.exe,C:\Windows\System32\winlogon.exe,"""C:\Windows\System32\msedge.exe""",,,Microsoft-Windows-Security-Auditing,Security,SecurityEvent
2026-04-28T23:21:15Z,WS-IT-02,4624,,CORP\tnguyen,User,CORP,tnguyen,tnguyen,CORP,192.168.35.39,57887,3,Kerberos,,,,,,,,Microsoft-Windows-Security-Auditing,Security,SecurityEvent
2026-04-28T23:21:24Z,WS-HR-03,4624,,CORP\lwoods,User,CORP,lwoods,lwoods,CORP,172.20.205.35,55473,2,Negotiate,,,,,,,,Microsoft-Windows-Security-Auditing,Security,SecurityEvent
2026-04-28T23:21:35Z,WS-MKT-02,4688,,CORP\kpatel,User,CORP,kpatel,kpatel,CORP,,,,,,C:\Windows\System32\WINWORD.EXE,C:\Windows\System32\WINWORD.EXE,C:\Windows\System32\services.exe,"""C:\Windows\System32\WINWORD.EXE""",,,Microsoft-Windows-Security-Auditing,Security,SecurityEvent
2026-04-28T23:21:43Z,WS-OPS-02,4625,,CORP\sthompson,User,CORP,sthompson,sthompson,CORP,10.217.57.83,54387,3,Kerberos,Unknown user name or bad password.,,,,,,,Microsoft-Windows-Security-Auditing,Security,SecurityEvent
2026-04-28T23:21:44Z,WS-FINANCE-01,4688,,CORP\rmorales,User,CORP,rmorales,rmorales,CORP,,,,,,C:\Windows\System32\wininit.exe,C:\Windows\System32\wininit.exe,C:\Windows\System32\csrss.exe,"""C:\Windows\System32\wininit.exe""",,,Microsoft-Windows-Security-Auditing,Security,SecurityEvent
2026-04-28T23:21:45Z,WS-OPS-02,4624,,CORP\jharris,User,CORP,jharris,jharris,CORP,10.126.151.189,53371,10,Seclogo,,,,,,,,Microsoft-Windows-Security-Auditing,Security,SecurityEvent
2026-04-28T23:21:50Z,LAP-SALES-03,4625,,CORP\tnguyen,User,CORP,tnguyen,tnguyen,CORP,172.26.126.91,56628,10,Negotiate,Unknown user name or bad password.,,,,,,,Microsoft-Windows-Security-Auditing,Security,SecurityEvent
2026-04-28T23:21:58Z,WS-DEV-02,4625,,CORP\kpatel,User,CORP,kpatel,kpatel,CORP,10.127.45.65,56593,11,Kerberos,Unknown user name or bad password.,,,,,,,Microsoft-Windows-Security-Auditing,Security,SecurityEvent
2026-04-28T23:21:58Z,WS-FINANCE-01,4634,,CORP\agarcia,User,CORP,agarcia,agarcia,CORP,,,7,Kerberos,,,,,,,,Microsoft-Windows-Security-Auditing,Security,SecurityEvent
2026-04-28T23:22:08Z,WS-DEV-02,4634,,CORP\mwhite,User,CORP,mwhite,mwhite,CORP,,,3,User32,,,,,,,,Microsoft-Windows-Security-Auditing,Security,SecurityEvent
2026-04-28T23:22:14Z,WS-OPS-01,4688,,CORP\agarcia,User,CORP,agarcia,agarcia,CORP,,,,,,C:\Windows\System32\services.exe,C:\Windows\System32\services.exe,C:\Windows\System32\services.exe,"""C:\Windows\System32\services.exe""",,,Microsoft-Windows-Security-Auditing,Security,SecurityEvent
2026-04-28T23:22:26Z,WS-MKT-01,4624,,CORP\kpatel,User,CORP,kpatel,kpatel,CORP,172.30.233.63,60695,7,Kerberos,,,,,,,,Microsoft-Windows-Security-Auditing,Security,SecurityEvent
2026-04-28T23:22:31Z,WS-FINANCE-01,4634,,CORP\lwoods,User,CORP,lwoods,lwoods,CORP,,,10,Kerberos,,,,,,,,Microsoft-Windows-Security-Auditing,Security,SecurityEvent
2026-04-28T23:22:44Z,WS-IT-02,4624,,CORP\jharris,User,CORP,jharris,jharris,CORP,172.21.195.5,64539,3,Kerberos,,,,,,,,Microsoft-Windows-Security-Auditing,Security,SecurityEvent
2026-04-28T23:22:45Z,WS-HR-03,4688,,CORP\olopez,User,CORP,olopez,olopez,CORP,,,,,,C:\Windows\System32\chrome.exe,C:\Windows\System32\chrome.exe,C:\Windows\System32\lsass.exe,"""C:\Windows\System32\chrome.exe""",,,Microsoft-Windows-Security-Auditing,Security,SecurityEvent
2026-04-28T23:22:50Z,WS-MKT-01,4624,,CORP\tnguyen,User,CORP,tnguyen,tnguyen,CORP,172.21.69.228,58994,3,Kerberos,,,,,,,,Microsoft-Windows-Security-Auditing,Security,SecurityEvent
2026-04-28T23:22:52Z,WS-DEV-02,4697,,CORP\rmorales,User,CORP,rmorales,rmorales,CORP,,,,,,,,,,svc-bb28fa4b,C:\Program Files\svc-bb28fa4b\svc-bb28fa4b.exe,Microsoft-Windows-Security-Auditing,Security,SecurityEvent
2026-04-28T23:22:55Z,SVR-DC-01,4624,,CORP\tnguyen,User,CORP,tnguyen,tnguyen,CORP,10.208.10.198,52807,5,Kerberos,,,,,,,,Microsoft-Windows-Security-Auditing,Security,SecurityEvent
2026-04-28T23:22:58Z,SVR-WEB-01,4624,,CORP\dkim,User,CORP,dkim,dkim,CORP,192.168.211.163,64126,11,Kerberos,,,,,,,,Microsoft-Windows-Security-Auditing,Security,SecurityEvent
2026-04-28T23:23:07Z,WS-FINANCE-01,4624,,CORP\rmorales,User,CORP,rmorales,rmorales,CORP,10.195.105.187,54024,3,Kerberos,,,,,,,,Microsoft-Windows-Security-Auditing,Security,SecurityEvent
2026-04-28T23:23:10Z,WS-MKT-02,4624,,CORP\kpatel,User,CORP,kpatel,kpatel,CORP,10.177.47.18,63813,5,Kerberos,,,,,,,,Microsoft-Windows-Security-Auditing,Security,SecurityEvent
2026-04-28T23:23:27Z,WS-MKT-02,4625,,CORP\kpatel,User,CORP,kpatel,kpatel,CORP,172.20.212.62,54115,5,NtLmSsp,The user has not been granted the requested logon type at this machine.,,,,,,,Microsoft-Windows-Security-Auditing,Security,SecurityEvent
2026-04-28T23:23:29Z,LAP-SALES-03,4624,,CORP\jharris,User,CORP,jharris,jharris,CORP,172.17.110.16,58206,2,Kerberos,,,,,,,,Microsoft-Windows-Security-Auditing,Security,SecurityEvent
2026-04-28T23:23:32Z,WS-FINANCE-01,4634,,CORP\tnguyen,User,CORP,tnguyen,tnguyen,CORP,,,2,NtLmSsp,,,,,,,,Microsoft-Windows-Security-Auditing,Security,SecurityEvent
2026-04-28T23:23:37Z,WS-OPS-01,4634,,CORP\dkim,User,CORP,dkim,dkim,CORP,,,3,NtLmSsp,,,,,,,,Microsoft-Windows-Security-Auditing,Security,SecurityEvent
2026-04-28T23:23:45Z,WS-OPS-01,4625,,CORP\tnguyen,User,CORP,tnguyen,tnguyen,CORP,172.28.140.136,56658,3,NtLmSsp,The specified account's password has expired.,,,,,,,Microsoft-Windows-Security-Auditing,Security,SecurityEvent
2026-04-28T23:23:46Z,WS-IT-01,4688,,CORP\olopez,User,CORP,olopez,olopez,CORP,,,,,,C:\Windows\System32\svchost.exe,C:\Windows\System32\svchost.exe,C:\Windows\System32\OUTLOOK.EXE,"""C:\Windows\System32\svchost.exe""",,,Microsoft-Windows-Security-Auditing,Security,SecurityEvent
2026-04-28T23:24:03Z,WS-OPS-02,4624,,CORP\tnguyen,User,CORP,tnguyen,tnguyen,CORP,172.16.87.239,59808,2,NtLmSsp,,,,,,,,Microsoft-Windows-Security-Auditing,Security,SecurityEvent
2026-04-28T23:24:08Z,LAP-EXEC-01,4688,,CORP\bsato,User,CORP,bsato,bsato,CORP,,,,,,C:\Windows\System32\Teams.exe,C:\Windows\System32\Teams.exe,C:\Windows\System32\services.exe,"""C:\Windows\System32\Teams.exe""",,,Microsoft-Windows-Security-Auditing,Security,SecurityEvent
2026-04-28T23:24:23Z,WS-IT-01,4688,,CORP\ehernandez,User,CORP,ehernandez,ehernandez,CORP,,,,,,C:\Windows\System32\msiexec.exe,C:\Windows\System32\msiexec.exe,C:\Windows\System32\smss.exe,"""C:\Windows\System32\msiexec.exe""",,,Microsoft-Windows-Security-Auditing,Security,SecurityEvent
2026-04-28T23:24:26Z,LAP-EXEC-01,4624,,CORP\kpatel,User,CORP,kpatel,kpatel,CORP,10.226.135.24,53020,3,Kerberos,,,,,,,,Microsoft-Windows-Security-Auditing,Security,SecurityEvent
2026-04-28T23:24:42Z,WS-OPS-01,4688,,CORP\lwoods,User,CORP,lwoods,lwoods,CORP,,,,,,C:\Windows\System32\code.exe,C:\Windows\System32\code.exe,C:\Windows\System32\code.exe,"""C:\Windows\System32\code.exe""",,,Microsoft-Windows-Security-Auditing,Security,SecurityEvent
2026-04-28T23:24:43Z,WS-DEV-02,4634,,CORP\agarcia,User,CORP,agarcia,agarcia,CORP,,,11,Kerberos,,,,,,,,Microsoft-Windows-Security-Auditing,Security,SecurityEvent
2026-04-28T23:25:01Z,SVR-WEB-01,4625,,CORP\mwhite,User,CORP,mwhite,mwhite,CORP,172.25.108.10,50520,4,NtLmSsp,The specified account's password has expired.,,,,,,,Microsoft-Windows-Security-Auditing,Security,SecurityEvent
2026-04-28T23:25:13Z,WS-IT-01,4688,,CORP\tnguyen,User,CORP,tnguyen,tnguyen,CORP,,,,,,C:\Windows\System32\chrome.exe,C:\Windows\System32\chrome.exe,C:\Windows\System32\lsass.exe,"""C:\Windows\System32\chrome.exe""",,,Microsoft-Windows-Security-Auditing,Security,SecurityEvent
