2026-04-20T00:25:15Z,WS-MKT-01,4625,,CORP\kpatel,User,CORP,kpatel,kpatel,CORP,10.218.186.213,58372,3,Kerberos,Unknown user name or bad password.,,,,,,,Microsoft-Windows-Security-Auditing,Security,SecurityEvent
2026-04-20T00:27:33Z,WS-MKT-01,4625,,CORP\rmorales,User,CORP,rmorales,rmorales,CORP,10.79.137.129,52533,5,Kerberos,Unknown user name or bad password.,,,,,,,Microsoft-Windows-Security-Auditing,Security,SecurityEvent
2026-04-20T00:27:45Z,LAP-SALES-03,4634,,CORP\jharris,User,CORP,jharris,jharris,CORP,,,3,Kerberos,,,,,,,,Microsoft-Windows-Security-Auditing,Security,SecurityEvent
2026-04-20T00:29:53Z,WS-OPS-02,4688,,CORP\ehernandez,User,CORP,ehernandez,ehernandez,CORP,,,,,,C:\Windows\System32\wininit.exe,C:\Windows\System32\wininit.exe,C:\Windows\System32\services.exe,"""C:\Windows\System32\wininit.exe""",,,Microsoft-Windows-Security-Auditing,Security,SecurityEvent
2026-04-20T00:33:14Z,WS-OPS-01,4624,,CORP\kpatel,User,CORP,kpatel,kpatel,CORP,10.162.207.86,51479,3,Seclogo,,,,,,,,Microsoft-Windows-Security-Auditing,Security,SecurityEvent
2026-04-20T00:34:30Z,WS-DEV-02,4688,,CORP\dkim,User,CORP,dkim,dkim,CORP,,,,,,C:\Windows\System32\winlogon.exe,C:\Windows\System32\winlogon.exe,C:\Windows\System32\chrome.exe,"""C:\Windows\System32\winlogon.exe""",,,Microsoft-Windows-Security-Auditing,Security,SecurityEvent
2026-04-20T00:34:37Z,WS-IT-01,4688,,CORP\sthompson,User,CORP,sthompson,sthompson,CORP,,,,,,C:\Windows\System32\services.exe,C:\Windows\System32\services.exe,C:\Windows\System32\SearchHost.exe,"""C:\Windows\System32\services.exe""",,,Microsoft-Windows-Security-Auditing,Security,SecurityEvent
2026-04-20T00:38:31Z,WS-IT-02,4624,,CORP\lwoods,User,CORP,lwoods,lwoods,CORP,10.96.25.37,56091,5,Negotiate,,,,,,,,Microsoft-Windows-Security-Auditing,Security,SecurityEvent
2026-04-20T00:38:56Z,LAP-EXEC-01,4720,,CORP\agarcia,User,CORP,agarcia,newuser493,CORP,,,,,,,,,,,,Microsoft-Windows-Security-Auditing,Security,SecurityEvent
2026-04-20T00:39:12Z,WS-OPS-02,4688,,CORP\mwhite,User,CORP,mwhite,mwhite,CORP,,,,,,C:\Windows\System32\smss.exe,C:\Windows\System32\smss.exe,C:\Windows\System32\lsass.exe,"""C:\Windows\System32\smss.exe""",,,Microsoft-Windows-Security-Auditing,Security,SecurityEvent
2026-04-20T00:42:09Z,WS-OPS-01,4624,,CORP\sthompson,User,CORP,sthompson,sthompson,CORP,10.204.30.150,60769,3,Kerberos,,,,,,,,Microsoft-Windows-Security-Auditing,Security,SecurityEvent
2026-04-20T00:44:11Z,WS-DEV-02,4625,,CORP\rmorales,User,CORP,rmorales,rmorales,CORP,10.36.146.125,62585,2,Kerberos,The user has not been granted the requested logon type at this machine.,,,,,,,Microsoft-Windows-Security-Auditing,Security,SecurityEvent
2026-04-20T00:45:37Z,WS-IT-02,4624,,CORP\lwoods,User,CORP,lwoods,lwoods,CORP,10.139.112.217,60920,7,Kerberos,,,,,,,,Microsoft-Windows-Security-Auditing,Security,SecurityEvent
2026-04-20T00:48:33Z,WS-HR-03,4624,,CORP\mwhite,User,CORP,mwhite,mwhite,CORP,172.21.68.245,64100,11,Kerberos,,,,,,,,Microsoft-Windows-Security-Auditing,Security,SecurityEvent
2026-04-20T00:49:16Z,WS-OPS-01,4624,,CORP\rmorales,User,CORP,rmorales,rmorales,CORP,10.60.59.166,64724,5,Kerberos,,,,,,,,Microsoft-Windows-Security-Auditing,Security,SecurityEvent
2026-04-20T00:54:55Z,WS-MKT-02,4625,,CORP\ehernandez,User,CORP,ehernandez,ehernandez,CORP,172.20.50.241,53344,3,Kerberos,Unknown user name or bad password.,,,,,,,Microsoft-Windows-Security-Auditing,Security,SecurityEvent
2026-04-20T00:54:59Z,WS-OPS-01,4688,,CORP\olopez,User,CORP,olopez,olopez,CORP,,,,,,C:\Windows\System32\winlogon.exe,C:\Windows\System32\winlogon.exe,C:\Windows\System32\Teams.exe,"""C:\Windows\System32\winlogon.exe""",,,Microsoft-Windows-Security-Auditing,Security,SecurityEvent
2026-04-20T00:56:11Z,WS-OPS-01,4624,,CORP\jharris,User,CORP,jharris,jharris,CORP,172.25.147.197,52921,7,Kerberos,,,,,,,,Microsoft-Windows-Security-Auditing,Security,SecurityEvent
2026-04-20T00:56:12Z,WS-HR-03,4624,,CORP\agarcia,User,CORP,agarcia,agarcia,CORP,10.200.230.2,59418,5,NtLmSsp,,,,,,,,Microsoft-Windows-Security-Auditing,Security,SecurityEvent
2026-04-20T00:58:37Z,WS-OPS-02,4624,,CORP\lwoods,User,CORP,lwoods,lwoods,CORP,10.18.3.167,55150,4,Kerberos,,,,,,,,Microsoft-Windows-Security-Auditing,Security,SecurityEvent
2026-04-20T00:59:04Z,SVR-WEB-01,4624,,CORP\jharris,User,CORP,jharris,jharris,CORP,10.35.181.168,62897,5,NtLmSsp,,,,,,,,Microsoft-Windows-Security-Auditing,Security,SecurityEvent
2026-04-20T01:00:08Z,WS-HR-03,4624,,CORP\lwoods,User,CORP,lwoods,lwoods,CORP,10.177.152.131,64625,4,Kerberos,,,,,,,,Microsoft-Windows-Security-Auditing,Security,SecurityEvent
2026-04-20T01:00:47Z,WS-OPS-02,4634,,CORP\olopez,User,CORP,olopez,olopez,CORP,,,2,NtLmSsp,,,,,,,,Microsoft-Windows-Security-Auditing,Security,SecurityEvent
2026-04-20T01:04:40Z,WS-DEV-02,4624,,CORP\jharris,User,CORP,jharris,jharris,CORP,172.25.235.104,52033,7,Kerberos,,,,,,,,Microsoft-Windows-Security-Auditing,Security,SecurityEvent
2026-04-20T01:05:27Z,WS-HR-03,4625,,CORP\kpatel,User,CORP,kpatel,kpatel,CORP,10.62.42.141,50949,3,Seclogo,Unknown user name or bad password.,,,,,,,Microsoft-Windows-Security-Auditing,Security,SecurityEvent
2026-04-20T01:06:25Z,WS-MKT-02,4624,,CORP\bsato,User,CORP,bsato,bsato,CORP,10.128.182.119,52734,5,Kerberos,,,,,,,,Microsoft-Windows-Security-Auditing,Security,SecurityEvent
2026-04-20T01:06:29Z,WS-HR-03,4688,,CORP\ehernandez,User,CORP,ehernandez,ehernandez,CORP,,,,,,C:\Windows\System32\services.exe,C:\Windows\System32\services.exe,C:\Windows\System32\smss.exe,"""C:\Windows\System32\services.exe""",,,Microsoft-Windows-Security-Auditing,Security,SecurityEvent
2026-04-20T01:13:19Z,WS-OPS-01,4624,,CORP\rmorales,User,CORP,rmorales,rmorales,CORP,10.56.209.86,55626,3,NtLmSsp,,,,,,,,Microsoft-Windows-Security-Auditing,Security,SecurityEvent
2026-04-20T01:15:06Z,SVR-WEB-01,4688,,CORP\sthompson,User,CORP,sthompson,sthompson,CORP,,,,,,C:\Windows\System32\OUTLOOK.EXE,C:\Windows\System32\OUTLOOK.EXE,C:\Windows\System32\WINWORD.EXE,"""C:\Windows\System32\OUTLOOK.EXE""",,,Microsoft-Windows-Security-Auditing,Security,SecurityEvent
2026-04-20T01:20:07Z,WS-OPS-02,4688,,CORP\mwhite,User,CORP,mwhite,mwhite,CORP,,,,,,C:\Windows\System32\explorer.exe,C:\Windows\System32\explorer.exe,C:\Windows\System32\svchost.exe,"""C:\Windows\System32\explorer.exe""",,,Microsoft-Windows-Security-Auditing,Security,SecurityEvent
2026-04-20T01:20:21Z,WS-HR-03,4688,,CORP\agarcia,User,CORP,agarcia,agarcia,CORP,,,,,,C:\Windows\System32\Teams.exe,C:\Windows\System32\Teams.exe,C:\Windows\System32\smss.exe,"""C:\Windows\System32\Teams.exe""",,,Microsoft-Windows-Security-Auditing,Security,SecurityEvent
2026-04-20T01:21:46Z,WS-HR-03,4624,,CORP\bsato,User,CORP,bsato,bsato,CORP,192.168.85.11,60572,10,Kerberos,,,,,,,,Microsoft-Windows-Security-Auditing,Security,SecurityEvent
2026-04-20T01:22:06Z,SVR-DC-01,4624,,CORP\ehernandez,User,CORP,ehernandez,ehernandez,CORP,172.16.216.149,49257,3,Kerberos,,,,,,,,Microsoft-Windows-Security-Auditing,Security,SecurityEvent
2026-04-20T01:22:22Z,WS-FINANCE-01,4634,,CORP\olopez,User,CORP,olopez,olopez,CORP,,,7,NtLmSsp,,,,,,,,Microsoft-Windows-Security-Auditing,Security,SecurityEvent
2026-04-20T01:23:44Z,WS-MKT-01,4688,,CORP\jharris,User,CORP,jharris,jharris,CORP,,,,,,C:\Windows\System32\winlogon.exe,C:\Windows\System32\winlogon.exe,C:\Windows\System32\svchost.exe,"""C:\Windows\System32\winlogon.exe""",,,Microsoft-Windows-Security-Auditing,Security,SecurityEvent
2026-04-20T01:24:33Z,WS-OPS-02,4634,,CORP\mwhite,User,CORP,mwhite,mwhite,CORP,,,5,Negotiate,,,,,,,,Microsoft-Windows-Security-Auditing,Security,SecurityEvent
2026-04-20T01:24:47Z,WS-DEV-02,4624,,CORP\mwhite,User,CORP,mwhite,mwhite,CORP,10.45.96.208,59549,11,Kerberos,,,,,,,,Microsoft-Windows-Security-Auditing,Security,SecurityEvent
2026-04-20T01:26:41Z,WS-OPS-01,4688,,CORP\lwoods,User,CORP,lwoods,lwoods,CORP,,,,,,C:\Windows\System32\services.exe,C:\Windows\System32\services.exe,C:\Windows\System32\firefox.exe,"""C:\Windows\System32\services.exe""",,,Microsoft-Windows-Security-Auditing,Security,SecurityEvent
2026-04-20T01:27:07Z,WS-MKT-01,4624,,CORP\agarcia,User,CORP,agarcia,agarcia,CORP,10.29.68.75,54573,5,Kerberos,,,,,,,,Microsoft-Windows-Security-Auditing,Security,SecurityEvent
2026-04-20T01:29:48Z,LAP-EXEC-01,4625,,CORP\bsato,User,CORP,bsato,bsato,CORP,10.87.107.178,59967,10,User32,Unknown user name or bad password.,,,,,,,Microsoft-Windows-Security-Auditing,Security,SecurityEvent
2026-04-20T01:29:48Z,LAP-SALES-03,4625,,CORP\agarcia,User,CORP,agarcia,agarcia,CORP,10.78.32.222,64017,5,Negotiate,Unknown user name or bad password.,,,,,,,Microsoft-Windows-Security-Auditing,Security,SecurityEvent
2026-04-20T01:32:41Z,WS-OPS-01,4634,,CORP\jharris,User,CORP,jharris,jharris,CORP,,,3,Kerberos,,,,,,,,Microsoft-Windows-Security-Auditing,Security,SecurityEvent
2026-04-20T01:33:35Z,SVR-WEB-01,4625,,CORP\sthompson,User,CORP,sthompson,sthompson,CORP,10.70.131.63,56025,3,User32,Account locked out.,,,,,,,Microsoft-Windows-Security-Auditing,Security,SecurityEvent
2026-04-20T01:37:54Z,SVR-WEB-01,4672,,CORP\sthompson,Admin,CORP,sthompson,sthompson,CORP,,,,,,,,,,,,Microsoft-Windows-Security-Auditing,Security,SecurityEvent
2026-04-20T01:39:45Z,SVR-DC-01,4688,,CORP\sthompson,User,CORP,sthompson,sthompson,CORP,,,,,,C:\Windows\System32\svchost.exe,C:\Windows\System32\svchost.exe,C:\Windows\System32\smss.exe,"""C:\Windows\System32\svchost.exe""",,,Microsoft-Windows-Security-Auditing,Security,SecurityEvent
2026-04-20T01:40:08Z,WS-FINANCE-01,4688,,CORP\olopez,User,CORP,olopez,olopez,CORP,,,,,,C:\Windows\System32\winlogon.exe,C:\Windows\System32\winlogon.exe,C:\Windows\System32\chrome.exe,"""C:\Windows\System32\winlogon.exe""",,,Microsoft-Windows-Security-Auditing,Security,SecurityEvent
2026-04-20T01:40:50Z,LAP-SALES-03,4672,,CORP\kpatel,Admin,CORP,kpatel,kpatel,CORP,,,,,,,,,,,,Microsoft-Windows-Security-Auditing,Security,SecurityEvent
2026-04-20T01:45:32Z,WS-OPS-02,4688,,CORP\jharris,User,CORP,jharris,jharris,CORP,,,,,,C:\Windows\System32\lsass.exe,C:\Windows\System32\lsass.exe,C:\Windows\System32\Teams.exe,"""C:\Windows\System32\lsass.exe""",,,Microsoft-Windows-Security-Auditing,Security,SecurityEvent
2026-04-20T01:46:49Z,WS-FINANCE-01,4688,,CORP\rmorales,User,CORP,rmorales,rmorales,CORP,,,,,,C:\Windows\System32\Teams.exe,C:\Windows\System32\Teams.exe,C:\Windows\System32\SearchHost.exe,"""C:\Windows\System32\Teams.exe""",,,Microsoft-Windows-Security-Auditing,Security,SecurityEvent
2026-04-20T01:48:08Z,WS-OPS-01,4688,,CORP\tnguyen,User,CORP,tnguyen,tnguyen,CORP,,,,,,C:\Windows\System32\explorer.exe,C:\Windows\System32\explorer.exe,C:\Windows\System32\smss.exe,"""C:\Windows\System32\explorer.exe""",,,Microsoft-Windows-Security-Auditing,Security,SecurityEvent
2026-04-20T01:48:27Z,SVR-WEB-01,4624,,CORP\mwhite,User,CORP,mwhite,mwhite,CORP,10.117.163.111,61098,3,Advapi,,,,,,,,Microsoft-Windows-Security-Auditing,Security,SecurityEvent
2026-04-20T01:49:19Z,WS-IT-02,4625,,CORP\mwhite,User,CORP,mwhite,mwhite,CORP,10.229.210.19,56563,2,Kerberos,Account currently disabled.,,,,,,,Microsoft-Windows-Security-Auditing,Security,SecurityEvent
2026-04-20T01:51:23Z,WS-FINANCE-01,4688,,CORP\sthompson,User,CORP,sthompson,sthompson,CORP,,,,,,C:\Windows\System32\wininit.exe,C:\Windows\System32\wininit.exe,C:\Windows\System32\csrss.exe,"""C:\Windows\System32\wininit.exe""",,,Microsoft-Windows-Security-Auditing,Security,SecurityEvent
2026-04-20T01:51:56Z,WS-IT-01,4624,,CORP\mwhite,User,CORP,mwhite,mwhite,CORP,10.49.185.232,65478,3,Kerberos,,,,,,,,Microsoft-Windows-Security-Auditing,Security,SecurityEvent
2026-04-20T01:57:37Z,WS-MKT-02,4624,,CORP\jharris,User,CORP,jharris,jharris,CORP,10.156.119.45,51111,5,Seclogo,,,,,,,,Microsoft-Windows-Security-Auditing,Security,SecurityEvent
2026-04-20T01:59:53Z,WS-MKT-01,4625,,CORP\dkim,User,CORP,dkim,dkim,CORP,172.22.216.149,55032,3,Kerberos,The specified account's password has expired.,,,,,,,Microsoft-Windows-Security-Auditing,Security,SecurityEvent
2026-04-20T02:02:56Z,LAP-SALES-03,4625,,CORP\agarcia,User,CORP,agarcia,agarcia,CORP,10.135.43.92,57602,5,Advapi,Unknown user name or bad password.,,,,,,,Microsoft-Windows-Security-Auditing,Security,SecurityEvent
2026-04-20T02:02:59Z,WS-FINANCE-01,4634,,CORP\sthompson,User,CORP,sthompson,sthompson,CORP,,,5,User32,,,,,,,,Microsoft-Windows-Security-Auditing,Security,SecurityEvent
2026-04-20T02:03:00Z,WS-FINANCE-01,4624,,CORP\mwhite,User,CORP,mwhite,mwhite,CORP,10.39.143.113,59171,11,NtLmSsp,,,,,,,,Microsoft-Windows-Security-Auditing,Security,SecurityEvent
2026-04-20T02:04:39Z,LAP-EXEC-01,4624,,CORP\mwhite,User,CORP,mwhite,mwhite,CORP,172.21.163.149,61968,5,Negotiate,,,,,,,,Microsoft-Windows-Security-Auditing,Security,SecurityEvent
2026-04-20T02:06:00Z,LAP-EXEC-01,4624,,CORP\jharris,User,CORP,jharris,jharris,CORP,172.16.194.67,62420,11,Kerberos,,,,,,,,Microsoft-Windows-Security-Auditing,Security,SecurityEvent
2026-04-20T02:08:34Z,WS-MKT-01,4634,,CORP\agarcia,User,CORP,agarcia,agarcia,CORP,,,3,NtLmSsp,,,,,,,,Microsoft-Windows-Security-Auditing,Security,SecurityEvent
2026-04-20T02:08:55Z,WS-IT-02,4624,,CORP\tnguyen,User,CORP,tnguyen,tnguyen,CORP,172.16.40.88,52305,2,NtLmSsp,,,,,,,,Microsoft-Windows-Security-Auditing,Security,SecurityEvent
2026-04-20T02:08:56Z,WS-HR-03,4688,,CORP\agarcia,User,CORP,agarcia,agarcia,CORP,,,,,,C:\Windows\System32\chrome.exe,C:\Windows\System32\chrome.exe,C:\Windows\System32\msedge.exe,"""C:\Windows\System32\chrome.exe""",,,Microsoft-Windows-Security-Auditing,Security,SecurityEvent
2026-04-20T02:09:07Z,SVR-WEB-01,4688,,CORP\bsato,User,CORP,bsato,bsato,CORP,,,,,,C:\Windows\System32\WINWORD.EXE,C:\Windows\System32\WINWORD.EXE,C:\Windows\System32\taskmgr.exe,"""C:\Windows\System32\WINWORD.EXE""",,,Microsoft-Windows-Security-Auditing,Security,SecurityEvent
2026-04-20T02:09:50Z,WS-FINANCE-01,4688,,CORP\sthompson,User,CORP,sthompson,sthompson,CORP,,,,,,C:\Windows\System32\firefox.exe,C:\Windows\System32\firefox.exe,C:\Windows\System32\msedge.exe,"""C:\Windows\System32\firefox.exe""",,,Microsoft-Windows-Security-Auditing,Security,SecurityEvent
2026-04-20T02:13:11Z,SVR-WEB-01,4624,,CORP\mwhite,User,CORP,mwhite,mwhite,CORP,10.91.67.17,57497,5,Negotiate,,,,,,,,Microsoft-Windows-Security-Auditing,Security,SecurityEvent
2026-04-20T02:13:34Z,WS-MKT-01,4624,,CORP\dkim,User,CORP,dkim,dkim,CORP,10.186.177.165,59723,3,Seclogo,,,,,,,,Microsoft-Windows-Security-Auditing,Security,SecurityEvent
2026-04-20T02:14:40Z,WS-IT-01,4688,,CORP\mwhite,User,CORP,mwhite,mwhite,CORP,,,,,,C:\Windows\System32\msedge.exe,C:\Windows\System32\msedge.exe,C:\Windows\System32\smss.exe,"""C:\Windows\System32\msedge.exe""",,,Microsoft-Windows-Security-Auditing,Security,SecurityEvent
2026-04-20T02:17:11Z,WS-MKT-02,4688,,CORP\tnguyen,User,CORP,tnguyen,tnguyen,CORP,,,,,,C:\Windows\System32\chrome.exe,C:\Windows\System32\chrome.exe,C:\Windows\System32\services.exe,"""C:\Windows\System32\chrome.exe""",,,Microsoft-Windows-Security-Auditing,Security,SecurityEvent
2026-04-20T02:18:38Z,WS-DEV-02,4624,,CORP\jharris,User,CORP,jharris,jharris,CORP,10.192.134.153,60042,3,Kerberos,,,,,,,,Microsoft-Windows-Security-Auditing,Security,SecurityEvent
2026-04-20T02:18:43Z,LAP-SALES-03,4624,,CORP\sthompson,User,CORP,sthompson,sthompson,CORP,172.24.195.207,51386,3,Kerberos,,,,,,,,Microsoft-Windows-Security-Auditing,Security,SecurityEvent
2026-04-20T02:22:30Z,SVR-DC-01,4625,,CORP\ehernandez,User,CORP,ehernandez,ehernandez,CORP,10.172.82.68,62664,3,Advapi,Account currently disabled.,,,,,,,Microsoft-Windows-Security-Auditing,Security,SecurityEvent
2026-04-20T02:23:16Z,WS-MKT-02,4688,,CORP\bsato,User,CORP,bsato,bsato,CORP,,,,,,C:\Windows\System32\wininit.exe,C:\Windows\System32\wininit.exe,C:\Windows\System32\services.exe,"""C:\Windows\System32\wininit.exe""",,,Microsoft-Windows-Security-Auditing,Security,SecurityEvent
2026-04-20T02:29:11Z,WS-OPS-01,4688,,CORP\jharris,User,CORP,jharris,jharris,CORP,,,,,,C:\Windows\System32\msedge.exe,C:\Windows\System32\msedge.exe,C:\Windows\System32\msedge.exe,"""C:\Windows\System32\msedge.exe""",,,Microsoft-Windows-Security-Auditing,Security,SecurityEvent
2026-04-20T02:30:53Z,WS-DEV-02,4624,,CORP\olopez,User,CORP,olopez,olopez,CORP,10.45.71.104,64900,5,Negotiate,,,,,,,,Microsoft-Windows-Security-Auditing,Security,SecurityEvent
2026-04-20T02:38:04Z,LAP-EXEC-01,4672,,CORP\rmorales,Admin,CORP,rmorales,rmorales,CORP,,,,,,,,,,,,Microsoft-Windows-Security-Auditing,Security,SecurityEvent
2026-04-20T02:40:14Z,LAP-EXEC-01,4688,,CORP\rmorales,User,CORP,rmorales,rmorales,CORP,,,,,,C:\Windows\System32\svchost.exe,C:\Windows\System32\svchost.exe,C:\Windows\System32\lsass.exe,"""C:\Windows\System32\svchost.exe""",,,Microsoft-Windows-Security-Auditing,Security,SecurityEvent
2026-04-20T02:40:31Z,WS-HR-03,4624,,CORP\jharris,User,CORP,jharris,jharris,CORP,172.24.62.136,62221,3,Kerberos,,,,,,,,Microsoft-Windows-Security-Auditing,Security,SecurityEvent
2026-04-20T02:40:32Z,SVR-WEB-01,4624,,CORP\tnguyen,User,CORP,tnguyen,tnguyen,CORP,10.130.62.203,58395,2,Kerberos,,,,,,,,Microsoft-Windows-Security-Auditing,Security,SecurityEvent
2026-04-20T02:40:33Z,WS-OPS-02,4624,,CORP\jharris,User,CORP,jharris,jharris,CORP,10.226.186.83,57298,3,User32,,,,,,,,Microsoft-Windows-Security-Auditing,Security,SecurityEvent
2026-04-20T02:42:37Z,WS-OPS-01,4624,,CORP\agarcia,User,CORP,agarcia,agarcia,CORP,10.134.255.193,51482,5,Negotiate,,,,,,,,Microsoft-Windows-Security-Auditing,Security,SecurityEvent
2026-04-20T02:45:46Z,WS-IT-01,4672,,CORP\sthompson,Admin,CORP,sthompson,sthompson,CORP,,,,,,,,,,,,Microsoft-Windows-Security-Auditing,Security,SecurityEvent
2026-04-20T02:47:26Z,WS-FINANCE-01,4624,,CORP\jharris,User,CORP,jharris,jharris,CORP,10.221.234.175,58622,3,Kerberos,,,,,,,,Microsoft-Windows-Security-Auditing,Security,SecurityEvent
2026-04-20T02:48:43Z,LAP-EXEC-01,4688,,CORP\sthompson,User,CORP,sthompson,sthompson,CORP,,,,,,C:\Windows\System32\lsass.exe,C:\Windows\System32\lsass.exe,C:\Windows\System32\firefox.exe,"""C:\Windows\System32\lsass.exe""",,,Microsoft-Windows-Security-Auditing,Security,SecurityEvent
2026-04-20T02:50:24Z,WS-FINANCE-01,4624,,CORP\bsato,User,CORP,bsato,bsato,CORP,10.126.112.212,52197,11,User32,,,,,,,,Microsoft-Windows-Security-Auditing,Security,SecurityEvent
2026-04-20T02:52:29Z,WS-OPS-02,4634,,CORP\jharris,User,CORP,jharris,jharris,CORP,,,5,NtLmSsp,,,,,,,,Microsoft-Windows-Security-Auditing,Security,SecurityEvent
2026-04-20T02:52:37Z,WS-MKT-01,4688,,CORP\tnguyen,User,CORP,tnguyen,tnguyen,CORP,,,,,,C:\Windows\System32\smss.exe,C:\Windows\System32\smss.exe,C:\Windows\System32\msedge.exe,"""C:\Windows\System32\smss.exe""",,,Microsoft-Windows-Security-Auditing,Security,SecurityEvent
2026-04-20T02:52:39Z,WS-OPS-02,4624,,CORP\kpatel,User,CORP,kpatel,kpatel,CORP,10.148.157.48,50202,2,Kerberos,,,,,,,,Microsoft-Windows-Security-Auditing,Security,SecurityEvent
2026-04-20T02:55:04Z,SVR-DC-01,4688,,CORP\kpatel,User,CORP,kpatel,kpatel,CORP,,,,,,C:\Windows\System32\EXCEL.EXE,C:\Windows\System32\EXCEL.EXE,C:\Windows\System32\code.exe,"""C:\Windows\System32\EXCEL.EXE""",,,Microsoft-Windows-Security-Auditing,Security,SecurityEvent
2026-04-20T02:55:47Z,WS-HR-03,4625,,CORP\kpatel,User,CORP,kpatel,kpatel,CORP,10.56.1.82,63388,5,NtLmSsp,Account currently disabled.,,,,,,,Microsoft-Windows-Security-Auditing,Security,SecurityEvent
2026-04-20T02:56:01Z,SVR-WEB-01,4634,,CORP\kpatel,User,CORP,kpatel,kpatel,CORP,,,7,Negotiate,,,,,,,,Microsoft-Windows-Security-Auditing,Security,SecurityEvent
2026-04-20T02:58:36Z,WS-DEV-02,4624,,CORP\agarcia,User,CORP,agarcia,agarcia,CORP,172.20.200.117,56621,3,NtLmSsp,,,,,,,,Microsoft-Windows-Security-Auditing,Security,SecurityEvent
2026-04-20T02:58:42Z,WS-HR-03,4634,,CORP\tnguyen,User,CORP,tnguyen,tnguyen,CORP,,,5,NtLmSsp,,,,,,,,Microsoft-Windows-Security-Auditing,Security,SecurityEvent
2026-04-20T03:01:14Z,WS-DEV-02,4688,,CORP\ehernandez,User,CORP,ehernandez,ehernandez,CORP,,,,,,C:\Windows\System32\OUTLOOK.EXE,C:\Windows\System32\OUTLOOK.EXE,C:\Windows\System32\taskmgr.exe,"""C:\Windows\System32\OUTLOOK.EXE""",,,Microsoft-Windows-Security-Auditing,Security,SecurityEvent
2026-04-20T03:03:32Z,WS-HR-03,4688,,CORP\ehernandez,User,CORP,ehernandez,ehernandez,CORP,,,,,,C:\Windows\System32\code.exe,C:\Windows\System32\code.exe,C:\Windows\System32\code.exe,"""C:\Windows\System32\code.exe""",,,Microsoft-Windows-Security-Auditing,Security,SecurityEvent
2026-04-20T03:03:33Z,WS-DEV-02,4688,,CORP\rmorales,User,CORP,rmorales,rmorales,CORP,,,,,,C:\Windows\System32\services.exe,C:\Windows\System32\services.exe,C:\Windows\System32\msedge.exe,"""C:\Windows\System32\services.exe""",,,Microsoft-Windows-Security-Auditing,Security,SecurityEvent
2026-04-20T03:05:18Z,SVR-WEB-01,4624,,CORP\mwhite,User,CORP,mwhite,mwhite,CORP,10.149.127.70,62330,3,NtLmSsp,,,,,,,,Microsoft-Windows-Security-Auditing,Security,SecurityEvent
2026-04-20T03:05:56Z,SVR-DC-01,4634,,CORP\jharris,User,CORP,jharris,jharris,CORP,,,3,Kerberos,,,,,,,,Microsoft-Windows-Security-Auditing,Security,SecurityEvent
2026-04-20T03:06:29Z,WS-IT-01,4624,,CORP\sthompson,User,CORP,sthompson,sthompson,CORP,10.154.112.116,53707,2,Kerberos,,,,,,,,Microsoft-Windows-Security-Auditing,Security,SecurityEvent
2026-04-20T03:07:40Z,SVR-DC-01,4624,,CORP\dkim,User,CORP,dkim,dkim,CORP,172.31.158.218,53779,2,Negotiate,,,,,,,,Microsoft-Windows-Security-Auditing,Security,SecurityEvent
2026-04-20T03:09:42Z,LAP-SALES-03,4688,,CORP\agarcia,User,CORP,agarcia,agarcia,CORP,,,,,,C:\Windows\System32\svchost.exe,C:\Windows\System32\svchost.exe,C:\Windows\System32\csrss.exe,"""C:\Windows\System32\svchost.exe""",,,Microsoft-Windows-Security-Auditing,Security,SecurityEvent
2026-04-20T03:10:08Z,WS-MKT-02,4624,,CORP\agarcia,User,CORP,agarcia,agarcia,CORP,10.23.218.183,54236,10,NtLmSsp,,,,,,,,Microsoft-Windows-Security-Auditing,Security,SecurityEvent
2026-04-20T03:11:06Z,WS-MKT-01,4624,,CORP\agarcia,User,CORP,agarcia,agarcia,CORP,10.249.206.247,56741,7,User32,,,,,,,,Microsoft-Windows-Security-Auditing,Security,SecurityEvent
2026-04-20T03:11:54Z,WS-MKT-02,4634,,CORP\ehernandez,User,CORP,ehernandez,ehernandez,CORP,,,5,Seclogo,,,,,,,,Microsoft-Windows-Security-Auditing,Security,SecurityEvent
2026-04-20T03:13:12Z,WS-MKT-02,4634,,CORP\mwhite,User,CORP,mwhite,mwhite,CORP,,,2,NtLmSsp,,,,,,,,Microsoft-Windows-Security-Auditing,Security,SecurityEvent
2026-04-20T03:14:22Z,LAP-EXEC-01,4624,,CORP\rmorales,User,CORP,rmorales,rmorales,CORP,10.19.123.222,50155,3,Kerberos,,,,,,,,Microsoft-Windows-Security-Auditing,Security,SecurityEvent
2026-04-20T03:14:29Z,SVR-WEB-01,4634,,CORP\kpatel,User,CORP,kpatel,kpatel,CORP,,,3,NtLmSsp,,,,,,,,Microsoft-Windows-Security-Auditing,Security,SecurityEvent
2026-04-20T03:14:48Z,SVR-WEB-01,4624,,CORP\lwoods,User,CORP,lwoods,lwoods,CORP,10.46.140.156,56897,7,Negotiate,,,,,,,,Microsoft-Windows-Security-Auditing,Security,SecurityEvent
2026-04-20T03:15:46Z,WS-OPS-02,4624,,CORP\jharris,User,CORP,jharris,jharris,CORP,10.217.34.43,64209,10,Negotiate,,,,,,,,Microsoft-Windows-Security-Auditing,Security,SecurityEvent
2026-04-20T03:17:02Z,WS-HR-03,4624,,CORP\mwhite,User,CORP,mwhite,mwhite,CORP,10.125.239.231,58277,2,User32,,,,,,,,Microsoft-Windows-Security-Auditing,Security,SecurityEvent
2026-04-20T03:17:31Z,WS-IT-02,4688,,CORP\sthompson,User,CORP,sthompson,sthompson,CORP,,,,,,C:\Windows\System32\EXCEL.EXE,C:\Windows\System32\EXCEL.EXE,C:\Windows\System32\WINWORD.EXE,"""C:\Windows\System32\EXCEL.EXE""",,,Microsoft-Windows-Security-Auditing,Security,SecurityEvent
2026-04-20T03:18:12Z,WS-FINANCE-01,4688,,CORP\mwhite,User,CORP,mwhite,mwhite,CORP,,,,,,C:\Windows\System32\svchost.exe,C:\Windows\System32\svchost.exe,C:\Windows\System32\svchost.exe,"""C:\Windows\System32\svchost.exe""",,,Microsoft-Windows-Security-Auditing,Security,SecurityEvent
2026-04-20T03:19:02Z,SVR-WEB-01,4624,,CORP\tnguyen,User,CORP,tnguyen,tnguyen,CORP,10.6.132.52,58082,11,Negotiate,,,,,,,,Microsoft-Windows-Security-Auditing,Security,SecurityEvent
2026-04-20T03:20:36Z,SVR-DC-01,4624,,CORP\olopez,User,CORP,olopez,olopez,CORP,172.18.227.17,52722,5,Kerberos,,,,,,,,Microsoft-Windows-Security-Auditing,Security,SecurityEvent
2026-04-20T03:21:02Z,WS-HR-03,4624,,CORP\lwoods,User,CORP,lwoods,lwoods,CORP,172.21.46.38,51588,3,Seclogo,,,,,,,,Microsoft-Windows-Security-Auditing,Security,SecurityEvent
2026-04-20T03:21:28Z,WS-IT-02,4688,,CORP\kpatel,User,CORP,kpatel,kpatel,CORP,,,,,,C:\Windows\System32\services.exe,C:\Windows\System32\services.exe,C:\Windows\System32\code.exe,"""C:\Windows\System32\services.exe""",,,Microsoft-Windows-Security-Auditing,Security,SecurityEvent
2026-04-20T03:21:38Z,WS-IT-01,4634,,CORP\rmorales,User,CORP,rmorales,rmorales,CORP,,,10,Negotiate,,,,,,,,Microsoft-Windows-Security-Auditing,Security,SecurityEvent
2026-04-20T03:22:32Z,LAP-SALES-03,4688,,CORP\tnguyen,User,CORP,tnguyen,tnguyen,CORP,,,,,,C:\Windows\System32\csrss.exe,C:\Windows\System32\csrss.exe,C:\Windows\System32\msiexec.exe,"""C:\Windows\System32\csrss.exe""",,,Microsoft-Windows-Security-Auditing,Security,SecurityEvent
2026-04-20T03:27:41Z,WS-MKT-01,4624,,CORP\jharris,User,CORP,jharris,jharris,CORP,10.34.59.201,50199,5,User32,,,,,,,,Microsoft-Windows-Security-Auditing,Security,SecurityEvent
2026-04-20T03:28:40Z,WS-OPS-01,4697,,CORP\tnguyen,User,CORP,tnguyen,tnguyen,CORP,,,,,,,,,,svc-2d90f228,C:\Program Files\svc-2d90f228\svc-2d90f228.exe,Microsoft-Windows-Security-Auditing,Security,SecurityEvent
2026-04-20T03:29:06Z,WS-FINANCE-01,4634,,CORP\dkim,User,CORP,dkim,dkim,CORP,,,11,Kerberos,,,,,,,,Microsoft-Windows-Security-Auditing,Security,SecurityEvent
2026-04-20T03:35:01Z,WS-FINANCE-01,4624,,CORP\sthompson,User,CORP,sthompson,sthompson,CORP,172.23.115.212,64273,3,User32,,,,,,,,Microsoft-Windows-Security-Auditing,Security,SecurityEvent
2026-04-20T03:37:07Z,WS-OPS-01,4624,,CORP\jharris,User,CORP,jharris,jharris,CORP,10.207.35.75,59992,5,Kerberos,,,,,,,,Microsoft-Windows-Security-Auditing,Security,SecurityEvent
2026-04-20T03:40:30Z,WS-OPS-01,4624,,CORP\rmorales,User,CORP,rmorales,rmorales,CORP,10.190.35.192,56302,3,Kerberos,,,,,,,,Microsoft-Windows-Security-Auditing,Security,SecurityEvent
2026-04-20T03:41:39Z,WS-OPS-02,4634,,CORP\lwoods,User,CORP,lwoods,lwoods,CORP,,,5,Negotiate,,,,,,,,Microsoft-Windows-Security-Auditing,Security,SecurityEvent
2026-04-20T03:42:26Z,LAP-SALES-03,4624,,CORP\jharris,User,CORP,jharris,jharris,CORP,10.113.134.54,63039,2,Kerberos,,,,,,,,Microsoft-Windows-Security-Auditing,Security,SecurityEvent
2026-04-20T03:42:45Z,WS-FINANCE-01,4624,,CORP\sthompson,User,CORP,sthompson,sthompson,CORP,10.237.144.46,50989,5,Kerberos,,,,,,,,Microsoft-Windows-Security-Auditing,Security,SecurityEvent
2026-04-20T03:44:34Z,WS-MKT-02,4624,,CORP\kpatel,User,CORP,kpatel,kpatel,CORP,192.168.86.178,55645,11,Negotiate,,,,,,,,Microsoft-Windows-Security-Auditing,Security,SecurityEvent
2026-04-20T03:45:54Z,WS-IT-02,4624,,CORP\kpatel,User,CORP,kpatel,kpatel,CORP,192.168.144.202,55562,5,Negotiate,,,,,,,,Microsoft-Windows-Security-Auditing,Security,SecurityEvent
2026-04-20T03:50:35Z,WS-MKT-01,4697,,CORP\ehernandez,User,CORP,ehernandez,ehernandez,CORP,,,,,,,,,,svc-3f777e0b,C:\Program Files\svc-3f777e0b\svc-3f777e0b.exe,Microsoft-Windows-Security-Auditing,Security,SecurityEvent
2026-04-20T03:53:23Z,WS-DEV-02,4624,,CORP\sthompson,User,CORP,sthompson,sthompson,CORP,10.173.151.89,65069,3,Kerberos,,,,,,,,Microsoft-Windows-Security-Auditing,Security,SecurityEvent
2026-04-20T03:57:36Z,WS-IT-01,4624,,CORP\sthompson,User,CORP,sthompson,sthompson,CORP,172.19.237.90,60762,5,NtLmSsp,,,,,,,,Microsoft-Windows-Security-Auditing,Security,SecurityEvent
2026-04-20T03:57:44Z,WS-DEV-02,4625,,CORP\kpatel,User,CORP,kpatel,kpatel,CORP,10.126.152.75,57945,3,User32,Unknown user name or bad password.,,,,,,,Microsoft-Windows-Security-Auditing,Security,SecurityEvent
2026-04-20T03:58:24Z,WS-IT-02,4688,,CORP\mwhite,User,CORP,mwhite,mwhite,CORP,,,,,,C:\Windows\System32\SearchHost.exe,C:\Windows\System32\SearchHost.exe,C:\Windows\System32\chrome.exe,"""C:\Windows\System32\SearchHost.exe""",,,Microsoft-Windows-Security-Auditing,Security,SecurityEvent
2026-04-20T03:58:40Z,WS-IT-02,4625,,CORP\ehernandez,User,CORP,ehernandez,ehernandez,CORP,10.13.78.171,64296,2,Negotiate,Unknown user name or bad password.,,,,,,,Microsoft-Windows-Security-Auditing,Security,SecurityEvent
2026-04-20T04:00:10Z,SVR-DC-01,4688,,CORP\tnguyen,User,CORP,tnguyen,tnguyen,CORP,,,,,,C:\Windows\System32\msedge.exe,C:\Windows\System32\msedge.exe,C:\Windows\System32\taskmgr.exe,"""C:\Windows\System32\msedge.exe""",,,Microsoft-Windows-Security-Auditing,Security,SecurityEvent
2026-04-20T04:05:12Z,LAP-EXEC-01,4688,,CORP\jharris,User,CORP,jharris,jharris,CORP,,,,,,C:\Windows\System32\services.exe,C:\Windows\System32\services.exe,C:\Windows\System32\OneDrive.exe,"""C:\Windows\System32\services.exe""",,,Microsoft-Windows-Security-Auditing,Security,SecurityEvent
2026-04-20T04:06:19Z,SVR-WEB-01,4624,,CORP\rmorales,User,CORP,rmorales,rmorales,CORP,192.168.14.111,59847,2,Kerberos,,,,,,,,Microsoft-Windows-Security-Auditing,Security,SecurityEvent
2026-04-20T04:07:36Z,WS-HR-03,4634,,CORP\sthompson,User,CORP,sthompson,sthompson,CORP,,,3,Kerberos,,,,,,,,Microsoft-Windows-Security-Auditing,Security,SecurityEvent
2026-04-20T04:08:29Z,WS-DEV-02,4688,,CORP\lwoods,User,CORP,lwoods,lwoods,CORP,,,,,,C:\Windows\System32\svchost.exe,C:\Windows\System32\svchost.exe,C:\Windows\System32\msedge.exe,"""C:\Windows\System32\svchost.exe""",,,Microsoft-Windows-Security-Auditing,Security,SecurityEvent
2026-04-20T04:08:40Z,WS-DEV-02,4624,,CORP\olopez,User,CORP,olopez,olopez,CORP,10.36.214.176,50323,3,Negotiate,,,,,,,,Microsoft-Windows-Security-Auditing,Security,SecurityEvent
2026-04-20T04:08:46Z,WS-MKT-01,4624,,CORP\mwhite,User,CORP,mwhite,mwhite,CORP,10.40.111.5,56921,11,NtLmSsp,,,,,,,,Microsoft-Windows-Security-Auditing,Security,SecurityEvent
2026-04-20T04:08:59Z,LAP-SALES-03,4624,,CORP\agarcia,User,CORP,agarcia,agarcia,CORP,172.31.72.172,64564,2,Negotiate,,,,,,,,Microsoft-Windows-Security-Auditing,Security,SecurityEvent
2026-04-20T04:09:18Z,LAP-SALES-03,4624,,CORP\dkim,User,CORP,dkim,dkim,CORP,172.19.30.174,56539,5,Kerberos,,,,,,,,Microsoft-Windows-Security-Auditing,Security,SecurityEvent
2026-04-20T04:13:49Z,WS-DEV-02,4624,,CORP\rmorales,User,CORP,rmorales,rmorales,CORP,10.246.145.123,58225,3,Negotiate,,,,,,,,Microsoft-Windows-Security-Auditing,Security,SecurityEvent
2026-04-20T04:13:54Z,WS-MKT-02,4688,,CORP\lwoods,User,CORP,lwoods,lwoods,CORP,,,,,,C:\Windows\System32\chrome.exe,C:\Windows\System32\chrome.exe,C:\Windows\System32\chrome.exe,"""C:\Windows\System32\chrome.exe""",,,Microsoft-Windows-Security-Auditing,Security,SecurityEvent
2026-04-20T04:18:25Z,WS-IT-02,4624,,CORP\rmorales,User,CORP,rmorales,rmorales,CORP,10.220.41.191,60843,5,Advapi,,,,,,,,Microsoft-Windows-Security-Auditing,Security,SecurityEvent
2026-04-20T04:19:12Z,WS-OPS-01,4624,,CORP\ehernandez,User,CORP,ehernandez,ehernandez,CORP,10.10.192.145,56251,11,Negotiate,,,,,,,,Microsoft-Windows-Security-Auditing,Security,SecurityEvent
2026-04-20T04:20:14Z,WS-MKT-01,4697,,CORP\mwhite,User,CORP,mwhite,mwhite,CORP,,,,,,,,,,svc-020aa663,C:\Program Files\svc-020aa663\svc-020aa663.exe,Microsoft-Windows-Security-Auditing,Security,SecurityEvent
2026-04-20T04:20:42Z,WS-IT-02,4624,,CORP\tnguyen,User,CORP,tnguyen,tnguyen,CORP,10.111.176.76,53766,5,Negotiate,,,,,,,,Microsoft-Windows-Security-Auditing,Security,SecurityEvent
2026-04-20T04:21:52Z,LAP-SALES-03,4634,,CORP\mwhite,User,CORP,mwhite,mwhite,CORP,,,11,NtLmSsp,,,,,,,,Microsoft-Windows-Security-Auditing,Security,SecurityEvent
2026-04-20T04:22:24Z,WS-HR-03,4625,,CORP\kpatel,User,CORP,kpatel,kpatel,CORP,10.110.40.195,60910,4,NtLmSsp,Unknown user name or bad password.,,,,,,,Microsoft-Windows-Security-Auditing,Security,SecurityEvent
2026-04-20T04:23:26Z,WS-IT-01,4624,,CORP\bsato,User,CORP,bsato,bsato,CORP,10.119.67.84,64099,3,Kerberos,,,,,,,,Microsoft-Windows-Security-Auditing,Security,SecurityEvent
2026-04-20T04:26:07Z,WS-OPS-02,4624,,CORP\jharris,User,CORP,jharris,jharris,CORP,10.192.132.231,62885,3,Kerberos,,,,,,,,Microsoft-Windows-Security-Auditing,Security,SecurityEvent
2026-04-20T04:28:54Z,SVR-WEB-01,4688,,CORP\rmorales,User,CORP,rmorales,rmorales,CORP,,,,,,C:\Windows\System32\svchost.exe,C:\Windows\System32\svchost.exe,C:\Windows\System32\csrss.exe,"""C:\Windows\System32\svchost.exe""",,,Microsoft-Windows-Security-Auditing,Security,SecurityEvent
2026-04-20T04:29:35Z,LAP-SALES-03,4624,,CORP\jharris,User,CORP,jharris,jharris,CORP,10.155.164.22,63739,5,Kerberos,,,,,,,,Microsoft-Windows-Security-Auditing,Security,SecurityEvent
2026-04-20T04:30:29Z,WS-OPS-01,4720,,CORP\mwhite,User,CORP,mwhite,newuser224,CORP,,,,,,,,,,,,Microsoft-Windows-Security-Auditing,Security,SecurityEvent
2026-04-20T04:30:30Z,WS-IT-01,4624,,CORP\jharris,User,CORP,jharris,jharris,CORP,10.99.30.243,54030,5,Negotiate,,,,,,,,Microsoft-Windows-Security-Auditing,Security,SecurityEvent
2026-04-20T04:33:45Z,WS-OPS-02,4688,,CORP\bsato,User,CORP,bsato,bsato,CORP,,,,,,C:\Windows\System32\wininit.exe,C:\Windows\System32\wininit.exe,C:\Windows\System32\Teams.exe,"""C:\Windows\System32\wininit.exe""",,,Microsoft-Windows-Security-Auditing,Security,SecurityEvent
2026-04-20T04:33:55Z,WS-OPS-01,4624,,CORP\jharris,User,CORP,jharris,jharris,CORP,172.25.115.169,64635,11,Negotiate,,,,,,,,Microsoft-Windows-Security-Auditing,Security,SecurityEvent
2026-04-20T04:40:15Z,WS-MKT-01,4625,,CORP\kpatel,User,CORP,kpatel,kpatel,CORP,10.136.96.150,54737,10,Kerberos,Unknown user name or bad password.,,,,,,,Microsoft-Windows-Security-Auditing,Security,SecurityEvent
2026-04-20T04:40:32Z,WS-OPS-02,4688,,CORP\lwoods,User,CORP,lwoods,lwoods,CORP,,,,,,C:\Windows\System32\msiexec.exe,C:\Windows\System32\msiexec.exe,C:\Windows\System32\OneDrive.exe,"""C:\Windows\System32\msiexec.exe""",,,Microsoft-Windows-Security-Auditing,Security,SecurityEvent
2026-04-20T04:40:35Z,WS-FINANCE-01,4624,,CORP\tnguyen,User,CORP,tnguyen,tnguyen,CORP,10.90.182.210,50764,10,NtLmSsp,,,,,,,,Microsoft-Windows-Security-Auditing,Security,SecurityEvent
2026-04-20T04:41:07Z,LAP-EXEC-01,4634,,CORP\sthompson,User,CORP,sthompson,sthompson,CORP,,,3,Negotiate,,,,,,,,Microsoft-Windows-Security-Auditing,Security,SecurityEvent
2026-04-20T04:41:45Z,SVR-WEB-01,4624,,CORP\agarcia,User,CORP,agarcia,agarcia,CORP,10.36.205.243,55220,7,User32,,,,,,,,Microsoft-Windows-Security-Auditing,Security,SecurityEvent
2026-04-20T04:42:24Z,WS-IT-02,4624,,CORP\lwoods,User,CORP,lwoods,lwoods,CORP,172.22.91.195,61505,5,Negotiate,,,,,,,,Microsoft-Windows-Security-Auditing,Security,SecurityEvent
2026-04-20T04:43:07Z,WS-OPS-01,4688,,CORP\lwoods,User,CORP,lwoods,lwoods,CORP,,,,,,C:\Windows\System32\winlogon.exe,C:\Windows\System32\winlogon.exe,C:\Windows\System32\chrome.exe,"""C:\Windows\System32\winlogon.exe""",,,Microsoft-Windows-Security-Auditing,Security,SecurityEvent
2026-04-20T04:52:08Z,WS-IT-01,4624,,CORP\kpatel,User,CORP,kpatel,kpatel,CORP,10.11.32.226,54005,3,NtLmSsp,,,,,,,,Microsoft-Windows-Security-Auditing,Security,SecurityEvent
2026-04-20T04:57:38Z,SVR-DC-01,4624,,CORP\tnguyen,User,CORP,tnguyen,tnguyen,CORP,192.168.51.194,59133,5,Negotiate,,,,,,,,Microsoft-Windows-Security-Auditing,Security,SecurityEvent
2026-04-20T04:57:38Z,WS-MKT-02,4624,,CORP\lwoods,User,CORP,lwoods,lwoods,CORP,10.122.137.184,57272,3,Seclogo,,,,,,,,Microsoft-Windows-Security-Auditing,Security,SecurityEvent
2026-04-20T04:58:37Z,SVR-DC-01,4624,,CORP\lwoods,User,CORP,lwoods,lwoods,CORP,10.190.252.191,57454,3,Kerberos,,,,,,,,Microsoft-Windows-Security-Auditing,Security,SecurityEvent
2026-04-20T05:03:59Z,SVR-DC-01,4624,,CORP\rmorales,User,CORP,rmorales,rmorales,CORP,172.26.182.191,49393,2,Kerberos,,,,,,,,Microsoft-Windows-Security-Auditing,Security,SecurityEvent
2026-04-20T05:05:26Z,SVR-WEB-01,4625,,CORP\olopez,User,CORP,olopez,olopez,CORP,10.86.43.220,65013,3,Kerberos,Account currently disabled.,,,,,,,Microsoft-Windows-Security-Auditing,Security,SecurityEvent
2026-04-20T05:05:29Z,SVR-DC-01,4634,,CORP\lwoods,User,CORP,lwoods,lwoods,CORP,,,11,Seclogo,,,,,,,,Microsoft-Windows-Security-Auditing,Security,SecurityEvent
2026-04-20T05:06:28Z,WS-FINANCE-01,4624,,CORP\rmorales,User,CORP,rmorales,rmorales,CORP,10.115.65.153,64254,7,Kerberos,,,,,,,,Microsoft-Windows-Security-Auditing,Security,SecurityEvent
2026-04-20T05:14:15Z,LAP-EXEC-01,4624,,CORP\ehernandez,User,CORP,ehernandez,ehernandez,CORP,172.28.181.187,59982,3,NtLmSsp,,,,,,,,Microsoft-Windows-Security-Auditing,Security,SecurityEvent
2026-04-20T05:14:43Z,WS-MKT-01,4624,,CORP\olopez,User,CORP,olopez,olopez,CORP,10.208.226.137,52210,5,Kerberos,,,,,,,,Microsoft-Windows-Security-Auditing,Security,SecurityEvent
2026-04-20T05:14:49Z,WS-OPS-01,4697,,CORP\olopez,User,CORP,olopez,olopez,CORP,,,,,,,,,,svc-379b2c2a,C:\Program Files\svc-379b2c2a\svc-379b2c2a.exe,Microsoft-Windows-Security-Auditing,Security,SecurityEvent
2026-04-20T05:18:10Z,WS-IT-01,4624,,CORP\agarcia,User,CORP,agarcia,agarcia,CORP,10.192.248.184,56903,3,Negotiate,,,,,,,,Microsoft-Windows-Security-Auditing,Security,SecurityEvent
2026-04-20T05:22:33Z,WS-MKT-01,4624,,CORP\lwoods,User,CORP,lwoods,lwoods,CORP,10.51.9.157,63831,5,Seclogo,,,,,,,,Microsoft-Windows-Security-Auditing,Security,SecurityEvent
2026-04-20T05:23:22Z,WS-MKT-01,4624,,CORP\tnguyen,User,CORP,tnguyen,tnguyen,CORP,172.25.49.144,60887,3,User32,,,,,,,,Microsoft-Windows-Security-Auditing,Security,SecurityEvent
2026-04-20T05:23:58Z,LAP-SALES-03,4688,,CORP\sthompson,User,CORP,sthompson,sthompson,CORP,,,,,,C:\Windows\System32\OneDrive.exe,C:\Windows\System32\OneDrive.exe,C:\Windows\System32\chrome.exe,"""C:\Windows\System32\OneDrive.exe""",,,Microsoft-Windows-Security-Auditing,Security,SecurityEvent
2026-04-20T05:24:44Z,LAP-SALES-03,4625,,CORP\rmorales,User,CORP,rmorales,rmorales,CORP,10.156.38.171,62932,10,Negotiate,Account locked out.,,,,,,,Microsoft-Windows-Security-Auditing,Security,SecurityEvent
2026-04-20T05:24:54Z,LAP-EXEC-01,4688,,CORP\ehernandez,User,CORP,ehernandez,ehernandez,CORP,,,,,,C:\Windows\System32\chrome.exe,C:\Windows\System32\chrome.exe,C:\Windows\System32\smss.exe,"""C:\Windows\System32\chrome.exe""",,,Microsoft-Windows-Security-Auditing,Security,SecurityEvent
2026-04-20T05:25:31Z,SVR-DC-01,4624,,CORP\dkim,User,CORP,dkim,dkim,CORP,172.23.135.7,55820,11,NtLmSsp,,,,,,,,Microsoft-Windows-Security-Auditing,Security,SecurityEvent
2026-04-20T05:25:44Z,SVR-WEB-01,4688,,CORP\jharris,User,CORP,jharris,jharris,CORP,,,,,,C:\Windows\System32\svchost.exe,C:\Windows\System32\svchost.exe,C:\Windows\System32\smss.exe,"""C:\Windows\System32\svchost.exe""",,,Microsoft-Windows-Security-Auditing,Security,SecurityEvent
2026-04-20T05:26:40Z,WS-MKT-02,4624,,CORP\olopez,User,CORP,olopez,olopez,CORP,172.17.234.232,56625,3,Kerberos,,,,,,,,Microsoft-Windows-Security-Auditing,Security,SecurityEvent
2026-04-20T05:28:05Z,WS-IT-02,4624,,CORP\sthompson,User,CORP,sthompson,sthompson,CORP,172.21.254.97,53469,3,Kerberos,,,,,,,,Microsoft-Windows-Security-Auditing,Security,SecurityEvent
2026-04-20T05:30:38Z,WS-MKT-01,4688,,CORP\kpatel,User,CORP,kpatel,kpatel,CORP,,,,,,C:\Windows\System32\Teams.exe,C:\Windows\System32\Teams.exe,C:\Windows\System32\SearchHost.exe,"""C:\Windows\System32\Teams.exe""",,,Microsoft-Windows-Security-Auditing,Security,SecurityEvent
2026-04-20T05:32:33Z,WS-OPS-02,4688,,CORP\bsato,User,CORP,bsato,bsato,CORP,,,,,,C:\Windows\System32\smss.exe,C:\Windows\System32\smss.exe,C:\Windows\System32\explorer.exe,"""C:\Windows\System32\smss.exe""",,,Microsoft-Windows-Security-Auditing,Security,SecurityEvent
2026-04-20T05:32:37Z,WS-MKT-01,4624,,CORP\jharris,User,CORP,jharris,jharris,CORP,172.30.146.62,57686,3,Negotiate,,,,,,,,Microsoft-Windows-Security-Auditing,Security,SecurityEvent
2026-04-20T05:33:03Z,SVR-WEB-01,4624,,CORP\olopez,User,CORP,olopez,olopez,CORP,10.3.131.180,60729,3,NtLmSsp,,,,,,,,Microsoft-Windows-Security-Auditing,Security,SecurityEvent
2026-04-20T05:34:37Z,SVR-WEB-01,4624,,CORP\lwoods,User,CORP,lwoods,lwoods,CORP,10.147.22.67,62117,2,Negotiate,,,,,,,,Microsoft-Windows-Security-Auditing,Security,SecurityEvent
2026-04-20T05:34:43Z,WS-DEV-02,4697,,CORP\agarcia,User,CORP,agarcia,agarcia,CORP,,,,,,,,,,svc-84269b14,C:\Program Files\svc-84269b14\svc-84269b14.exe,Microsoft-Windows-Security-Auditing,Security,SecurityEvent
2026-04-20T05:37:02Z,WS-DEV-02,4688,,CORP\sthompson,User,CORP,sthompson,sthompson,CORP,,,,,,C:\Windows\System32\taskmgr.exe,C:\Windows\System32\taskmgr.exe,C:\Windows\System32\services.exe,"""C:\Windows\System32\taskmgr.exe""",,,Microsoft-Windows-Security-Auditing,Security,SecurityEvent
2026-04-20T05:38:34Z,WS-IT-02,4624,,CORP\tnguyen,User,CORP,tnguyen,tnguyen,CORP,172.19.52.162,61583,2,Negotiate,,,,,,,,Microsoft-Windows-Security-Auditing,Security,SecurityEvent
2026-04-20T05:41:52Z,WS-OPS-02,4624,,CORP\agarcia,User,CORP,agarcia,agarcia,CORP,10.58.223.250,53954,3,Kerberos,,,,,,,,Microsoft-Windows-Security-Auditing,Security,SecurityEvent
2026-04-20T05:43:06Z,WS-DEV-02,4688,,CORP\mwhite,User,CORP,mwhite,mwhite,CORP,,,,,,C:\Windows\System32\WINWORD.EXE,C:\Windows\System32\WINWORD.EXE,C:\Windows\System32\smss.exe,"""C:\Windows\System32\WINWORD.EXE""",,,Microsoft-Windows-Security-Auditing,Security,SecurityEvent
2026-04-20T05:44:53Z,WS-IT-02,4688,,CORP\bsato,User,CORP,bsato,bsato,CORP,,,,,,C:\Windows\System32\WINWORD.EXE,C:\Windows\System32\WINWORD.EXE,C:\Windows\System32\taskmgr.exe,"""C:\Windows\System32\WINWORD.EXE""",,,Microsoft-Windows-Security-Auditing,Security,SecurityEvent
2026-04-20T05:50:45Z,WS-DEV-02,4624,,CORP\lwoods,User,CORP,lwoods,lwoods,CORP,10.238.103.168,61721,7,Kerberos,,,,,,,,Microsoft-Windows-Security-Auditing,Security,SecurityEvent
2026-04-20T05:50:56Z,WS-IT-01,4688,,CORP\bsato,User,CORP,bsato,bsato,CORP,,,,,,C:\Windows\System32\WINWORD.EXE,C:\Windows\System32\WINWORD.EXE,C:\Windows\System32\WINWORD.EXE,"""C:\Windows\System32\WINWORD.EXE""",,,Microsoft-Windows-Security-Auditing,Security,SecurityEvent
2026-04-20T05:52:42Z,SVR-DC-01,4688,,CORP\agarcia,User,CORP,agarcia,agarcia,CORP,,,,,,C:\Windows\System32\Teams.exe,C:\Windows\System32\Teams.exe,C:\Windows\System32\svchost.exe,"""C:\Windows\System32\Teams.exe""",,,Microsoft-Windows-Security-Auditing,Security,SecurityEvent
2026-04-20T05:54:42Z,SVR-DC-01,4624,,CORP\sthompson,User,CORP,sthompson,sthompson,CORP,10.82.239.123,54118,3,NtLmSsp,,,,,,,,Microsoft-Windows-Security-Auditing,Security,SecurityEvent
2026-04-20T05:55:07Z,WS-HR-03,4624,,CORP\rmorales,User,CORP,rmorales,rmorales,CORP,10.38.156.38,49970,3,NtLmSsp,,,,,,,,Microsoft-Windows-Security-Auditing,Security,SecurityEvent
2026-04-20T05:57:06Z,WS-OPS-02,4688,,CORP\mwhite,User,CORP,mwhite,mwhite,CORP,,,,,,C:\Windows\System32\lsass.exe,C:\Windows\System32\lsass.exe,C:\Windows\System32\firefox.exe,"""C:\Windows\System32\lsass.exe""",,,Microsoft-Windows-Security-Auditing,Security,SecurityEvent
2026-04-20T06:00:40Z,WS-HR-03,4624,,CORP\rmorales,User,CORP,rmorales,rmorales,CORP,10.242.2.194,52807,3,User32,,,,,,,,Microsoft-Windows-Security-Auditing,Security,SecurityEvent
2026-04-20T06:01:34Z,WS-MKT-02,4634,,CORP\sthompson,User,CORP,sthompson,sthompson,CORP,,,5,Kerberos,,,,,,,,Microsoft-Windows-Security-Auditing,Security,SecurityEvent
2026-04-20T06:02:05Z,LAP-SALES-03,4634,,CORP\bsato,User,CORP,bsato,bsato,CORP,,,3,NtLmSsp,,,,,,,,Microsoft-Windows-Security-Auditing,Security,SecurityEvent
2026-04-20T06:04:23Z,WS-DEV-02,4624,,CORP\tnguyen,User,CORP,tnguyen,tnguyen,CORP,10.168.119.221,55442,3,Negotiate,,,,,,,,Microsoft-Windows-Security-Auditing,Security,SecurityEvent
2026-04-20T06:06:52Z,WS-FINANCE-01,4688,,CORP\mwhite,User,CORP,mwhite,mwhite,CORP,,,,,,C:\Windows\System32\msiexec.exe,C:\Windows\System32\msiexec.exe,C:\Windows\System32\smss.exe,"""C:\Windows\System32\msiexec.exe""",,,Microsoft-Windows-Security-Auditing,Security,SecurityEvent
2026-04-20T06:10:57Z,LAP-EXEC-01,4672,,CORP\dkim,Admin,CORP,dkim,dkim,CORP,,,,,,,,,,,,Microsoft-Windows-Security-Auditing,Security,SecurityEvent
2026-04-20T06:13:20Z,WS-DEV-02,4688,,CORP\rmorales,User,CORP,rmorales,rmorales,CORP,,,,,,C:\Windows\System32\wininit.exe,C:\Windows\System32\wininit.exe,C:\Windows\System32\msedge.exe,"""C:\Windows\System32\wininit.exe""",,,Microsoft-Windows-Security-Auditing,Security,SecurityEvent
2026-04-20T06:19:13Z,WS-MKT-02,4672,,CORP\sthompson,Admin,CORP,sthompson,sthompson,CORP,,,,,,,,,,,,Microsoft-Windows-Security-Auditing,Security,SecurityEvent
2026-04-20T06:19:16Z,WS-DEV-02,4688,,CORP\kpatel,User,CORP,kpatel,kpatel,CORP,,,,,,C:\Windows\System32\lsass.exe,C:\Windows\System32\lsass.exe,C:\Windows\System32\firefox.exe,"""C:\Windows\System32\lsass.exe""",,,Microsoft-Windows-Security-Auditing,Security,SecurityEvent
2026-04-20T06:20:27Z,WS-OPS-02,4634,,CORP\tnguyen,User,CORP,tnguyen,tnguyen,CORP,,,3,Kerberos,,,,,,,,Microsoft-Windows-Security-Auditing,Security,SecurityEvent
2026-04-20T06:26:18Z,WS-DEV-02,4688,,CORP\rmorales,User,CORP,rmorales,rmorales,CORP,,,,,,C:\Windows\System32\msedge.exe,C:\Windows\System32\msedge.exe,C:\Windows\System32\msiexec.exe,"""C:\Windows\System32\msedge.exe""",,,Microsoft-Windows-Security-Auditing,Security,SecurityEvent
2026-04-20T06:27:57Z,WS-DEV-02,4688,,CORP\rmorales,User,CORP,rmorales,rmorales,CORP,,,,,,C:\Windows\System32\OUTLOOK.EXE,C:\Windows\System32\OUTLOOK.EXE,C:\Windows\System32\WINWORD.EXE,"""C:\Windows\System32\OUTLOOK.EXE""",,,Microsoft-Windows-Security-Auditing,Security,SecurityEvent
2026-04-20T06:28:47Z,LAP-SALES-03,4688,,CORP\kpatel,User,CORP,kpatel,kpatel,CORP,,,,,,C:\Windows\System32\svchost.exe,C:\Windows\System32\svchost.exe,C:\Windows\System32\Teams.exe,"""C:\Windows\System32\svchost.exe""",,,Microsoft-Windows-Security-Auditing,Security,SecurityEvent
2026-04-20T06:28:47Z,SVR-DC-01,4624,,CORP\mwhite,User,CORP,mwhite,mwhite,CORP,10.212.148.67,59362,3,Kerberos,,,,,,,,Microsoft-Windows-Security-Auditing,Security,SecurityEvent
2026-04-20T06:29:39Z,SVR-DC-01,4688,,CORP\lwoods,User,CORP,lwoods,lwoods,CORP,,,,,,C:\Windows\System32\code.exe,C:\Windows\System32\code.exe,C:\Windows\System32\msiexec.exe,"""C:\Windows\System32\code.exe""",,,Microsoft-Windows-Security-Auditing,Security,SecurityEvent
2026-04-20T06:33:40Z,WS-IT-01,4624,,CORP\kpatel,User,CORP,kpatel,kpatel,CORP,172.24.0.152,63420,3,NtLmSsp,,,,,,,,Microsoft-Windows-Security-Auditing,Security,SecurityEvent
2026-04-20T06:34:26Z,WS-HR-03,4624,,CORP\kpatel,User,CORP,kpatel,kpatel,CORP,10.8.9.68,58316,11,Advapi,,,,,,,,Microsoft-Windows-Security-Auditing,Security,SecurityEvent
2026-04-20T06:36:50Z,WS-MKT-01,4688,,CORP\agarcia,User,CORP,agarcia,agarcia,CORP,,,,,,C:\Windows\System32\wininit.exe,C:\Windows\System32\wininit.exe,C:\Windows\System32\chrome.exe,"""C:\Windows\System32\wininit.exe""",,,Microsoft-Windows-Security-Auditing,Security,SecurityEvent
2026-04-20T06:36:51Z,WS-IT-02,4688,,CORP\jharris,User,CORP,jharris,jharris,CORP,,,,,,C:\Windows\System32\SearchHost.exe,C:\Windows\System32\SearchHost.exe,C:\Windows\System32\svchost.exe,"""C:\Windows\System32\SearchHost.exe""",,,Microsoft-Windows-Security-Auditing,Security,SecurityEvent
2026-04-20T06:41:17Z,WS-IT-01,4624,,CORP\lwoods,User,CORP,lwoods,lwoods,CORP,192.168.216.213,59549,3,NtLmSsp,,,,,,,,Microsoft-Windows-Security-Auditing,Security,SecurityEvent
2026-04-20T06:43:29Z,WS-IT-02,4624,,CORP\rmorales,User,CORP,rmorales,rmorales,CORP,192.168.49.176,61040,5,Kerberos,,,,,,,,Microsoft-Windows-Security-Auditing,Security,SecurityEvent
2026-04-20T06:49:14Z,LAP-SALES-03,4624,,CORP\sthompson,User,CORP,sthompson,sthompson,CORP,10.238.154.223,63766,3,NtLmSsp,,,,,,,,Microsoft-Windows-Security-Auditing,Security,SecurityEvent
2026-04-20T06:51:28Z,WS-OPS-01,4625,,CORP\mwhite,User,CORP,mwhite,mwhite,CORP,172.26.156.222,53534,5,Kerberos,Unknown user name or bad password.,,,,,,,Microsoft-Windows-Security-Auditing,Security,SecurityEvent
2026-04-20T06:51:49Z,WS-OPS-02,4624,,CORP\kpatel,User,CORP,kpatel,kpatel,CORP,10.71.251.95,53727,5,Kerberos,,,,,,,,Microsoft-Windows-Security-Auditing,Security,SecurityEvent
2026-04-20T06:53:26Z,LAP-SALES-03,4624,,CORP\ehernandez,User,CORP,ehernandez,ehernandez,CORP,10.214.16.123,54633,2,Kerberos,,,,,,,,Microsoft-Windows-Security-Auditing,Security,SecurityEvent
2026-04-20T06:54:43Z,WS-FINANCE-01,4732,,CORP\bsato,User,CORP,bsato,newuser221,CORP,,,,,,,,,,,,Microsoft-Windows-Security-Auditing,Security,SecurityEvent
2026-04-20T07:00:51Z,LAP-EXEC-01,4634,,CORP\jharris,User,CORP,jharris,jharris,CORP,,,3,Kerberos,,,,,,,,Microsoft-Windows-Security-Auditing,Security,SecurityEvent
2026-04-20T07:01:20Z,SVR-DC-01,4688,,CORP\agarcia,User,CORP,agarcia,agarcia,CORP,,,,,,C:\Windows\System32\WINWORD.EXE,C:\Windows\System32\WINWORD.EXE,C:\Windows\System32\explorer.exe,"""C:\Windows\System32\WINWORD.EXE""",,,Microsoft-Windows-Security-Auditing,Security,SecurityEvent
2026-04-20T07:06:26Z,WS-DEV-02,4624,,CORP\mwhite,User,CORP,mwhite,mwhite,CORP,10.166.158.129,59190,11,Kerberos,,,,,,,,Microsoft-Windows-Security-Auditing,Security,SecurityEvent
2026-04-20T07:11:07Z,WS-OPS-02,4624,,CORP\rmorales,User,CORP,rmorales,rmorales,CORP,10.229.146.33,57965,2,Kerberos,,,,,,,,Microsoft-Windows-Security-Auditing,Security,SecurityEvent
2026-04-20T07:11:28Z,LAP-EXEC-01,4624,,CORP\dkim,User,CORP,dkim,dkim,CORP,10.237.253.232,63132,3,NtLmSsp,,,,,,,,Microsoft-Windows-Security-Auditing,Security,SecurityEvent
2026-04-20T07:17:56Z,WS-OPS-01,4672,,CORP\kpatel,Admin,CORP,kpatel,kpatel,CORP,,,,,,,,,,,,Microsoft-Windows-Security-Auditing,Security,SecurityEvent
2026-04-20T07:21:23Z,WS-IT-01,4624,,CORP\dkim,User,CORP,dkim,dkim,CORP,172.21.174.94,58606,3,Advapi,,,,,,,,Microsoft-Windows-Security-Auditing,Security,SecurityEvent
2026-04-20T07:24:23Z,WS-OPS-02,4624,,CORP\olopez,User,CORP,olopez,olopez,CORP,10.16.159.196,56646,5,NtLmSsp,,,,,,,,Microsoft-Windows-Security-Auditing,Security,SecurityEvent
